2024-09-07 17:46:27.634 [info] Log level: Info
2024-09-07 17:46:27.634 [info] Validating found git in: "git"
2024-09-07 17:46:27.634 [info] Using git "2.34.1" from "git"
2024-09-07 17:46:27.634 [info] > git rev-parse --show-toplevel [4ms]
2024-09-07 17:46:27.634 [info] fatal: not a git repository (or any parent up to mount point /)
Stopping at filesystem boundary (GIT_DISCOVERY_ACROSS_FILESYSTEM not set).
2024-09-07 17:46:27.634 [info] > git rev-parse --show-toplevel [7ms]
2024-09-07 17:46:27.634 [info] fatal: not a git repository (or any parent up to mount point /)
Stopping at filesystem boundary (GIT_DISCOVERY_ACROSS_FILESYSTEM not set).
2024-09-07 17:46:27.634 [info] > git rev-parse --show-toplevel [15ms]
2024-09-07 17:46:27.634 [info] fatal: not a git repository (or any parent up to mount point /)
Stopping at filesystem boundary (GIT_DISCOVERY_ACROSS_FILESYSTEM not set).
2024-09-07 17:46:27.634 [info] > git rev-parse --show-toplevel [99ms]
2024-09-07 17:46:27.634 [info] fatal: not a git repository (or any parent up to mount point /)
Stopping at filesystem boundary (GIT_DISCOVERY_ACROSS_FILESYSTEM not set).
2024-09-07 17:46:27.634 [info] > git rev-parse --show-toplevel [6ms]
2024-09-07 17:46:27.634 [info] fatal: not a git repository (or any parent up to mount point /)
Stopping at filesystem boundary (GIT_DISCOVERY_ACROSS_FILESYSTEM not set).
2024-09-07 17:46:27.635 [info] > git rev-parse --show-toplevel [8ms]
2024-09-07 17:46:27.635 [info] fatal: not a git repository (or any parent up to mount point /)
Stopping at filesystem boundary (GIT_DISCOVERY_ACROSS_FILESYSTEM not set).
2024-09-07 17:46:27.636 [info] > git rev-parse --show-toplevel [2ms]
2024-09-07 17:46:27.636 [info] fatal: not a git repository (or any parent up to mount point /)
Stopping at filesystem boundary (GIT_DISCOVERY_ACROSS_FILESYSTEM not set).
2024-09-07 17:46:27.652 [info] > git rev-parse --show-toplevel [2ms]
2024-09-07 17:46:27.652 [info] fatal: not a git repository (or any parent up to mount point /)
Stopping at filesystem boundary (GIT_DISCOVERY_ACROSS_FILESYSTEM not set).
2024-09-07 17:46:27.966 [info] > git rev-parse --show-toplevel [302ms]
2024-09-07 17:46:27.966 [info] fatal: not a git repository (or any parent up to mount point /)
Stopping at filesystem boundary (GIT_DISCOVERY_ACROSS_FILESYSTEM not set).
