Initializing document watcher...
Document watcher initialized
undefined: {}
undefined: {}
undefined: {}
undefined: {}
undefined: {}
undefined: {}
gcr-flask-base-1/app.py: {}
gcr-flask-base-1/app.py: {}
gcr-flask-base-1/app.py: {}
gcr-flask-base-1/app.py: {}
gcr-flask-base-1/app.py: {}
gcr-flask-base-1/app.py: {}
gcr-flask-base-1/app.py: {}
gcr-flask-base-1/app.py: {}
undefined: {}
undefined: {}
undefined: {}
gcr-flask-base-1/app.py: Using EditorConfig core...
gcr-flask-base-1/app.py: {}
gcr-flask-base-1/gcr-flask-base-1.code-workspace: Using EditorConfig core...
