Retrieving builders.
Getting Gcloud Login State.
Using current GCP Project "abbadon"
Checking Cloud Run API status.
Getting Cloud Run Services for project "abbadon".
Executing Skaffold build.
Running skaffold command: /usr/bin/skaffold init --artifact {"image":"gcr.io/abbadon/gcr-flask-base-1","builder":"Docker","payload":{"path":"Dockerfile"}} --skip-deploy --filename /tmp/cloud-code-cloud-run-HmTATI/skaffold.yaml --force
Setting build tagPolicy to SHA256.
Setting statusCheckDeadlineSeconds to 5 minutes
Setting build environment to 'local'
Created the file /tmp/cloud-code-cloud-run-HmTATI/skaffold.yaml.
Running skaffold command: build --filename /tmp/cloud-code-cloud-run-HmTATI/skaffold.yaml --kube-context='' --platform=linux/amd64
Generating tags...
- gcr.io/abbadon/gcr-flask-base-1 -> gcr.io/abbadon/gcr-flask-base-1:latest
Checking cache...
- gcr.io/abbadon/gcr-flask-base-1: Not found. Building
Starting build...
Building [gcr.io/abbadon/gcr-flask-base-1]...
Target platforms: [linux/amd64]
Sending build context to Docker daemon  399.9kB
Step 1/6 : FROM python:3.12-alpine
3.12-alpine: Pulling from library/python
43c4264eed91: Pulling fs layer
89daaeb4e2cb: Pulling fs layer
e4d124d6aa63: Pulling fs layer
27ac5a2e3386: Pulling fs layer
27ac5a2e3386: Waiting
89daaeb4e2cb:
Verifying Checksum
89daaeb4e2cb: Download complete
43c4264eed91: Verifying Checksum
43c4264eed91: Download complete
27ac5a2e3386: Verifying Checksum
27ac5a2e3386: Download complete
e4d124d6aa63: Verifying Checksum
e4d124d6aa63: Download complete
43c4264eed91: Pull complete
89daaeb4e2cb: Pull complete
e4d124d6aa63: Pull complete
27ac5a2e3386: Pull complete
Digest: sha256:e75de178bc15e72f3f16bf75a6b484e33d39a456f03fc771a2b3abb9146b75f8
Status: Downloaded newer image for python:3.12-alpine
---> 90cba383afad
Step 2/6 : WORKDIR /app

---> Running in 6acfdb109420
---> c89a2e989dab
Step 3/6 : COPY requirements.txt .

---> 61758e5cdf41
Step 4/6 : RUN pip install --trusted-host pypi.python.org -r requirements.txt
---> Running in 6d6eecc5fdb7
Collecting Flask==2.3.3 (from -r requirements.txt (line 1))
Downloading flask-2.3.3-py3-none-any.whl.metadata (3.6 kB)
Collecting requests==2.31.0 (from -r requirements.txt (line 2))
Downloading requests-2.31.0-py3-none-any.whl.metadata (4.6 kB)
Collecting debugpy (from -r requirements.txt (line 3))
Downloading debugpy-1.8.6-py2.py3-none-any.whl.metadata (1.1 kB)
Collecting Werkzeug>=2.3.7 (from Flask==2.3.3->-r requirements.txt (line 1))
Downloading werkzeug-3.0.4-py3-none-any.whl.metadata (3.7 kB)
Collecting Jinja2>=3.1.2 (from Flask==2.3.3->-r requirements.txt (line 1))
Downloading jinja2-3.1.4-py3-none-any.whl.metadata (2.6 kB)
Collecting itsdangerous>=2.1.2 (from Flask==2.3.3->-r requirements.txt (line 1))
Downloading itsdangerous-2.2.0-py3-none-any.whl.metadata (1.9 kB)
Collecting click>=8.1.3 (from Flask==2.3.3->-r requirements.txt (line 1))
Downloading click-8.1.7-py3-none-any.whl.metadata (3.0 kB)
Collecting blinker>=1.6.2 (from Flask==2.3.3->-r requirements.txt (line 1))
Downloading blinker-1.8.2-py3-none-any.whl.metadata (1.6 kB)
Collecting charset-normalizer<4,>=2 (from requests==2.31.0->-r requirements.txt (line 2))
Downloading charset_normalizer-3.3.2-cp312-cp312-musllinux_1_1_x86_64.whl.metadata (33 kB)
Collecting idna<4,>=2.5 (from requests==2.31.0->-r requirements.txt (line 2))
  Downloading idna-3.10-py3-none-any.whl.metadata (10 kB)
Collecting urllib3<3,>=1.21.1 (from requests==2.31.0->-r requirements.txt (line 2))
  Downloading urllib3-2.2.3-py3-none-any.whl.metadata (6.5 kB)
Collecting certifi>=2017.4.17 (from requests==2.31.0->-r requirements.txt (line 2))
  Downloading certifi-2024.8.30-py3-none-any.whl.metadata (2.2 kB)
Collecting MarkupSafe>=2.0 (from Jinja2>=3.1.2->Flask==2.3.3->-r requirements.txt (line 1))
  Downloading MarkupSafe-2.1.5-cp312-cp312-musllinux_1_1_x86_64.whl.metadata (3.0 kB)
Downloading flask-2.3.3-py3-none-any.whl (96 kB)
Downloading requests-2.31.0-py3-none-any.whl (62 kB)
Downloading debugpy-1.8.6-py2.py3-none-any.whl (5.2 MB)
   â”â”â”â”â”â”â”â”â”â”â”â”â”â”â”â”â”â”â”â”â”â”â”â”â”â”â”â”â”â”â”â”â”â”â”â”â”â”â”â” 5.2/5.2 MB 124.0 MB/s eta 0:00:00
Downloading blinker-1.8.2-py3-none-any.whl (9.5 kB)
Downloading certifi-2024.8.30-py3-none-any.whl (167 kB)
Downloading charset_normalizer-3.3.2-cp312-cp312-musllinux_1_1_x86_64.whl (142 kB)
Downloading click-8.1.7-py3-none-any.whl (97 kB)
Downloading idna-3.10-py3-none-any.whl (70 kB)
Downloading itsdangerous-2.2.0-py3-none-any.whl (16 kB)
Downloading jinja2-3.1.4-py3-none-any.whl (133 kB)
Downloading urllib3-2.2.3-py3-none-any.whl (126 kB)
Downloading werkzeug-3.0.4-py3-none-any.whl (227 kB)
Downloading MarkupSafe-2.1.5-cp312-cp312-musllinux_1_1_x86_64.whl (33 kB)
Installing collected packages: urllib3, MarkupSafe, itsdangerous, idna, debugpy, click, charset-normalizer, certifi, blinker, Werkzeug, requests, Jinja2, Flask
Successfully installed Flask-2.3.3 Jinja2-3.1.4 MarkupSafe-2.1.5 Werkzeug-3.0.4 blinker-1.8.2 certifi-2024.8.30 charset-normalizer-3.3.2 click-8.1.7 debugpy-1.8.6 idna-3.10 itsdangerous-2.2.0 requests-2.31.0 urllib3-2.2.3
[91mWARNING: Running pip as the 'root' user can result in broken permissions and conflicting behaviour with the system package manager, possibly rendering your system unusable.It is recommended to use a virtual environment instead: https://pip.pypa.io/warnings/venv. Use the --root-user-action option if you know what you are doing and want to suppress this warning.
[0m
---> d8db02229ab2
Step 5/6 : COPY . .
---> d2889d4b50be
Step 6/6 : ENTRYPOINT ["python", "app.py"]
---> Running in 83c76c981ffd
---> 20931bcbe0af
Successfully built 20931bcbe0af
Successfully tagged gcr.io/abbadon/gcr-flask-base-1:latest
The push refers to repository [gcr.io/abbadon/gcr-flask-base-1]
54adcad5faf3: Preparing
5e813de157e5: Preparing
630792de87b9: Preparing
942cc9754393: Preparing
067ea9e8160a: Preparing
ae31132e71b1: Preparing
0263bd6854c0: Preparing
63ca1fbb43ae: Preparing
ae31132e71b1: Waiting
0263bd6854c0: Waiting
63ca1fbb43ae: Waiting
067ea9e8160a: Layer already exists
ae31132e71b1: Layer already exists
0263bd6854c0: Layer already exists
63ca1fbb43ae: Layer already exists
942cc9754393: Pushed
630792de87b9: Pushed
54adcad5faf3: Pushed
5e813de157e5: Pushed
latest: digest: sha256:205eb46fef46a5b5488755abd1e6f4ce317eb8765ae270ba3ad95f6c6685b186 size: 1992
Build [gcr.io/abbadon/gcr-flask-base-1] succeeded
Executing Gcloud Run Deploy
Running gcloud command: run deploy gcr-flask-base-1 --project abbadon --image gcr.io/abbadon/gcr-flask-base-1 --client-name Cloud Code for VS Code --client-version 2.14.0 --platform managed --region us-central1 --allow-unauthenticated --port 8080 --cpu 1 --memory 256Mi --concurrency 80 --timeout 300 --clear-env-vars
Deploying container to Cloud Run service [gcr-flask-base-1] in project [abbadon] region [us-central1]
Deploying new service...
Setting IAM Policy...............................done
Creating Revision..................................................................................................................................................................................................................................................................................................done
Routing traffic.....done
Done.
Service [gcr-flask-base-1] revision [gcr-flask-base-1-00001-b76] has been deployed and is serving 100 percent of traffic.
Service URL: https://gcr-flask-base-1-489842209166.us-central1.run.app
