2024-10-05 07:40:54.790 [info] Extension host with pid 4934 started
2024-10-05 07:40:54.802 [info] Lock '/home/kaiser8449/.codeoss/data/User/workspaceStorage/31f066d6/vscode.lock': Lock acquired.
2024-10-05 07:40:54.977 [info] ExtensionService#_doActivateExtension vscode.git-base, startup: true, activationEvent: '*', root cause: vscode.git
2024-10-05 07:40:54.993 [info] ExtensionService#_doActivateExtension ms-python.python, startup: true, activationEvent: 'workspaceContains:requirements.txt'
2024-10-05 07:40:55.312 [info] ExtensionService#_doActivateExtension vscode.git, startup: true, activationEvent: '*'
2024-10-05 07:40:55.312 [info] ExtensionService#_doActivateExtension vscode.github, startup: true, activationEvent: '*'
2024-10-05 07:40:56.073 [warning] [Decorations] CAPPING events from decorations provider vscode.git 3088
2024-10-05 07:40:56.726 [info] ExtensionService#_doActivateExtension vscode.github-authentication, startup: false, activationEvent: 'onAuthenticationRequest:github'
2024-10-05 07:40:56.965 [warning] [Decorations] CAPPING events from decorations provider vscode.git 3088
2024-10-05 07:40:57.768 [info] ExtensionService#_doActivateExtension redhat.fabric8-analytics, startup: true, activationEvent: 'workspaceContains:**/package.json,**/pom.xml,**/go.mod,**/requirements.txt'
2024-10-05 07:40:58.120 [info] Eager extensions activated
2024-10-05 07:40:58.120 [info] ExtensionService#_doActivateExtension EditorConfig.EditorConfig, startup: false, activationEvent: 'onStartupFinished'
2024-10-05 07:40:58.121 [info] ExtensionService#_doActivateExtension google.cloud-shell, startup: false, activationEvent: 'onStartupFinished'
2024-10-05 07:40:58.121 [info] ExtensionService#_doActivateExtension googlecloudtools.cloudcode, startup: false, activationEvent: 'onStartupFinished'
2024-10-05 07:40:58.122 [info] ExtensionService#_doActivateExtension vscode.debug-auto-launch, startup: false, activationEvent: 'onStartupFinished'
2024-10-05 07:40:58.123 [info] ExtensionService#_doActivateExtension vscode.merge-conflict, startup: false, activationEvent: 'onStartupFinished'
2024-10-05 07:40:58.123 [info] ExtensionService#_doActivateExtension esbenp.prettier-vscode, startup: false, activationEvent: 'onStartupFinished'
2024-10-05 07:40:58.124 [info] ExtensionService#_doActivateExtension GitHub.vscode-pull-request-github, startup: false, activationEvent: 'onStartupFinished'
2024-10-05 07:41:01.488 [info] ExtensionService#_doActivateExtension vscode.json-language-features, startup: false, activationEvent: 'onLanguage:jsonc'
2024-10-05 07:41:01.489 [info] ExtensionService#_doActivateExtension vscode.typescript-language-features, startup: false, activationEvent: 'onLanguage:jsonc'
2024-10-05 07:41:01.489 [info] ExtensionService#_doActivateExtension vscode.emmet, startup: false, activationEvent: 'onLanguage'
2024-10-05 07:41:01.783 [warning] [Decorations] CAPPING events from decorations provider vscode.git 3097
2024-10-05 07:41:11.398 [warning] [Decorations] CAPPING events from decorations provider vscode.git 3100
2024-10-05 07:41:16.717 [warning] [Decorations] CAPPING events from decorations provider vscode.git 3101
2024-10-05 07:41:21.959 [warning] [Decorations] CAPPING events from decorations provider vscode.git 3101
2024-10-05 07:41:27.178 [warning] [Decorations] CAPPING events from decorations provider vscode.git 3101
2024-10-05 07:41:32.410 [warning] [Decorations] CAPPING events from decorations provider vscode.git 3101
2024-10-05 07:41:37.632 [warning] [Decorations] CAPPING events from decorations provider vscode.git 3101
2024-10-05 07:42:25.388 [warning] [Decorations] CAPPING events from decorations provider vscode.git 3102
2024-10-05 07:42:30.602 [warning] [Decorations] CAPPING events from decorations provider vscode.git 3102
