2024-09-07 14:40:08.248 [info] Log level: Info
2024-09-07 14:40:08.248 [info] Validating found git in: "git"
2024-09-07 14:40:08.248 [info] Using git "2.34.1" from "git"
2024-09-07 14:40:08.248 [info] > git rev-parse --show-toplevel [3ms]
2024-09-07 14:40:08.248 [info] fatal: not a git repository (or any parent up to mount point /)
Stopping at filesystem boundary (GIT_DISCOVERY_ACROSS_FILESYSTEM not set).
2024-09-07 14:40:08.248 [info] > git rev-parse --show-toplevel [3ms]
2024-09-07 14:40:08.248 [info] fatal: not a git repository (or any parent up to mount point /)
Stopping at filesystem boundary (GIT_DISCOVERY_ACROSS_FILESYSTEM not set).
2024-09-07 14:40:08.248 [info] > git rev-parse --show-toplevel [267ms]
2024-09-07 14:40:08.248 [info] fatal: not a git repository (or any parent up to mount point /)
Stopping at filesystem boundary (GIT_DISCOVERY_ACROSS_FILESYSTEM not set).
2024-09-07 14:40:08.249 [info] > git rev-parse --show-toplevel [2ms]
2024-09-07 14:40:08.249 [info] fatal: not a git repository (or any parent up to mount point /)
Stopping at filesystem boundary (GIT_DISCOVERY_ACROSS_FILESYSTEM not set).
2024-09-07 14:40:08.262 [info] > git rev-parse --show-toplevel [3ms]
2024-09-07 14:40:08.262 [info] fatal: not a git repository (or any parent up to mount point /)
Stopping at filesystem boundary (GIT_DISCOVERY_ACROSS_FILESYSTEM not set).
2024-09-07 14:40:08.275 [info] > git rev-parse --show-toplevel [2ms]
2024-09-07 14:40:08.275 [info] fatal: not a git repository (or any parent up to mount point /)
Stopping at filesystem boundary (GIT_DISCOVERY_ACROSS_FILESYSTEM not set).
2024-09-07 14:40:08.287 [info] > git rev-parse --show-toplevel [1ms]
2024-09-07 14:40:08.287 [info] fatal: not a git repository (or any parent up to mount point /)
Stopping at filesystem boundary (GIT_DISCOVERY_ACROSS_FILESYSTEM not set).
2024-09-07 14:40:10.688 [info] > git rev-parse --show-toplevel [2390ms]
2024-09-07 14:40:10.688 [info] fatal: not a git repository (or any parent up to mount point /)
Stopping at filesystem boundary (GIT_DISCOVERY_ACROSS_FILESYSTEM not set).
2024-09-07 14:57:25.029 [info] > git rev-parse --show-toplevel [11ms]
2024-09-07 14:57:25.039 [info] fatal: not a git repository (or any parent up to mount point /)
Stopping at filesystem boundary (GIT_DISCOVERY_ACROSS_FILESYSTEM not set).
2024-09-07 15:35:19.252 [info] > git rev-parse --show-toplevel [7ms]
2024-09-07 15:35:19.252 [info] fatal: not a git repository (or any parent up to mount point /)
Stopping at filesystem boundary (GIT_DISCOVERY_ACROSS_FILESYSTEM not set).
2024-09-07 15:35:50.719 [info] > git rev-parse --show-toplevel [21ms]
2024-09-07 15:35:50.719 [info] fatal: not a git repository (or any parent up to mount point /)
Stopping at filesystem boundary (GIT_DISCOVERY_ACROSS_FILESYSTEM not set).
2024-09-07 15:37:17.498 [info] > git rev-parse --show-toplevel [4ms]
2024-09-07 15:37:17.498 [info] fatal: not a git repository (or any parent up to mount point /)
Stopping at filesystem boundary (GIT_DISCOVERY_ACROSS_FILESYSTEM not set).
2024-09-07 15:37:23.788 [info] > git rev-parse --show-toplevel [6ms]
2024-09-07 15:37:23.788 [info] fatal: not a git repository (or any parent up to mount point /)
Stopping at filesystem boundary (GIT_DISCOVERY_ACROSS_FILESYSTEM not set).
2024-09-07 15:37:59.986 [info] > git rev-parse --show-toplevel [7ms]
2024-09-07 15:37:59.986 [info] fatal: not a git repository (or any parent up to mount point /)
Stopping at filesystem boundary (GIT_DISCOVERY_ACROSS_FILESYSTEM not set).
2024-09-07 15:41:36.157 [info] > git rev-parse --show-toplevel [2ms]
2024-09-07 15:41:36.157 [info] fatal: not a git repository (or any parent up to mount point /)
Stopping at filesystem boundary (GIT_DISCOVERY_ACROSS_FILESYSTEM not set).
2024-09-07 15:42:52.164 [info] > git rev-parse --show-toplevel [3ms]
2024-09-07 15:42:52.164 [info] fatal: not a git repository (or any parent up to mount point /)
Stopping at filesystem boundary (GIT_DISCOVERY_ACROSS_FILESYSTEM not set).
2024-09-07 15:43:04.285 [info] > git rev-parse --show-toplevel [2ms]
2024-09-07 15:43:04.285 [info] fatal: not a git repository (or any parent up to mount point /)
Stopping at filesystem boundary (GIT_DISCOVERY_ACROSS_FILESYSTEM not set).
2024-09-07 15:43:23.620 [info] > git rev-parse --show-toplevel [3ms]
2024-09-07 15:43:23.620 [info] fatal: not a git repository (or any parent up to mount point /)
Stopping at filesystem boundary (GIT_DISCOVERY_ACROSS_FILESYSTEM not set).
2024-09-07 15:43:51.824 [info] > git rev-parse --show-toplevel [4ms]
2024-09-07 15:43:51.824 [info] fatal: not a git repository (or any parent up to mount point /)
Stopping at filesystem boundary (GIT_DISCOVERY_ACROSS_FILESYSTEM not set).
2024-09-07 15:43:54.496 [info] > git rev-parse --show-toplevel [3ms]
2024-09-07 15:43:54.496 [info] fatal: not a git repository (or any parent up to mount point /)
Stopping at filesystem boundary (GIT_DISCOVERY_ACROSS_FILESYSTEM not set).
2024-09-07 15:50:36.394 [info] > git rev-parse --show-toplevel [2ms]
2024-09-07 15:50:36.394 [info] fatal: not a git repository (or any parent up to mount point /)
Stopping at filesystem boundary (GIT_DISCOVERY_ACROSS_FILESYSTEM not set).
2024-09-07 15:55:15.313 [info] > git rev-parse --show-toplevel [5ms]
2024-09-07 15:55:15.313 [info] fatal: not a git repository (or any parent up to mount point /)
Stopping at filesystem boundary (GIT_DISCOVERY_ACROSS_FILESYSTEM not set).
2024-09-07 15:55:25.180 [info] > git rev-parse --show-toplevel [3ms]
2024-09-07 15:55:25.180 [info] fatal: not a git repository (or any parent up to mount point /)
Stopping at filesystem boundary (GIT_DISCOVERY_ACROSS_FILESYSTEM not set).
2024-09-07 15:56:07.509 [info] > git rev-parse --show-toplevel [3ms]
2024-09-07 15:56:07.509 [info] fatal: not a git repository (or any parent up to mount point /)
Stopping at filesystem boundary (GIT_DISCOVERY_ACROSS_FILESYSTEM not set).
2024-09-07 15:57:24.588 [info] > git rev-parse --show-toplevel [2ms]
2024-09-07 15:57:24.588 [info] fatal: not a git repository (or any parent up to mount point /)
Stopping at filesystem boundary (GIT_DISCOVERY_ACROSS_FILESYSTEM not set).
2024-09-07 15:57:29.365 [info] > git rev-parse --show-toplevel [2ms]
2024-09-07 15:57:29.365 [info] fatal: not a git repository (or any parent up to mount point /)
Stopping at filesystem boundary (GIT_DISCOVERY_ACROSS_FILESYSTEM not set).
2024-09-07 16:00:36.104 [info] > git rev-parse --show-toplevel [2ms]
2024-09-07 16:00:36.104 [info] fatal: not a git repository (or any parent up to mount point /)
Stopping at filesystem boundary (GIT_DISCOVERY_ACROSS_FILESYSTEM not set).
2024-09-07 16:02:53.823 [info] > git rev-parse --show-toplevel [1ms]
2024-09-07 16:02:53.823 [info] fatal: not a git repository (or any parent up to mount point /)
Stopping at filesystem boundary (GIT_DISCOVERY_ACROSS_FILESYSTEM not set).
2024-09-07 16:03:03.910 [info] > git rev-parse --show-toplevel [10ms]
2024-09-07 16:03:03.910 [info] fatal: not a git repository (or any parent up to mount point /)
Stopping at filesystem boundary (GIT_DISCOVERY_ACROSS_FILESYSTEM not set).
2024-09-07 16:53:13.706 [info] > git rev-parse --show-toplevel [13ms]
2024-09-07 16:53:13.706 [info] fatal: not a git repository (or any parent up to mount point /)
Stopping at filesystem boundary (GIT_DISCOVERY_ACROSS_FILESYSTEM not set).
2024-09-07 16:57:30.486 [info] > git rev-parse --show-toplevel [12ms]
2024-09-07 16:57:30.486 [info] fatal: not a git repository (or any parent up to mount point /)
Stopping at filesystem boundary (GIT_DISCOVERY_ACROSS_FILESYSTEM not set).
2024-09-07 16:57:30.725 [info] > git rev-parse --show-toplevel [57ms]
2024-09-07 16:57:30.725 [info] fatal: not a git repository (or any parent up to mount point /)
Stopping at filesystem boundary (GIT_DISCOVERY_ACROSS_FILESYSTEM not set).
2024-09-07 16:57:30.872 [info] > git rev-parse --show-toplevel [60ms]
2024-09-07 16:57:30.872 [info] fatal: not a git repository (or any parent up to mount point /)
Stopping at filesystem boundary (GIT_DISCOVERY_ACROSS_FILESYSTEM not set).
2024-09-07 16:57:49.032 [info] > git rev-parse --show-toplevel [3ms]
2024-09-07 16:57:49.032 [info] fatal: not a git repository (or any parent up to mount point /)
Stopping at filesystem boundary (GIT_DISCOVERY_ACROSS_FILESYSTEM not set).
2024-09-07 16:57:49.646 [info] > git rev-parse --show-toplevel [6ms]
2024-09-07 16:57:49.646 [info] fatal: not a git repository (or any parent up to mount point /)
Stopping at filesystem boundary (GIT_DISCOVERY_ACROSS_FILESYSTEM not set).
2024-09-07 16:57:55.124 [info] > git rev-parse --show-toplevel [4ms]
2024-09-07 16:57:55.124 [info] fatal: not a git repository (or any parent up to mount point /)
Stopping at filesystem boundary (GIT_DISCOVERY_ACROSS_FILESYSTEM not set).
2024-09-07 17:05:34.005 [info] > git rev-parse --show-toplevel [5ms]
2024-09-07 17:05:34.030 [info] fatal: not a git repository (or any parent up to mount point /)
Stopping at filesystem boundary (GIT_DISCOVERY_ACROSS_FILESYSTEM not set).
2024-09-07 17:05:37.445 [info] > git rev-parse --show-toplevel [3ms]
2024-09-07 17:05:37.445 [info] fatal: not a git repository (or any parent up to mount point /)
Stopping at filesystem boundary (GIT_DISCOVERY_ACROSS_FILESYSTEM not set).
