2024-10-05 07:40:55.799 [info] Log level: Info
2024-10-05 07:40:55.799 [info] Validating found git in: "git"
2024-10-05 07:40:55.799 [info] Using git "2.34.1" from "git"
2024-10-05 07:40:55.799 [info] > git rev-parse --show-toplevel [121ms]
2024-10-05 07:40:55.799 [info] > git rev-parse --git-dir --git-common-dir [4ms]
2024-10-05 07:40:55.799 [info] Open repository: /home/kaiser8449
2024-10-05 07:40:55.799 [info] > git config --get commit.template [18ms]
2024-10-05 07:40:55.799 [info] > git rev-parse --show-toplevel [11ms]
2024-10-05 07:40:55.801 [info] > git for-each-ref --format=%(refname)%00%(upstream:short)%00%(objectname)%00%(upstream:track)%00%(upstream:remotename)%00%(upstream:remoteref) refs/heads/main refs/remotes/main [17ms]
2024-10-05 07:40:55.803 [info] > git rev-parse --show-toplevel [6ms]
2024-10-05 07:40:55.819 [info] > git rev-parse --show-toplevel [3ms]
2024-10-05 07:40:55.891 [info] > git rev-parse --show-toplevel [42ms]
2024-10-05 07:40:55.910 [info] > git status -z -uall [80ms]
2024-10-05 07:40:56.773 [info] > git merge-base refs/heads/main refs/remotes/origin/main [815ms]
2024-10-05 07:40:56.784 [info] > git rev-parse --show-toplevel [877ms]
2024-10-05 07:40:56.805 [info] > git rev-list --count --left-right refs/heads/main...refs/remotes/origin/main [22ms]
2024-10-05 07:40:56.818 [info] > git config --get commit.template [191ms]
2024-10-05 07:40:56.820 [info] > git diff --name-status -z --diff-filter=ADMR b427586fee673059df7242ff8e3b96014afc553f...refs/remotes/origin/main [4ms]
2024-10-05 07:40:56.821 [info] > git rev-parse --show-toplevel [18ms]
2024-10-05 07:40:56.847 [info] > git for-each-ref --format=%(refname)%00%(upstream:short)%00%(objectname)%00%(upstream:track)%00%(upstream:remotename)%00%(upstream:remoteref) refs/heads/main refs/remotes/main [15ms]
2024-10-05 07:40:56.849 [info] > git rev-parse --show-toplevel [4ms]
2024-10-05 07:40:56.896 [info] > git status -z -uall [34ms]
2024-10-05 07:40:57.410 [info] > git check-ignore -v -z --stdin [16ms]
2024-10-05 07:41:01.181 [info] > git config --get commit.template [47ms]
2024-10-05 07:41:01.417 [info] > git for-each-ref --format=%(refname)%00%(upstream:short)%00%(objectname)%00%(upstream:track)%00%(upstream:remotename)%00%(upstream:remoteref) refs/heads/main refs/remotes/main [7ms]
2024-10-05 07:41:01.668 [info] > git status -z -uall [222ms]
2024-10-05 07:41:05.270 [info] > git config --local branch.main.github-pr-owner-number [7ms]
2024-10-05 07:41:05.270 [warning] git config failed: Failed to execute git
2024-10-05 07:41:11.174 [info] > git config --get commit.template [4ms]
2024-10-05 07:41:11.205 [info] > git for-each-ref --format=%(refname)%00%(upstream:short)%00%(objectname)%00%(upstream:track)%00%(upstream:remotename)%00%(upstream:remoteref) refs/heads/main refs/remotes/main [4ms]
2024-10-05 07:41:11.276 [info] > git status -z -uall [39ms]
2024-10-05 07:41:16.501 [info] > git config --get commit.template [37ms]
2024-10-05 07:41:16.502 [info] > git for-each-ref --format=%(refname)%00%(upstream:short)%00%(objectname)%00%(upstream:track)%00%(upstream:remotename)%00%(upstream:remoteref) refs/heads/main refs/remotes/main [3ms]
2024-10-05 07:41:16.582 [info] > git status -z -uall [48ms]
2024-10-05 07:41:21.766 [info] > git config --get commit.template [2ms]
2024-10-05 07:41:21.796 [info] > git for-each-ref --format=%(refname)%00%(upstream:short)%00%(objectname)%00%(upstream:track)%00%(upstream:remotename)%00%(upstream:remoteref) refs/heads/main refs/remotes/main [2ms]
2024-10-05 07:41:21.861 [info] > git status -z -uall [34ms]
2024-10-05 07:41:27.029 [info] > git config --get commit.template [31ms]
2024-10-05 07:41:27.030 [info] > git for-each-ref --format=%(refname)%00%(upstream:short)%00%(objectname)%00%(upstream:track)%00%(upstream:remotename)%00%(upstream:remoteref) refs/heads/main refs/remotes/main [1ms]
2024-10-05 07:41:27.094 [info] > git status -z -uall [34ms]
2024-10-05 07:41:32.248 [info] > git config --get commit.template [30ms]
2024-10-05 07:41:32.249 [info] > git for-each-ref --format=%(refname)%00%(upstream:short)%00%(objectname)%00%(upstream:track)%00%(upstream:remotename)%00%(upstream:remoteref) refs/heads/main refs/remotes/main [2ms]
2024-10-05 07:41:32.316 [info] > git status -z -uall [36ms]
2024-10-05 07:41:37.481 [info] > git config --get commit.template [31ms]
2024-10-05 07:41:37.482 [info] > git for-each-ref --format=%(refname)%00%(upstream:short)%00%(objectname)%00%(upstream:track)%00%(upstream:remotename)%00%(upstream:remoteref) refs/heads/main refs/remotes/main [2ms]
2024-10-05 07:41:37.548 [info] > git status -z -uall [35ms]
2024-10-05 07:42:25.178 [info] > git config --get commit.template [33ms]
2024-10-05 07:42:25.179 [info] > git for-each-ref --format=%(refname)%00%(upstream:short)%00%(objectname)%00%(upstream:track)%00%(upstream:remotename)%00%(upstream:remoteref) refs/heads/main refs/remotes/main [3ms]
2024-10-05 07:42:25.253 [info] > git status -z -uall [40ms]
2024-10-05 07:42:30.452 [info] > git config --get commit.template [25ms]
2024-10-05 07:42:30.453 [info] > git for-each-ref --format=%(refname)%00%(upstream:short)%00%(objectname)%00%(upstream:track)%00%(upstream:remotename)%00%(upstream:remoteref) refs/heads/main refs/remotes/main [2ms]
2024-10-05 07:42:30.512 [info] > git status -z -uall [34ms]
