2024-09-07 17:02:53.478 [info] Log level: Info
2024-09-07 17:02:53.479 [info] Validating found git in: "git"
2024-09-07 17:02:53.479 [info] Using git "2.34.1" from "git"
2024-09-07 17:02:53.479 [info] > git rev-parse --show-toplevel [516ms]
2024-09-07 17:02:53.479 [info] fatal: not a git repository (or any parent up to mount point /)
Stopping at filesystem boundary (GIT_DISCOVERY_ACROSS_FILESYSTEM not set).
2024-09-07 17:02:53.479 [info] > git rev-parse --show-toplevel [6ms]
2024-09-07 17:02:53.479 [info] fatal: not a git repository (or any parent up to mount point /)
Stopping at filesystem boundary (GIT_DISCOVERY_ACROSS_FILESYSTEM not set).
2024-09-07 17:02:53.480 [info] > git rev-parse --show-toplevel [2ms]
2024-09-07 17:02:53.480 [info] fatal: not a git repository (or any parent up to mount point /)
Stopping at filesystem boundary (GIT_DISCOVERY_ACROSS_FILESYSTEM not set).
2024-09-07 17:02:53.491 [info] > git rev-parse --show-toplevel [2ms]
2024-09-07 17:02:53.492 [info] fatal: not a git repository (or any parent up to mount point /)
Stopping at filesystem boundary (GIT_DISCOVERY_ACROSS_FILESYSTEM not set).
2024-09-07 17:02:53.502 [info] > git rev-parse --show-toplevel [1ms]
2024-09-07 17:02:53.502 [info] fatal: not a git repository (or any parent up to mount point /)
Stopping at filesystem boundary (GIT_DISCOVERY_ACROSS_FILESYSTEM not set).
2024-09-07 17:02:56.894 [info] > git rev-parse --show-toplevel [3380ms]
2024-09-07 17:02:56.894 [info] fatal: not a git repository (or any parent up to mount point /)
Stopping at filesystem boundary (GIT_DISCOVERY_ACROSS_FILESYSTEM not set).
2024-09-07 17:02:57.242 [info] > git rev-parse --show-toplevel [294ms]
2024-09-07 17:02:57.242 [info] fatal: not a git repository (or any parent up to mount point /)
Stopping at filesystem boundary (GIT_DISCOVERY_ACROSS_FILESYSTEM not set).
2024-09-07 17:02:57.290 [info] > git rev-parse --show-toplevel [11ms]
2024-09-07 17:02:57.290 [info] fatal: not a git repository (or any parent up to mount point /)
Stopping at filesystem boundary (GIT_DISCOVERY_ACROSS_FILESYSTEM not set).
2024-09-07 17:07:34.298 [info] > git rev-parse --show-toplevel [8ms]
2024-09-07 17:07:34.298 [info] fatal: not a git repository (or any parent up to mount point /)
Stopping at filesystem boundary (GIT_DISCOVERY_ACROSS_FILESYSTEM not set).
2024-09-07 17:16:44.796 [info] > git rev-parse --show-toplevel [5ms]
2024-09-07 17:16:44.828 [info] fatal: not a git repository (or any parent up to mount point /)
Stopping at filesystem boundary (GIT_DISCOVERY_ACROSS_FILESYSTEM not set).
2024-09-07 17:17:52.781 [info] > git rev-parse --show-toplevel [3ms]
2024-09-07 17:17:52.781 [info] fatal: not a git repository (or any parent up to mount point /)
Stopping at filesystem boundary (GIT_DISCOVERY_ACROSS_FILESYSTEM not set).
2024-09-07 17:21:06.291 [info] > git rev-parse --show-toplevel [5ms]
2024-09-07 17:21:06.291 [info] fatal: not a git repository (or any parent up to mount point /)
Stopping at filesystem boundary (GIT_DISCOVERY_ACROSS_FILESYSTEM not set).
2024-09-07 17:21:11.227 [info] > git rev-parse --show-toplevel [5ms]
2024-09-07 17:21:11.227 [info] fatal: not a git repository (or any parent up to mount point /)
Stopping at filesystem boundary (GIT_DISCOVERY_ACROSS_FILESYSTEM not set).
2024-09-07 17:21:13.152 [info] > git rev-parse --show-toplevel [4ms]
2024-09-07 17:21:13.152 [info] fatal: not a git repository (or any parent up to mount point /)
Stopping at filesystem boundary (GIT_DISCOVERY_ACROSS_FILESYSTEM not set).
2024-09-07 17:21:13.794 [info] > git rev-parse --show-toplevel [5ms]
2024-09-07 17:21:13.794 [info] fatal: not a git repository (or any parent up to mount point /)
Stopping at filesystem boundary (GIT_DISCOVERY_ACROSS_FILESYSTEM not set).
2024-09-07 17:21:14.326 [info] > git rev-parse --show-toplevel [3ms]
2024-09-07 17:21:14.326 [info] fatal: not a git repository (or any parent up to mount point /)
Stopping at filesystem boundary (GIT_DISCOVERY_ACROSS_FILESYSTEM not set).
2024-09-07 17:21:21.892 [info] > git rev-parse --show-toplevel [4ms]
2024-09-07 17:21:21.892 [info] fatal: not a git repository (or any parent up to mount point /)
Stopping at filesystem boundary (GIT_DISCOVERY_ACROSS_FILESYSTEM not set).
2024-09-07 17:22:11.093 [info] > git rev-parse --show-toplevel [3ms]
2024-09-07 17:22:11.093 [info] fatal: not a git repository (or any parent up to mount point /)
Stopping at filesystem boundary (GIT_DISCOVERY_ACROSS_FILESYSTEM not set).
2024-09-07 17:23:01.628 [info] > git rev-parse --show-toplevel [5ms]
2024-09-07 17:23:01.628 [info] fatal: not a git repository (or any parent up to mount point /)
Stopping at filesystem boundary (GIT_DISCOVERY_ACROSS_FILESYSTEM not set).
2024-09-07 17:33:16.977 [info] > git rev-parse --show-toplevel [2ms]
2024-09-07 17:33:16.977 [info] fatal: not a git repository (or any parent up to mount point /)
Stopping at filesystem boundary (GIT_DISCOVERY_ACROSS_FILESYSTEM not set).
2024-09-07 17:33:17.156 [info] > git rev-parse --show-toplevel [2ms]
2024-09-07 17:33:17.156 [info] fatal: not a git repository (or any parent up to mount point /)
Stopping at filesystem boundary (GIT_DISCOVERY_ACROSS_FILESYSTEM not set).
2024-09-07 17:33:38.701 [info] > git rev-parse --show-toplevel [3ms]
2024-09-07 17:33:38.701 [info] fatal: not a git repository (or any parent up to mount point /)
Stopping at filesystem boundary (GIT_DISCOVERY_ACROSS_FILESYSTEM not set).
2024-09-07 17:33:38.728 [info] > git rev-parse --show-toplevel [2ms]
2024-09-07 17:33:38.728 [info] fatal: not a git repository (or any parent up to mount point /)
Stopping at filesystem boundary (GIT_DISCOVERY_ACROSS_FILESYSTEM not set).
2024-09-07 17:33:38.789 [info] > git rev-parse --show-toplevel [5ms]
2024-09-07 17:33:38.789 [info] fatal: not a git repository (or any parent up to mount point /)
Stopping at filesystem boundary (GIT_DISCOVERY_ACROSS_FILESYSTEM not set).
2024-09-07 17:33:38.950 [info] > git rev-parse --show-toplevel [1ms]
2024-09-07 17:33:38.950 [info] fatal: not a git repository (or any parent up to mount point /)
Stopping at filesystem boundary (GIT_DISCOVERY_ACROSS_FILESYSTEM not set).
2024-09-07 17:33:53.519 [info] > git rev-parse --show-toplevel [3ms]
2024-09-07 17:33:53.519 [info] fatal: not a git repository (or any parent up to mount point /)
Stopping at filesystem boundary (GIT_DISCOVERY_ACROSS_FILESYSTEM not set).
2024-09-07 17:33:57.938 [info] > git rev-parse --show-toplevel [4ms]
2024-09-07 17:33:57.938 [info] fatal: not a git repository (or any parent up to mount point /)
Stopping at filesystem boundary (GIT_DISCOVERY_ACROSS_FILESYSTEM not set).
2024-09-07 17:34:00.490 [info] > git rev-parse --show-toplevel [7ms]
2024-09-07 17:34:00.490 [info] fatal: not a git repository (or any parent up to mount point /)
Stopping at filesystem boundary (GIT_DISCOVERY_ACROSS_FILESYSTEM not set).
2024-09-07 17:34:05.531 [info] > git rev-parse --show-toplevel [4ms]
2024-09-07 17:34:05.531 [info] fatal: not a git repository (or any parent up to mount point /)
Stopping at filesystem boundary (GIT_DISCOVERY_ACROSS_FILESYSTEM not set).
2024-09-07 17:34:06.257 [info] > git rev-parse --show-toplevel [4ms]
2024-09-07 17:34:06.257 [info] fatal: not a git repository (or any parent up to mount point /)
Stopping at filesystem boundary (GIT_DISCOVERY_ACROSS_FILESYSTEM not set).
2024-09-07 17:34:07.162 [info] > git rev-parse --show-toplevel [4ms]
2024-09-07 17:34:07.162 [info] fatal: not a git repository (or any parent up to mount point /)
Stopping at filesystem boundary (GIT_DISCOVERY_ACROSS_FILESYSTEM not set).
2024-09-07 17:34:11.448 [info] > git rev-parse --show-toplevel [5ms]
2024-09-07 17:34:11.448 [info] fatal: not a git repository (or any parent up to mount point /)
Stopping at filesystem boundary (GIT_DISCOVERY_ACROSS_FILESYSTEM not set).
2024-09-07 17:34:15.825 [info] > git rev-parse --show-toplevel [4ms]
2024-09-07 17:34:15.825 [info] fatal: not a git repository (or any parent up to mount point /)
Stopping at filesystem boundary (GIT_DISCOVERY_ACROSS_FILESYSTEM not set).
2024-09-07 17:34:21.944 [info] > git rev-parse --show-toplevel [3ms]
2024-09-07 17:34:21.944 [info] fatal: not a git repository (or any parent up to mount point /)
Stopping at filesystem boundary (GIT_DISCOVERY_ACROSS_FILESYSTEM not set).
2024-09-07 17:41:15.387 [info] > git rev-parse --show-toplevel [5ms]
2024-09-07 17:41:15.387 [info] fatal: not a git repository (or any parent up to mount point /)
Stopping at filesystem boundary (GIT_DISCOVERY_ACROSS_FILESYSTEM not set).
2024-09-07 17:41:25.371 [info] > git rev-parse --show-toplevel [7ms]
2024-09-07 17:41:25.371 [info] fatal: not a git repository (or any parent up to mount point /)
Stopping at filesystem boundary (GIT_DISCOVERY_ACROSS_FILESYSTEM not set).
2024-09-07 17:41:26.543 [info] > git rev-parse --show-toplevel [6ms]
2024-09-07 17:41:26.543 [info] fatal: not a git repository (or any parent up to mount point /)
Stopping at filesystem boundary (GIT_DISCOVERY_ACROSS_FILESYSTEM not set).
