2024-09-10 15:27:06.088 [info] Log level: Info
2024-09-10 15:27:06.088 [info] Validating found git in: "git"
2024-09-10 15:27:06.088 [info] Using git "2.34.1" from "git"
2024-09-10 15:27:06.088 [info] > git rev-parse --show-toplevel [4ms]
2024-09-10 15:27:06.088 [info] fatal: not a git repository (or any parent up to mount point /)
Stopping at filesystem boundary (GIT_DISCOVERY_ACROSS_FILESYSTEM not set).
2024-09-10 15:27:06.088 [info] > git rev-parse --show-toplevel [45ms]
2024-09-10 15:27:06.088 [info] fatal: not a git repository (or any parent up to mount point /)
Stopping at filesystem boundary (GIT_DISCOVERY_ACROSS_FILESYSTEM not set).
2024-09-10 15:27:06.088 [info] > git rev-parse --show-toplevel [4ms]
2024-09-10 15:27:06.088 [info] fatal: not a git repository (or any parent up to mount point /)
Stopping at filesystem boundary (GIT_DISCOVERY_ACROSS_FILESYSTEM not set).
2024-09-10 15:27:06.088 [info] > git rev-parse --show-toplevel [3ms]
2024-09-10 15:27:06.088 [info] fatal: not a git repository (or any parent up to mount point /)
Stopping at filesystem boundary (GIT_DISCOVERY_ACROSS_FILESYSTEM not set).
2024-09-10 15:27:06.088 [info] > git rev-parse --show-toplevel [2ms]
2024-09-10 15:27:06.088 [info] fatal: not a git repository (or any parent up to mount point /)
Stopping at filesystem boundary (GIT_DISCOVERY_ACROSS_FILESYSTEM not set).
2024-09-10 15:27:06.097 [info] > git rev-parse --show-toplevel [2ms]
2024-09-10 15:27:06.097 [info] fatal: not a git repository (or any parent up to mount point /)
Stopping at filesystem boundary (GIT_DISCOVERY_ACROSS_FILESYSTEM not set).
2024-09-10 15:27:06.107 [info] > git rev-parse --show-toplevel [3ms]
2024-09-10 15:27:06.107 [info] fatal: not a git repository (or any parent up to mount point /)
Stopping at filesystem boundary (GIT_DISCOVERY_ACROSS_FILESYSTEM not set).
2024-09-10 15:28:31.229 [info] > git rev-parse --show-toplevel [7ms]
2024-09-10 15:28:31.229 [info] fatal: not a git repository (or any parent up to mount point /)
Stopping at filesystem boundary (GIT_DISCOVERY_ACROSS_FILESYSTEM not set).
