2024-09-07 17:46:25.361 [info] Extension host with pid 81604 started
2024-09-07 17:46:25.361 [error] Error: EEXIST: file already exists, open '/home/kaiser8449/.codeoss/data/User/workspaceStorage/6fcf89d5/vscode.lock'
2024-09-07 17:46:25.374 [info] Lock '/home/kaiser8449/.codeoss/data/User/workspaceStorage/6fcf89d5/vscode.lock': Could not acquire lock, checking if the file is stale.
2024-09-07 17:46:25.383 [info] Lock '/home/kaiser8449/.codeoss/data/User/workspaceStorage/6fcf89d5/vscode.lock': The lock does not look stale, elapsed: 697 ms, giving up.
2024-09-07 17:46:25.405 [info] Lock '/home/kaiser8449/.codeoss/data/User/workspaceStorage/6fcf89d5-1/vscode.lock': Lock acquired.
2024-09-07 17:46:25.552 [info] ExtensionService#_doActivateExtension ms-python.python, startup: false, activationEvent: 'onLanguage:python'
2024-09-07 17:46:25.554 [info] ExtensionService#_doActivateExtension ms-toolsai.jupyter, startup: false, activationEvent: 'onLanguage:python'
2024-09-07 17:46:25.555 [info] ExtensionService#_doActivateExtension tht13.python, startup: false, activationEvent: 'onLanguage:python'
2024-09-07 17:46:25.555 [info] ExtensionService#_doActivateExtension vscode.emmet, startup: false, activationEvent: 'onLanguage'
2024-09-07 17:46:26.793 [info] ExtensionService#_doActivateExtension ms-toolsai.jupyter-renderers, startup: false, activationEvent: 'api', root cause: ms-toolsai.jupyter
2024-09-07 17:46:26.805 [info] ExtensionService#_doActivateExtension vscode.git-base, startup: true, activationEvent: '*', root cause: vscode.git
2024-09-07 17:46:26.983 [info] ExtensionService#_doActivateExtension vscode.git, startup: true, activationEvent: '*'
2024-09-07 17:46:26.984 [info] ExtensionService#_doActivateExtension vscode.github, startup: true, activationEvent: '*'
2024-09-07 17:46:27.667 [info] ExtensionService#_doActivateExtension redhat.fabric8-analytics, startup: true, activationEvent: 'workspaceContains:**/package.json,**/pom.xml,**/go.mod,**/requirements.txt'
2024-09-07 17:46:27.940 [info] ExtensionService#_doActivateExtension google.cloud-shell, startup: false, activationEvent: 'onTerminalProfile:cloudshell.default'
2024-09-07 17:46:28.193 [info] Eager extensions activated
2024-09-07 17:46:28.194 [info] ExtensionService#_doActivateExtension EditorConfig.EditorConfig, startup: false, activationEvent: 'onStartupFinished'
2024-09-07 17:46:28.195 [info] ExtensionService#_doActivateExtension googlecloudtools.cloudcode, startup: false, activationEvent: 'onStartupFinished'
2024-09-07 17:46:28.195 [info] ExtensionService#_doActivateExtension vscode.debug-auto-launch, startup: false, activationEvent: 'onStartupFinished'
2024-09-07 17:46:28.196 [info] ExtensionService#_doActivateExtension vscode.merge-conflict, startup: false, activationEvent: 'onStartupFinished'
2024-09-07 17:46:28.196 [info] ExtensionService#_doActivateExtension esbenp.prettier-vscode, startup: false, activationEvent: 'onStartupFinished'
2024-09-07 17:46:28.196 [info] ExtensionService#_doActivateExtension vscode.github-authentication, startup: false, activationEvent: 'onStartupFinished', root cause: GitHub.vscode-pull-request-github
2024-09-07 17:46:31.528 [info] ExtensionService#_doActivateExtension GitHub.vscode-pull-request-github, startup: false, activationEvent: 'onStartupFinished'
2024-09-07 17:46:31.675 [info] ExtensionService#_doActivateExtension vscode.json-language-features, startup: false, activationEvent: 'onLanguage:jsonc'
2024-09-07 17:46:31.675 [info] ExtensionService#_doActivateExtension vscode.typescript-language-features, startup: false, activationEvent: 'onLanguage:jsonc'
2024-09-07 17:46:32.459 [info] Extension host terminating: received terminate message from renderer
2024-09-07 17:46:32.462 [info] Lock '/home/kaiser8449/.codeoss/data/User/workspaceStorage/6fcf89d5-1/vscode.lock': Marking the lockfile as scheduled to be released in 6000 ms.
2024-09-07 17:46:32.727 [info] Extension host with pid 81604 exiting with code 0
