2024-09-07 17:57:30.122 [info] Extension host with pid 88118 started
2024-09-07 17:57:30.144 [info] Lock '/home/kaiser8449/.codeoss/data/User/workspaceStorage/-335a15/vscode.lock': Lock acquired.
2024-09-07 17:57:30.266 [info] ExtensionService#_doActivateExtension vscode.emmet, startup: false, activationEvent: 'onLanguage'
2024-09-07 17:57:30.468 [info] ExtensionService#_doActivateExtension vscode.git-base, startup: true, activationEvent: '*', root cause: vscode.git
2024-09-07 17:57:30.584 [info] ExtensionService#_doActivateExtension vscode.git, startup: true, activationEvent: '*'
2024-09-07 17:57:30.584 [info] ExtensionService#_doActivateExtension vscode.github, startup: true, activationEvent: '*'
2024-09-07 17:57:31.805 [info] Eager extensions activated
2024-09-07 17:57:31.806 [info] ExtensionService#_doActivateExtension EditorConfig.EditorConfig, startup: false, activationEvent: 'onStartupFinished'
2024-09-07 17:57:31.806 [info] ExtensionService#_doActivateExtension google.cloud-shell, startup: false, activationEvent: 'onStartupFinished'
2024-09-07 17:57:31.807 [info] ExtensionService#_doActivateExtension googlecloudtools.cloudcode, startup: false, activationEvent: 'onStartupFinished'
2024-09-07 17:57:31.807 [info] ExtensionService#_doActivateExtension vscode.debug-auto-launch, startup: false, activationEvent: 'onStartupFinished'
2024-09-07 17:57:31.818 [info] ExtensionService#_doActivateExtension vscode.merge-conflict, startup: false, activationEvent: 'onStartupFinished'
2024-09-07 17:57:31.819 [info] ExtensionService#_doActivateExtension esbenp.prettier-vscode, startup: false, activationEvent: 'onStartupFinished'
2024-09-07 17:57:31.822 [info] ExtensionService#_doActivateExtension vscode.github-authentication, startup: false, activationEvent: 'onStartupFinished', root cause: GitHub.vscode-pull-request-github
2024-09-07 17:57:38.124 [info] ExtensionService#_doActivateExtension GitHub.vscode-pull-request-github, startup: false, activationEvent: 'onStartupFinished'
2024-09-07 17:57:38.452 [info] ExtensionService#_doActivateExtension vscode.json-language-features, startup: false, activationEvent: 'onLanguage:jsonc'
2024-09-07 17:57:38.452 [info] ExtensionService#_doActivateExtension vscode.typescript-language-features, startup: false, activationEvent: 'onLanguage:jsonc'
2024-09-07 17:57:55.819 [error] Error: Cannot call write after a stream was destroyed
    at new NodeError (node:internal/errors:405:5)
    at _write (node:internal/streams/writable:324:11)
    at Socket.Writable.write (node:internal/streams/writable:337:10)
    at /google/devshell/editor/code-oss-for-cloud-shell/extensions/cloudcode/dist/extension.js:14:11307168
    at new Promise (<anonymous>)
    at s.write (/google/devshell/editor/code-oss-for-cloud-shell/extensions/cloudcode/dist/extension.js:14:11307086)
    at v.doWrite (/google/devshell/editor/code-oss-for-cloud-shell/extensions/cloudcode/dist/extension.js:14:11294668)
    at /google/devshell/editor/code-oss-for-cloud-shell/extensions/cloudcode/dist/extension.js:14:11294563
2024-09-07 17:57:55.820 [error] Error: Cannot call write after a stream was destroyed
    at new NodeError (node:internal/errors:405:5)
    at _write (node:internal/streams/writable:324:11)
    at Socket.Writable.write (node:internal/streams/writable:337:10)
    at /google/devshell/editor/code-oss-for-cloud-shell/extensions/cloudcode/dist/extension.js:14:11307168
    at new Promise (<anonymous>)
    at s.write (/google/devshell/editor/code-oss-for-cloud-shell/extensions/cloudcode/dist/extension.js:14:11307086)
    at v.doWrite (/google/devshell/editor/code-oss-for-cloud-shell/extensions/cloudcode/dist/extension.js:14:11294668)
    at /google/devshell/editor/code-oss-for-cloud-shell/extensions/cloudcode/dist/extension.js:14:11294563
    at runNextTicks (node:internal/process/task_queues:60:5)
    at processImmediate (node:internal/timers:447:9)
