Initializing document watcher...
Document watcher initialized
undefined: {}
undefined: {}
undefined: {}
undefined: {}
undefined: {}
undefined: {}
undefined: {}
undefined: {}
undefined: {}
undefined: {}
undefined: {}
undefined: {}
undefined: {}
undefined: {}
undefined: {}
undefined: {}
undefined: {}
undefined: {}
undefined: {}
undefined: {}
undefined: {}
undefined: {}
undefined: {}
undefined: {}
undefined: {}
undefined: {}
undefined: {}
undefined: {}
undefined: {}
undefined: {}
undefined: {}
undefined: {}
undefined: {}
undefined: {}
undefined: {}
undefined: {}
undefined: {}
undefined: {}
undefined: {}
undefined: {}
undefined: {}
undefined: {}
/User/settings.json: Using EditorConfig core...
/Deployment-go-hello-world-/home/kaiser8449/.kube/config-full.yaml: {}
No more open editors.
undefined: {}
undefined: {}
/Deployment-go-hello-world-/home/kaiser8449/.kube/config-full.yaml: {}
undefined: {}
/Deployment-go-hello-world-/home/kaiser8449/.kube/config-full.yaml: {}
No more open editors.
undefined: {}
undefined: {}
undefined: {}
undefined: {}
undefined: {}
undefined: {}
undefined: {}
undefined: {}
undefined: {}
undefined: {}
undefined: {}
undefined: {}
undefined: {}
hello-world-5/.vscode/launch.json: Using EditorConfig core...
undefined: {}
undefined: {}
undefined: {}
undefined: {}
undefined: {}
undefined: {}
undefined: {}
undefined: {}
undefined: {}
undefined: {}
undefined: {}
undefined: {}
undefined: {}
undefined: {}
undefined: {}
undefined: {}
undefined: {}
undefined: {}
undefined: {}
undefined: {}
undefined: {}
undefined: {}
undefined: {}
undefined: {}
undefined: {}
undefined: {}
undefined: {}
undefined: {}
undefined: {}
undefined: {}
undefined: {}
undefined: {}
undefined: {}
undefined: {}
undefined: {}
undefined: {}
undefined: {}
No more open editors.
/home/kaiser8449/.codeoss/data/logs/20240906T215748/exthost5/output_logging_20240906T221854/38-Run on Kubernetes go-hello-world-7449b77f8d-jjwpb.log: {}
/home/kaiser8449/.codeoss/data/logs/20240906T215748/exthost5/output_logging_20240906T221854/38-Run on Kubernetes go-hello-world-7449b77f8d-jjwpb.log: {}
/home/kaiser8449/.codeoss/data/logs/20240906T215748/exthost5/output_logging_20240906T221854/38-Run on Kubernetes go-hello-world-7449b77f8d-jjwpb.log: {}
No more open editors.
No more open editors.
No more open editors.
/home/kaiser8449/.codeoss/data/logs/20240906T215748/exthost5/output_logging_20240906T221854/38-Run on Kubernetes go-hello-world-7449b77f8d-jjwpb.log: {}
/home/kaiser8449/.codeoss/data/logs/20240906T215748/exthost5/output_logging_20240906T221854/38-Run on Kubernetes go-hello-world-7449b77f8d-jjwpb.log: {}
/home/kaiser8449/.codeoss/data/logs/20240906T215748/exthost5/output_logging_20240906T221854/38-Run on Kubernetes go-hello-world-7449b77f8d-jjwpb.log: {}
undefined: {}
undefined: {}
undefined: {}
/home/kaiser8449/.codeoss/data/logs/20240906T215748/exthost5/output_logging_20240906T221854/38-Run on Kubernetes go-hello-world-7449b77f8d-jjwpb.log: {}
undefined: {}
/home/kaiser8449/.codeoss/data/logs/20240906T215748/exthost5/output_logging_20240906T221854/38-Run on Kubernetes go-hello-world-7449b77f8d-jjwpb.log: {}
undefined: {}
undefined: {}
/home/kaiser8449/.codeoss/data/logs/20240906T215748/exthost5/output_logging_20240906T221854/38-Run on Kubernetes go-hello-world-7449b77f8d-jjwpb.log: {}
/home/kaiser8449/.codeoss/data/logs/20240906T215748/exthost5/output_logging_20240906T221854/38-Run on Kubernetes go-hello-world-7449b77f8d-jjwpb.log: {}
