2024-09-06 23:22:50.493 [info] Log level: Info
2024-09-06 23:22:50.493 [info] Validating found git in: "git"
2024-09-06 23:22:50.493 [info] Using git "2.34.1" from "git"
2024-09-06 23:22:50.493 [info] > git rev-parse --show-toplevel [2ms]
2024-09-06 23:22:50.493 [info] fatal: not a git repository (or any parent up to mount point /)
Stopping at filesystem boundary (GIT_DISCOVERY_ACROSS_FILESYSTEM not set).
2024-09-06 23:22:50.493 [info] > git rev-parse --show-toplevel [220ms]
2024-09-06 23:22:50.493 [info] fatal: not a git repository (or any parent up to mount point /)
Stopping at filesystem boundary (GIT_DISCOVERY_ACROSS_FILESYSTEM not set).
2024-09-06 23:22:50.493 [info] > git rev-parse --show-toplevel [15ms]
2024-09-06 23:22:50.493 [info] fatal: not a git repository (or any parent up to mount point /)
Stopping at filesystem boundary (GIT_DISCOVERY_ACROSS_FILESYSTEM not set).
2024-09-06 23:22:50.493 [info] > git rev-parse --show-toplevel [4ms]
2024-09-06 23:22:50.493 [info] fatal: not a git repository (or any parent up to mount point /)
Stopping at filesystem boundary (GIT_DISCOVERY_ACROSS_FILESYSTEM not set).
2024-09-06 23:22:50.495 [info] > git rev-parse --show-toplevel [3ms]
2024-09-06 23:22:50.495 [info] fatal: not a git repository (or any parent up to mount point /)
Stopping at filesystem boundary (GIT_DISCOVERY_ACROSS_FILESYSTEM not set).
2024-09-06 23:22:53.507 [info] > git rev-parse --show-toplevel [3002ms]
2024-09-06 23:22:53.507 [info] fatal: not a git repository (or any parent up to mount point /)
Stopping at filesystem boundary (GIT_DISCOVERY_ACROSS_FILESYSTEM not set).
