2024-10-03 22:50:50.120 [info] Log level: Info
2024-10-03 22:50:50.120 [info] Validating found git in: "git"
2024-10-03 22:50:50.120 [info] Using git "2.34.1" from "git"
2024-10-03 22:50:50.120 [info] > git rev-parse --show-toplevel [2ms]
2024-10-03 22:50:50.120 [info] > git rev-parse --git-dir --git-common-dir [2ms]
2024-10-03 22:50:50.120 [info] Open repository: /home/kaiser8449
2024-10-03 22:50:50.120 [info] > git config --get commit.template [8ms]
2024-10-03 22:50:50.120 [info] > git rev-parse --show-toplevel [3ms]
2024-10-03 22:50:50.120 [info] > git for-each-ref --format=%(refname)%00%(upstream:short)%00%(objectname)%00%(upstream:track)%00%(upstream:remotename)%00%(upstream:remoteref) refs/heads/main refs/remotes/main [8ms]
2024-10-03 22:50:50.120 [info] > git rev-parse --show-toplevel [4ms]
2024-10-03 22:50:50.120 [info] > git rev-parse --show-toplevel [10ms]
2024-10-03 22:50:50.120 [info] > git rev-parse --show-toplevel [2ms]
2024-10-03 22:50:50.120 [info] > git rev-parse --show-toplevel [1ms]
2024-10-03 22:50:50.120 [info] > git rev-parse --show-toplevel [2ms]
2024-10-03 22:50:50.120 [info] > git status -z -uall [39ms]
2024-10-03 22:50:50.120 [info] > git merge-base refs/heads/main refs/remotes/origin/main [706ms]
2024-10-03 22:50:50.120 [info] > git rev-list --count --left-right refs/heads/main...refs/remotes/origin/main [10ms]
2024-10-03 22:50:50.120 [info] > git config --get commit.template [223ms]
2024-10-03 22:50:50.120 [info] > git diff --name-status -z --diff-filter=ADMR b427586fee673059df7242ff8e3b96014afc553f...refs/remotes/origin/main [79ms]
2024-10-03 22:50:50.120 [info] > git for-each-ref --format=%(refname)%00%(upstream:short)%00%(objectname)%00%(upstream:track)%00%(upstream:remotename)%00%(upstream:remoteref) refs/heads/main refs/remotes/main [24ms]
2024-10-03 22:50:50.173 [info] > git status -z -uall [43ms]
2024-10-03 22:50:50.658 [info] > git check-ignore -v -z --stdin [9ms]
2024-10-03 22:50:55.847 [info] > git config --get commit.template [15ms]
2024-10-03 22:50:55.848 [info] > git for-each-ref --format=%(refname)%00%(upstream:short)%00%(objectname)%00%(upstream:track)%00%(upstream:remotename)%00%(upstream:remoteref) refs/heads/main refs/remotes/main [2ms]
2024-10-03 22:50:55.898 [info] > git status -z -uall [35ms]
2024-10-03 22:51:01.071 [info] > git config --get commit.template [40ms]
2024-10-03 22:51:01.075 [info] > git for-each-ref --format=%(refname)%00%(upstream:short)%00%(objectname)%00%(upstream:track)%00%(upstream:remotename)%00%(upstream:remoteref) refs/heads/main refs/remotes/main [6ms]
2024-10-03 22:51:01.194 [info] > git status -z -uall [87ms]
2024-10-03 22:51:04.232 [info] > git config --local branch.main.github-pr-owner-number [7ms]
2024-10-03 22:51:04.232 [warning] git config failed: Failed to execute git
2024-10-03 22:51:06.467 [info] > git config --get commit.template [7ms]
2024-10-03 22:51:06.498 [info] > git for-each-ref --format=%(refname)%00%(upstream:short)%00%(objectname)%00%(upstream:track)%00%(upstream:remotename)%00%(upstream:remoteref) refs/heads/main refs/remotes/main [4ms]
2024-10-03 22:51:07.275 [info] > git status -z -uall [706ms]
2024-10-03 22:51:12.685 [info] > git config --get commit.template [87ms]
2024-10-03 22:51:12.687 [info] > git for-each-ref --format=%(refname)%00%(upstream:short)%00%(objectname)%00%(upstream:track)%00%(upstream:remotename)%00%(upstream:remoteref) refs/heads/main refs/remotes/main [6ms]
2024-10-03 22:51:12.914 [info] > git status -z -uall [122ms]
2024-10-03 22:51:18.928 [info] > git config --get commit.template [41ms]
2024-10-03 22:51:18.929 [info] > git for-each-ref --format=%(refname)%00%(upstream:short)%00%(objectname)%00%(upstream:track)%00%(upstream:remotename)%00%(upstream:remoteref) refs/heads/main refs/remotes/main [3ms]
2024-10-03 22:51:19.002 [info] > git status -z -uall [41ms]
2024-10-03 22:51:24.167 [info] > git config --get commit.template [41ms]
2024-10-03 22:51:24.168 [info] > git for-each-ref --format=%(refname)%00%(upstream:short)%00%(objectname)%00%(upstream:track)%00%(upstream:remotename)%00%(upstream:remoteref) refs/heads/main refs/remotes/main [2ms]
2024-10-03 22:51:24.243 [info] > git status -z -uall [34ms]
2024-10-03 22:51:29.413 [info] > git config --get commit.template [40ms]
2024-10-03 22:51:29.414 [info] > git for-each-ref --format=%(refname)%00%(upstream:short)%00%(objectname)%00%(upstream:track)%00%(upstream:remotename)%00%(upstream:remoteref) refs/heads/main refs/remotes/main [3ms]
2024-10-03 22:51:29.490 [info] > git status -z -uall [36ms]
2024-10-03 22:51:34.651 [info] > git config --get commit.template [34ms]
2024-10-03 22:51:34.653 [info] > git for-each-ref --format=%(refname)%00%(upstream:short)%00%(objectname)%00%(upstream:track)%00%(upstream:remotename)%00%(upstream:remoteref) refs/heads/main refs/remotes/main [3ms]
2024-10-03 22:51:34.759 [info] > git status -z -uall [61ms]
2024-10-03 22:51:43.400 [info] > git config --get commit.template [3ms]
2024-10-03 22:51:43.442 [info] > git for-each-ref --format=%(refname)%00%(upstream:short)%00%(objectname)%00%(upstream:track)%00%(upstream:remotename)%00%(upstream:remoteref) refs/heads/main refs/remotes/main [2ms]
2024-10-03 22:51:43.518 [info] > git status -z -uall [35ms]
2024-10-03 22:51:52.442 [info] > git config --get commit.template [41ms]
2024-10-03 22:51:52.443 [info] > git for-each-ref --format=%(refname)%00%(upstream:short)%00%(objectname)%00%(upstream:track)%00%(upstream:remotename)%00%(upstream:remoteref) refs/heads/main refs/remotes/main [3ms]
2024-10-03 22:51:52.520 [info] > git status -z -uall [37ms]
2024-10-03 22:51:57.721 [info] > git config --get commit.template [30ms]
2024-10-03 22:51:57.722 [info] > git for-each-ref --format=%(refname)%00%(upstream:short)%00%(objectname)%00%(upstream:track)%00%(upstream:remotename)%00%(upstream:remoteref) refs/heads/main refs/remotes/main [2ms]
2024-10-03 22:51:57.785 [info] > git status -z -uall [33ms]
2024-10-03 22:52:02.951 [info] > git config --get commit.template [35ms]
2024-10-03 22:52:02.951 [info] > git for-each-ref --format=%(refname)%00%(upstream:short)%00%(objectname)%00%(upstream:track)%00%(upstream:remotename)%00%(upstream:remoteref) refs/heads/main refs/remotes/main [3ms]
2024-10-03 22:52:03.015 [info] > git status -z -uall [33ms]
2024-10-03 22:52:08.176 [info] > git config --get commit.template [35ms]
2024-10-03 22:52:08.176 [info] > git for-each-ref --format=%(refname)%00%(upstream:short)%00%(objectname)%00%(upstream:track)%00%(upstream:remotename)%00%(upstream:remoteref) refs/heads/main refs/remotes/main [3ms]
2024-10-03 22:52:08.246 [info] > git status -z -uall [35ms]
2024-10-03 22:52:13.411 [info] > git config --get commit.template [34ms]
2024-10-03 22:52:13.412 [info] > git for-each-ref --format=%(refname)%00%(upstream:short)%00%(objectname)%00%(upstream:track)%00%(upstream:remotename)%00%(upstream:remoteref) refs/heads/main refs/remotes/main [2ms]
2024-10-03 22:52:13.479 [info] > git status -z -uall [35ms]
2024-10-03 22:52:18.644 [info] > git config --get commit.template [36ms]
2024-10-03 22:52:18.645 [info] > git for-each-ref --format=%(refname)%00%(upstream:short)%00%(objectname)%00%(upstream:track)%00%(upstream:remotename)%00%(upstream:remoteref) refs/heads/main refs/remotes/main [3ms]
2024-10-03 22:52:18.715 [info] > git status -z -uall [35ms]
2024-10-03 22:52:23.909 [info] > git config --get commit.template [33ms]
2024-10-03 22:52:23.910 [info] > git for-each-ref --format=%(refname)%00%(upstream:short)%00%(objectname)%00%(upstream:track)%00%(upstream:remotename)%00%(upstream:remoteref) refs/heads/main refs/remotes/main [3ms]
2024-10-03 22:52:23.979 [info] > git status -z -uall [35ms]
2024-10-03 22:52:29.139 [info] > git config --get commit.template [32ms]
2024-10-03 22:52:29.140 [info] > git for-each-ref --format=%(refname)%00%(upstream:short)%00%(objectname)%00%(upstream:track)%00%(upstream:remotename)%00%(upstream:remoteref) refs/heads/main refs/remotes/main [3ms]
2024-10-03 22:52:29.209 [info] > git status -z -uall [35ms]
2024-10-03 22:52:34.384 [info] > git config --get commit.template [32ms]
2024-10-03 22:52:34.385 [info] > git for-each-ref --format=%(refname)%00%(upstream:short)%00%(objectname)%00%(upstream:track)%00%(upstream:remotename)%00%(upstream:remoteref) refs/heads/main refs/remotes/main [2ms]
2024-10-03 22:52:34.451 [info] > git status -z -uall [33ms]
2024-10-03 22:52:39.598 [info] > git config --get commit.template [24ms]
2024-10-03 22:52:39.599 [info] > git for-each-ref --format=%(refname)%00%(upstream:short)%00%(objectname)%00%(upstream:track)%00%(upstream:remotename)%00%(upstream:remoteref) refs/heads/main refs/remotes/main [2ms]
2024-10-03 22:52:39.656 [info] > git status -z -uall [34ms]
2024-10-03 22:52:44.818 [info] > git config --get commit.template [35ms]
2024-10-03 22:52:44.819 [info] > git for-each-ref --format=%(refname)%00%(upstream:short)%00%(objectname)%00%(upstream:track)%00%(upstream:remotename)%00%(upstream:remoteref) refs/heads/main refs/remotes/main [2ms]
2024-10-03 22:52:44.889 [info] > git status -z -uall [36ms]
2024-10-03 22:52:50.053 [info] > git config --get commit.template [35ms]
2024-10-03 22:52:50.054 [info] > git for-each-ref --format=%(refname)%00%(upstream:short)%00%(objectname)%00%(upstream:track)%00%(upstream:remotename)%00%(upstream:remoteref) refs/heads/main refs/remotes/main [3ms]
2024-10-03 22:52:50.119 [info] > git status -z -uall [33ms]
2024-10-03 22:52:55.273 [info] > git config --get commit.template [32ms]
2024-10-03 22:52:55.274 [info] > git for-each-ref --format=%(refname)%00%(upstream:short)%00%(objectname)%00%(upstream:track)%00%(upstream:remotename)%00%(upstream:remoteref) refs/heads/main refs/remotes/main [2ms]
2024-10-03 22:52:55.342 [info] > git status -z -uall [35ms]
2024-10-03 22:53:00.500 [info] > git config --get commit.template [32ms]
2024-10-03 22:53:00.501 [info] > git for-each-ref --format=%(refname)%00%(upstream:short)%00%(objectname)%00%(upstream:track)%00%(upstream:remotename)%00%(upstream:remoteref) refs/heads/main refs/remotes/main [2ms]
2024-10-03 22:53:00.569 [info] > git status -z -uall [35ms]
2024-10-03 22:53:05.708 [info] > git config --get commit.template [24ms]
2024-10-03 22:53:05.709 [info] > git for-each-ref --format=%(refname)%00%(upstream:short)%00%(objectname)%00%(upstream:track)%00%(upstream:remotename)%00%(upstream:remoteref) refs/heads/main refs/remotes/main [3ms]
2024-10-03 22:53:05.769 [info] > git status -z -uall [35ms]
2024-10-03 22:53:10.960 [info] > git config --get commit.template [35ms]
2024-10-03 22:53:10.961 [info] > git for-each-ref --format=%(refname)%00%(upstream:short)%00%(objectname)%00%(upstream:track)%00%(upstream:remotename)%00%(upstream:remoteref) refs/heads/main refs/remotes/main [3ms]
2024-10-03 22:53:11.041 [info] > git status -z -uall [38ms]
2024-10-03 22:53:16.192 [info] > git config --get commit.template [26ms]
2024-10-03 22:53:16.193 [info] > git for-each-ref --format=%(refname)%00%(upstream:short)%00%(objectname)%00%(upstream:track)%00%(upstream:remotename)%00%(upstream:remoteref) refs/heads/main refs/remotes/main [3ms]
2024-10-03 22:53:16.260 [info] > git status -z -uall [42ms]
2024-10-03 22:53:21.415 [info] > git config --get commit.template [24ms]
2024-10-03 22:53:21.415 [info] > git for-each-ref --format=%(refname)%00%(upstream:short)%00%(objectname)%00%(upstream:track)%00%(upstream:remotename)%00%(upstream:remoteref) refs/heads/main refs/remotes/main [2ms]
2024-10-03 22:53:21.481 [info] > git status -z -uall [41ms]
2024-10-03 22:53:26.624 [info] > git config --get commit.template [25ms]
2024-10-03 22:53:26.625 [info] > git for-each-ref --format=%(refname)%00%(upstream:short)%00%(objectname)%00%(upstream:track)%00%(upstream:remotename)%00%(upstream:remoteref) refs/heads/main refs/remotes/main [2ms]
2024-10-03 22:53:26.684 [info] > git status -z -uall [35ms]
2024-10-03 22:53:31.847 [info] > git config --get commit.template [34ms]
2024-10-03 22:53:31.848 [info] > git for-each-ref --format=%(refname)%00%(upstream:short)%00%(objectname)%00%(upstream:track)%00%(upstream:remotename)%00%(upstream:remoteref) refs/heads/main refs/remotes/main [2ms]
2024-10-03 22:53:31.918 [info] > git status -z -uall [35ms]
2024-10-03 22:53:37.069 [info] > git config --get commit.template [26ms]
2024-10-03 22:53:37.070 [info] > git for-each-ref --format=%(refname)%00%(upstream:short)%00%(objectname)%00%(upstream:track)%00%(upstream:remotename)%00%(upstream:remoteref) refs/heads/main refs/remotes/main [3ms]
2024-10-03 22:53:37.135 [info] > git status -z -uall [39ms]
2024-10-03 22:56:04.117 [info] > git config --local branch.main.github-pr-owner-number [2ms]
2024-10-03 22:56:04.117 [warning] git config failed: Failed to execute git
2024-10-03 22:56:25.153 [info] > git config --get commit.template [22ms]
2024-10-03 22:56:25.154 [info] > git for-each-ref --format=%(refname)%00%(upstream:short)%00%(objectname)%00%(upstream:track)%00%(upstream:remotename)%00%(upstream:remoteref) refs/heads/main refs/remotes/main [2ms]
2024-10-03 22:56:25.211 [info] > git status -z -uall [36ms]
2024-10-03 22:56:30.384 [info] > git config --get commit.template [23ms]
2024-10-03 22:56:30.385 [info] > git for-each-ref --format=%(refname)%00%(upstream:short)%00%(objectname)%00%(upstream:track)%00%(upstream:remotename)%00%(upstream:remoteref) refs/heads/main refs/remotes/main [3ms]
2024-10-03 22:56:30.439 [info] > git status -z -uall [32ms]
2024-10-03 22:56:35.599 [info] > git config --get commit.template [32ms]
2024-10-03 22:56:35.600 [info] > git for-each-ref --format=%(refname)%00%(upstream:short)%00%(objectname)%00%(upstream:track)%00%(upstream:remotename)%00%(upstream:remoteref) refs/heads/main refs/remotes/main [2ms]
2024-10-03 22:56:35.668 [info] > git status -z -uall [35ms]
2024-10-03 22:56:59.315 [info] > git config --get commit.template [24ms]
2024-10-03 22:56:59.316 [info] > git for-each-ref --format=%(refname)%00%(upstream:short)%00%(objectname)%00%(upstream:track)%00%(upstream:remotename)%00%(upstream:remoteref) refs/heads/main refs/remotes/main [3ms]
2024-10-03 22:56:59.371 [info] > git status -z -uall [33ms]
2024-10-03 22:57:04.541 [info] > git config --get commit.template [27ms]
2024-10-03 22:57:04.542 [info] > git for-each-ref --format=%(refname)%00%(upstream:short)%00%(objectname)%00%(upstream:track)%00%(upstream:remotename)%00%(upstream:remoteref) refs/heads/main refs/remotes/main [2ms]
2024-10-03 22:57:04.605 [info] > git status -z -uall [34ms]
2024-10-03 22:57:12.310 [info] > git config --get commit.template [3ms]
2024-10-03 22:57:12.344 [info] > git for-each-ref --format=%(refname)%00%(upstream:short)%00%(objectname)%00%(upstream:track)%00%(upstream:remotename)%00%(upstream:remoteref) refs/heads/main refs/remotes/main [2ms]
2024-10-03 22:57:12.416 [info] > git status -z -uall [41ms]
2024-10-03 22:57:17.575 [info] > git config --get commit.template [32ms]
2024-10-03 22:57:17.576 [info] > git for-each-ref --format=%(refname)%00%(upstream:short)%00%(objectname)%00%(upstream:track)%00%(upstream:remotename)%00%(upstream:remoteref) refs/heads/main refs/remotes/main [2ms]
2024-10-03 22:57:17.643 [info] > git status -z -uall [34ms]
2024-10-03 22:57:22.807 [info] > git config --get commit.template [32ms]
2024-10-03 22:57:22.808 [info] > git for-each-ref --format=%(refname)%00%(upstream:short)%00%(objectname)%00%(upstream:track)%00%(upstream:remotename)%00%(upstream:remoteref) refs/heads/main refs/remotes/main [2ms]
2024-10-03 22:57:22.873 [info] > git status -z -uall [35ms]
2024-10-03 22:57:28.031 [info] > git config --get commit.template [34ms]
2024-10-03 22:57:28.032 [info] > git for-each-ref --format=%(refname)%00%(upstream:short)%00%(objectname)%00%(upstream:track)%00%(upstream:remotename)%00%(upstream:remoteref) refs/heads/main refs/remotes/main [2ms]
2024-10-03 22:57:28.101 [info] > git status -z -uall [36ms]
2024-10-03 22:57:33.261 [info] > git config --get commit.template [33ms]
2024-10-03 22:57:33.262 [info] > git for-each-ref --format=%(refname)%00%(upstream:short)%00%(objectname)%00%(upstream:track)%00%(upstream:remotename)%00%(upstream:remoteref) refs/heads/main refs/remotes/main [2ms]
2024-10-03 22:57:33.329 [info] > git status -z -uall [35ms]
2024-10-03 22:57:38.488 [info] > git config --get commit.template [35ms]
2024-10-03 22:57:38.489 [info] > git for-each-ref --format=%(refname)%00%(upstream:short)%00%(objectname)%00%(upstream:track)%00%(upstream:remotename)%00%(upstream:remoteref) refs/heads/main refs/remotes/main [2ms]
2024-10-03 22:57:38.560 [info] > git status -z -uall [35ms]
2024-10-03 22:57:43.718 [info] > git config --get commit.template [32ms]
2024-10-03 22:57:43.719 [info] > git for-each-ref --format=%(refname)%00%(upstream:short)%00%(objectname)%00%(upstream:track)%00%(upstream:remotename)%00%(upstream:remoteref) refs/heads/main refs/remotes/main [2ms]
2024-10-03 22:57:43.790 [info] > git status -z -uall [37ms]
2024-10-03 22:57:48.945 [info] > git config --get commit.template [32ms]
2024-10-03 22:57:48.946 [info] > git for-each-ref --format=%(refname)%00%(upstream:short)%00%(objectname)%00%(upstream:track)%00%(upstream:remotename)%00%(upstream:remoteref) refs/heads/main refs/remotes/main [2ms]
2024-10-03 22:57:49.014 [info] > git status -z -uall [35ms]
2024-10-03 22:57:55.631 [info] > git config --get commit.template [32ms]
2024-10-03 22:57:55.632 [info] > git for-each-ref --format=%(refname)%00%(upstream:short)%00%(objectname)%00%(upstream:track)%00%(upstream:remotename)%00%(upstream:remoteref) refs/heads/main refs/remotes/main [2ms]
2024-10-03 22:57:55.696 [info] > git status -z -uall [33ms]
2024-10-03 22:58:00.868 [info] > git config --get commit.template [35ms]
2024-10-03 22:58:00.869 [info] > git for-each-ref --format=%(refname)%00%(upstream:short)%00%(objectname)%00%(upstream:track)%00%(upstream:remotename)%00%(upstream:remoteref) refs/heads/main refs/remotes/main [2ms]
2024-10-03 22:58:00.938 [info] > git status -z -uall [35ms]
2024-10-03 22:58:06.107 [info] > git config --get commit.template [35ms]
2024-10-03 22:58:06.108 [info] > git for-each-ref --format=%(refname)%00%(upstream:short)%00%(objectname)%00%(upstream:track)%00%(upstream:remotename)%00%(upstream:remoteref) refs/heads/main refs/remotes/main [3ms]
2024-10-03 22:58:06.177 [info] > git status -z -uall [36ms]
2024-10-03 22:58:11.339 [info] > git config --get commit.template [32ms]
2024-10-03 22:58:11.340 [info] > git for-each-ref --format=%(refname)%00%(upstream:short)%00%(objectname)%00%(upstream:track)%00%(upstream:remotename)%00%(upstream:remoteref) refs/heads/main refs/remotes/main [2ms]
2024-10-03 22:58:11.407 [info] > git status -z -uall [35ms]
2024-10-03 22:58:16.570 [info] > git config --get commit.template [34ms]
2024-10-03 22:58:16.571 [info] > git for-each-ref --format=%(refname)%00%(upstream:short)%00%(objectname)%00%(upstream:track)%00%(upstream:remotename)%00%(upstream:remoteref) refs/heads/main refs/remotes/main [2ms]
2024-10-03 22:58:16.639 [info] > git status -z -uall [34ms]
2024-10-03 22:58:21.795 [info] > git config --get commit.template [31ms]
2024-10-03 22:58:21.796 [info] > git for-each-ref --format=%(refname)%00%(upstream:short)%00%(objectname)%00%(upstream:track)%00%(upstream:remotename)%00%(upstream:remoteref) refs/heads/main refs/remotes/main [2ms]
2024-10-03 22:58:21.867 [info] > git status -z -uall [35ms]
2024-10-03 22:58:27.024 [info] > git config --get commit.template [33ms]
2024-10-03 22:58:27.025 [info] > git for-each-ref --format=%(refname)%00%(upstream:short)%00%(objectname)%00%(upstream:track)%00%(upstream:remotename)%00%(upstream:remoteref) refs/heads/main refs/remotes/main [2ms]
2024-10-03 22:58:27.094 [info] > git status -z -uall [36ms]
2024-10-03 22:58:32.250 [info] > git config --get commit.template [30ms]
2024-10-03 22:58:32.251 [info] > git for-each-ref --format=%(refname)%00%(upstream:short)%00%(objectname)%00%(upstream:track)%00%(upstream:remotename)%00%(upstream:remoteref) refs/heads/main refs/remotes/main [2ms]
2024-10-03 22:58:32.320 [info] > git status -z -uall [35ms]
2024-10-03 22:58:37.474 [info] > git config --get commit.template [32ms]
2024-10-03 22:58:37.475 [info] > git for-each-ref --format=%(refname)%00%(upstream:short)%00%(objectname)%00%(upstream:track)%00%(upstream:remotename)%00%(upstream:remoteref) refs/heads/main refs/remotes/main [3ms]
2024-10-03 22:58:37.540 [info] > git status -z -uall [35ms]
2024-10-03 22:58:42.698 [info] > git config --get commit.template [32ms]
2024-10-03 22:58:42.699 [info] > git for-each-ref --format=%(refname)%00%(upstream:short)%00%(objectname)%00%(upstream:track)%00%(upstream:remotename)%00%(upstream:remoteref) refs/heads/main refs/remotes/main [2ms]
2024-10-03 22:58:42.764 [info] > git status -z -uall [34ms]
2024-10-03 22:58:47.919 [info] > git config --get commit.template [31ms]
2024-10-03 22:58:47.920 [info] > git for-each-ref --format=%(refname)%00%(upstream:short)%00%(objectname)%00%(upstream:track)%00%(upstream:remotename)%00%(upstream:remoteref) refs/heads/main refs/remotes/main [2ms]
2024-10-03 22:58:47.986 [info] > git status -z -uall [35ms]
2024-10-03 22:58:53.139 [info] > git config --get commit.template [29ms]
2024-10-03 22:58:53.139 [info] > git for-each-ref --format=%(refname)%00%(upstream:short)%00%(objectname)%00%(upstream:track)%00%(upstream:remotename)%00%(upstream:remoteref) refs/heads/main refs/remotes/main [3ms]
2024-10-03 22:58:53.206 [info] > git status -z -uall [34ms]
2024-10-03 22:58:58.365 [info] > git config --get commit.template [32ms]
2024-10-03 22:58:58.366 [info] > git for-each-ref --format=%(refname)%00%(upstream:short)%00%(objectname)%00%(upstream:track)%00%(upstream:remotename)%00%(upstream:remoteref) refs/heads/main refs/remotes/main [3ms]
2024-10-03 22:58:58.432 [info] > git status -z -uall [35ms]
2024-10-03 22:59:03.594 [info] > git config --get commit.template [32ms]
2024-10-03 22:59:03.595 [info] > git for-each-ref --format=%(refname)%00%(upstream:short)%00%(objectname)%00%(upstream:track)%00%(upstream:remotename)%00%(upstream:remoteref) refs/heads/main refs/remotes/main [2ms]
2024-10-03 22:59:03.662 [info] > git status -z -uall [34ms]
2024-10-03 22:59:08.839 [info] > git config --get commit.template [37ms]
2024-10-03 22:59:08.840 [info] > git for-each-ref --format=%(refname)%00%(upstream:short)%00%(objectname)%00%(upstream:track)%00%(upstream:remotename)%00%(upstream:remoteref) refs/heads/main refs/remotes/main [3ms]
2024-10-03 22:59:08.905 [info] > git status -z -uall [34ms]
2024-10-03 22:59:14.057 [info] > git config --get commit.template [31ms]
2024-10-03 22:59:14.058 [info] > git for-each-ref --format=%(refname)%00%(upstream:short)%00%(objectname)%00%(upstream:track)%00%(upstream:remotename)%00%(upstream:remoteref) refs/heads/main refs/remotes/main [2ms]
2024-10-03 22:59:14.116 [info] > git status -z -uall [33ms]
2024-10-03 22:59:19.266 [info] > git config --get commit.template [30ms]
2024-10-03 22:59:19.267 [info] > git for-each-ref --format=%(refname)%00%(upstream:short)%00%(objectname)%00%(upstream:track)%00%(upstream:remotename)%00%(upstream:remoteref) refs/heads/main refs/remotes/main [2ms]
2024-10-03 22:59:19.332 [info] > git status -z -uall [35ms]
2024-10-03 22:59:24.487 [info] > git config --get commit.template [31ms]
2024-10-03 22:59:24.488 [info] > git for-each-ref --format=%(refname)%00%(upstream:short)%00%(objectname)%00%(upstream:track)%00%(upstream:remotename)%00%(upstream:remoteref) refs/heads/main refs/remotes/main [3ms]
2024-10-03 22:59:24.554 [info] > git status -z -uall [35ms]
2024-10-03 22:59:29.715 [info] > git config --get commit.template [32ms]
2024-10-03 22:59:29.716 [info] > git for-each-ref --format=%(refname)%00%(upstream:short)%00%(objectname)%00%(upstream:track)%00%(upstream:remotename)%00%(upstream:remoteref) refs/heads/main refs/remotes/main [3ms]
2024-10-03 22:59:29.782 [info] > git status -z -uall [34ms]
2024-10-03 22:59:34.935 [info] > git config --get commit.template [31ms]
2024-10-03 22:59:34.936 [info] > git for-each-ref --format=%(refname)%00%(upstream:short)%00%(objectname)%00%(upstream:track)%00%(upstream:remotename)%00%(upstream:remoteref) refs/heads/main refs/remotes/main [2ms]
2024-10-03 22:59:35.000 [info] > git status -z -uall [33ms]
2024-10-03 22:59:40.158 [info] > git config --get commit.template [33ms]
2024-10-03 22:59:40.159 [info] > git for-each-ref --format=%(refname)%00%(upstream:short)%00%(objectname)%00%(upstream:track)%00%(upstream:remotename)%00%(upstream:remoteref) refs/heads/main refs/remotes/main [3ms]
2024-10-03 22:59:40.225 [info] > git status -z -uall [34ms]
2024-10-03 22:59:45.379 [info] > git config --get commit.template [32ms]
2024-10-03 22:59:45.380 [info] > git for-each-ref --format=%(refname)%00%(upstream:short)%00%(objectname)%00%(upstream:track)%00%(upstream:remotename)%00%(upstream:remoteref) refs/heads/main refs/remotes/main [2ms]
2024-10-03 22:59:45.446 [info] > git status -z -uall [34ms]
2024-10-03 22:59:50.602 [info] > git config --get commit.template [31ms]
2024-10-03 22:59:50.603 [info] > git for-each-ref --format=%(refname)%00%(upstream:short)%00%(objectname)%00%(upstream:track)%00%(upstream:remotename)%00%(upstream:remoteref) refs/heads/main refs/remotes/main [2ms]
2024-10-03 22:59:50.671 [info] > git status -z -uall [35ms]
2024-10-03 22:59:55.829 [info] > git config --get commit.template [34ms]
2024-10-03 22:59:55.830 [info] > git for-each-ref --format=%(refname)%00%(upstream:short)%00%(objectname)%00%(upstream:track)%00%(upstream:remotename)%00%(upstream:remoteref) refs/heads/main refs/remotes/main [3ms]
2024-10-03 22:59:55.898 [info] > git status -z -uall [36ms]
2024-10-03 23:00:01.057 [info] > git config --get commit.template [34ms]
2024-10-03 23:00:01.058 [info] > git for-each-ref --format=%(refname)%00%(upstream:short)%00%(objectname)%00%(upstream:track)%00%(upstream:remotename)%00%(upstream:remoteref) refs/heads/main refs/remotes/main [3ms]
2024-10-03 23:00:01.126 [info] > git status -z -uall [35ms]
2024-10-03 23:00:06.289 [info] > git config --get commit.template [33ms]
2024-10-03 23:00:06.290 [info] > git for-each-ref --format=%(refname)%00%(upstream:short)%00%(objectname)%00%(upstream:track)%00%(upstream:remotename)%00%(upstream:remoteref) refs/heads/main refs/remotes/main [2ms]
2024-10-03 23:00:06.348 [info] > git status -z -uall [34ms]
2024-10-03 23:01:04.152 [info] > git config --local branch.main.github-pr-owner-number [1ms]
2024-10-03 23:01:04.153 [warning] git config failed: Failed to execute git
2024-10-03 23:06:04.186 [info] > git config --local branch.main.github-pr-owner-number [2ms]
2024-10-03 23:06:04.187 [warning] git config failed: Failed to execute git
2024-10-03 23:11:04.218 [info] > git config --local branch.main.github-pr-owner-number [2ms]
2024-10-03 23:11:04.218 [warning] git config failed: Failed to execute git
2024-10-03 23:16:04.252 [info] > git config --local branch.main.github-pr-owner-number [2ms]
2024-10-03 23:16:04.252 [warning] git config failed: Failed to execute git
2024-10-03 23:21:04.287 [info] > git config --local branch.main.github-pr-owner-number [2ms]
2024-10-03 23:21:04.287 [warning] git config failed: Failed to execute git
2024-10-03 23:26:04.318 [info] > git config --local branch.main.github-pr-owner-number [3ms]
2024-10-03 23:26:04.318 [warning] git config failed: Failed to execute git
2024-10-03 23:31:04.353 [info] > git config --local branch.main.github-pr-owner-number [2ms]
2024-10-03 23:31:04.353 [warning] git config failed: Failed to execute git
2024-10-03 23:33:15.650 [info] > git config --get commit.template [32ms]
2024-10-03 23:33:15.651 [info] > git for-each-ref --format=%(refname)%00%(upstream:short)%00%(objectname)%00%(upstream:track)%00%(upstream:remotename)%00%(upstream:remoteref) refs/heads/main refs/remotes/main [3ms]
2024-10-03 23:33:15.719 [info] > git status -z -uall [37ms]
