2024-09-07 17:57:30.939 [info] Extension host with pid 88159 started
2024-09-07 17:57:30.939 [error] Error: EEXIST: file already exists, open '/home/kaiser8449/.codeoss/data/User/workspaceStorage/-335a15/vscode.lock'
2024-09-07 17:57:30.961 [info] Lock '/home/kaiser8449/.codeoss/data/User/workspaceStorage/-335a15/vscode.lock': Could not acquire lock, checking if the file is stale.
2024-09-07 17:57:30.975 [info] Lock '/home/kaiser8449/.codeoss/data/User/workspaceStorage/-335a15/vscode.lock': The lock does not look stale, elapsed: 858 ms, giving up.
2024-09-07 17:57:31.112 [info] ExtensionService#_doActivateExtension vscode.emmet, startup: false, activationEvent: 'onLanguage'
2024-09-07 17:57:31.207 [info] Lock '/home/kaiser8449/.codeoss/data/User/workspaceStorage/-335a15-1/vscode.lock': Lock acquired.
2024-09-07 17:57:31.381 [info] ExtensionService#_doActivateExtension vscode.git-base, startup: true, activationEvent: '*', root cause: vscode.git
2024-09-07 17:57:31.528 [info] ExtensionService#_doActivateExtension vscode.git, startup: true, activationEvent: '*'
2024-09-07 17:57:31.528 [info] ExtensionService#_doActivateExtension vscode.github, startup: true, activationEvent: '*'
2024-09-07 17:57:32.411 [info] Eager extensions activated
2024-09-07 17:57:32.412 [info] ExtensionService#_doActivateExtension EditorConfig.EditorConfig, startup: false, activationEvent: 'onStartupFinished'
2024-09-07 17:57:32.413 [info] ExtensionService#_doActivateExtension google.cloud-shell, startup: false, activationEvent: 'onStartupFinished'
2024-09-07 17:57:32.413 [info] ExtensionService#_doActivateExtension googlecloudtools.cloudcode, startup: false, activationEvent: 'onStartupFinished'
2024-09-07 17:57:32.414 [info] ExtensionService#_doActivateExtension vscode.debug-auto-launch, startup: false, activationEvent: 'onStartupFinished'
2024-09-07 17:57:32.414 [info] ExtensionService#_doActivateExtension vscode.merge-conflict, startup: false, activationEvent: 'onStartupFinished'
2024-09-07 17:57:32.415 [info] ExtensionService#_doActivateExtension esbenp.prettier-vscode, startup: false, activationEvent: 'onStartupFinished'
2024-09-07 17:57:32.416 [info] ExtensionService#_doActivateExtension vscode.github-authentication, startup: false, activationEvent: 'onStartupFinished', root cause: GitHub.vscode-pull-request-github
2024-09-07 17:57:38.124 [info] ExtensionService#_doActivateExtension GitHub.vscode-pull-request-github, startup: false, activationEvent: 'onStartupFinished'
2024-09-07 17:57:38.542 [info] ExtensionService#_doActivateExtension vscode.json-language-features, startup: false, activationEvent: 'onLanguage:jsonc'
2024-09-07 17:57:38.543 [info] ExtensionService#_doActivateExtension vscode.typescript-language-features, startup: false, activationEvent: 'onLanguage:jsonc'
2024-09-07 17:57:40.746 [error] Error: ENOENT: no such file or directory, rmdir '/home/kaiser8449/.cache/cloud-code/CLOUDCODE_BINARY_FROM_ZIP_LOCK'
