2024-09-07 17:46:39.438 [info] Log level: Info
2024-09-07 17:46:39.438 [info] Validating found git in: "git"
2024-09-07 17:46:39.438 [info] Using git "2.34.1" from "git"
2024-09-07 17:46:39.438 [info] > git rev-parse --show-toplevel [25ms]
2024-09-07 17:46:39.438 [info] fatal: not a git repository (or any parent up to mount point /)
Stopping at filesystem boundary (GIT_DISCOVERY_ACROSS_FILESYSTEM not set).
2024-09-07 17:46:39.438 [info] > git rev-parse --show-toplevel [4ms]
2024-09-07 17:46:39.438 [info] fatal: not a git repository (or any parent up to mount point /)
Stopping at filesystem boundary (GIT_DISCOVERY_ACROSS_FILESYSTEM not set).
2024-09-07 17:46:39.438 [info] > git rev-parse --show-toplevel [3ms]
2024-09-07 17:46:39.438 [info] fatal: not a git repository (or any parent up to mount point /)
Stopping at filesystem boundary (GIT_DISCOVERY_ACROSS_FILESYSTEM not set).
2024-09-07 17:46:39.438 [info] > git rev-parse --show-toplevel [4ms]
2024-09-07 17:46:39.438 [info] fatal: not a git repository (or any parent up to mount point /)
Stopping at filesystem boundary (GIT_DISCOVERY_ACROSS_FILESYSTEM not set).
2024-09-07 17:46:39.438 [info] > git rev-parse --show-toplevel [15ms]
2024-09-07 17:46:39.438 [info] fatal: not a git repository (or any parent up to mount point /)
Stopping at filesystem boundary (GIT_DISCOVERY_ACROSS_FILESYSTEM not set).
2024-09-07 17:46:39.438 [info] > git rev-parse --show-toplevel [3ms]
2024-09-07 17:46:39.438 [info] fatal: not a git repository (or any parent up to mount point /)
Stopping at filesystem boundary (GIT_DISCOVERY_ACROSS_FILESYSTEM not set).
2024-09-07 17:46:39.438 [info] > git rev-parse --show-toplevel [8ms]
2024-09-07 17:46:39.439 [info] fatal: not a git repository (or any parent up to mount point /)
Stopping at filesystem boundary (GIT_DISCOVERY_ACROSS_FILESYSTEM not set).
2024-09-07 17:46:39.439 [info] > git rev-parse --show-toplevel [4ms]
2024-09-07 17:46:39.439 [info] fatal: not a git repository (or any parent up to mount point /)
Stopping at filesystem boundary (GIT_DISCOVERY_ACROSS_FILESYSTEM not set).
2024-09-07 17:46:39.439 [info] > git rev-parse --show-toplevel [4ms]
2024-09-07 17:46:39.439 [info] fatal: not a git repository (or any parent up to mount point /)
Stopping at filesystem boundary (GIT_DISCOVERY_ACROSS_FILESYSTEM not set).
2024-09-07 17:46:39.439 [info] > git rev-parse --show-toplevel [302ms]
2024-09-07 17:46:39.439 [info] fatal: not a git repository (or any parent up to mount point /)
Stopping at filesystem boundary (GIT_DISCOVERY_ACROSS_FILESYSTEM not set).
