2024-09-10 17:34:10.387 [info] Default formatter is set to null for workspace /home/kaiser8449/hello-world-9
2024-09-10 17:34:10.387 [info] Test server listening.
2024-09-10 17:34:10.387 [info] > conda info --json
2024-09-10 17:34:10.387 [info] > hatch env show --json
2024-09-10 17:34:10.387 [info] cwd: .
2024-09-10 17:34:10.387 [info] > pyenv which python
2024-09-10 17:34:10.387 [info] cwd: .
2024-09-10 17:34:10.399 [info] Found: /bin/python --> /usr/bin/python3.10
2024-09-10 17:34:10.409 [info] Found: /bin/python2 --> /bin/python2.7
2024-09-10 17:34:10.410 [info] Found: /bin/python2.7 --> /bin/python2.7
2024-09-10 17:34:10.422 [info] Found: /bin/python3 --> /bin/python3.10
2024-09-10 17:34:10.433 [info] Found: /bin/python3.10 --> /bin/python3.10
2024-09-10 17:34:10.465 [info] Found: /usr/bin/python --> /usr/bin/python3.10
2024-09-10 17:34:10.466 [info] Found: /usr/bin/python2 --> /usr/bin/python2.7
2024-09-10 17:34:10.466 [info] Found: /usr/bin/python2.7 --> /usr/bin/python2.7
2024-09-10 17:34:10.466 [info] Found: /usr/bin/python3 --> /usr/bin/python3.10
2024-09-10 17:34:10.466 [info] Found: /usr/bin/python3.10 --> /usr/bin/python3.10
2024-09-10 17:34:10.510 [info] > /bin/python -I /google/devshell/editor/code-oss-for-cloud-shell/extensions/ms-python.python/python_files/get_output_via_markers.py /google/devshell/editor/code-oss-for-cloud-shell/extensions/ms-python.python/python_files/interpreterInfo.py
2024-09-10 17:34:10.537 [info] > /bin/python2 -I /google/devshell/editor/code-oss-for-cloud-shell/extensions/ms-python.python/python_files/get_output_via_markers.py /google/devshell/editor/code-oss-for-cloud-shell/extensions/ms-python.python/python_files/interpreterInfo.py
2024-09-10 17:34:10.565 [info] > /bin/python3 -I /google/devshell/editor/code-oss-for-cloud-shell/extensions/ms-python.python/python_files/get_output_via_markers.py /google/devshell/editor/code-oss-for-cloud-shell/extensions/ms-python.python/python_files/interpreterInfo.py
2024-09-10 17:34:10.575 [info] > /usr/bin/python2 -I /google/devshell/editor/code-oss-for-cloud-shell/extensions/ms-python.python/python_files/get_output_via_markers.py /google/devshell/editor/code-oss-for-cloud-shell/extensions/ms-python.python/python_files/interpreterInfo.py
2024-09-10 17:34:10.580 [warning] [Error: Command failed: /bin/python2 -I /google/devshell/editor/code-oss-for-cloud-shell/extensions/ms-python.python/python_files/get_output_via_markers.py /google/devshell/editor/code-oss-for-cloud-shell/extensions/ms-python.python/python_files/interpreterInfo.py
Unknown option: -I
usage: /bin/python2 [option] ... [-c cmd | -m mod | file | -] [arg] ...
Try `python -h' for more information.

	at ChildProcess.exithandler (node:child_process:422:12)
	at ChildProcess.emit (node:events:529:35)
	at maybeClose (node:internal/child_process:1098:16)
	at ChildProcess._handle.onexit (node:internal/child_process:303:5)] {
  code: 2,
  killed: false,
  signal: null,
  cmd: '/bin/python2 -I /google/devshell/editor/code-oss-for-cloud-shell/extensions/ms-python.python/python_files/get_output_via_markers.py /google/devshell/editor/code-oss-for-cloud-shell/extensions/ms-python.python/python_files/interpreterInfo.py'
}
2024-09-10 17:34:10.580 [error] Support for Python 2.7 has been dropped by the Python extension so certain features may not work, upgrade to using Python 3.
2024-09-10 17:34:10.589 [info] > /bin/python2 /google/devshell/editor/code-oss-for-cloud-shell/extensions/ms-python.python/python_files/get_output_via_markers.py /google/devshell/editor/code-oss-for-cloud-shell/extensions/ms-python.python/python_files/interpreterInfo.py
2024-09-10 17:34:10.591 [warning] [Error: Command failed: /usr/bin/python2 -I /google/devshell/editor/code-oss-for-cloud-shell/extensions/ms-python.python/python_files/get_output_via_markers.py /google/devshell/editor/code-oss-for-cloud-shell/extensions/ms-python.python/python_files/interpreterInfo.py
Unknown option: -I
usage: /usr/bin/python2 [option] ... [-c cmd | -m mod | file | -] [arg] ...
Try `python -h' for more information.

	at ChildProcess.exithandler (node:child_process:422:12)
	at ChildProcess.emit (node:events:529:35)
	at maybeClose (node:internal/child_process:1098:16)
	at Socket.<anonymous> (node:internal/child_process:450:11)
	at Socket.emit (node:events:517:28)
	at Pipe.<anonymous> (node:net:350:12)] {
  code: 2,
  killed: false,
  signal: null,
  cmd: '/usr/bin/python2 -I /google/devshell/editor/code-oss-for-cloud-shell/extensions/ms-python.python/python_files/get_output_via_markers.py /google/devshell/editor/code-oss-for-cloud-shell/extensions/ms-python.python/python_files/interpreterInfo.py'
}
2024-09-10 17:34:10.592 [error] Support for Python 2.7 has been dropped by the Python extension so certain features may not work, upgrade to using Python 3.
2024-09-10 17:34:10.601 [info] > /usr/bin/python2 /google/devshell/editor/code-oss-for-cloud-shell/extensions/ms-python.python/python_files/get_output_via_markers.py /google/devshell/editor/code-oss-for-cloud-shell/extensions/ms-python.python/python_files/interpreterInfo.py
2024-09-10 17:34:10.695 [info] Python interpreter path: /bin/python
2024-09-10 17:34:11.681 [info] Starting Jedi language server for hello-world-9.
