2024-10-03 01:15:52.321 [info] Extension host with pid 1215 started
2024-10-03 01:15:52.337 [info] Lock '/home/kaiser8449/.codeoss/data/User/workspaceStorage/24421db1/vscode.lock': Lock acquired.
2024-10-03 01:15:52.451 [info] ExtensionService#_doActivateExtension vscode.git-base, startup: true, activationEvent: '*', root cause: vscode.git
2024-10-03 01:15:52.578 [info] ExtensionService#_doActivateExtension vscode.git, startup: true, activationEvent: '*'
2024-10-03 01:15:52.578 [info] ExtensionService#_doActivateExtension vscode.github, startup: true, activationEvent: '*'
2024-10-03 01:15:53.478 [info] ExtensionService#_doActivateExtension redhat.fabric8-analytics, startup: true, activationEvent: 'workspaceContains:**/package.json,**/pom.xml,**/go.mod,**/requirements.txt'
2024-10-03 01:15:53.984 [warning] [Decorations] CAPPING events from decorations provider vscode.git 2937
2024-10-03 01:15:54.377 [info] ExtensionService#_doActivateExtension vscode.github-authentication, startup: false, activationEvent: 'onAuthenticationRequest:github'
2024-10-03 01:15:54.428 [info] Eager extensions activated
2024-10-03 01:15:54.428 [info] ExtensionService#_doActivateExtension EditorConfig.EditorConfig, startup: false, activationEvent: 'onStartupFinished'
2024-10-03 01:15:54.429 [info] ExtensionService#_doActivateExtension google.cloud-shell, startup: false, activationEvent: 'onStartupFinished'
2024-10-03 01:15:54.429 [info] ExtensionService#_doActivateExtension googlecloudtools.cloudcode, startup: false, activationEvent: 'onStartupFinished'
2024-10-03 01:15:54.429 [info] ExtensionService#_doActivateExtension vscode.debug-auto-launch, startup: false, activationEvent: 'onStartupFinished'
2024-10-03 01:15:54.430 [info] ExtensionService#_doActivateExtension vscode.merge-conflict, startup: false, activationEvent: 'onStartupFinished'
2024-10-03 01:15:54.430 [info] ExtensionService#_doActivateExtension esbenp.prettier-vscode, startup: false, activationEvent: 'onStartupFinished'
2024-10-03 01:15:57.233 [warning] [Decorations] CAPPING events from decorations provider vscode.git 2937
2024-10-03 01:15:57.939 [info] ExtensionService#_doActivateExtension GitHub.vscode-pull-request-github, startup: false, activationEvent: 'onStartupFinished'
2024-10-03 01:15:58.253 [info] ExtensionService#_doActivateExtension vscode.json-language-features, startup: false, activationEvent: 'onLanguage:jsonc'
2024-10-03 01:15:58.254 [info] ExtensionService#_doActivateExtension vscode.typescript-language-features, startup: false, activationEvent: 'onLanguage:jsonc'
2024-10-03 01:15:58.254 [info] ExtensionService#_doActivateExtension vscode.emmet, startup: false, activationEvent: 'onLanguage'
2024-10-03 01:16:04.360 [warning] [Decorations] CAPPING events from decorations provider vscode.git 2946
2024-10-03 01:16:33.370 [warning] [Decorations] CAPPING events from decorations provider vscode.git 2881
2024-10-03 01:16:38.571 [warning] [Decorations] CAPPING events from decorations provider vscode.git 2881
2024-10-03 01:16:43.777 [warning] [Decorations] CAPPING events from decorations provider vscode.git 2881
2024-10-03 01:16:48.995 [warning] [Decorations] CAPPING events from decorations provider vscode.git 2882
2024-10-03 01:16:54.207 [warning] [Decorations] CAPPING events from decorations provider vscode.git 2882
2024-10-03 01:16:59.442 [warning] [Decorations] CAPPING events from decorations provider vscode.git 2882
2024-10-03 01:17:04.638 [warning] [Decorations] CAPPING events from decorations provider vscode.git 2882
2024-10-03 01:17:10.272 [warning] [Decorations] CAPPING events from decorations provider vscode.git 2882
2024-10-03 01:17:17.365 [warning] [Decorations] CAPPING events from decorations provider vscode.git 2883
2024-10-03 01:17:22.560 [warning] [Decorations] CAPPING events from decorations provider vscode.git 2883
2024-10-03 01:17:27.752 [warning] [Decorations] CAPPING events from decorations provider vscode.git 2883
2024-10-03 01:17:32.942 [warning] [Decorations] CAPPING events from decorations provider vscode.git 2883
2024-10-03 01:17:38.136 [warning] [Decorations] CAPPING events from decorations provider vscode.git 2883
2024-10-03 01:17:43.325 [warning] [Decorations] CAPPING events from decorations provider vscode.git 2883
2024-10-03 01:17:49.227 [warning] [Decorations] CAPPING events from decorations provider vscode.git 2884
2024-10-03 01:17:54.440 [warning] [Decorations] CAPPING events from decorations provider vscode.git 2884
2024-10-03 01:17:59.637 [warning] [Decorations] CAPPING events from decorations provider vscode.git 2884
2024-10-03 01:18:04.824 [warning] [Decorations] CAPPING events from decorations provider vscode.git 2884
2024-10-03 01:18:10.013 [warning] [Decorations] CAPPING events from decorations provider vscode.git 2884
2024-10-03 01:18:15.203 [warning] [Decorations] CAPPING events from decorations provider vscode.git 2884
2024-10-03 01:18:20.388 [warning] [Decorations] CAPPING events from decorations provider vscode.git 2884
2024-10-03 01:18:25.579 [warning] [Decorations] CAPPING events from decorations provider vscode.git 2884
2024-10-03 01:18:30.764 [warning] [Decorations] CAPPING events from decorations provider vscode.git 2884
2024-10-03 01:18:35.960 [warning] [Decorations] CAPPING events from decorations provider vscode.git 2884
2024-10-03 01:18:41.161 [warning] [Decorations] CAPPING events from decorations provider vscode.git 2884
2024-10-03 01:18:42.164 [info] Extension host terminating: received terminate message from renderer
2024-10-03 01:18:42.165 [info] Lock '/home/kaiser8449/.codeoss/data/User/workspaceStorage/24421db1/vscode.lock': Marking the lockfile as scheduled to be released in 6000 ms.
2024-10-03 01:18:42.216 [error] Canceled: Canceled
    at new L (/google/devshell/editor/code-oss-for-cloud-shell/out/vs/workbench/api/node/extensionHostProcess.js:143:47131)
    at c.U (/google/devshell/editor/code-oss-for-cloud-shell/out/vs/workbench/api/node/extensionHostProcess.js:150:5542)
    at Proxy.F.<computed>.z.charCodeAt.F.<computed> (/google/devshell/editor/code-oss-for-cloud-shell/out/vs/workbench/api/node/extensionHostProcess.js:150:2993)
    at r.g (/google/devshell/editor/code-oss-for-cloud-shell/out/vs/workbench/api/node/extensionHostProcess.js:153:188926)
    at r.executeCommand (/google/devshell/editor/code-oss-for-cloud-shell/out/vs/workbench/api/node/extensionHostProcess.js:153:188364)
    at k.registerCommand.description (/google/devshell/editor/code-oss-for-cloud-shell/out/vs/workbench/api/node/extensionHostProcess.js:153:187688)
    at r.h (/google/devshell/editor/code-oss-for-cloud-shell/out/vs/workbench/api/node/extensionHostProcess.js:153:189465)
    at r.g (/google/devshell/editor/code-oss-for-cloud-shell/out/vs/workbench/api/node/extensionHostProcess.js:153:188457)
    at r.executeCommand (/google/devshell/editor/code-oss-for-cloud-shell/out/vs/workbench/api/node/extensionHostProcess.js:153:188364)
    at Object.executeCommand (/google/devshell/editor/code-oss-for-cloud-shell/out/vs/workbench/api/node/extensionHostProcess.js:163:22673)
    at a.O [as value] (/google/devshell/editor/code-oss-for-cloud-shell/extensions/git/dist/main.js:2:167800)
    at o.y (/google/devshell/editor/code-oss-for-cloud-shell/out/vs/workbench/api/node/extensionHostProcess.js:82:660)
    at o.z (/google/devshell/editor/code-oss-for-cloud-shell/out/vs/workbench/api/node/extensionHostProcess.js:82:730)
    at o.fire (/google/devshell/editor/code-oss-for-cloud-shell/out/vs/workbench/api/node/extensionHostProcess.js:82:946)
    at Object.p [as dispose] (/google/devshell/editor/code-oss-for-cloud-shell/extensions/git/dist/main.js:2:186884)
    at /google/devshell/editor/code-oss-for-cloud-shell/extensions/git/dist/main.js:2:192922
    at Array.forEach (<anonymous>)
    at f.dispose (/google/devshell/editor/code-oss-for-cloud-shell/extensions/git/dist/main.js:2:192908)
    at h.<anonymous> (/google/devshell/editor/code-oss-for-cloud-shell/out/vs/workbench/api/node/extensionHostProcess.js:151:3955)
    at h.dispose (/google/devshell/editor/code-oss-for-cloud-shell/out/vs/workbench/api/node/extensionHostProcess.js:151:4052)
    at h.<anonymous> (/google/devshell/editor/code-oss-for-cloud-shell/extensions/git/dist/main.js:2:170057)
    at h.dispose (/google/devshell/editor/code-oss-for-cloud-shell/out/vs/workbench/api/node/extensionHostProcess.js:151:4052)
    at a (/google/devshell/editor/code-oss-for-cloud-shell/out/vs/workbench/api/node/extensionHostProcess.js:30:744)
    at f.eb (/google/devshell/editor/code-oss-for-cloud-shell/out/vs/workbench/api/node/extensionHostProcess.js:159:9975)
    at /google/devshell/editor/code-oss-for-cloud-shell/out/vs/workbench/api/node/extensionHostProcess.js:159:7824
    at Array.map (<anonymous>)
    at f.$ (/google/devshell/editor/code-oss-for-cloud-shell/out/vs/workbench/api/node/extensionHostProcess.js:159:7811)
    at f.terminate (/google/devshell/editor/code-oss-for-cloud-shell/out/vs/workbench/api/node/extensionHostProcess.js:159:8085)
    at a.terminate (/google/devshell/editor/code-oss-for-cloud-shell/out/vs/workbench/api/node/extensionHostProcess.js:163:1513)
    at t (/google/devshell/editor/code-oss-for-cloud-shell/out/vs/workbench/api/node/extensionHostProcess.js:176:9922)
    at a.value (/google/devshell/editor/code-oss-for-cloud-shell/out/vs/workbench/api/node/extensionHostProcess.js:176:7969)
    at o.y (/google/devshell/editor/code-oss-for-cloud-shell/out/vs/workbench/api/node/extensionHostProcess.js:82:660)
    at o.fire (/google/devshell/editor/code-oss-for-cloud-shell/out/vs/workbench/api/node/extensionHostProcess.js:82:877)
    at u.fire (/google/devshell/editor/code-oss-for-cloud-shell/out/vs/workbench/api/node/extensionHostProcess.js:107:14175)
    at r.z (/google/devshell/editor/code-oss-for-cloud-shell/out/vs/workbench/api/node/extensionHostProcess.js:107:17240)
    at a.value (/google/devshell/editor/code-oss-for-cloud-shell/out/vs/workbench/api/node/extensionHostProcess.js:107:15692)
    at o.y (/google/devshell/editor/code-oss-for-cloud-shell/out/vs/workbench/api/node/extensionHostProcess.js:82:660)
    at o.fire (/google/devshell/editor/code-oss-for-cloud-shell/out/vs/workbench/api/node/extensionHostProcess.js:82:877)
    at f.acceptChunk (/google/devshell/editor/code-oss-for-cloud-shell/out/vs/workbench/api/node/extensionHostProcess.js:107:11949)
    at a.value (/google/devshell/editor/code-oss-for-cloud-shell/out/vs/workbench/api/node/extensionHostProcess.js:107:11236)
    at o.y (/google/devshell/editor/code-oss-for-cloud-shell/out/vs/workbench/api/node/extensionHostProcess.js:82:660)
    at o.fire (/google/devshell/editor/code-oss-for-cloud-shell/out/vs/workbench/api/node/extensionHostProcess.js:82:877)
    at i.z (/google/devshell/editor/code-oss-for-cloud-shell/out/vs/workbench/api/node/extensionHostProcess.js:173:19732)
    at i.acceptFrame (/google/devshell/editor/code-oss-for-cloud-shell/out/vs/workbench/api/node/extensionHostProcess.js:173:19538)
    at n (/google/devshell/editor/code-oss-for-cloud-shell/out/vs/workbench/api/node/extensionHostProcess.js:173:18037)
    at /google/devshell/editor/code-oss-for-cloud-shell/out/vs/workbench/api/node/extensionHostProcess.js:173:15257
    at Socket.S (/google/devshell/editor/code-oss-for-cloud-shell/out/vs/workbench/api/node/extensionHostProcess.js:173:13162)
    at Socket.emit (node:events:517:28)
    at addChunk (node:internal/streams/readable:335:12)
    at readableAddChunk (node:internal/streams/readable:308:9)
    at Socket.Readable.push (node:internal/streams/readable:245:10)
    at TCP.onStreamRead (node:internal/stream_base_commons:190:23) setContext undefined
2024-10-03 01:18:42.220 [error] Canceled: Canceled
    at new L (/google/devshell/editor/code-oss-for-cloud-shell/out/vs/workbench/api/node/extensionHostProcess.js:143:47131)
    at c.U (/google/devshell/editor/code-oss-for-cloud-shell/out/vs/workbench/api/node/extensionHostProcess.js:150:5542)
    at Proxy.F.<computed>.z.charCodeAt.F.<computed> (/google/devshell/editor/code-oss-for-cloud-shell/out/vs/workbench/api/node/extensionHostProcess.js:150:2993)
    at r.g (/google/devshell/editor/code-oss-for-cloud-shell/out/vs/workbench/api/node/extensionHostProcess.js:153:188926)
    at r.executeCommand (/google/devshell/editor/code-oss-for-cloud-shell/out/vs/workbench/api/node/extensionHostProcess.js:153:188364)
    at k.registerCommand.description (/google/devshell/editor/code-oss-for-cloud-shell/out/vs/workbench/api/node/extensionHostProcess.js:153:187688)
    at r.h (/google/devshell/editor/code-oss-for-cloud-shell/out/vs/workbench/api/node/extensionHostProcess.js:153:189465)
    at r.g (/google/devshell/editor/code-oss-for-cloud-shell/out/vs/workbench/api/node/extensionHostProcess.js:153:188457)
    at r.executeCommand (/google/devshell/editor/code-oss-for-cloud-shell/out/vs/workbench/api/node/extensionHostProcess.js:153:188364)
    at Object.executeCommand (/google/devshell/editor/code-oss-for-cloud-shell/out/vs/workbench/api/node/extensionHostProcess.js:163:22673)
    at a.VscodeDevShareProvider.set hasGitHubRepositories [as hasGitHubRepositories] (/google/devshell/editor/code-oss-for-cloud-shell/extensions/github/dist/extension.js:2:25681)
    at /google/devshell/editor/code-oss-for-cloud-shell/extensions/github/dist/extension.js:2:26640
    at a.value (/google/devshell/editor/code-oss-for-cloud-shell/extensions/git/dist/main.js:2:273373)
    at o.y (/google/devshell/editor/code-oss-for-cloud-shell/out/vs/workbench/api/node/extensionHostProcess.js:82:660)
    at o.z (/google/devshell/editor/code-oss-for-cloud-shell/out/vs/workbench/api/node/extensionHostProcess.js:82:730)
    at o.fire (/google/devshell/editor/code-oss-for-cloud-shell/out/vs/workbench/api/node/extensionHostProcess.js:82:946)
    at Object.p [as dispose] (/google/devshell/editor/code-oss-for-cloud-shell/extensions/git/dist/main.js:2:186884)
    at /google/devshell/editor/code-oss-for-cloud-shell/extensions/git/dist/main.js:2:192922
    at Array.forEach (<anonymous>)
    at f.dispose (/google/devshell/editor/code-oss-for-cloud-shell/extensions/git/dist/main.js:2:192908)
    at h.<anonymous> (/google/devshell/editor/code-oss-for-cloud-shell/out/vs/workbench/api/node/extensionHostProcess.js:151:3955)
    at h.dispose (/google/devshell/editor/code-oss-for-cloud-shell/out/vs/workbench/api/node/extensionHostProcess.js:151:4052)
    at h.<anonymous> (/google/devshell/editor/code-oss-for-cloud-shell/extensions/git/dist/main.js:2:170057)
    at h.dispose (/google/devshell/editor/code-oss-for-cloud-shell/out/vs/workbench/api/node/extensionHostProcess.js:151:4052)
    at a (/google/devshell/editor/code-oss-for-cloud-shell/out/vs/workbench/api/node/extensionHostProcess.js:30:744)
    at f.eb (/google/devshell/editor/code-oss-for-cloud-shell/out/vs/workbench/api/node/extensionHostProcess.js:159:9975)
    at /google/devshell/editor/code-oss-for-cloud-shell/out/vs/workbench/api/node/extensionHostProcess.js:159:7824
    at Array.map (<anonymous>)
    at f.$ (/google/devshell/editor/code-oss-for-cloud-shell/out/vs/workbench/api/node/extensionHostProcess.js:159:7811)
    at f.terminate (/google/devshell/editor/code-oss-for-cloud-shell/out/vs/workbench/api/node/extensionHostProcess.js:159:8085)
    at a.terminate (/google/devshell/editor/code-oss-for-cloud-shell/out/vs/workbench/api/node/extensionHostProcess.js:163:1513)
    at t (/google/devshell/editor/code-oss-for-cloud-shell/out/vs/workbench/api/node/extensionHostProcess.js:176:9922)
    at a.value (/google/devshell/editor/code-oss-for-cloud-shell/out/vs/workbench/api/node/extensionHostProcess.js:176:7969)
    at o.y (/google/devshell/editor/code-oss-for-cloud-shell/out/vs/workbench/api/node/extensionHostProcess.js:82:660)
    at o.fire (/google/devshell/editor/code-oss-for-cloud-shell/out/vs/workbench/api/node/extensionHostProcess.js:82:877)
    at u.fire (/google/devshell/editor/code-oss-for-cloud-shell/out/vs/workbench/api/node/extensionHostProcess.js:107:14175)
    at r.z (/google/devshell/editor/code-oss-for-cloud-shell/out/vs/workbench/api/node/extensionHostProcess.js:107:17240)
    at a.value (/google/devshell/editor/code-oss-for-cloud-shell/out/vs/workbench/api/node/extensionHostProcess.js:107:15692)
    at o.y (/google/devshell/editor/code-oss-for-cloud-shell/out/vs/workbench/api/node/extensionHostProcess.js:82:660)
    at o.fire (/google/devshell/editor/code-oss-for-cloud-shell/out/vs/workbench/api/node/extensionHostProcess.js:82:877)
    at f.acceptChunk (/google/devshell/editor/code-oss-for-cloud-shell/out/vs/workbench/api/node/extensionHostProcess.js:107:11949)
    at a.value (/google/devshell/editor/code-oss-for-cloud-shell/out/vs/workbench/api/node/extensionHostProcess.js:107:11236)
    at o.y (/google/devshell/editor/code-oss-for-cloud-shell/out/vs/workbench/api/node/extensionHostProcess.js:82:660)
    at o.fire (/google/devshell/editor/code-oss-for-cloud-shell/out/vs/workbench/api/node/extensionHostProcess.js:82:877)
    at i.z (/google/devshell/editor/code-oss-for-cloud-shell/out/vs/workbench/api/node/extensionHostProcess.js:173:19732)
    at i.acceptFrame (/google/devshell/editor/code-oss-for-cloud-shell/out/vs/workbench/api/node/extensionHostProcess.js:173:19538)
    at n (/google/devshell/editor/code-oss-for-cloud-shell/out/vs/workbench/api/node/extensionHostProcess.js:173:18037)
    at /google/devshell/editor/code-oss-for-cloud-shell/out/vs/workbench/api/node/extensionHostProcess.js:173:15257
    at Socket.S (/google/devshell/editor/code-oss-for-cloud-shell/out/vs/workbench/api/node/extensionHostProcess.js:173:13162)
    at Socket.emit (node:events:517:28)
    at addChunk (node:internal/streams/readable:335:12)
    at readableAddChunk (node:internal/streams/readable:308:9)
    at Socket.Readable.push (node:internal/streams/readable:245:10)
    at TCP.onStreamRead (node:internal/stream_base_commons:190:23) setContext undefined
2024-10-03 01:18:42.221 [error] Canceled: Canceled
    at new L (/google/devshell/editor/code-oss-for-cloud-shell/out/vs/workbench/api/node/extensionHostProcess.js:143:47131)
    at c.U (/google/devshell/editor/code-oss-for-cloud-shell/out/vs/workbench/api/node/extensionHostProcess.js:150:5542)
    at Proxy.F.<computed>.z.charCodeAt.F.<computed> (/google/devshell/editor/code-oss-for-cloud-shell/out/vs/workbench/api/node/extensionHostProcess.js:150:2993)
    at r.g (/google/devshell/editor/code-oss-for-cloud-shell/out/vs/workbench/api/node/extensionHostProcess.js:153:188926)
    at r.executeCommand (/google/devshell/editor/code-oss-for-cloud-shell/out/vs/workbench/api/node/extensionHostProcess.js:153:188364)
    at k.registerCommand.description (/google/devshell/editor/code-oss-for-cloud-shell/out/vs/workbench/api/node/extensionHostProcess.js:153:187688)
    at r.h (/google/devshell/editor/code-oss-for-cloud-shell/out/vs/workbench/api/node/extensionHostProcess.js:153:189465)
    at r.g (/google/devshell/editor/code-oss-for-cloud-shell/out/vs/workbench/api/node/extensionHostProcess.js:153:188457)
    at r.executeCommand (/google/devshell/editor/code-oss-for-cloud-shell/out/vs/workbench/api/node/extensionHostProcess.js:153:188364)
    at Object.executeCommand (/google/devshell/editor/code-oss-for-cloud-shell/out/vs/workbench/api/node/extensionHostProcess.js:163:22673)
    at e (/home/kaiser8449/.codeoss/extensions/github.vscode-pull-request-github-0.88.1-universal/dist/extension.js:2015:1565)
    at Object.n [as setContext] (/home/kaiser8449/.codeoss/extensions/github.vscode-pull-request-github-0.88.1-universal/dist/extension.js:2015:1680)
    at zp.updateActiveReviewCount (/home/kaiser8449/.codeoss/extensions/github.vscode-pull-request-github-0.88.1-universal/dist/extension.js:2088:23127)
    at zp.removeRepo (/home/kaiser8449/.codeoss/extensions/github.vscode-pull-request-github-0.88.1-universal/dist/extension.js:2088:24310)
    at a.value (/home/kaiser8449/.codeoss/extensions/github.vscode-pull-request-github-0.88.1-universal/dist/extension.js:2201:4212)
    at o.y (/google/devshell/editor/code-oss-for-cloud-shell/out/vs/workbench/api/node/extensionHostProcess.js:82:660)
    at o.z (/google/devshell/editor/code-oss-for-cloud-shell/out/vs/workbench/api/node/extensionHostProcess.js:82:730)
    at o.fire (/google/devshell/editor/code-oss-for-cloud-shell/out/vs/workbench/api/node/extensionHostProcess.js:82:946)
    at a.value (/home/kaiser8449/.codeoss/extensions/github.vscode-pull-request-github-0.88.1-universal/dist/extension.js:1983:446997)
    at o.y (/google/devshell/editor/code-oss-for-cloud-shell/out/vs/workbench/api/node/extensionHostProcess.js:82:660)
    at o.fire (/google/devshell/editor/code-oss-for-cloud-shell/out/vs/workbench/api/node/extensionHostProcess.js:82:877)
    at /home/kaiser8449/.codeoss/extensions/github.vscode-pull-request-github-0.88.1-universal/dist/extension.js:2088:28026
    at a.value (/google/devshell/editor/code-oss-for-cloud-shell/extensions/git/dist/main.js:2:273373)
    at o.y (/google/devshell/editor/code-oss-for-cloud-shell/out/vs/workbench/api/node/extensionHostProcess.js:82:660)
    at o.z (/google/devshell/editor/code-oss-for-cloud-shell/out/vs/workbench/api/node/extensionHostProcess.js:82:730)
    at o.fire (/google/devshell/editor/code-oss-for-cloud-shell/out/vs/workbench/api/node/extensionHostProcess.js:82:946)
    at Object.p [as dispose] (/google/devshell/editor/code-oss-for-cloud-shell/extensions/git/dist/main.js:2:186884)
    at /google/devshell/editor/code-oss-for-cloud-shell/extensions/git/dist/main.js:2:192922
    at Array.forEach (<anonymous>)
    at f.dispose (/google/devshell/editor/code-oss-for-cloud-shell/extensions/git/dist/main.js:2:192908)
    at h.<anonymous> (/google/devshell/editor/code-oss-for-cloud-shell/out/vs/workbench/api/node/extensionHostProcess.js:151:3955)
    at h.dispose (/google/devshell/editor/code-oss-for-cloud-shell/out/vs/workbench/api/node/extensionHostProcess.js:151:4052)
    at h.<anonymous> (/google/devshell/editor/code-oss-for-cloud-shell/extensions/git/dist/main.js:2:170057)
    at h.dispose (/google/devshell/editor/code-oss-for-cloud-shell/out/vs/workbench/api/node/extensionHostProcess.js:151:4052)
    at a (/google/devshell/editor/code-oss-for-cloud-shell/out/vs/workbench/api/node/extensionHostProcess.js:30:744)
    at f.eb (/google/devshell/editor/code-oss-for-cloud-shell/out/vs/workbench/api/node/extensionHostProcess.js:159:9975)
    at /google/devshell/editor/code-oss-for-cloud-shell/out/vs/workbench/api/node/extensionHostProcess.js:159:7824
    at Array.map (<anonymous>)
    at f.$ (/google/devshell/editor/code-oss-for-cloud-shell/out/vs/workbench/api/node/extensionHostProcess.js:159:7811)
    at f.terminate (/google/devshell/editor/code-oss-for-cloud-shell/out/vs/workbench/api/node/extensionHostProcess.js:159:8085)
    at a.terminate (/google/devshell/editor/code-oss-for-cloud-shell/out/vs/workbench/api/node/extensionHostProcess.js:163:1513)
    at t (/google/devshell/editor/code-oss-for-cloud-shell/out/vs/workbench/api/node/extensionHostProcess.js:176:9922)
    at a.value (/google/devshell/editor/code-oss-for-cloud-shell/out/vs/workbench/api/node/extensionHostProcess.js:176:7969)
    at o.y (/google/devshell/editor/code-oss-for-cloud-shell/out/vs/workbench/api/node/extensionHostProcess.js:82:660)
    at o.fire (/google/devshell/editor/code-oss-for-cloud-shell/out/vs/workbench/api/node/extensionHostProcess.js:82:877)
    at u.fire (/google/devshell/editor/code-oss-for-cloud-shell/out/vs/workbench/api/node/extensionHostProcess.js:107:14175)
    at r.z (/google/devshell/editor/code-oss-for-cloud-shell/out/vs/workbench/api/node/extensionHostProcess.js:107:17240)
    at a.value (/google/devshell/editor/code-oss-for-cloud-shell/out/vs/workbench/api/node/extensionHostProcess.js:107:15692)
    at o.y (/google/devshell/editor/code-oss-for-cloud-shell/out/vs/workbench/api/node/extensionHostProcess.js:82:660)
    at o.fire (/google/devshell/editor/code-oss-for-cloud-shell/out/vs/workbench/api/node/extensionHostProcess.js:82:877)
    at f.acceptChunk (/google/devshell/editor/code-oss-for-cloud-shell/out/vs/workbench/api/node/extensionHostProcess.js:107:11949)
    at a.value (/google/devshell/editor/code-oss-for-cloud-shell/out/vs/workbench/api/node/extensionHostProcess.js:107:11236)
    at o.y (/google/devshell/editor/code-oss-for-cloud-shell/out/vs/workbench/api/node/extensionHostProcess.js:82:660)
    at o.fire (/google/devshell/editor/code-oss-for-cloud-shell/out/vs/workbench/api/node/extensionHostProcess.js:82:877)
    at i.z (/google/devshell/editor/code-oss-for-cloud-shell/out/vs/workbench/api/node/extensionHostProcess.js:173:19732)
    at i.acceptFrame (/google/devshell/editor/code-oss-for-cloud-shell/out/vs/workbench/api/node/extensionHostProcess.js:173:19538)
    at n (/google/devshell/editor/code-oss-for-cloud-shell/out/vs/workbench/api/node/extensionHostProcess.js:173:18037)
    at /google/devshell/editor/code-oss-for-cloud-shell/out/vs/workbench/api/node/extensionHostProcess.js:173:15257
    at Socket.S (/google/devshell/editor/code-oss-for-cloud-shell/out/vs/workbench/api/node/extensionHostProcess.js:173:13162)
    at Socket.emit (node:events:517:28)
    at addChunk (node:internal/streams/readable:335:12)
    at readableAddChunk (node:internal/streams/readable:308:9)
    at Socket.Readable.push (node:internal/streams/readable:245:10)
    at TCP.onStreamRead (node:internal/stream_base_commons:190:23) setContext undefined
2024-10-03 01:18:42.222 [error] Canceled: Canceled
    at new L (/google/devshell/editor/code-oss-for-cloud-shell/out/vs/workbench/api/node/extensionHostProcess.js:143:47131)
    at c.U (/google/devshell/editor/code-oss-for-cloud-shell/out/vs/workbench/api/node/extensionHostProcess.js:150:5542)
    at Proxy.F.<computed>.z.charCodeAt.F.<computed> (/google/devshell/editor/code-oss-for-cloud-shell/out/vs/workbench/api/node/extensionHostProcess.js:150:2993)
    at r.g (/google/devshell/editor/code-oss-for-cloud-shell/out/vs/workbench/api/node/extensionHostProcess.js:153:188926)
    at r.executeCommand (/google/devshell/editor/code-oss-for-cloud-shell/out/vs/workbench/api/node/extensionHostProcess.js:153:188364)
    at k.registerCommand.description (/google/devshell/editor/code-oss-for-cloud-shell/out/vs/workbench/api/node/extensionHostProcess.js:153:187688)
    at r.h (/google/devshell/editor/code-oss-for-cloud-shell/out/vs/workbench/api/node/extensionHostProcess.js:153:189465)
    at r.g (/google/devshell/editor/code-oss-for-cloud-shell/out/vs/workbench/api/node/extensionHostProcess.js:153:188457)
    at r.executeCommand (/google/devshell/editor/code-oss-for-cloud-shell/out/vs/workbench/api/node/extensionHostProcess.js:153:188364)
    at Object.executeCommand (/google/devshell/editor/code-oss-for-cloud-shell/out/vs/workbench/api/node/extensionHostProcess.js:163:22673)
    at e (/home/kaiser8449/.codeoss/extensions/github.vscode-pull-request-github-0.88.1-universal/dist/extension.js:2015:1565)
    at Object.n [as setContext] (/home/kaiser8449/.codeoss/extensions/github.vscode-pull-request-github-0.88.1-universal/dist/extension.js:2015:1680)
    at Um.setReviewModeContexts (/home/kaiser8449/.codeoss/extensions/github.vscode-pull-request-github-0.88.1-universal/dist/extension.js:2188:15250)
    at Um.removePrFromView (/home/kaiser8449/.codeoss/extensions/github.vscode-pull-request-github-0.88.1-universal/dist/extension.js:2188:15877)
    at Jc.clear (/home/kaiser8449/.codeoss/extensions/github.vscode-pull-request-github-0.88.1-universal/dist/extension.js:2069:25776)
    at Jc.dispose (/home/kaiser8449/.codeoss/extensions/github.vscode-pull-request-github-0.88.1-universal/dist/extension.js:2071:167)
    at $m.removeReviewManager (/home/kaiser8449/.codeoss/extensions/github.vscode-pull-request-github-0.88.1-universal/dist/extension.js:2188:47227)
    at a.value (/home/kaiser8449/.codeoss/extensions/github.vscode-pull-request-github-0.88.1-universal/dist/extension.js:2201:4229)
    at o.y (/google/devshell/editor/code-oss-for-cloud-shell/out/vs/workbench/api/node/extensionHostProcess.js:82:660)
    at o.z (/google/devshell/editor/code-oss-for-cloud-shell/out/vs/workbench/api/node/extensionHostProcess.js:82:730)
    at o.fire (/google/devshell/editor/code-oss-for-cloud-shell/out/vs/workbench/api/node/extensionHostProcess.js:82:946)
    at a.value (/home/kaiser8449/.codeoss/extensions/github.vscode-pull-request-github-0.88.1-universal/dist/extension.js:1983:446997)
    at o.y (/google/devshell/editor/code-oss-for-cloud-shell/out/vs/workbench/api/node/extensionHostProcess.js:82:660)
    at o.fire (/google/devshell/editor/code-oss-for-cloud-shell/out/vs/workbench/api/node/extensionHostProcess.js:82:877)
    at /home/kaiser8449/.codeoss/extensions/github.vscode-pull-request-github-0.88.1-universal/dist/extension.js:2088:28026
    at a.value (/google/devshell/editor/code-oss-for-cloud-shell/extensions/git/dist/main.js:2:273373)
    at o.y (/google/devshell/editor/code-oss-for-cloud-shell/out/vs/workbench/api/node/extensionHostProcess.js:82:660)
    at o.z (/google/devshell/editor/code-oss-for-cloud-shell/out/vs/workbench/api/node/extensionHostProcess.js:82:730)
    at o.fire (/google/devshell/editor/code-oss-for-cloud-shell/out/vs/workbench/api/node/extensionHostProcess.js:82:946)
    at Object.p [as dispose] (/google/devshell/editor/code-oss-for-cloud-shell/extensions/git/dist/main.js:2:186884)
    at /google/devshell/editor/code-oss-for-cloud-shell/extensions/git/dist/main.js:2:192922
    at Array.forEach (<anonymous>)
    at f.dispose (/google/devshell/editor/code-oss-for-cloud-shell/extensions/git/dist/main.js:2:192908)
    at h.<anonymous> (/google/devshell/editor/code-oss-for-cloud-shell/out/vs/workbench/api/node/extensionHostProcess.js:151:3955)
    at h.dispose (/google/devshell/editor/code-oss-for-cloud-shell/out/vs/workbench/api/node/extensionHostProcess.js:151:4052)
    at h.<anonymous> (/google/devshell/editor/code-oss-for-cloud-shell/extensions/git/dist/main.js:2:170057)
    at h.dispose (/google/devshell/editor/code-oss-for-cloud-shell/out/vs/workbench/api/node/extensionHostProcess.js:151:4052)
    at a (/google/devshell/editor/code-oss-for-cloud-shell/out/vs/workbench/api/node/extensionHostProcess.js:30:744)
    at f.eb (/google/devshell/editor/code-oss-for-cloud-shell/out/vs/workbench/api/node/extensionHostProcess.js:159:9975)
    at /google/devshell/editor/code-oss-for-cloud-shell/out/vs/workbench/api/node/extensionHostProcess.js:159:7824
    at Array.map (<anonymous>)
    at f.$ (/google/devshell/editor/code-oss-for-cloud-shell/out/vs/workbench/api/node/extensionHostProcess.js:159:7811)
    at f.terminate (/google/devshell/editor/code-oss-for-cloud-shell/out/vs/workbench/api/node/extensionHostProcess.js:159:8085)
    at a.terminate (/google/devshell/editor/code-oss-for-cloud-shell/out/vs/workbench/api/node/extensionHostProcess.js:163:1513)
    at t (/google/devshell/editor/code-oss-for-cloud-shell/out/vs/workbench/api/node/extensionHostProcess.js:176:9922)
    at a.value (/google/devshell/editor/code-oss-for-cloud-shell/out/vs/workbench/api/node/extensionHostProcess.js:176:7969)
    at o.y (/google/devshell/editor/code-oss-for-cloud-shell/out/vs/workbench/api/node/extensionHostProcess.js:82:660)
    at o.fire (/google/devshell/editor/code-oss-for-cloud-shell/out/vs/workbench/api/node/extensionHostProcess.js:82:877)
    at u.fire (/google/devshell/editor/code-oss-for-cloud-shell/out/vs/workbench/api/node/extensionHostProcess.js:107:14175)
    at r.z (/google/devshell/editor/code-oss-for-cloud-shell/out/vs/workbench/api/node/extensionHostProcess.js:107:17240)
    at a.value (/google/devshell/editor/code-oss-for-cloud-shell/out/vs/workbench/api/node/extensionHostProcess.js:107:15692)
    at o.y (/google/devshell/editor/code-oss-for-cloud-shell/out/vs/workbench/api/node/extensionHostProcess.js:82:660)
    at o.fire (/google/devshell/editor/code-oss-for-cloud-shell/out/vs/workbench/api/node/extensionHostProcess.js:82:877)
    at f.acceptChunk (/google/devshell/editor/code-oss-for-cloud-shell/out/vs/workbench/api/node/extensionHostProcess.js:107:11949)
    at a.value (/google/devshell/editor/code-oss-for-cloud-shell/out/vs/workbench/api/node/extensionHostProcess.js:107:11236)
    at o.y (/google/devshell/editor/code-oss-for-cloud-shell/out/vs/workbench/api/node/extensionHostProcess.js:82:660)
    at o.fire (/google/devshell/editor/code-oss-for-cloud-shell/out/vs/workbench/api/node/extensionHostProcess.js:82:877)
    at i.z (/google/devshell/editor/code-oss-for-cloud-shell/out/vs/workbench/api/node/extensionHostProcess.js:173:19732)
    at i.acceptFrame (/google/devshell/editor/code-oss-for-cloud-shell/out/vs/workbench/api/node/extensionHostProcess.js:173:19538)
    at n (/google/devshell/editor/code-oss-for-cloud-shell/out/vs/workbench/api/node/extensionHostProcess.js:173:18037)
    at /google/devshell/editor/code-oss-for-cloud-shell/out/vs/workbench/api/node/extensionHostProcess.js:173:15257
    at Socket.S (/google/devshell/editor/code-oss-for-cloud-shell/out/vs/workbench/api/node/extensionHostProcess.js:173:13162)
    at Socket.emit (node:events:517:28)
    at addChunk (node:internal/streams/readable:335:12)
    at readableAddChunk (node:internal/streams/readable:308:9)
    at Socket.Readable.push (node:internal/streams/readable:245:10)
    at TCP.onStreamRead (node:internal/stream_base_commons:190:23) setContext undefined
2024-10-03 01:18:42.224 [error] Canceled: Canceled
    at new L (/google/devshell/editor/code-oss-for-cloud-shell/out/vs/workbench/api/node/extensionHostProcess.js:143:47131)
    at c.U (/google/devshell/editor/code-oss-for-cloud-shell/out/vs/workbench/api/node/extensionHostProcess.js:150:5542)
    at Proxy.F.<computed>.z.charCodeAt.F.<computed> (/google/devshell/editor/code-oss-for-cloud-shell/out/vs/workbench/api/node/extensionHostProcess.js:150:2993)
    at r.g (/google/devshell/editor/code-oss-for-cloud-shell/out/vs/workbench/api/node/extensionHostProcess.js:153:188926)
    at r.executeCommand (/google/devshell/editor/code-oss-for-cloud-shell/out/vs/workbench/api/node/extensionHostProcess.js:153:188364)
    at k.registerCommand.description (/google/devshell/editor/code-oss-for-cloud-shell/out/vs/workbench/api/node/extensionHostProcess.js:153:187688)
    at r.h (/google/devshell/editor/code-oss-for-cloud-shell/out/vs/workbench/api/node/extensionHostProcess.js:153:189465)
    at r.g (/google/devshell/editor/code-oss-for-cloud-shell/out/vs/workbench/api/node/extensionHostProcess.js:153:188457)
    at r.executeCommand (/google/devshell/editor/code-oss-for-cloud-shell/out/vs/workbench/api/node/extensionHostProcess.js:153:188364)
    at Object.executeCommand (/google/devshell/editor/code-oss-for-cloud-shell/out/vs/workbench/api/node/extensionHostProcess.js:163:22673)
    at q2.reset (/home/kaiser8449/.codeoss/extensions/github.vscode-pull-request-github-0.88.1-universal/dist/extension.js:2188:8858)
    at q2.dispose (/home/kaiser8449/.codeoss/extensions/github.vscode-pull-request-github-0.88.1-universal/dist/extension.js:2188:9129)
    at a (/google/devshell/editor/code-oss-for-cloud-shell/out/vs/workbench/api/node/extensionHostProcess.js:30:744)
    at f.eb (/google/devshell/editor/code-oss-for-cloud-shell/out/vs/workbench/api/node/extensionHostProcess.js:159:9975)
    at /google/devshell/editor/code-oss-for-cloud-shell/out/vs/workbench/api/node/extensionHostProcess.js:159:7824
    at Array.map (<anonymous>)
    at f.$ (/google/devshell/editor/code-oss-for-cloud-shell/out/vs/workbench/api/node/extensionHostProcess.js:159:7811)
    at f.terminate (/google/devshell/editor/code-oss-for-cloud-shell/out/vs/workbench/api/node/extensionHostProcess.js:159:8085)
    at a.terminate (/google/devshell/editor/code-oss-for-cloud-shell/out/vs/workbench/api/node/extensionHostProcess.js:163:1513)
    at t (/google/devshell/editor/code-oss-for-cloud-shell/out/vs/workbench/api/node/extensionHostProcess.js:176:9922)
    at a.value (/google/devshell/editor/code-oss-for-cloud-shell/out/vs/workbench/api/node/extensionHostProcess.js:176:7969)
    at o.y (/google/devshell/editor/code-oss-for-cloud-shell/out/vs/workbench/api/node/extensionHostProcess.js:82:660)
    at o.fire (/google/devshell/editor/code-oss-for-cloud-shell/out/vs/workbench/api/node/extensionHostProcess.js:82:877)
    at u.fire (/google/devshell/editor/code-oss-for-cloud-shell/out/vs/workbench/api/node/extensionHostProcess.js:107:14175)
    at r.z (/google/devshell/editor/code-oss-for-cloud-shell/out/vs/workbench/api/node/extensionHostProcess.js:107:17240)
    at a.value (/google/devshell/editor/code-oss-for-cloud-shell/out/vs/workbench/api/node/extensionHostProcess.js:107:15692)
    at o.y (/google/devshell/editor/code-oss-for-cloud-shell/out/vs/workbench/api/node/extensionHostProcess.js:82:660)
    at o.fire (/google/devshell/editor/code-oss-for-cloud-shell/out/vs/workbench/api/node/extensionHostProcess.js:82:877)
    at f.acceptChunk (/google/devshell/editor/code-oss-for-cloud-shell/out/vs/workbench/api/node/extensionHostProcess.js:107:11949)
    at a.value (/google/devshell/editor/code-oss-for-cloud-shell/out/vs/workbench/api/node/extensionHostProcess.js:107:11236)
    at o.y (/google/devshell/editor/code-oss-for-cloud-shell/out/vs/workbench/api/node/extensionHostProcess.js:82:660)
    at o.fire (/google/devshell/editor/code-oss-for-cloud-shell/out/vs/workbench/api/node/extensionHostProcess.js:82:877)
    at i.z (/google/devshell/editor/code-oss-for-cloud-shell/out/vs/workbench/api/node/extensionHostProcess.js:173:19732)
    at i.acceptFrame (/google/devshell/editor/code-oss-for-cloud-shell/out/vs/workbench/api/node/extensionHostProcess.js:173:19538)
    at n (/google/devshell/editor/code-oss-for-cloud-shell/out/vs/workbench/api/node/extensionHostProcess.js:173:18037)
    at /google/devshell/editor/code-oss-for-cloud-shell/out/vs/workbench/api/node/extensionHostProcess.js:173:15257
    at Socket.S (/google/devshell/editor/code-oss-for-cloud-shell/out/vs/workbench/api/node/extensionHostProcess.js:173:13162)
    at Socket.emit (node:events:517:28)
    at addChunk (node:internal/streams/readable:335:12)
    at readableAddChunk (node:internal/streams/readable:308:9)
    at Socket.Readable.push (node:internal/streams/readable:245:10)
    at TCP.onStreamRead (node:internal/stream_base_commons:190:23) setContext undefined
2024-10-03 01:18:42.237 [info] Extension host with pid 1215 exiting with code 0
