2024-09-10 17:11:54.259 [info] Log level: Info
2024-09-10 17:11:54.259 [info] Validating found git in: "git"
2024-09-10 17:11:54.259 [info] Using git "2.34.1" from "git"
2024-09-10 17:11:54.259 [info] > git rev-parse --show-toplevel [55ms]
2024-09-10 17:11:54.259 [info] fatal: not a git repository (or any parent up to mount point /)
Stopping at filesystem boundary (GIT_DISCOVERY_ACROSS_FILESYSTEM not set).
2024-09-10 17:11:54.260 [info] > git rev-parse --show-toplevel [11ms]
2024-09-10 17:11:54.260 [info] fatal: not a git repository (or any parent up to mount point /)
Stopping at filesystem boundary (GIT_DISCOVERY_ACROSS_FILESYSTEM not set).
2024-09-10 17:11:54.260 [info] > git rev-parse --show-toplevel [8ms]
2024-09-10 17:11:54.260 [info] fatal: not a git repository (or any parent up to mount point /)
Stopping at filesystem boundary (GIT_DISCOVERY_ACROSS_FILESYSTEM not set).
2024-09-10 17:11:54.260 [info] > git rev-parse --show-toplevel [11ms]
2024-09-10 17:11:54.260 [info] fatal: not a git repository (or any parent up to mount point /)
Stopping at filesystem boundary (GIT_DISCOVERY_ACROSS_FILESYSTEM not set).
2024-09-10 17:11:54.274 [info] > git rev-parse --show-toplevel [3ms]
2024-09-10 17:11:54.274 [info] fatal: not a git repository (or any parent up to mount point /)
Stopping at filesystem boundary (GIT_DISCOVERY_ACROSS_FILESYSTEM not set).
2024-09-10 17:11:54.306 [info] > git rev-parse --show-toplevel [19ms]
2024-09-10 17:11:54.306 [info] fatal: not a git repository (or any parent up to mount point /)
Stopping at filesystem boundary (GIT_DISCOVERY_ACROSS_FILESYSTEM not set).
2024-09-10 17:11:54.333 [info] > git rev-parse --show-toplevel [16ms]
2024-09-10 17:11:54.333 [info] fatal: not a git repository (or any parent up to mount point /)
Stopping at filesystem boundary (GIT_DISCOVERY_ACROSS_FILESYSTEM not set).
2024-09-10 17:11:55.046 [info] > git rev-parse --show-toplevel [1ms]
2024-09-10 17:11:55.046 [info] fatal: not a git repository (or any parent up to mount point /)
Stopping at filesystem boundary (GIT_DISCOVERY_ACROSS_FILESYSTEM not set).
2024-09-10 17:11:55.773 [info] > git rev-parse --show-toplevel [5ms]
2024-09-10 17:11:55.773 [info] fatal: not a git repository (or any parent up to mount point /)
Stopping at filesystem boundary (GIT_DISCOVERY_ACROSS_FILESYSTEM not set).
