2024-09-06 22:18:55.605 [info] Log level: Info
2024-09-06 22:18:55.605 [info] Validating found git in: "git"
2024-09-06 22:18:55.605 [info] Using git "2.34.1" from "git"
2024-09-06 22:18:55.605 [info] > git rev-parse --show-toplevel [221ms]
2024-09-06 22:18:55.605 [info] fatal: not a git repository (or any parent up to mount point /)
Stopping at filesystem boundary (GIT_DISCOVERY_ACROSS_FILESYSTEM not set).
2024-09-06 22:18:55.605 [info] > git rev-parse --show-toplevel [4ms]
2024-09-06 22:18:55.605 [info] fatal: not a git repository (or any parent up to mount point /)
Stopping at filesystem boundary (GIT_DISCOVERY_ACROSS_FILESYSTEM not set).
2024-09-06 22:18:55.606 [info] > git rev-parse --show-toplevel [2ms]
2024-09-06 22:18:55.607 [info] fatal: not a git repository (or any parent up to mount point /)
Stopping at filesystem boundary (GIT_DISCOVERY_ACROSS_FILESYSTEM not set).
2024-09-06 22:18:55.616 [info] > git rev-parse --show-toplevel [1ms]
2024-09-06 22:18:55.617 [info] fatal: not a git repository (or any parent up to mount point /)
Stopping at filesystem boundary (GIT_DISCOVERY_ACROSS_FILESYSTEM not set).
2024-09-06 22:18:55.625 [info] > git rev-parse --show-toplevel [2ms]
2024-09-06 22:18:55.625 [info] fatal: not a git repository (or any parent up to mount point /)
Stopping at filesystem boundary (GIT_DISCOVERY_ACROSS_FILESYSTEM not set).
2024-09-06 22:18:55.639 [info] > git rev-parse --show-toplevel [7ms]
2024-09-06 22:18:55.639 [info] fatal: not a git repository (or any parent up to mount point /)
Stopping at filesystem boundary (GIT_DISCOVERY_ACROSS_FILESYSTEM not set).
2024-09-06 22:18:55.649 [info] > git rev-parse --show-toplevel [2ms]
2024-09-06 22:18:55.649 [info] fatal: not a git repository (or any parent up to mount point /)
Stopping at filesystem boundary (GIT_DISCOVERY_ACROSS_FILESYSTEM not set).
2024-09-06 22:52:44.139 [info] > git rev-parse --show-toplevel [7ms]
2024-09-06 22:52:44.139 [info] fatal: not a git repository (or any parent up to mount point /)
Stopping at filesystem boundary (GIT_DISCOVERY_ACROSS_FILESYSTEM not set).
2024-09-06 23:00:30.536 [info] > git rev-parse --show-toplevel [11ms]
2024-09-06 23:00:30.536 [info] fatal: not a git repository (or any parent up to mount point /)
Stopping at filesystem boundary (GIT_DISCOVERY_ACROSS_FILESYSTEM not set).
2024-09-06 23:08:33.011 [info] > git rev-parse --show-toplevel [3ms]
2024-09-06 23:08:33.011 [info] fatal: not a git repository (or any parent up to mount point /)
Stopping at filesystem boundary (GIT_DISCOVERY_ACROSS_FILESYSTEM not set).
2024-09-06 23:11:31.840 [info] > git rev-parse --show-toplevel [2ms]
2024-09-06 23:11:31.840 [info] fatal: not a git repository (or any parent up to mount point /)
Stopping at filesystem boundary (GIT_DISCOVERY_ACROSS_FILESYSTEM not set).
2024-09-06 23:18:27.377 [info] > git rev-parse --show-toplevel [3ms]
2024-09-06 23:18:27.377 [info] fatal: not a git repository (or any parent up to mount point /)
Stopping at filesystem boundary (GIT_DISCOVERY_ACROSS_FILESYSTEM not set).
2024-09-06 23:18:41.972 [info] > git rev-parse --show-toplevel [2ms]
2024-09-06 23:18:41.972 [info] fatal: not a git repository (or any parent up to mount point /)
Stopping at filesystem boundary (GIT_DISCOVERY_ACROSS_FILESYSTEM not set).
2024-09-06 23:21:20.059 [info] > git rev-parse --show-toplevel [6ms]
2024-09-06 23:21:20.059 [info] fatal: not a git repository (or any parent up to mount point /)
Stopping at filesystem boundary (GIT_DISCOVERY_ACROSS_FILESYSTEM not set).
2024-09-06 23:21:20.087 [info] > git rev-parse --show-toplevel [2ms]
2024-09-06 23:21:20.087 [info] fatal: not a git repository (or any parent up to mount point /)
Stopping at filesystem boundary (GIT_DISCOVERY_ACROSS_FILESYSTEM not set).
2024-09-06 23:21:20.138 [info] > git rev-parse --show-toplevel [2ms]
2024-09-06 23:21:20.138 [info] fatal: not a git repository (or any parent up to mount point /)
Stopping at filesystem boundary (GIT_DISCOVERY_ACROSS_FILESYSTEM not set).
2024-09-06 23:21:20.299 [info] > git rev-parse --show-toplevel [2ms]
2024-09-06 23:21:20.299 [info] fatal: not a git repository (or any parent up to mount point /)
Stopping at filesystem boundary (GIT_DISCOVERY_ACROSS_FILESYSTEM not set).
