2024-09-07 17:51:33.621 [info] Extension host with pid 85482 started
2024-09-07 17:51:33.621 [error] Error: EEXIST: file already exists, open '/home/kaiser8449/.codeoss/data/User/workspaceStorage/-335a15/vscode.lock'
2024-09-07 17:51:33.639 [info] Lock '/home/kaiser8449/.codeoss/data/User/workspaceStorage/-335a15/vscode.lock': Could not acquire lock, checking if the file is stale.
2024-09-07 17:51:33.655 [info] Lock '/home/kaiser8449/.codeoss/data/User/workspaceStorage/-335a15/vscode.lock': The lock does not look stale, elapsed: 485 ms, giving up.
2024-09-07 17:51:33.657 [error] Error: EEXIST: file already exists, open '/home/kaiser8449/.codeoss/data/User/workspaceStorage/-335a15-1/vscode.lock'
2024-09-07 17:51:33.715 [info] Lock '/home/kaiser8449/.codeoss/data/User/workspaceStorage/-335a15-1/vscode.lock': Could not acquire lock, checking if the file is stale.
2024-09-07 17:51:33.721 [info] Lock '/home/kaiser8449/.codeoss/data/User/workspaceStorage/-335a15-1/vscode.lock': The lock does not look stale, elapsed: 204 ms, giving up.
2024-09-07 17:51:33.729 [error] Error: EEXIST: file already exists, open '/home/kaiser8449/.codeoss/data/User/workspaceStorage/-335a15-2/vscode.lock'
2024-09-07 17:51:33.757 [info] Lock '/home/kaiser8449/.codeoss/data/User/workspaceStorage/-335a15-2/vscode.lock': Could not acquire lock, checking if the file is stale.
2024-09-07 17:51:33.759 [info] Lock '/home/kaiser8449/.codeoss/data/User/workspaceStorage/-335a15-2/vscode.lock': The lock does not look stale, elapsed: 569 ms, giving up.
2024-09-07 17:51:33.759 [error] Error: EEXIST: file already exists, open '/home/kaiser8449/.codeoss/data/User/workspaceStorage/-335a15-3/vscode.lock'
2024-09-07 17:51:33.760 [info] Lock '/home/kaiser8449/.codeoss/data/User/workspaceStorage/-335a15-3/vscode.lock': Could not acquire lock, checking if the file is stale.
2024-09-07 17:51:33.769 [info] Lock '/home/kaiser8449/.codeoss/data/User/workspaceStorage/-335a15-3/vscode.lock': The lock does not look stale, elapsed: 1570 ms, giving up.
2024-09-07 17:51:33.770 [error] Error: EEXIST: file already exists, open '/home/kaiser8449/.codeoss/data/User/workspaceStorage/-335a15-4/vscode.lock'
2024-09-07 17:51:33.771 [info] Lock '/home/kaiser8449/.codeoss/data/User/workspaceStorage/-335a15-4/vscode.lock': Could not acquire lock, checking if the file is stale.
2024-09-07 17:51:33.771 [info] Lock '/home/kaiser8449/.codeoss/data/User/workspaceStorage/-335a15-4/vscode.lock': The lock does not look stale, elapsed: 3750 ms, giving up.
2024-09-07 17:51:33.784 [info] Lock '/home/kaiser8449/.codeoss/data/User/workspaceStorage/-335a15-5/vscode.lock': Lock acquired.
2024-09-07 17:51:33.863 [info] ExtensionService#_doActivateExtension vscode.emmet, startup: false, activationEvent: 'onLanguage'
2024-09-07 17:51:34.155 [info] ExtensionService#_doActivateExtension vscode.git-base, startup: true, activationEvent: '*', root cause: vscode.git
2024-09-07 17:51:34.281 [info] ExtensionService#_doActivateExtension vscode.git, startup: true, activationEvent: '*'
2024-09-07 17:51:34.282 [info] ExtensionService#_doActivateExtension vscode.github, startup: true, activationEvent: '*'
2024-09-07 17:51:35.683 [info] Eager extensions activated
2024-09-07 17:51:35.684 [info] ExtensionService#_doActivateExtension EditorConfig.EditorConfig, startup: false, activationEvent: 'onStartupFinished'
2024-09-07 17:51:35.684 [info] ExtensionService#_doActivateExtension google.cloud-shell, startup: false, activationEvent: 'onStartupFinished'
2024-09-07 17:51:35.685 [info] ExtensionService#_doActivateExtension googlecloudtools.cloudcode, startup: false, activationEvent: 'onStartupFinished'
2024-09-07 17:51:35.685 [info] ExtensionService#_doActivateExtension vscode.debug-auto-launch, startup: false, activationEvent: 'onStartupFinished'
2024-09-07 17:51:35.686 [info] ExtensionService#_doActivateExtension vscode.merge-conflict, startup: false, activationEvent: 'onStartupFinished'
2024-09-07 17:51:35.687 [info] ExtensionService#_doActivateExtension esbenp.prettier-vscode, startup: false, activationEvent: 'onStartupFinished'
2024-09-07 17:51:35.688 [info] ExtensionService#_doActivateExtension vscode.github-authentication, startup: false, activationEvent: 'onStartupFinished', root cause: GitHub.vscode-pull-request-github
2024-09-07 17:51:41.092 [info] ExtensionService#_doActivateExtension GitHub.vscode-pull-request-github, startup: false, activationEvent: 'onStartupFinished'
2024-09-07 17:51:41.830 [info] ExtensionService#_doActivateExtension vscode.json-language-features, startup: false, activationEvent: 'onLanguage:jsonc'
2024-09-07 17:51:41.831 [info] ExtensionService#_doActivateExtension vscode.typescript-language-features, startup: false, activationEvent: 'onLanguage:jsonc'
