2024-09-07 17:51:26.232 [info] Extension host with pid 85471 started
2024-09-07 17:51:26.232 [error] Error: EEXIST: file already exists, open '/home/kaiser8449/.codeoss/data/User/workspaceStorage/-335a15/vscode.lock'
2024-09-07 17:51:26.239 [info] Lock '/home/kaiser8449/.codeoss/data/User/workspaceStorage/-335a15/vscode.lock': Could not acquire lock, checking if the file is stale.
2024-09-07 17:51:26.243 [info] Lock '/home/kaiser8449/.codeoss/data/User/workspaceStorage/-335a15/vscode.lock': The lock does not look stale, elapsed: 80 ms, giving up.
2024-09-07 17:51:26.244 [error] Error: EEXIST: file already exists, open '/home/kaiser8449/.codeoss/data/User/workspaceStorage/-335a15-1/vscode.lock'
2024-09-07 17:51:26.253 [info] Lock '/home/kaiser8449/.codeoss/data/User/workspaceStorage/-335a15-1/vscode.lock': Could not acquire lock, checking if the file is stale.
2024-09-07 17:51:26.254 [info] Lock '/home/kaiser8449/.codeoss/data/User/workspaceStorage/-335a15-1/vscode.lock': The lock does not look stale, elapsed: 745 ms, giving up.
2024-09-07 17:51:26.255 [error] Error: EEXIST: file already exists, open '/home/kaiser8449/.codeoss/data/User/workspaceStorage/-335a15-2/vscode.lock'
2024-09-07 17:51:26.255 [info] Lock '/home/kaiser8449/.codeoss/data/User/workspaceStorage/-335a15-2/vscode.lock': Could not acquire lock, checking if the file is stale.
2024-09-07 17:51:26.255 [info] Lock '/home/kaiser8449/.codeoss/data/User/workspaceStorage/-335a15-2/vscode.lock': The lock does not look stale, elapsed: 71 ms, giving up.
2024-09-07 17:51:26.263 [info] Lock '/home/kaiser8449/.codeoss/data/User/workspaceStorage/-335a15-3/vscode.lock': Lock acquired.
2024-09-07 17:51:26.517 [info] ExtensionService#_doActivateExtension vscode.emmet, startup: false, activationEvent: 'onLanguage'
2024-09-07 17:51:26.684 [info] ExtensionService#_doActivateExtension vscode.git-base, startup: true, activationEvent: '*', root cause: vscode.git
2024-09-07 17:51:26.780 [info] ExtensionService#_doActivateExtension vscode.git, startup: true, activationEvent: '*'
2024-09-07 17:51:26.780 [info] ExtensionService#_doActivateExtension vscode.github, startup: true, activationEvent: '*'
2024-09-07 17:51:27.060 [info] Eager extensions activated
2024-09-07 17:51:27.061 [info] ExtensionService#_doActivateExtension EditorConfig.EditorConfig, startup: false, activationEvent: 'onStartupFinished'
2024-09-07 17:51:27.062 [info] ExtensionService#_doActivateExtension google.cloud-shell, startup: false, activationEvent: 'onStartupFinished'
2024-09-07 17:51:27.062 [info] ExtensionService#_doActivateExtension googlecloudtools.cloudcode, startup: false, activationEvent: 'onStartupFinished'
2024-09-07 17:51:27.062 [info] ExtensionService#_doActivateExtension vscode.debug-auto-launch, startup: false, activationEvent: 'onStartupFinished'
2024-09-07 17:51:27.063 [info] ExtensionService#_doActivateExtension vscode.merge-conflict, startup: false, activationEvent: 'onStartupFinished'
2024-09-07 17:51:27.063 [info] ExtensionService#_doActivateExtension esbenp.prettier-vscode, startup: false, activationEvent: 'onStartupFinished'
2024-09-07 17:51:27.064 [info] ExtensionService#_doActivateExtension vscode.github-authentication, startup: false, activationEvent: 'onStartupFinished', root cause: GitHub.vscode-pull-request-github
2024-09-07 17:51:30.099 [info] ExtensionService#_doActivateExtension GitHub.vscode-pull-request-github, startup: false, activationEvent: 'onStartupFinished'
2024-09-07 17:51:30.330 [info] ExtensionService#_doActivateExtension vscode.json-language-features, startup: false, activationEvent: 'onLanguage:jsonc'
2024-09-07 17:51:30.331 [info] ExtensionService#_doActivateExtension vscode.typescript-language-features, startup: false, activationEvent: 'onLanguage:jsonc'
