Initializing document watcher...
Document watcher initialized
hello-world-8/src/app.py: {}
hello-world-8/src/app.py: Using EditorConfig core...
hello-world-8/src/app.py: {}
hello-world-8/src/app.py: {}
hello-world-8/src/app.py: {}
hello-world-8/src/app.py: Using EditorConfig core...
hello-world-8/src/app.py: Using EditorConfig core...
hello-world-8/src/app.py: {}
hello-world-8/src/app.py: {}
hello-world-8/src/app.py: {}
hello-world-8/src/app.py: {}
hello-world-8/src/app.py: Using EditorConfig core...
hello-world-8/src/app.py: Using EditorConfig core...
hello-world-8/src/app.py: Using EditorConfig core...
hello-world-8/src/app.py: {}
hello-world-8/src/app.py: {}
hello-world-8/src/app.py: {}
hello-world-8/src/app.py: {}
hello-world-8/src/Dockerfile: {}
hello-world-8/src/Dockerfile: {}
hello-world-8/src/app.py: {}
hello-world-8/src/app.py: Using EditorConfig core...
hello-world-8/src/app.py: {}
hello-world-8/src/app.py: {}
hello-world-8/src/app.py: {}
hello-world-8/src/app.py: Using EditorConfig core...
hello-world-8/tests/test_end_to_end.py: {}
hello-world-8/.dockerignore: {}
hello-world-8/tests/test_end_to_end.py: {}
hello-world-8/src/requirements.txt: {}
hello-world-8/src/Procfile: {}
hello-world-8/.dockerignore: {}
hello-world-8/src/app.py: {}
hello-world-8/src/app.py: Using EditorConfig core...
hello-world-8/.vscode/launch.json: Using EditorConfig core...
hello-world-8/src/app.py: Using EditorConfig core...
hello-world-8/src/app.py: {}
hello-world-8/src/app.py: {}
hello-world-8/src/app.py: {}
hello-world-8/src/app.py: {}
hello-world-8/src/app.py: {}
undefined: {}
hello-world-8/src/app.py: {}
hello-world-8/src/app.py: {}
hello-world-8/src/app.py: {}
undefined: {}
undefined: {}
hello-world-8/src/app.py: {}
undefined: {}
undefined: {}
hello-world-8/.vscode/launch.json: {}
hello-world-8/.vscode/tasks.json: {}
hello-world-8/.vscode/extensions.json: {}
hello-world-8/src/static/cloud_bg.svg: {}
hello-world-8/src/static/dark_bg.svg: {}
hello-world-8/src/static/KE-hello-world-dark.svg: {}
hello-world-8/src/static/KE-hello-world.svg: {}
hello-world-8/src/static/lightbulb_icon.svg: {}
hello-world-8/src/app.py: {}
hello-world-8/src/app.py: {}
hello-world-8/.dockerignore: {}
hello-world-8/src/static/KE-hello-world.svg: {}
hello-world-8/src/app.py: {}
