Starting to run the app using configuration 'Run on Kubernetes' from .vscode/launch.json...
To view more detailed logs, go to Output channel : "Run on Kubernetes - Detailed"

Update initiated
Deploy started
Status check started
Resource pod/python-hello-world-7f5c7cf54f-72tsj status updated to In Progress
Resource deployment/python-hello-world status updated to In Progress
Resource deployment/python-hello-world status completed successfully
Status check succeeded

**************URLs*****************
Deploy completed

Forwarded URL from service python-hello-world-external: http://localhost:4503
Update succeeded
***********************************
Watching for changes...
To disable watch mode for subsequent runs, set watch to false in your launch configuration /home/kaiser8449/hello-world-8/.vscode/launch.json and relaunch the application.
Update initiated
Build started for artifact python-hello-world
Build completed for artifact python-hello-world

Deploy started
Status check started
Resource pod/python-hello-world-9db6454b6-26848 status updated to In Progress
Resource deployment/python-hello-world status updated to In Progress
Resource deployment/python-hello-world status completed successfully
Status check succeeded

**************URLs*****************
Deploy completed

Forwarded URL from service python-hello-world-external: http://localhost:4503
Update succeeded
***********************************
Watching for changes...
To disable watch mode for subsequent runs, set watch to false in your launch configuration /home/kaiser8449/hello-world-8/.vscode/launch.json and relaunch the application.
Update initiated
Build started for artifact python-hello-world
Build completed for artifact python-hello-world

Deploy started
Status check started
Resource pod/python-hello-world-57b9c8f6d-x7kjw status updated to In Progress
Resource pod/python-hello-world-57b9c8f6d-x7kjw status updated to In Progress
Resource deployment/python-hello-world status failed with waiting for rollout to finish: 1 old replicas are pending termination...
Status check failed

Deploy failed
Update failed with error code DEPLOY_UNKNOWN
Update initiated
Deploy started
Status check started
Resource deployment/python-hello-world status updated to In Progress
Resource deployment/python-hello-world status completed successfully
Status check succeeded

**************URLs*****************
Deploy completed

Forwarded URL from service python-hello-world-external: http://localhost:4503
Update succeeded
***********************************
Watching for changes...
To disable watch mode for subsequent runs, set watch to false in your launch configuration /home/kaiser8449/hello-world-8/.vscode/launch.json and relaunch the application.
Update initiated
Build started for artifact python-hello-world
Build completed for artifact python-hello-world

Deploy started
Status check started
Resource deployment/python-hello-world status updated to In Progress
Resource deployment/python-hello-world status completed successfully
Status check succeeded

**************URLs*****************
Deploy completed

Forwarded URL from service python-hello-world-external: http://localhost:4503
Update succeeded
Update initiated
Build started for artifact python-hello-world
Build completed for artifact python-hello-world

Deploy started
Status check started
Resource pod/python-hello-world-56477fbf-mgxp4 status updated to In Progress
Resource deployment/python-hello-world status updated to In Progress
Resource deployment/python-hello-world status completed successfully
Status check succeeded

**************URLs*****************
Deploy completed

Forwarded URL from service python-hello-world-external: http://localhost:4503
Update succeeded
***********************************
Watching for changes...
To disable watch mode for subsequent runs, set watch to false in your launch configuration /home/kaiser8449/hello-world-8/.vscode/launch.json and relaunch the application.
Update initiated
Build started for artifact python-hello-world
Build completed for artifact python-hello-world

Deploy started
Status check started
Resource deployment/python-hello-world status updated to In Progress
Resource deployment/python-hello-world status completed successfully
Status check succeeded

**************URLs*****************
Deploy completed

Forwarded URL from service python-hello-world-external: http://localhost:4503
Update succeeded
***********************************
Watching for changes...
To disable watch mode for subsequent runs, set watch to false in your launch configuration /home/kaiser8449/hello-world-8/.vscode/launch.json and relaunch the application.
Update initiated
Build started for artifact python-hello-world
Build completed for artifact python-hello-world

Deploy started
Status check started
Resource pod/python-hello-world-6b677d746c-t728c status updated to In Progress
Resource deployment/python-hello-world status failed with waiting for rollout to finish: 1 old replicas are pending termination...
Status check failed

Deploy failed
Update failed with error code DEPLOY_UNKNOWN
Update initiated
Deploy started
Status check started
Resource deployment/python-hello-world status completed successfully
Status check succeeded

**************URLs*****************
Deploy completed

Forwarded URL from service python-hello-world-external: http://localhost:4503
Update succeeded
***********************************
Watching for changes...
To disable watch mode for subsequent runs, set watch to false in your launch configuration /home/kaiser8449/hello-world-8/.vscode/launch.json and relaunch the application.
