Running: skaffold dev -v info --port-forward --minikube-profile minikube --rpc-http-port 43107 --filename /home/kaiser8449/hello-world-8/skaffold.yaml --wait-for-deletions-max 2m0s --wait-for-connection
starting gRPC server on port 41809
starting gRPC HTTP server on port 43107 (proxying to 41809)
Skaffold &{Version:v2.13.1 ConfigVersion:skaffold/v4beta11 GitVersion: GitCommit:9bf608b553673654891eaa4d79ef84b21749ef0c BuildDate:2024-07-26T07:49:00Z GoVersion:go1.22.4 Compiler:gc Platform:linux/amd64 User:}
Loaded Skaffold defaults from \"/home/kaiser8449/.skaffold/config\"
map entry found when executing locate for &{python-hello-world src <nil> {0xc000394580 <nil> <nil> <nil> <nil> <nil> <nil>} [] {[] []} [] } of type *latest.Artifact and pointer: 824649191904
Using kubectl context: minikube
Using minikube docker daemon at tcp://192.168.49.2:2376
no kpt renderer or deployer found, skipping hydrated-dir creation
build concurrency first set to 1 parsed from *runner.pipelineBuilderWithHooks[0]
final build concurrency value is 1
Generating tags...
 - python-hello-world -> python-hello-world:latest
Checking cache...
Tags generated in 167.977µs
 - python-hello-world: Found. Tagging
Cache check completed in 119.69308ms
Starting render...
starting render process
Render completed in 3.682754ms
Tags used in deployment:
 - python-hello-world -> python-hello-world:88630645816761d4a74283e1fa13d0e5649c66ea6348e8de6ace260a452ecfa7
Starting deploy...
 - deployment.apps/python-hello-world configured
 - service/python-hello-world-external configured
Waiting for deployments to stabilize...
 - deployment/python-hello-world: waiting for rollout to finish: 1 old replicas are pending termination...
 - deployment/python-hello-world is ready.
Deployments stabilized in 11.169 seconds
Deploy completed in 11.73 seconds
Port forwarding service/python-hello-world-external in namespace default, remote port 80 -> http://127.0.0.1:4503
Listing files to watch...
 - python-hello-world
Press Ctrl+C to exit
Watching for changes...
List generated in 300.243µs
Streaming logs from pod: python-hello-world-7f5c7cf54f-72tsj container: server
[server] * Serving Flask app 'app'
[server] * Debug mode: off
[server][31m[1mWARNING: This is a development server. Do not use it in a production deployment. Use a production WSGI server instead.[0m
[server] * Running on all addresses (0.0.0.0)
[server] * Running on http://127.0.0.1:8080
[server] * Running on http://10.244.0.38:8080
[server][33mPress CTRL+C to quit[0m
[server]127.0.0.1 - - [07/Sep/2024 17:07:16] "GET / HTTP/1.1" 200 -
[server]127.0.0.1 - - [07/Sep/2024 17:07:16] "[36mGET /static/KE-hello-world-dark.svg HTTP/1.1[0m" 304 -
[server]127.0.0.1 - - [07/Sep/2024 17:07:16] "[36mGET /static/dark_bg.svg HTTP/1.1[0m" 304 -
files modified: [src/app.py]
Tags generated in 163.911µs
Generating tags...
 - python-hello-world -> python-hello-world:latest
Checking cache...
 - python-hello-world: Not found. Building
Starting build...
Found [minikube] context, using local docker daemon.
Building [python-hello-world]...
Target platforms: [linux/amd64]
Cache check completed in 1.449559ms
Creating tar file from 11 file(s)
Added 5/11 files to tar file
Added 10/11 files to tar file
Creating tar file completed in 4.060271ms
Sending build context to Docker daemon  216.1kB
Step 1/6 : FROM python:3.12-alpine
 ---> de975f3f5997
Step 2/6 : WORKDIR /app
 ---> Using cache
 ---> c2b68bbe1469
Step 3/6 : COPY requirements.txt .
 ---> Using cache
 ---> b8d2bb1a650f
Step 4/6 : RUN pip install --trusted-host pypi.python.org -r requirements.txt
 ---> Using cache
 ---> 0d0310a439bd
Step 5/6 : COPY . .
 ---> 01dcaee13fb0
Step 6/6 : ENTRYPOINT ["python", "app.py"]
 ---> Running in 6add64398f4c
 ---> a8196542df81
Successfully built a8196542df81
Successfully tagged python-hello-world:latest
Build [python-hello-world] succeeded
Build completed in 320.234408ms
Starting render...
starting render process
Render completed in 2.636506ms
Tags used in deployment:
 - python-hello-world -> python-hello-world:a8196542df81e8215ae5fa8b2e60e9a9ffcf15c55c37797fcd9992b4ecd4a8fd
Starting deploy...
 - deployment.apps/python-hello-world configured
Waiting for deployments to stabilize...
Streaming logs from pod: python-hello-world-9db6454b6-26848 container: server
 - deployment/python-hello-world: waiting for rollout to finish: 1 old replicas are pending termination...
 - deployment/python-hello-world is ready.
Deployments stabilized in 11.166 seconds
Deploy completed in 11.535 seconds
Port forwarding service/python-hello-world-external in namespace default, remote port 80 -> http://127.0.0.1:4503
Watching for changes...
[server]127.0.0.1 - - [07/Sep/2024 17:08:12] "GET / HTTP/1.1" 200 -
[server]127.0.0.1 - - [07/Sep/2024 17:08:12] "GET /static/KE-hello-world-dark.svg HTTP/1.1" 200 -
[server]127.0.0.1 - - [07/Sep/2024 17:08:13] "GET /static/dark_bg.svg HTTP/1.1" 200 -
files modified: [src/app.py]
Tags generated in 159.076µs
Generating tags...
 - python-hello-world -> python-hello-world:latest
Checking cache...
Cache check completed in 1.647066ms
 - python-hello-world: Not found. Building
Starting build...
Found [minikube] context, using local docker daemon.
Building [python-hello-world]...
Target platforms: [linux/amd64]
Creating tar file from 11 file(s)
Added 5/11 files to tar file
Added 10/11 files to tar file
Creating tar file completed in 2.64126ms
Sending build context to Docker daemon  216.1kB
Step 1/6 : FROM python:3.12-alpine
 ---> de975f3f5997
Step 2/6 : WORKDIR /app
 ---> Using cache
 ---> c2b68bbe1469
Step 3/6 : COPY requirements.txt .
 ---> Using cache
 ---> b8d2bb1a650f
Step 4/6 : RUN pip install --trusted-host pypi.python.org -r requirements.txt
 ---> Using cache
 ---> 0d0310a439bd
Step 5/6 : COPY . .
 ---> 07ac9915eb16
Step 6/6 : ENTRYPOINT ["python", "app.py"]
 ---> Running in af48af6e88e5
 ---> 131911197842
Successfully built 131911197842
Successfully tagged python-hello-world:latest
Build [python-hello-world] succeeded
Build completed in 298.627199ms
Starting render...
starting render process
Render completed in 2.881876ms
Tags used in deployment:
 - python-hello-world -> python-hello-world:131911197842683a7ee390c5ea0202d5495db867d3f95bfb148931f1ede29bfc
Starting deploy...
 - deployment.apps/python-hello-world configured
Waiting for deployments to stabilize...
Streaming logs from pod: python-hello-world-57b9c8f6d-x7kjw container: server
 - deployment/python-hello-world: container server terminated with exit code 1
    - pod/python-hello-world-57b9c8f6d-x7kjw: container server terminated with exit code 1
      > [python-hello-world-57b9c8f6d-x7kjw server]   File "/app/app.py", line 17
      > [python-hello-world-57b9c8f6d-x7kjw server]     message = "It's running
      > [python-hello-world-57b9c8f6d-x7kjw server]               ^
      > [python-hello-world-57b9c8f6d-x7kjw server] SyntaxError: unterminated string literal (detected at line 17)
 - deployment/python-hello-world failed. Error: container server terminated with exit code 1.
Watching for changes...
Skipping deploy due to error:1/1 deployment(s) failed
files modified: [src/app.py]
Tags generated in 118.969µs
Generating tags...
 - python-hello-world -> python-hello-world:latest
Checking cache...
 - python-hello-world: Found. Tagging
Cache check completed in 16.4086ms
Starting render...
starting render process
Render completed in 2.209885ms
Tags used in deployment:
 - python-hello-world -> python-hello-world:88630645816761d4a74283e1fa13d0e5649c66ea6348e8de6ace260a452ecfa7
Starting deploy...
Streaming logs from pod: python-hello-world-57b9c8f6d-x7kjw container: server
 - deployment.apps/python-hello-world configured
Waiting for deployments to stabilize...
Streaming logs from pod: python-hello-world-7f5c7cf54f-cvvs5 container: server
 - deployment/python-hello-world: waiting for rollout to finish: 1 old replicas are pending termination...
 - deployment/python-hello-world is ready.
Deployments stabilized in 11.175 seconds
Deploy completed in 11.523 seconds
Port forwarding service/python-hello-world-external in namespace default, remote port 80 -> http://127.0.0.1:4503
Watching for changes...
[server]127.0.0.1 - - [07/Sep/2024 17:14:26] "GET / HTTP/1.1" 200 -
[server]127.0.0.1 - - [07/Sep/2024 17:14:26] "GET /static/KE-hello-world-dark.svg HTTP/1.1" 200 -
[server]127.0.0.1 - - [07/Sep/2024 17:14:26] "GET /static/dark_bg.svg HTTP/1.1" 200 -
files modified: [src/app.py]
Generating tags...
 - python-hello-world -> python-hello-world:latest
Checking cache...
 - python-hello-world: Not found. Building
Starting build...
Found [minikube] context, using local docker daemon.
Building [python-hello-world]...
Target platforms: [linux/amd64]
Tags generated in 187.557µs
Cache check completed in 1.487637ms
Creating tar file from 11 file(s)
Added 5/11 files to tar file
Added 10/11 files to tar file
Creating tar file completed in 5.450221ms
Sending build context to Docker daemon  216.1kB
Step 1/6 : FROM python:3.12-alpine
 ---> de975f3f5997
Step 2/6 : WORKDIR /app
 ---> Using cache
 ---> c2b68bbe1469
Step 3/6 : COPY requirements.txt .
 ---> Using cache
 ---> b8d2bb1a650f
Step 4/6 : RUN pip install --trusted-host pypi.python.org -r requirements.txt
 ---> Using cache
 ---> 0d0310a439bd
Step 5/6 : COPY . .
 ---> 4c714020bb10
Step 6/6 : ENTRYPOINT ["python", "app.py"]
 ---> Running in 5f618367b801
 ---> 296c587223f6
Successfully built 296c587223f6
Successfully tagged python-hello-world:latest
Build [python-hello-world] succeeded
Build completed in 316.549815ms
Starting render...
starting render process
Render completed in 2.696378ms
Tags used in deployment:
 - python-hello-world -> python-hello-world:296c587223f662b0b67c9b3baccdee9c904e8e2112e49f1ef4a653eac151e5e7
Starting deploy...
 - deployment.apps/python-hello-world configured
Waiting for deployments to stabilize...
Streaming logs from pod: python-hello-world-65b95d796b-9zclv container: server
 - deployment/python-hello-world: waiting for rollout to finish: 1 old replicas are pending termination...
 - deployment/python-hello-world is ready.
Deployments stabilized in 11.204 seconds
Deploy completed in 11.627 seconds
Port forwarding service/python-hello-world-external in namespace default, remote port 80 -> http://127.0.0.1:4503
Watching for changes...
Generating tags...
 - python-hello-world -> python-hello-world:latest
Checking cache...
files modified: [src/app.py]
Tags generated in 185.929µs
Cache check completed in 1.606476ms
 - python-hello-world: Not found. Building
Starting build...
Found [minikube] context, using local docker daemon.
Building [python-hello-world]...
Target platforms: [linux/amd64]
Creating tar file from 11 file(s)
Added 5/11 files to tar file
Added 10/11 files to tar file
Creating tar file completed in 3.939288ms
Sending build context to Docker daemon  216.1kB
Step 1/6 : FROM python:3.12-alpine
 ---> de975f3f5997
Step 2/6 : WORKDIR /app
 ---> Using cache
 ---> c2b68bbe1469
Step 3/6 : COPY requirements.txt .
 ---> Using cache
 ---> b8d2bb1a650f
Step 4/6 : RUN pip install --trusted-host pypi.python.org -r requirements.txt
 ---> Using cache
 ---> 0d0310a439bd
Step 5/6 : COPY . .
 ---> c590e39456e4
Step 6/6 : ENTRYPOINT ["python", "app.py"]
 ---> Running in 36cea33d0734
 ---> 3af32d559ca1
Successfully built 3af32d559ca1
Successfully tagged python-hello-world:latest
Build [python-hello-world] succeeded
Build completed in 300.10326ms
Starting render...
starting render process
Render completed in 3.968526ms
Tags used in deployment:
 - python-hello-world -> python-hello-world:3af32d559ca1a6426001c49450ea8fef992bc6bb8bf03f9b04a5729de28140c0
Starting deploy...
 - deployment.apps/python-hello-world configured
Waiting for deployments to stabilize...
Streaming logs from pod: python-hello-world-56477fbf-mgxp4 container: server
 - deployment/python-hello-world: waiting for rollout to finish: 1 old replicas are pending termination...
 - deployment/python-hello-world is ready.
Deployments stabilized in 11.182 seconds
Deploy completed in 11.542 seconds
Port forwarding service/python-hello-world-external in namespace default, remote port 80 -> http://127.0.0.1:4503
Watching for changes...
[server]127.0.0.1 - - [07/Sep/2024 17:15:08] "GET / HTTP/1.1" 200 -
[server]127.0.0.1 - - [07/Sep/2024 17:15:08] "GET /static/KE-hello-world-dark.svg HTTP/1.1" 200 -
[server]127.0.0.1 - - [07/Sep/2024 17:15:08] "GET /static/dark_bg.svg HTTP/1.1" 200 -
[server]127.0.0.1 - - [07/Sep/2024 17:15:09] "GET /static/kubernetes-engine-icon.png HTTP/1.1" 200 -
files modified: [src/app.py]
Tags generated in 160.3µs
Generating tags...
 - python-hello-world -> python-hello-world:latest
Checking cache...
Cache check completed in 1.434666ms
 - python-hello-world: Not found. Building
Starting build...
Found [minikube] context, using local docker daemon.
Building [python-hello-world]...
Target platforms: [linux/amd64]
Creating tar file from 11 file(s)
Added 5/11 files to tar file
Added 10/11 files to tar file
Creating tar file completed in 3.916136ms
Sending build context to Docker daemon  216.1kB
Step 1/6 : FROM python:3.12-alpine
 ---> de975f3f5997
Step 2/6 : WORKDIR /app
 ---> Using cache
 ---> c2b68bbe1469
Step 3/6 : COPY requirements.txt .
 ---> Using cache
 ---> b8d2bb1a650f
Step 4/6 : RUN pip install --trusted-host pypi.python.org -r requirements.txt
 ---> Using cache
 ---> 0d0310a439bd
Step 5/6 : COPY . .
 ---> 3c0507b60d4e
Step 6/6 : ENTRYPOINT ["python", "app.py"]
 ---> Running in f6f4cd8b719b
 ---> dedbd4eee83e
Successfully built dedbd4eee83e
Successfully tagged python-hello-world:latest
Build [python-hello-world] succeeded
Build completed in 300.405994ms
Starting render...
starting render process
Render completed in 4.981995ms
Tags used in deployment:
 - python-hello-world -> python-hello-world:dedbd4eee83efe71b1118021754ceabf9e19d8655e378606ad8a80edd622405d
Starting deploy...
 - deployment.apps/python-hello-world configured
Waiting for deployments to stabilize...
Streaming logs from pod: python-hello-world-748d4fc59-7v59r container: server
 - deployment/python-hello-world: waiting for rollout to finish: 1 old replicas are pending termination...
 - deployment/python-hello-world is ready.
Deployments stabilized in 11.172 seconds
Deploy completed in 11.526 seconds
Port forwarding service/python-hello-world-external in namespace default, remote port 80 -> http://127.0.0.1:4503
Watching for changes...
[server]127.0.0.1 - - [07/Sep/2024 17:18:21] "GET / HTTP/1.1" 200 -
[server]127.0.0.1 - - [07/Sep/2024 17:18:21] "[36mGET /static/KE-hello-world-dark.svg HTTP/1.1[0m" 304 -
[server]127.0.0.1 - - [07/Sep/2024 17:18:21] "[36mGET /static/dark_bg.svg HTTP/1.1[0m" 304 -
[server]127.0.0.1 - - [07/Sep/2024 17:18:21] "[36mGET /static/kubernetes-engine-icon.png HTTP/1.1[0m" 304 -
files modified: [src/app.py]
Tags generated in 184.66µs
Generating tags...
 - python-hello-world -> python-hello-world:latest
Checking cache...
Cache check completed in 1.624764ms
 - python-hello-world: Not found. Building
Starting build...
Found [minikube] context, using local docker daemon.
Building [python-hello-world]...
Target platforms: [linux/amd64]
Creating tar file from 11 file(s)
Added 5/11 files to tar file
Added 10/11 files to tar file
Creating tar file completed in 3.990206ms
Sending build context to Docker daemon  216.1kB
Step 1/6 : FROM python:3.12-alpine
 ---> de975f3f5997
Step 2/6 : WORKDIR /app
 ---> Using cache
 ---> c2b68bbe1469
Step 3/6 : COPY requirements.txt .
 ---> Using cache
 ---> b8d2bb1a650f
Step 4/6 : RUN pip install --trusted-host pypi.python.org -r requirements.txt
 ---> Using cache
 ---> 0d0310a439bd
Step 5/6 : COPY . .
 ---> 0b4d3ef42cff
Step 6/6 : ENTRYPOINT ["python", "app.py"]
 ---> Running in b501d95f63b6
 ---> 15041e3c5df0
Successfully built 15041e3c5df0
Successfully tagged python-hello-world:latest
Build [python-hello-world] succeeded
Build completed in 305.904183ms
Starting render...
starting render process
Render completed in 2.668286ms
Tags used in deployment:
 - python-hello-world -> python-hello-world:15041e3c5df0d19b39da24454472d4d60d86b4f6ad2c2e959115264b87324dce
Starting deploy...
 - deployment.apps/python-hello-world configured
Waiting for deployments to stabilize...
Streaming logs from pod: python-hello-world-6b677d746c-t728c container: server
 - deployment/python-hello-world: container server terminated with exit code 1
    - pod/python-hello-world-6b677d746c-t728c: container server terminated with exit code 1
      > [python-hello-world-6b677d746c-t728c server] Traceback (most recent call last):
      > [python-hello-world-6b677d746c-t728c server]   File "/app/app.py", line 23, in <module>
      > [python-hello-world-6b677d746c-t728c server]     server_port = os.environ.get('PORT', '8080')
      > [python-hello-world-6b677d746c-t728c server]                   ^^
      > [python-hello-world-6b677d746c-t728c server] NameError: name 'os' is not defined. Did you forget to import 'os'?
 - deployment/python-hello-world failed. Error: container server terminated with exit code 1.
Watching for changes...
Skipping deploy due to error:1/1 deployment(s) failed
Streaming logs from pod: python-hello-world-6b677d746c-t728c container: server
Streaming logs from pod: python-hello-world-6b677d746c-t728c container: server
Streaming logs from pod: python-hello-world-6b677d746c-t728c container: server
Streaming logs from pod: python-hello-world-6b677d746c-t728c container: server
files modified: [src/app.py]
Tags generated in 138.454µs
Generating tags...
 - python-hello-world -> python-hello-world:latest
Checking cache...
 - python-hello-world: Found. Tagging
Cache check completed in 16.459101ms
Starting render...
starting render process
Render completed in 2.657873ms
Tags used in deployment:
 - python-hello-world -> python-hello-world:dedbd4eee83efe71b1118021754ceabf9e19d8655e378606ad8a80edd622405d
Starting deploy...
 - deployment.apps/python-hello-world configured
Waiting for deployments to stabilize...
 - deployment/python-hello-world is ready.
Deployments stabilized in 1.171 second
Deploy completed in 1.515 second
Port forwarding service/python-hello-world-external in namespace default, remote port 80 -> http://127.0.0.1:4503
Watching for changes...
