0 verbose cli /usr/local/nvm/versions/node/v20.17.0/bin/node /usr/local/nvm/versions/node/v20.17.0/bin/npm
0 verbose cli /usr/local/nvm/versions/node/v20.17.0/bin/node /usr/local/nvm/versions/node/v20.17.0/bin/npm
1 info using npm@10.8.2
2 info using node@v20.17.0
1 info using npm@10.8.2
3 silly config load:file:/usr/local/nvm/versions/node/v20.17.0/lib/node_modules/npm/npmrc
2 info using node@v20.17.0
4 silly config load:file:/google/devshell/editor/code-oss-for-cloud-shell/.npmrc
3 silly config load:file:/usr/local/nvm/versions/node/v20.17.0/lib/node_modules/npm/npmrc
5 silly config load:file:/home/kaiser8449/.npmrc
4 silly config load:file:/home/kaiser8449/.npmrc
6 silly config load:file:/usr/local/nvm/versions/node/v20.17.0/etc/npmrc
5 silly config load:file:/usr/local/nvm/versions/node/v20.17.0/etc/npmrc
6 verbose title npm config get prefix
7 verbose title npm config get prefix
7 verbose argv "config" "--loglevel" "warn" "get" "prefix"
8 verbose argv "config" "--loglevel" "warn" "get" "prefix"
8 verbose logfile logs-max:10 dir:/home/kaiser8449/.npm/_logs/2024-09-07T14_36_55_805Z-
9 verbose logfile logs-max:10 dir:/home/kaiser8449/.npm/_logs/2024-09-07T14_36_55_805Z-
9 verbose logfile /home/kaiser8449/.npm/_logs/2024-09-07T14_36_55_805Z-debug-0.log
10 verbose logfile /home/kaiser8449/.npm/_logs/2024-09-07T14_36_55_805Z-debug-0.log
11 verbose cwd /google/devshell/editor/code-oss-for-cloud-shell
12 verbose os Linux 6.1.100+
13 verbose node v20.17.0
14 verbose npm  v10.8.2
10 verbose cwd /home/kaiser8449
11 verbose os Linux 6.1.100+
12 verbose node v20.17.0
13 verbose npm  v10.8.2
15 verbose exit 0
16 info ok
14 verbose exit 0
15 info ok
