2024-09-08 06:49:09.672 [info] Extension host with pid 1195 started
2024-09-08 06:49:09.672 [error] Error: EEXIST: file already exists, open '/home/kaiser8449/.codeoss/data/User/workspaceStorage/-38af359e/vscode.lock'
2024-09-08 06:49:09.681 [info] Lock '/home/kaiser8449/.codeoss/data/User/workspaceStorage/-38af359e/vscode.lock': Could not acquire lock, checking if the file is stale.
2024-09-08 06:49:09.683 [info] Lock '/home/kaiser8449/.codeoss/data/User/workspaceStorage/-38af359e/vscode.lock': The pid 1290 appears to be gone.
2024-09-08 06:49:09.683 [info] Lock '/home/kaiser8449/.codeoss/data/User/workspaceStorage/-38af359e/vscode.lock': Deleting a stale lock.
2024-09-08 06:49:09.698 [info] Lock '/home/kaiser8449/.codeoss/data/User/workspaceStorage/-38af359e/vscode.lock': Lock acquired.
2024-09-08 06:49:09.897 [info] ExtensionService#_doActivateExtension vscode.git-base, startup: true, activationEvent: '*', root cause: vscode.git
2024-09-08 06:49:09.991 [info] ExtensionService#_doActivateExtension vscode.git, startup: true, activationEvent: '*'
2024-09-08 06:49:09.991 [info] ExtensionService#_doActivateExtension vscode.github, startup: true, activationEvent: '*'
2024-09-08 06:49:10.319 [info] ExtensionService#_doActivateExtension redhat.fabric8-analytics, startup: true, activationEvent: 'workspaceContains:**/package.json,**/pom.xml,**/go.mod,**/requirements.txt'
2024-09-08 06:49:10.774 [info] Eager extensions activated
2024-09-08 06:49:10.775 [info] ExtensionService#_doActivateExtension EditorConfig.EditorConfig, startup: false, activationEvent: 'onStartupFinished'
2024-09-08 06:49:10.775 [info] ExtensionService#_doActivateExtension google.cloud-shell, startup: false, activationEvent: 'onStartupFinished'
2024-09-08 06:49:10.776 [info] ExtensionService#_doActivateExtension googlecloudtools.cloudcode, startup: false, activationEvent: 'onStartupFinished'
2024-09-08 06:49:10.776 [info] ExtensionService#_doActivateExtension vscode.debug-auto-launch, startup: false, activationEvent: 'onStartupFinished'
2024-09-08 06:49:10.776 [info] ExtensionService#_doActivateExtension vscode.merge-conflict, startup: false, activationEvent: 'onStartupFinished'
2024-09-08 06:49:10.777 [info] ExtensionService#_doActivateExtension esbenp.prettier-vscode, startup: false, activationEvent: 'onStartupFinished'
2024-09-08 06:49:10.777 [info] ExtensionService#_doActivateExtension vscode.github-authentication, startup: false, activationEvent: 'onStartupFinished', root cause: GitHub.vscode-pull-request-github
2024-09-08 06:49:13.590 [info] ExtensionService#_doActivateExtension GitHub.vscode-pull-request-github, startup: false, activationEvent: 'onStartupFinished'
2024-09-08 06:49:14.018 [info] ExtensionService#_doActivateExtension vscode.json-language-features, startup: false, activationEvent: 'onLanguage:jsonc'
2024-09-08 06:49:14.018 [info] ExtensionService#_doActivateExtension vscode.typescript-language-features, startup: false, activationEvent: 'onLanguage:jsonc'
2024-09-08 06:49:14.018 [info] ExtensionService#_doActivateExtension vscode.emmet, startup: false, activationEvent: 'onLanguage'
