2024-10-03 01:15:52.941 [info] Log level: Info
2024-10-03 01:15:52.941 [info] Validating found git in: "git"
2024-10-03 01:15:52.941 [info] Using git "2.34.1" from "git"
2024-10-03 01:15:52.957 [info] > git rev-parse --show-toplevel [24ms]
2024-10-03 01:15:52.965 [info] > git rev-parse --git-dir --git-common-dir [2ms]
2024-10-03 01:15:52.980 [info] Open repository: /home/kaiser8449
2024-10-03 01:15:53.000 [info] > git config --get commit.template [9ms]
2024-10-03 01:15:53.001 [info] > git rev-parse --show-toplevel [4ms]
2024-10-03 01:15:53.017 [info] > git rev-parse --show-toplevel [1ms]
2024-10-03 01:15:53.026 [info] > git rev-parse --show-toplevel [1ms]
2024-10-03 01:15:53.033 [info] > git rev-parse --show-toplevel [2ms]
2024-10-03 01:15:53.041 [info] > git rev-parse --show-toplevel [2ms]
2024-10-03 01:15:53.049 [info] > git rev-parse --show-toplevel [1ms]
2024-10-03 01:15:53.057 [info] > git rev-parse --show-toplevel [2ms]
2024-10-03 01:15:53.065 [info] > git for-each-ref --format=%(refname)%00%(upstream:short)%00%(objectname)%00%(upstream:track)%00%(upstream:remotename)%00%(upstream:remoteref) refs/heads/main refs/remotes/main [57ms]
2024-10-03 01:15:53.067 [info] > git rev-parse --show-toplevel [3ms]
2024-10-03 01:15:53.075 [info] > git rev-parse --show-toplevel [2ms]
2024-10-03 01:15:53.097 [info] > git rev-parse --show-toplevel [14ms]
2024-10-03 01:15:53.109 [info] > git rev-parse --show-toplevel [2ms]
2024-10-03 01:15:53.117 [info] > git rev-parse --show-toplevel [2ms]
2024-10-03 01:15:53.125 [info] > git rev-parse --show-toplevel [2ms]
2024-10-03 01:15:53.133 [info] > git rev-parse --show-toplevel [2ms]
2024-10-03 01:15:53.142 [info] > git rev-parse --show-toplevel [1ms]
2024-10-03 01:15:53.150 [info] > git rev-parse --show-toplevel [1ms]
2024-10-03 01:15:53.160 [info] > git rev-parse --show-toplevel [2ms]
2024-10-03 01:15:53.168 [info] > git rev-parse --show-toplevel [2ms]
2024-10-03 01:15:53.176 [info] > git rev-parse --show-toplevel [2ms]
2024-10-03 01:15:53.184 [info] > git rev-parse --show-toplevel [1ms]
2024-10-03 01:15:53.849 [info] > git status -z -uall [760ms]
2024-10-03 01:15:53.849 [info] > git check-ignore -v -z --stdin [33ms]
2024-10-03 01:15:56.916 [info] > git merge-base refs/heads/main refs/remotes/origin/main [3038ms]
2024-10-03 01:15:56.944 [info] > git config --get commit.template [30ms]
2024-10-03 01:15:56.967 [info] > git rev-list --count --left-right refs/heads/main...refs/remotes/origin/main [35ms]
2024-10-03 01:15:56.986 [info] > git for-each-ref --format=%(refname)%00%(upstream:short)%00%(objectname)%00%(upstream:track)%00%(upstream:remotename)%00%(upstream:remoteref) refs/heads/main refs/remotes/main [21ms]
2024-10-03 01:15:57.019 [info] > git diff --name-status -z --diff-filter=ADMR b427586fee673059df7242ff8e3b96014afc553f...refs/remotes/origin/main [35ms]
2024-10-03 01:15:57.101 [info] > git status -z -uall [40ms]
2024-10-03 01:16:00.413 [info] > git config --local branch.main.github-pr-owner-number [217ms]
2024-10-03 01:16:00.413 [warning] git config failed: Failed to execute git
2024-10-03 01:16:03.933 [info] > git config --get commit.template [20ms]
2024-10-03 01:16:03.965 [info] > git for-each-ref --format=%(refname)%00%(upstream:short)%00%(objectname)%00%(upstream:track)%00%(upstream:remotename)%00%(upstream:remoteref) refs/heads/main refs/remotes/main [3ms]
2024-10-03 01:16:04.219 [info] > git status -z -uall [215ms]
2024-10-03 01:16:33.167 [info] > git config --get commit.template [5ms]
2024-10-03 01:16:33.191 [info] > git for-each-ref --format=%(refname)%00%(upstream:short)%00%(objectname)%00%(upstream:track)%00%(upstream:remotename)%00%(upstream:remoteref) refs/heads/main refs/remotes/main [2ms]
2024-10-03 01:16:33.249 [info] > git status -z -uall [34ms]
2024-10-03 01:16:38.424 [info] > git config --get commit.template [23ms]
2024-10-03 01:16:38.424 [info] > git for-each-ref --format=%(refname)%00%(upstream:short)%00%(objectname)%00%(upstream:track)%00%(upstream:remotename)%00%(upstream:remoteref) refs/heads/main refs/remotes/main [2ms]
2024-10-03 01:16:38.482 [info] > git status -z -uall [36ms]
2024-10-03 01:16:43.636 [info] > git config --get commit.template [27ms]
2024-10-03 01:16:43.637 [info] > git for-each-ref --format=%(refname)%00%(upstream:short)%00%(objectname)%00%(upstream:track)%00%(upstream:remotename)%00%(upstream:remoteref) refs/heads/main refs/remotes/main [4ms]
2024-10-03 01:16:43.696 [info] > git status -z -uall [33ms]
2024-10-03 01:16:48.840 [info] > git config --get commit.template [27ms]
2024-10-03 01:16:48.841 [info] > git for-each-ref --format=%(refname)%00%(upstream:short)%00%(objectname)%00%(upstream:track)%00%(upstream:remotename)%00%(upstream:remoteref) refs/heads/main refs/remotes/main [2ms]
2024-10-03 01:16:48.901 [info] > git status -z -uall [32ms]
2024-10-03 01:16:54.058 [info] > git config --get commit.template [28ms]
2024-10-03 01:16:54.059 [info] > git for-each-ref --format=%(refname)%00%(upstream:short)%00%(objectname)%00%(upstream:track)%00%(upstream:remotename)%00%(upstream:remoteref) refs/heads/main refs/remotes/main [2ms]
2024-10-03 01:16:54.119 [info] > git status -z -uall [33ms]
2024-10-03 01:16:59.249 [info] > git config --get commit.template [2ms]
2024-10-03 01:16:59.281 [info] > git for-each-ref --format=%(refname)%00%(upstream:short)%00%(objectname)%00%(upstream:track)%00%(upstream:remotename)%00%(upstream:remoteref) refs/heads/main refs/remotes/main [3ms]
2024-10-03 01:16:59.360 [info] > git status -z -uall [50ms]
2024-10-03 01:17:04.497 [info] > git config --get commit.template [21ms]
2024-10-03 01:17:04.497 [info] > git for-each-ref --format=%(refname)%00%(upstream:short)%00%(objectname)%00%(upstream:track)%00%(upstream:remotename)%00%(upstream:remoteref) refs/heads/main refs/remotes/main [2ms]
2024-10-03 01:17:04.554 [info] > git status -z -uall [34ms]
2024-10-03 01:17:10.137 [info] > git config --get commit.template [20ms]
2024-10-03 01:17:10.138 [info] > git for-each-ref --format=%(refname)%00%(upstream:short)%00%(objectname)%00%(upstream:track)%00%(upstream:remotename)%00%(upstream:remoteref) refs/heads/main refs/remotes/main [2ms]
2024-10-03 01:17:10.192 [info] > git status -z -uall [34ms]
2024-10-03 01:17:17.215 [info] > git config --get commit.template [22ms]
2024-10-03 01:17:17.215 [info] > git for-each-ref --format=%(refname)%00%(upstream:short)%00%(objectname)%00%(upstream:track)%00%(upstream:remotename)%00%(upstream:remoteref) refs/heads/main refs/remotes/main [2ms]
2024-10-03 01:17:17.268 [info] > git status -z -uall [33ms]
2024-10-03 01:17:22.417 [info] > git config --get commit.template [21ms]
2024-10-03 01:17:22.418 [info] > git for-each-ref --format=%(refname)%00%(upstream:short)%00%(objectname)%00%(upstream:track)%00%(upstream:remotename)%00%(upstream:remoteref) refs/heads/main refs/remotes/main [2ms]
2024-10-03 01:17:22.473 [info] > git status -z -uall [35ms]
2024-10-03 01:17:27.613 [info] > git config --get commit.template [21ms]
2024-10-03 01:17:27.613 [info] > git for-each-ref --format=%(refname)%00%(upstream:short)%00%(objectname)%00%(upstream:track)%00%(upstream:remotename)%00%(upstream:remoteref) refs/heads/main refs/remotes/main [2ms]
2024-10-03 01:17:27.668 [info] > git status -z -uall [34ms]
2024-10-03 01:17:32.806 [info] > git config --get commit.template [23ms]
2024-10-03 01:17:32.807 [info] > git for-each-ref --format=%(refname)%00%(upstream:short)%00%(objectname)%00%(upstream:track)%00%(upstream:remotename)%00%(upstream:remoteref) refs/heads/main refs/remotes/main [2ms]
2024-10-03 01:17:32.865 [info] > git status -z -uall [37ms]
2024-10-03 01:17:37.995 [info] > git config --get commit.template [21ms]
2024-10-03 01:17:37.996 [info] > git for-each-ref --format=%(refname)%00%(upstream:short)%00%(objectname)%00%(upstream:track)%00%(upstream:remotename)%00%(upstream:remoteref) refs/heads/main refs/remotes/main [2ms]
2024-10-03 01:17:38.049 [info] > git status -z -uall [34ms]
2024-10-03 01:17:43.190 [info] > git config --get commit.template [21ms]
2024-10-03 01:17:43.191 [info] > git for-each-ref --format=%(refname)%00%(upstream:short)%00%(objectname)%00%(upstream:track)%00%(upstream:remotename)%00%(upstream:remoteref) refs/heads/main refs/remotes/main [2ms]
2024-10-03 01:17:43.245 [info] > git status -z -uall [34ms]
2024-10-03 01:17:48.901 [info] > git config --get commit.template [50ms]
2024-10-03 01:17:48.903 [info] > git for-each-ref --format=%(refname)%00%(upstream:short)%00%(objectname)%00%(upstream:track)%00%(upstream:remotename)%00%(upstream:remoteref) refs/heads/main refs/remotes/main [2ms]
2024-10-03 01:17:49.056 [info] > git status -z -uall [92ms]
2024-10-03 01:17:54.307 [info] > git config --get commit.template [21ms]
2024-10-03 01:17:54.308 [info] > git for-each-ref --format=%(refname)%00%(upstream:short)%00%(objectname)%00%(upstream:track)%00%(upstream:remotename)%00%(upstream:remoteref) refs/heads/main refs/remotes/main [2ms]
2024-10-03 01:17:54.361 [info] > git status -z -uall [33ms]
2024-10-03 01:17:59.497 [info] > git config --get commit.template [22ms]
2024-10-03 01:17:59.497 [info] > git for-each-ref --format=%(refname)%00%(upstream:short)%00%(objectname)%00%(upstream:track)%00%(upstream:remotename)%00%(upstream:remoteref) refs/heads/main refs/remotes/main [2ms]
2024-10-03 01:17:59.550 [info] > git status -z -uall [33ms]
2024-10-03 01:18:04.689 [info] > git config --get commit.template [20ms]
2024-10-03 01:18:04.689 [info] > git for-each-ref --format=%(refname)%00%(upstream:short)%00%(objectname)%00%(upstream:track)%00%(upstream:remotename)%00%(upstream:remoteref) refs/heads/main refs/remotes/main [2ms]
2024-10-03 01:18:04.743 [info] > git status -z -uall [33ms]
2024-10-03 01:18:09.878 [info] > git for-each-ref --format=%(refname)%00%(upstream:short)%00%(objectname)%00%(upstream:track)%00%(upstream:remotename)%00%(upstream:remoteref) refs/heads/main refs/remotes/main [4ms]
2024-10-03 01:18:09.878 [info] > git config --get commit.template [25ms]
2024-10-03 01:18:09.935 [info] > git status -z -uall [35ms]
2024-10-03 01:18:15.066 [info] > git config --get commit.template [21ms]
2024-10-03 01:18:15.067 [info] > git for-each-ref --format=%(refname)%00%(upstream:short)%00%(objectname)%00%(upstream:track)%00%(upstream:remotename)%00%(upstream:remoteref) refs/heads/main refs/remotes/main [3ms]
2024-10-03 01:18:15.120 [info] > git status -z -uall [32ms]
2024-10-03 01:18:20.254 [info] > git config --get commit.template [21ms]
2024-10-03 01:18:20.255 [info] > git for-each-ref --format=%(refname)%00%(upstream:short)%00%(objectname)%00%(upstream:track)%00%(upstream:remotename)%00%(upstream:remoteref) refs/heads/main refs/remotes/main [2ms]
2024-10-03 01:18:20.313 [info] > git status -z -uall [36ms]
2024-10-03 01:18:25.438 [info] > git config --get commit.template [21ms]
2024-10-03 01:18:25.439 [info] > git for-each-ref --format=%(refname)%00%(upstream:short)%00%(objectname)%00%(upstream:track)%00%(upstream:remotename)%00%(upstream:remoteref) refs/heads/main refs/remotes/main [2ms]
2024-10-03 01:18:25.495 [info] > git status -z -uall [35ms]
2024-10-03 01:18:30.630 [info] > git config --get commit.template [22ms]
2024-10-03 01:18:30.630 [info] > git for-each-ref --format=%(refname)%00%(upstream:short)%00%(objectname)%00%(upstream:track)%00%(upstream:remotename)%00%(upstream:remoteref) refs/heads/main refs/remotes/main [2ms]
2024-10-03 01:18:30.686 [info] > git status -z -uall [33ms]
2024-10-03 01:18:35.816 [info] > git config --get commit.template [21ms]
2024-10-03 01:18:35.821 [info] > git for-each-ref --format=%(refname)%00%(upstream:short)%00%(objectname)%00%(upstream:track)%00%(upstream:remotename)%00%(upstream:remoteref) refs/heads/main refs/remotes/main [6ms]
2024-10-03 01:18:35.876 [info] > git status -z -uall [35ms]
2024-10-03 01:18:41.016 [info] > git config --get commit.template [22ms]
2024-10-03 01:18:41.017 [info] > git for-each-ref --format=%(refname)%00%(upstream:short)%00%(objectname)%00%(upstream:track)%00%(upstream:remotename)%00%(upstream:remoteref) refs/heads/main refs/remotes/main [2ms]
2024-10-03 01:18:41.081 [info] > git status -z -uall [40ms]
