2024-09-07 17:57:14.901 [info] Extension host with pid 87705 started
2024-09-07 17:57:14.913 [info] Lock '/home/kaiser8449/.codeoss/data/User/workspaceStorage/-335a15/vscode.lock': Lock acquired.
2024-09-07 17:57:15.640 [info] ExtensionService#_doActivateExtension vscode.emmet, startup: false, activationEvent: 'onLanguage'
2024-09-07 17:57:15.905 [info] ExtensionService#_doActivateExtension vscode.git-base, startup: true, activationEvent: '*', root cause: vscode.git
2024-09-07 17:57:16.028 [info] ExtensionService#_doActivateExtension vscode.git, startup: true, activationEvent: '*'
2024-09-07 17:57:16.029 [info] ExtensionService#_doActivateExtension vscode.github, startup: true, activationEvent: '*'
2024-09-07 17:57:16.629 [info] Eager extensions activated
2024-09-07 17:57:16.630 [info] ExtensionService#_doActivateExtension EditorConfig.EditorConfig, startup: false, activationEvent: 'onStartupFinished'
2024-09-07 17:57:16.631 [info] ExtensionService#_doActivateExtension google.cloud-shell, startup: false, activationEvent: 'onStartupFinished'
2024-09-07 17:57:16.631 [info] ExtensionService#_doActivateExtension googlecloudtools.cloudcode, startup: false, activationEvent: 'onStartupFinished'
2024-09-07 17:57:16.632 [info] ExtensionService#_doActivateExtension vscode.debug-auto-launch, startup: false, activationEvent: 'onStartupFinished'
2024-09-07 17:57:16.632 [info] ExtensionService#_doActivateExtension vscode.merge-conflict, startup: false, activationEvent: 'onStartupFinished'
2024-09-07 17:57:16.633 [info] ExtensionService#_doActivateExtension esbenp.prettier-vscode, startup: false, activationEvent: 'onStartupFinished'
2024-09-07 17:57:16.634 [info] ExtensionService#_doActivateExtension vscode.github-authentication, startup: false, activationEvent: 'onStartupFinished', root cause: GitHub.vscode-pull-request-github
2024-09-07 17:57:21.350 [info] ExtensionService#_doActivateExtension GitHub.vscode-pull-request-github, startup: false, activationEvent: 'onStartupFinished'
2024-09-07 17:57:22.207 [info] ExtensionService#_doActivateExtension vscode.json-language-features, startup: false, activationEvent: 'onLanguage:jsonc'
2024-09-07 17:57:22.207 [info] ExtensionService#_doActivateExtension vscode.typescript-language-features, startup: false, activationEvent: 'onLanguage:jsonc'
2024-09-07 17:57:24.519 [info] Extension host terminating: received terminate message from renderer
2024-09-07 17:57:24.520 [info] Lock '/home/kaiser8449/.codeoss/data/User/workspaceStorage/-335a15/vscode.lock': Marking the lockfile as scheduled to be released in 6000 ms.
2024-09-07 17:57:24.632 [info] Extension host with pid 87705 exiting with code 0
