2024-09-07 14:39:00.486 [info] Log level: Info
2024-09-07 14:39:00.486 [info] Validating found git in: "git"
2024-09-07 14:39:00.486 [info] Using git "2.34.1" from "git"
2024-09-07 14:39:00.486 [info] > git rev-parse --show-toplevel [301ms]
2024-09-07 14:39:00.486 [info] fatal: not a git repository (or any parent up to mount point /)
Stopping at filesystem boundary (GIT_DISCOVERY_ACROSS_FILESYSTEM not set).
2024-09-07 14:39:00.486 [info] > git rev-parse --show-toplevel [7ms]
2024-09-07 14:39:00.486 [info] fatal: not a git repository (or any parent up to mount point /)
Stopping at filesystem boundary (GIT_DISCOVERY_ACROSS_FILESYSTEM not set).
2024-09-07 14:39:00.487 [info] > git rev-parse --show-toplevel [15ms]
2024-09-07 14:39:00.487 [info] fatal: not a git repository (or any parent up to mount point /)
Stopping at filesystem boundary (GIT_DISCOVERY_ACROSS_FILESYSTEM not set).
2024-09-07 14:39:00.760 [info] > git rev-parse --show-toplevel [263ms]
2024-09-07 14:39:00.760 [info] fatal: not a git repository (or any parent up to mount point /)
Stopping at filesystem boundary (GIT_DISCOVERY_ACROSS_FILESYSTEM not set).
2024-09-07 14:39:00.796 [info] > git rev-parse --show-toplevel [24ms]
2024-09-07 14:39:00.796 [info] fatal: not a git repository (or any parent up to mount point /)
Stopping at filesystem boundary (GIT_DISCOVERY_ACROSS_FILESYSTEM not set).
2024-09-07 14:39:00.869 [info] > git rev-parse --show-toplevel [43ms]
2024-09-07 14:39:00.869 [info] fatal: not a git repository (or any parent up to mount point /)
Stopping at filesystem boundary (GIT_DISCOVERY_ACROSS_FILESYSTEM not set).
2024-09-07 14:39:04.143 [info] > git rev-parse --show-toplevel [3262ms]
2024-09-07 14:39:04.143 [info] fatal: not a git repository (or any parent up to mount point /)
Stopping at filesystem boundary (GIT_DISCOVERY_ACROSS_FILESYSTEM not set).
2024-09-07 14:39:04.187 [info] > git rev-parse --show-toplevel [24ms]
2024-09-07 14:39:04.187 [info] fatal: not a git repository (or any parent up to mount point /)
Stopping at filesystem boundary (GIT_DISCOVERY_ACROSS_FILESYSTEM not set).
