2024-10-03 22:46:54.194 [info] Log level: Info
2024-10-03 22:46:54.194 [info] Validating found git in: "git"
2024-10-03 22:46:54.194 [info] Using git "2.34.1" from "git"
2024-10-03 22:46:54.194 [info] > git rev-parse --show-toplevel [46ms]
2024-10-03 22:46:54.194 [info] > git rev-parse --show-toplevel [1ms]
2024-10-03 22:46:54.194 [info] > git rev-parse --show-toplevel [2ms]
2024-10-03 22:46:54.194 [info] > git rev-parse --show-toplevel [1ms]
2024-10-03 22:46:54.194 [info] > git rev-parse --show-toplevel [2ms]
2024-10-03 22:46:54.194 [info] > git rev-parse --show-toplevel [1ms]
2024-10-03 22:46:54.194 [info] > git rev-parse --show-toplevel [1ms]
2024-10-03 22:47:07.630 [info] > git rev-parse --show-toplevel [8ms]
2024-10-03 22:47:07.730 [info] > git rev-parse --git-dir --git-common-dir [2ms]
2024-10-03 22:47:07.781 [info] Open repository: /home/kaiser8449
2024-10-03 22:47:07.972 [info] > git config --get commit.template [89ms]
2024-10-03 22:47:08.098 [info] > git for-each-ref --format=%(refname)%00%(upstream:short)%00%(objectname)%00%(upstream:track)%00%(upstream:remotename)%00%(upstream:remoteref) refs/heads/main refs/remotes/main [129ms]
2024-10-03 22:47:08.483 [info] > git check-ignore -v -z --stdin [17ms]
2024-10-03 22:47:09.064 [info] > git status -z -uall [879ms]
2024-10-03 22:47:10.256 [info] > git merge-base refs/heads/main refs/remotes/origin/main [1128ms]
2024-10-03 22:47:10.406 [info] > git rev-list --count --left-right refs/heads/main...refs/remotes/origin/main [116ms]
2024-10-03 22:47:10.438 [info] > git config --get commit.template [188ms]
2024-10-03 22:47:10.439 [info] > git config --local branch.main.github-pr-owner-number [235ms]
2024-10-03 22:47:10.439 [warning] git config failed: Failed to execute git
2024-10-03 22:47:10.444 [info] > git diff --name-status -z --diff-filter=ADMR b427586fee673059df7242ff8e3b96014afc553f...refs/remotes/origin/main [7ms]
2024-10-03 22:47:10.482 [info] > git for-each-ref --format=%(refname)%00%(upstream:short)%00%(objectname)%00%(upstream:track)%00%(upstream:remotename)%00%(upstream:remoteref) refs/heads/main refs/remotes/main [11ms]
2024-10-03 22:47:10.560 [info] > git status -z -uall [42ms]
2024-10-03 22:47:16.703 [info] > git config --get commit.template [3ms]
2024-10-03 22:47:16.738 [info] > git for-each-ref --format=%(refname)%00%(upstream:short)%00%(objectname)%00%(upstream:track)%00%(upstream:remotename)%00%(upstream:remoteref) refs/heads/main refs/remotes/main [2ms]
2024-10-03 22:47:16.811 [info] > git status -z -uall [38ms]
2024-10-03 22:47:25.408 [info] > git config --get commit.template [2ms]
2024-10-03 22:47:25.446 [info] > git for-each-ref --format=%(refname)%00%(upstream:short)%00%(objectname)%00%(upstream:track)%00%(upstream:remotename)%00%(upstream:remoteref) refs/heads/main refs/remotes/main [3ms]
2024-10-03 22:47:25.515 [info] > git status -z -uall [37ms]
2024-10-03 22:47:30.732 [info] > git config --get commit.template [29ms]
2024-10-03 22:47:30.733 [info] > git for-each-ref --format=%(refname)%00%(upstream:short)%00%(objectname)%00%(upstream:track)%00%(upstream:remotename)%00%(upstream:remoteref) refs/heads/main refs/remotes/main [3ms]
2024-10-03 22:47:30.797 [info] > git status -z -uall [38ms]
2024-10-03 22:47:35.970 [info] > git config --get commit.template [28ms]
2024-10-03 22:47:35.971 [info] > git for-each-ref --format=%(refname)%00%(upstream:short)%00%(objectname)%00%(upstream:track)%00%(upstream:remotename)%00%(upstream:remoteref) refs/heads/main refs/remotes/main [3ms]
2024-10-03 22:47:36.034 [info] > git status -z -uall [35ms]
2024-10-03 22:47:41.188 [info] > git config --get commit.template [29ms]
2024-10-03 22:47:41.189 [info] > git for-each-ref --format=%(refname)%00%(upstream:short)%00%(objectname)%00%(upstream:track)%00%(upstream:remotename)%00%(upstream:remoteref) refs/heads/main refs/remotes/main [3ms]
2024-10-03 22:47:41.251 [info] > git status -z -uall [34ms]
2024-10-03 22:47:46.408 [info] > git config --get commit.template [29ms]
2024-10-03 22:47:46.409 [info] > git for-each-ref --format=%(refname)%00%(upstream:short)%00%(objectname)%00%(upstream:track)%00%(upstream:remotename)%00%(upstream:remoteref) refs/heads/main refs/remotes/main [2ms]
2024-10-03 22:47:46.472 [info] > git status -z -uall [34ms]
2024-10-03 22:48:00.102 [info] > git config --get commit.template [3ms]
2024-10-03 22:48:00.135 [info] > git for-each-ref --format=%(refname)%00%(upstream:short)%00%(objectname)%00%(upstream:track)%00%(upstream:remotename)%00%(upstream:remoteref) refs/heads/main refs/remotes/main [3ms]
2024-10-03 22:48:00.215 [info] > git status -z -uall [51ms]
2024-10-03 22:48:05.421 [info] > git config --get commit.template [24ms]
2024-10-03 22:48:05.422 [info] > git for-each-ref --format=%(refname)%00%(upstream:short)%00%(objectname)%00%(upstream:track)%00%(upstream:remotename)%00%(upstream:remoteref) refs/heads/main refs/remotes/main [3ms]
2024-10-03 22:48:05.476 [info] > git status -z -uall [32ms]
2024-10-03 22:48:10.769 [info] > git config --get commit.template [108ms]
2024-10-03 22:48:10.808 [info] > git for-each-ref --format=%(refname)%00%(upstream:short)%00%(objectname)%00%(upstream:track)%00%(upstream:remotename)%00%(upstream:remoteref) refs/heads/main refs/remotes/main [6ms]
2024-10-03 22:48:10.865 [info] > git status -z -uall [34ms]
2024-10-03 22:48:16.051 [info] > git config --get commit.template [3ms]
2024-10-03 22:48:16.075 [info] > git for-each-ref --format=%(refname)%00%(upstream:short)%00%(objectname)%00%(upstream:track)%00%(upstream:remotename)%00%(upstream:remoteref) refs/heads/main refs/remotes/main [3ms]
2024-10-03 22:48:16.133 [info] > git status -z -uall [36ms]
2024-10-03 22:48:21.318 [info] > git config --get commit.template [23ms]
2024-10-03 22:48:21.319 [info] > git for-each-ref --format=%(refname)%00%(upstream:short)%00%(objectname)%00%(upstream:track)%00%(upstream:remotename)%00%(upstream:remoteref) refs/heads/main refs/remotes/main [3ms]
2024-10-03 22:48:21.386 [info] > git status -z -uall [44ms]
2024-10-03 22:48:26.556 [info] > git config --get commit.template [31ms]
2024-10-03 22:48:26.556 [info] > git for-each-ref --format=%(refname)%00%(upstream:short)%00%(objectname)%00%(upstream:track)%00%(upstream:remotename)%00%(upstream:remoteref) refs/heads/main refs/remotes/main [2ms]
2024-10-03 22:48:26.620 [info] > git status -z -uall [35ms]
2024-10-03 22:48:38.250 [info] > git config --get commit.template [24ms]
2024-10-03 22:48:38.251 [info] > git for-each-ref --format=%(refname)%00%(upstream:short)%00%(objectname)%00%(upstream:track)%00%(upstream:remotename)%00%(upstream:remoteref) refs/heads/main refs/remotes/main [3ms]
2024-10-03 22:48:38.307 [info] > git status -z -uall [35ms]
2024-10-03 22:48:43.468 [info] > git config --get commit.template [25ms]
2024-10-03 22:48:43.469 [info] > git for-each-ref --format=%(refname)%00%(upstream:short)%00%(objectname)%00%(upstream:track)%00%(upstream:remotename)%00%(upstream:remoteref) refs/heads/main refs/remotes/main [2ms]
2024-10-03 22:48:43.529 [info] > git status -z -uall [37ms]
2024-10-03 22:48:48.683 [info] > git config --get commit.template [24ms]
2024-10-03 22:48:48.684 [info] > git for-each-ref --format=%(refname)%00%(upstream:short)%00%(objectname)%00%(upstream:track)%00%(upstream:remotename)%00%(upstream:remoteref) refs/heads/main refs/remotes/main [2ms]
2024-10-03 22:48:48.746 [info] > git status -z -uall [36ms]
2024-10-03 22:48:56.401 [info] > git config --get commit.template [29ms]
2024-10-03 22:48:56.402 [info] > git for-each-ref --format=%(refname)%00%(upstream:short)%00%(objectname)%00%(upstream:track)%00%(upstream:remotename)%00%(upstream:remoteref) refs/heads/main refs/remotes/main [2ms]
2024-10-03 22:48:56.465 [info] > git status -z -uall [35ms]
2024-10-03 22:49:01.626 [info] > git config --get commit.template [23ms]
2024-10-03 22:49:01.627 [info] > git for-each-ref --format=%(refname)%00%(upstream:short)%00%(objectname)%00%(upstream:track)%00%(upstream:remotename)%00%(upstream:remoteref) refs/heads/main refs/remotes/main [1ms]
2024-10-03 22:49:01.682 [info] > git status -z -uall [33ms]
2024-10-03 22:49:10.422 [info] > git config --get commit.template [32ms]
2024-10-03 22:49:10.423 [info] > git for-each-ref --format=%(refname)%00%(upstream:short)%00%(objectname)%00%(upstream:track)%00%(upstream:remotename)%00%(upstream:remoteref) refs/heads/main refs/remotes/main [3ms]
2024-10-03 22:49:10.487 [info] > git status -z -uall [34ms]
2024-10-03 22:49:15.647 [info] > git config --get commit.template [32ms]
2024-10-03 22:49:15.648 [info] > git for-each-ref --format=%(refname)%00%(upstream:short)%00%(objectname)%00%(upstream:track)%00%(upstream:remotename)%00%(upstream:remoteref) refs/heads/main refs/remotes/main [2ms]
2024-10-03 22:49:15.713 [info] > git status -z -uall [34ms]
2024-10-03 22:49:20.871 [info] > git config --get commit.template [32ms]
2024-10-03 22:49:20.872 [info] > git for-each-ref --format=%(refname)%00%(upstream:short)%00%(objectname)%00%(upstream:track)%00%(upstream:remotename)%00%(upstream:remoteref) refs/heads/main refs/remotes/main [2ms]
2024-10-03 22:49:20.937 [info] > git status -z -uall [34ms]
2024-10-03 22:49:26.094 [info] > git config --get commit.template [33ms]
2024-10-03 22:49:26.095 [info] > git for-each-ref --format=%(refname)%00%(upstream:short)%00%(objectname)%00%(upstream:track)%00%(upstream:remotename)%00%(upstream:remoteref) refs/heads/main refs/remotes/main [2ms]
2024-10-03 22:49:26.161 [info] > git status -z -uall [34ms]
2024-10-03 22:49:34.924 [info] > git config --get commit.template [32ms]
2024-10-03 22:49:34.924 [info] > git for-each-ref --format=%(refname)%00%(upstream:short)%00%(objectname)%00%(upstream:track)%00%(upstream:remotename)%00%(upstream:remoteref) refs/heads/main refs/remotes/main [2ms]
2024-10-03 22:49:34.989 [info] > git status -z -uall [35ms]
2024-10-03 22:49:40.150 [info] > git config --get commit.template [32ms]
2024-10-03 22:49:40.151 [info] > git for-each-ref --format=%(refname)%00%(upstream:short)%00%(objectname)%00%(upstream:track)%00%(upstream:remotename)%00%(upstream:remoteref) refs/heads/main refs/remotes/main [2ms]
2024-10-03 22:49:40.216 [info] > git status -z -uall [35ms]
2024-10-03 22:49:45.372 [info] > git config --get commit.template [30ms]
2024-10-03 22:49:45.372 [info] > git for-each-ref --format=%(refname)%00%(upstream:short)%00%(objectname)%00%(upstream:track)%00%(upstream:remotename)%00%(upstream:remoteref) refs/heads/main refs/remotes/main [2ms]
2024-10-03 22:49:45.437 [info] > git status -z -uall [35ms]
2024-10-03 22:49:50.594 [info] > git config --get commit.template [32ms]
2024-10-03 22:49:50.595 [info] > git for-each-ref --format=%(refname)%00%(upstream:short)%00%(objectname)%00%(upstream:track)%00%(upstream:remotename)%00%(upstream:remoteref) refs/heads/main refs/remotes/main [2ms]
2024-10-03 22:49:50.660 [info] > git status -z -uall [34ms]
2024-10-03 22:49:55.789 [info] > git config --get commit.template [3ms]
2024-10-03 22:49:55.832 [info] > git for-each-ref --format=%(refname)%00%(upstream:short)%00%(objectname)%00%(upstream:track)%00%(upstream:remotename)%00%(upstream:remoteref) refs/heads/main refs/remotes/main [3ms]
2024-10-03 22:49:55.945 [info] > git status -z -uall [69ms]
2024-10-03 22:50:01.315 [info] > git config --get commit.template [33ms]
2024-10-03 22:50:01.316 [info] > git for-each-ref --format=%(refname)%00%(upstream:short)%00%(objectname)%00%(upstream:track)%00%(upstream:remotename)%00%(upstream:remoteref) refs/heads/main refs/remotes/main [3ms]
2024-10-03 22:50:01.382 [info] > git status -z -uall [35ms]
2024-10-03 22:50:06.548 [info] > git config --get commit.template [32ms]
2024-10-03 22:50:06.549 [info] > git for-each-ref --format=%(refname)%00%(upstream:short)%00%(objectname)%00%(upstream:track)%00%(upstream:remotename)%00%(upstream:remoteref) refs/heads/main refs/remotes/main [2ms]
2024-10-03 22:50:06.615 [info] > git status -z -uall [34ms]
2024-10-03 22:50:11.741 [info] > git config --get commit.template [1ms]
2024-10-03 22:50:11.774 [info] > git for-each-ref --format=%(refname)%00%(upstream:short)%00%(objectname)%00%(upstream:track)%00%(upstream:remotename)%00%(upstream:remoteref) refs/heads/main refs/remotes/main [2ms]
2024-10-03 22:50:11.840 [info] > git status -z -uall [36ms]
2024-10-03 22:50:16.995 [info] > git config --get commit.template [31ms]
2024-10-03 22:50:16.996 [info] > git for-each-ref --format=%(refname)%00%(upstream:short)%00%(objectname)%00%(upstream:track)%00%(upstream:remotename)%00%(upstream:remoteref) refs/heads/main refs/remotes/main [2ms]
2024-10-03 22:50:17.062 [info] > git status -z -uall [35ms]
2024-10-03 22:50:22.214 [info] > git config --get commit.template [29ms]
2024-10-03 22:50:22.215 [info] > git for-each-ref --format=%(refname)%00%(upstream:short)%00%(objectname)%00%(upstream:track)%00%(upstream:remotename)%00%(upstream:remoteref) refs/heads/main refs/remotes/main [2ms]
2024-10-03 22:50:22.280 [info] > git status -z -uall [35ms]
2024-10-03 22:50:27.407 [info] > git config --get commit.template [1ms]
2024-10-03 22:50:27.440 [info] > git for-each-ref --format=%(refname)%00%(upstream:short)%00%(objectname)%00%(upstream:track)%00%(upstream:remotename)%00%(upstream:remoteref) refs/heads/main refs/remotes/main [2ms]
2024-10-03 22:50:27.506 [info] > git status -z -uall [34ms]
2024-10-03 22:50:34.109 [info] > git config --get commit.template [3ms]
2024-10-03 22:50:34.140 [info] > git for-each-ref --format=%(refname)%00%(upstream:short)%00%(objectname)%00%(upstream:track)%00%(upstream:remotename)%00%(upstream:remoteref) refs/heads/main refs/remotes/main [2ms]
2024-10-03 22:50:34.204 [info] > git status -z -uall [34ms]
2024-10-03 22:50:35.141 [info] > git check-ignore -v -z --stdin [3ms]
