2024-09-07 17:07:35.547 [info] Default formatter is set to null for workspace /home/kaiser8449/hello-world-8
2024-09-07 17:07:35.547 [info] Test server listening.
2024-09-07 17:07:35.547 [info] > hatch env show --json
2024-09-07 17:07:35.547 [info] cwd: .
2024-09-07 17:07:35.547 [info] > conda info --json
2024-09-07 17:07:35.547 [info] Python interpreter path: /bin/python
2024-09-07 17:07:35.589 [info] > /bin/python -I /google/devshell/editor/code-oss-for-cloud-shell/extensions/ms-python.python/python_files/get_output_via_markers.py /google/devshell/editor/code-oss-for-cloud-shell/extensions/ms-python.python/python_files/interpreterInfo.py
2024-09-07 17:07:35.682 [info] > pyenv which python
2024-09-07 17:07:35.682 [info] cwd: .
2024-09-07 17:07:37.943 [info] Starting Jedi language server for hello-world-8.
2024-09-07 17:07:49.306 [info] Discover tests for workspace name: hello-world-8 - uri: /home/kaiser8449/hello-world-8/src/app.py
2024-09-07 17:08:29.813 [info] Discover tests for workspace name: hello-world-8 - uri: /home/kaiser8449/hello-world-8/src/app.py
2024-09-07 17:08:32.517 [info] Discover tests for workspace name: hello-world-8 - uri: /home/kaiser8449/hello-world-8/src/app.py
2024-09-07 17:14:38.044 [info] Discover tests for workspace name: hello-world-8 - uri: /home/kaiser8449/hello-world-8/src/app.py
2024-09-07 17:14:43.614 [info] Discover tests for workspace name: hello-world-8 - uri: /home/kaiser8449/hello-world-8/src/app.py
2024-09-07 17:14:48.379 [info] Discover tests for workspace name: hello-world-8 - uri: /home/kaiser8449/hello-world-8/src/app.py
2024-09-07 17:18:04.085 [info] Discover tests for workspace name: hello-world-8 - uri: /home/kaiser8449/hello-world-8/src/app.py
2024-09-07 17:20:38.849 [info] Discover tests for workspace name: hello-world-8 - uri: /home/kaiser8449/hello-world-8/src/app.py
2024-09-07 17:21:13.746 [info] Running installed packages checker:  python /google/devshell/editor/code-oss-for-cloud-shell/extensions/ms-python.python/python_files/installed_check.py /home/kaiser8449/hello-world-8/src/requirements.txt
2024-09-07 17:21:13.746 [info] > python /google/devshell/editor/code-oss-for-cloud-shell/extensions/ms-python.python/python_files/installed_check.py ./src/requirements.txt
2024-09-07 17:22:25.462 [info] Discover tests for workspace name: hello-world-8 - uri: /home/kaiser8449/hello-world-8/src/app.py
2024-09-07 17:23:09.221 [info] Discover tests for workspace name: hello-world-8 - uri: /home/kaiser8449/hello-world-8/src/app.py
