2024-10-03 01:18:45.986 [info] Log level: Info
2024-10-03 01:18:45.986 [info] Validating found git in: "git"
2024-10-03 01:18:45.986 [info] Using git "2.34.1" from "git"
2024-10-03 01:18:45.986 [info] > git rev-parse --show-toplevel [3ms]
2024-10-03 01:18:45.986 [info] > git rev-parse --git-dir --git-common-dir [2ms]
2024-10-03 01:18:45.986 [info] Open repository: /home/kaiser8449
2024-10-03 01:18:45.986 [info] > git config --get commit.template [10ms]
2024-10-03 01:18:45.986 [info] > git rev-parse --show-toplevel [5ms]
2024-10-03 01:18:45.986 [info] > git for-each-ref --format=%(refname)%00%(upstream:short)%00%(objectname)%00%(upstream:track)%00%(upstream:remotename)%00%(upstream:remoteref) refs/heads/main refs/remotes/main [10ms]
2024-10-03 01:18:45.986 [info] > git rev-parse --show-toplevel [4ms]
2024-10-03 01:18:45.994 [info] > git rev-parse --show-toplevel [10ms]
2024-10-03 01:18:46.004 [info] > git rev-parse --show-toplevel [2ms]
2024-10-03 01:18:46.013 [info] > git rev-parse --show-toplevel [2ms]
2024-10-03 01:18:46.022 [info] > git rev-parse --show-toplevel [2ms]
2024-10-03 01:18:46.034 [info] > git status -z -uall [41ms]
2024-10-03 01:18:46.034 [info] > git rev-parse --show-toplevel [5ms]
2024-10-03 01:18:46.834 [info] > git merge-base refs/heads/main refs/remotes/origin/main [778ms]
2024-10-03 01:18:46.857 [info] > git rev-list --count --left-right refs/heads/main...refs/remotes/origin/main [13ms]
2024-10-03 01:18:46.877 [info] > git config --get commit.template [52ms]
2024-10-03 01:18:46.881 [info] > git diff --name-status -z --diff-filter=ADMR b427586fee673059df7242ff8e3b96014afc553f...refs/remotes/origin/main [6ms]
2024-10-03 01:18:46.902 [info] > git for-each-ref --format=%(refname)%00%(upstream:short)%00%(objectname)%00%(upstream:track)%00%(upstream:remotename)%00%(upstream:remoteref) refs/heads/main refs/remotes/main [7ms]
2024-10-03 01:18:46.966 [info] > git status -z -uall [50ms]
2024-10-03 01:18:47.554 [info] > git check-ignore -v -z --stdin [5ms]
2024-10-03 01:18:49.095 [info] > git config --get commit.template [3ms]
2024-10-03 01:18:49.108 [info] > git for-each-ref --format=%(refname)%00%(upstream:short)%00%(objectname)%00%(upstream:track)%00%(upstream:remotename)%00%(upstream:remoteref) refs/heads/main refs/remotes/main [3ms]
2024-10-03 01:18:49.152 [info] > git status -z -uall [35ms]
2024-10-03 01:18:56.522 [info] > git config --local branch.main.github-pr-owner-number [218ms]
2024-10-03 01:18:56.522 [warning] git config failed: Failed to execute git
2024-10-03 01:19:03.853 [info] > git for-each-ref --format=%(refname)%00%(upstream:short)%00%(objectname)%00%(upstream:track)%00%(upstream:remotename)%00%(upstream:remoteref) refs/heads/main refs/remotes/main [53ms]
2024-10-03 01:19:03.855 [info] > git config --get commit.template [95ms]
2024-10-03 01:19:03.949 [info] > git status -z -uall [37ms]
2024-10-03 01:19:09.149 [info] > git config --get commit.template [33ms]
2024-10-03 01:19:09.150 [info] > git for-each-ref --format=%(refname)%00%(upstream:short)%00%(objectname)%00%(upstream:track)%00%(upstream:remotename)%00%(upstream:remoteref) refs/heads/main refs/remotes/main [5ms]
2024-10-03 01:19:09.241 [info] > git status -z -uall [47ms]
2024-10-03 01:21:28.377 [info] > git config --get commit.template [22ms]
2024-10-03 01:21:28.377 [info] > git for-each-ref --format=%(refname)%00%(upstream:short)%00%(objectname)%00%(upstream:track)%00%(upstream:remotename)%00%(upstream:remoteref) refs/heads/main refs/remotes/main [3ms]
2024-10-03 01:21:28.436 [info] > git status -z -uall [37ms]
2024-10-03 01:21:33.634 [info] > git config --get commit.template [23ms]
2024-10-03 01:21:33.634 [info] > git for-each-ref --format=%(refname)%00%(upstream:short)%00%(objectname)%00%(upstream:track)%00%(upstream:remotename)%00%(upstream:remoteref) refs/heads/main refs/remotes/main [2ms]
2024-10-03 01:21:33.694 [info] > git status -z -uall [37ms]
2024-10-03 01:21:38.854 [info] > git config --get commit.template [26ms]
2024-10-03 01:21:38.854 [info] > git for-each-ref --format=%(refname)%00%(upstream:short)%00%(objectname)%00%(upstream:track)%00%(upstream:remotename)%00%(upstream:remoteref) refs/heads/main refs/remotes/main [3ms]
2024-10-03 01:21:38.912 [info] > git status -z -uall [34ms]
2024-10-03 01:21:44.069 [info] > git config --get commit.template [24ms]
2024-10-03 01:21:44.070 [info] > git for-each-ref --format=%(refname)%00%(upstream:short)%00%(objectname)%00%(upstream:track)%00%(upstream:remotename)%00%(upstream:remoteref) refs/heads/main refs/remotes/main [2ms]
2024-10-03 01:21:44.130 [info] > git status -z -uall [36ms]
2024-10-03 01:21:49.276 [info] > git config --get commit.template [24ms]
2024-10-03 01:21:49.277 [info] > git for-each-ref --format=%(refname)%00%(upstream:short)%00%(objectname)%00%(upstream:track)%00%(upstream:remotename)%00%(upstream:remoteref) refs/heads/main refs/remotes/main [3ms]
2024-10-03 01:21:49.337 [info] > git status -z -uall [37ms]
2024-10-03 01:21:57.944 [info] > git config --get commit.template [3ms]
2024-10-03 01:21:57.968 [info] > git for-each-ref --format=%(refname)%00%(upstream:short)%00%(objectname)%00%(upstream:track)%00%(upstream:remotename)%00%(upstream:remoteref) refs/heads/main refs/remotes/main [2ms]
2024-10-03 01:21:58.027 [info] > git status -z -uall [35ms]
2024-10-03 01:22:03.153 [info] > git config --get commit.template [2ms]
2024-10-03 01:22:03.189 [info] > git for-each-ref --format=%(refname)%00%(upstream:short)%00%(objectname)%00%(upstream:track)%00%(upstream:remotename)%00%(upstream:remoteref) refs/heads/main refs/remotes/main [3ms]
2024-10-03 01:22:03.273 [info] > git status -z -uall [49ms]
2024-10-03 01:22:08.456 [info] > git config --get commit.template [3ms]
2024-10-03 01:22:08.497 [info] > git for-each-ref --format=%(refname)%00%(upstream:short)%00%(objectname)%00%(upstream:track)%00%(upstream:remotename)%00%(upstream:remoteref) refs/heads/main refs/remotes/main [6ms]
2024-10-03 01:22:08.592 [info] > git status -z -uall [58ms]
2024-10-03 01:22:13.825 [info] > git config --get commit.template [35ms]
2024-10-03 01:22:13.826 [info] > git for-each-ref --format=%(refname)%00%(upstream:short)%00%(objectname)%00%(upstream:track)%00%(upstream:remotename)%00%(upstream:remoteref) refs/heads/main refs/remotes/main [3ms]
2024-10-03 01:22:13.896 [info] > git status -z -uall [36ms]
2024-10-03 01:22:19.059 [info] > git config --get commit.template [25ms]
2024-10-03 01:22:19.059 [info] > git for-each-ref --format=%(refname)%00%(upstream:short)%00%(objectname)%00%(upstream:track)%00%(upstream:remotename)%00%(upstream:remoteref) refs/heads/main refs/remotes/main [2ms]
2024-10-03 01:22:19.119 [info] > git status -z -uall [37ms]
2024-10-03 01:22:24.268 [info] > git config --get commit.template [27ms]
2024-10-03 01:22:24.268 [info] > git for-each-ref --format=%(refname)%00%(upstream:short)%00%(objectname)%00%(upstream:track)%00%(upstream:remotename)%00%(upstream:remoteref) refs/heads/main refs/remotes/main [2ms]
2024-10-03 01:22:24.329 [info] > git status -z -uall [35ms]
2024-10-03 01:22:29.471 [info] > git config --get commit.template [25ms]
2024-10-03 01:22:29.472 [info] > git for-each-ref --format=%(refname)%00%(upstream:short)%00%(objectname)%00%(upstream:track)%00%(upstream:remotename)%00%(upstream:remoteref) refs/heads/main refs/remotes/main [2ms]
2024-10-03 01:22:29.536 [info] > git status -z -uall [38ms]
2024-10-03 01:22:34.696 [info] > git config --get commit.template [26ms]
2024-10-03 01:22:34.697 [info] > git for-each-ref --format=%(refname)%00%(upstream:short)%00%(objectname)%00%(upstream:track)%00%(upstream:remotename)%00%(upstream:remoteref) refs/heads/main refs/remotes/main [2ms]
2024-10-03 01:22:34.758 [info] > git status -z -uall [36ms]
2024-10-03 01:22:39.915 [info] > git config --get commit.template [33ms]
2024-10-03 01:22:39.916 [info] > git for-each-ref --format=%(refname)%00%(upstream:short)%00%(objectname)%00%(upstream:track)%00%(upstream:remotename)%00%(upstream:remoteref) refs/heads/main refs/remotes/main [3ms]
2024-10-03 01:22:39.986 [info] > git status -z -uall [42ms]
2024-10-03 01:22:45.159 [info] > git config --get commit.template [28ms]
2024-10-03 01:22:45.160 [info] > git for-each-ref --format=%(refname)%00%(upstream:short)%00%(objectname)%00%(upstream:track)%00%(upstream:remotename)%00%(upstream:remoteref) refs/heads/main refs/remotes/main [2ms]
2024-10-03 01:22:45.224 [info] > git status -z -uall [36ms]
2024-10-03 01:22:50.381 [info] > git config --get commit.template [26ms]
2024-10-03 01:22:50.382 [info] > git for-each-ref --format=%(refname)%00%(upstream:short)%00%(objectname)%00%(upstream:track)%00%(upstream:remotename)%00%(upstream:remoteref) refs/heads/main refs/remotes/main [2ms]
2024-10-03 01:22:50.445 [info] > git status -z -uall [36ms]
2024-10-03 01:22:55.612 [info] > git for-each-ref --format=%(refname)%00%(upstream:short)%00%(objectname)%00%(upstream:track)%00%(upstream:remotename)%00%(upstream:remoteref) refs/heads/main refs/remotes/main [5ms]
2024-10-03 01:22:55.612 [info] > git config --get commit.template [29ms]
2024-10-03 01:22:55.674 [info] > git status -z -uall [37ms]
2024-10-03 01:23:05.772 [info] > git config --get commit.template [25ms]
2024-10-03 01:23:05.773 [info] > git for-each-ref --format=%(refname)%00%(upstream:short)%00%(objectname)%00%(upstream:track)%00%(upstream:remotename)%00%(upstream:remoteref) refs/heads/main refs/remotes/main [3ms]
2024-10-03 01:23:05.834 [info] > git status -z -uall [37ms]
2024-10-03 01:23:20.550 [info] > git config --get commit.template [24ms]
2024-10-03 01:23:20.550 [info] > git for-each-ref --format=%(refname)%00%(upstream:short)%00%(objectname)%00%(upstream:track)%00%(upstream:remotename)%00%(upstream:remoteref) refs/heads/main refs/remotes/main [2ms]
2024-10-03 01:23:20.609 [info] > git status -z -uall [35ms]
2024-10-03 01:23:25.780 [info] > git config --get commit.template [25ms]
2024-10-03 01:23:25.781 [info] > git for-each-ref --format=%(refname)%00%(upstream:short)%00%(objectname)%00%(upstream:track)%00%(upstream:remotename)%00%(upstream:remoteref) refs/heads/main refs/remotes/main [2ms]
2024-10-03 01:23:25.841 [info] > git status -z -uall [35ms]
2024-10-03 01:23:30.988 [info] > git config --get commit.template [25ms]
2024-10-03 01:23:30.989 [info] > git for-each-ref --format=%(refname)%00%(upstream:short)%00%(objectname)%00%(upstream:track)%00%(upstream:remotename)%00%(upstream:remoteref) refs/heads/main refs/remotes/main [3ms]
2024-10-03 01:23:31.049 [info] > git status -z -uall [35ms]
2024-10-03 01:23:36.197 [info] > git config --get commit.template [25ms]
2024-10-03 01:23:36.198 [info] > git for-each-ref --format=%(refname)%00%(upstream:short)%00%(objectname)%00%(upstream:track)%00%(upstream:remotename)%00%(upstream:remoteref) refs/heads/main refs/remotes/main [2ms]
2024-10-03 01:23:36.257 [info] > git status -z -uall [35ms]
2024-10-03 01:23:54.140 [info] > git config --local branch.main.github-pr-owner-number [1ms]
2024-10-03 01:23:54.140 [warning] git config failed: Failed to execute git
2024-10-03 01:28:30.662 [info] > git config --get commit.template [23ms]
2024-10-03 01:28:30.663 [info] > git for-each-ref --format=%(refname)%00%(upstream:short)%00%(objectname)%00%(upstream:track)%00%(upstream:remotename)%00%(upstream:remoteref) refs/heads/main refs/remotes/main [3ms]
2024-10-03 01:28:30.724 [info] > git status -z -uall [37ms]
