2024-10-05 07:21:33.089 [info] Log level: Info
2024-10-05 07:21:33.089 [info] Validating found git in: "git"
2024-10-05 07:21:33.089 [info] Using git "2.34.1" from "git"
2024-10-05 07:21:33.142 [info] > git rev-parse --show-toplevel [59ms]
2024-10-05 07:21:33.152 [info] > git rev-parse --git-dir --git-common-dir [2ms]
2024-10-05 07:21:33.166 [info] Open repository: /home/kaiser8449
2024-10-05 07:21:33.193 [info] > git config --get commit.template [11ms]
2024-10-05 07:21:33.194 [info] > git rev-parse --show-toplevel [6ms]
2024-10-05 07:21:33.213 [info] > git rev-parse --show-toplevel [1ms]
2024-10-05 07:21:33.222 [info] > git rev-parse --show-toplevel [1ms]
2024-10-05 07:21:33.232 [info] > git rev-parse --show-toplevel [3ms]
2024-10-05 07:21:33.242 [info] > git rev-parse --show-toplevel [2ms]
2024-10-05 07:21:33.251 [info] > git rev-parse --show-toplevel [2ms]
2024-10-05 07:21:33.373 [info] > git for-each-ref --format=%(refname)%00%(upstream:short)%00%(objectname)%00%(upstream:track)%00%(upstream:remotename)%00%(upstream:remoteref) refs/heads/main refs/remotes/main [170ms]
2024-10-05 07:21:33.750 [info] > git check-ignore -v -z --stdin [66ms]
2024-10-05 07:21:34.488 [info] > git status -z -uall [1105ms]
2024-10-05 07:21:38.053 [info] > git merge-base refs/heads/main refs/remotes/origin/main [3488ms]
2024-10-05 07:21:38.095 [info] > git config --get commit.template [46ms]
2024-10-05 07:21:38.147 [info] > git for-each-ref --format=%(refname)%00%(upstream:short)%00%(objectname)%00%(upstream:track)%00%(upstream:remotename)%00%(upstream:remoteref) refs/heads/main refs/remotes/main [4ms]
2024-10-05 07:21:38.148 [info] > git rev-list --count --left-right refs/heads/main...refs/remotes/origin/main [72ms]
2024-10-05 07:21:38.192 [info] > git diff --name-status -z --diff-filter=ADMR b427586fee673059df7242ff8e3b96014afc553f...refs/remotes/origin/main [23ms]
2024-10-05 07:21:38.259 [info] > git status -z -uall [68ms]
2024-10-05 07:21:42.202 [info] > git config --get commit.template [190ms]
2024-10-05 07:21:42.470 [info] > git for-each-ref --format=%(refname)%00%(upstream:short)%00%(objectname)%00%(upstream:track)%00%(upstream:remotename)%00%(upstream:remoteref) refs/heads/main refs/remotes/main [226ms]
2024-10-05 07:21:42.516 [info] > git config --local branch.main.github-pr-owner-number [5ms]
2024-10-05 07:21:42.516 [warning] git config failed: Failed to execute git
2024-10-05 07:21:42.665 [info] > git status -z -uall [76ms]
2024-10-05 07:21:47.871 [info] > git config --get commit.template [42ms]
2024-10-05 07:21:47.916 [info] > git for-each-ref --format=%(refname)%00%(upstream:short)%00%(objectname)%00%(upstream:track)%00%(upstream:remotename)%00%(upstream:remoteref) refs/heads/main refs/remotes/main [9ms]
2024-10-05 07:21:48.254 [info] > git status -z -uall [66ms]
2024-10-05 07:21:53.938 [info] > git config --get commit.template [348ms]
2024-10-05 07:21:54.068 [info] > git for-each-ref --format=%(refname)%00%(upstream:short)%00%(objectname)%00%(upstream:track)%00%(upstream:remotename)%00%(upstream:remoteref) refs/heads/main refs/remotes/main [16ms]
2024-10-05 07:21:54.199 [info] > git status -z -uall [83ms]
2024-10-05 07:21:59.457 [info] > git config --get commit.template [30ms]
2024-10-05 07:21:59.457 [info] > git for-each-ref --format=%(refname)%00%(upstream:short)%00%(objectname)%00%(upstream:track)%00%(upstream:remotename)%00%(upstream:remoteref) refs/heads/main refs/remotes/main [2ms]
2024-10-05 07:21:59.520 [info] > git status -z -uall [35ms]
2024-10-05 07:22:05.252 [info] > git config --get commit.template [3ms]
2024-10-05 07:22:05.282 [info] > git for-each-ref --format=%(refname)%00%(upstream:short)%00%(objectname)%00%(upstream:track)%00%(upstream:remotename)%00%(upstream:remoteref) refs/heads/main refs/remotes/main [2ms]
2024-10-05 07:22:05.344 [info] > git status -z -uall [34ms]
2024-10-05 07:22:10.497 [info] > git config --get commit.template [26ms]
2024-10-05 07:22:10.497 [info] > git for-each-ref --format=%(refname)%00%(upstream:short)%00%(objectname)%00%(upstream:track)%00%(upstream:remotename)%00%(upstream:remoteref) refs/heads/main refs/remotes/main [3ms]
2024-10-05 07:22:10.557 [info] > git status -z -uall [36ms]
2024-10-05 07:22:15.699 [info] > git config --get commit.template [24ms]
2024-10-05 07:22:15.699 [info] > git for-each-ref --format=%(refname)%00%(upstream:short)%00%(objectname)%00%(upstream:track)%00%(upstream:remotename)%00%(upstream:remoteref) refs/heads/main refs/remotes/main [2ms]
2024-10-05 07:22:15.758 [info] > git status -z -uall [35ms]
2024-10-05 07:22:20.902 [info] > git config --get commit.template [24ms]
2024-10-05 07:22:20.903 [info] > git for-each-ref --format=%(refname)%00%(upstream:short)%00%(objectname)%00%(upstream:track)%00%(upstream:remotename)%00%(upstream:remoteref) refs/heads/main refs/remotes/main [2ms]
2024-10-05 07:22:20.961 [info] > git status -z -uall [35ms]
2024-10-05 07:22:26.084 [info] > git config --get commit.template [2ms]
2024-10-05 07:22:26.109 [info] > git for-each-ref --format=%(refname)%00%(upstream:short)%00%(objectname)%00%(upstream:track)%00%(upstream:remotename)%00%(upstream:remoteref) refs/heads/main refs/remotes/main [2ms]
2024-10-05 07:22:26.166 [info] > git status -z -uall [34ms]
2024-10-05 07:22:31.310 [info] > git config --get commit.template [23ms]
2024-10-05 07:22:31.311 [info] > git for-each-ref --format=%(refname)%00%(upstream:short)%00%(objectname)%00%(upstream:track)%00%(upstream:remotename)%00%(upstream:remoteref) refs/heads/main refs/remotes/main [3ms]
2024-10-05 07:22:31.371 [info] > git status -z -uall [35ms]
2024-10-05 07:22:36.507 [info] > git config --get commit.template [24ms]
2024-10-05 07:22:36.508 [info] > git for-each-ref --format=%(refname)%00%(upstream:short)%00%(objectname)%00%(upstream:track)%00%(upstream:remotename)%00%(upstream:remoteref) refs/heads/main refs/remotes/main [2ms]
2024-10-05 07:22:36.578 [info] > git status -z -uall [47ms]
2024-10-05 07:22:41.744 [info] > git config --get commit.template [24ms]
2024-10-05 07:22:41.744 [info] > git for-each-ref --format=%(refname)%00%(upstream:short)%00%(objectname)%00%(upstream:track)%00%(upstream:remotename)%00%(upstream:remoteref) refs/heads/main refs/remotes/main [2ms]
2024-10-05 07:22:41.803 [info] > git status -z -uall [34ms]
2024-10-05 07:22:46.941 [info] > git config --get commit.template [24ms]
2024-10-05 07:22:46.943 [info] > git for-each-ref --format=%(refname)%00%(upstream:short)%00%(objectname)%00%(upstream:track)%00%(upstream:remotename)%00%(upstream:remoteref) refs/heads/main refs/remotes/main [3ms]
2024-10-05 07:22:47.000 [info] > git status -z -uall [35ms]
2024-10-05 07:22:52.141 [info] > git config --get commit.template [25ms]
2024-10-05 07:22:52.142 [info] > git for-each-ref --format=%(refname)%00%(upstream:short)%00%(objectname)%00%(upstream:track)%00%(upstream:remotename)%00%(upstream:remoteref) refs/heads/main refs/remotes/main [3ms]
2024-10-05 07:22:52.201 [info] > git status -z -uall [34ms]
2024-10-05 07:22:57.348 [info] > git config --get commit.template [23ms]
2024-10-05 07:22:57.349 [info] > git for-each-ref --format=%(refname)%00%(upstream:short)%00%(objectname)%00%(upstream:track)%00%(upstream:remotename)%00%(upstream:remoteref) refs/heads/main refs/remotes/main [2ms]
2024-10-05 07:22:57.408 [info] > git status -z -uall [36ms]
2024-10-05 07:23:02.556 [info] > git config --get commit.template [23ms]
2024-10-05 07:23:02.557 [info] > git for-each-ref --format=%(refname)%00%(upstream:short)%00%(objectname)%00%(upstream:track)%00%(upstream:remotename)%00%(upstream:remoteref) refs/heads/main refs/remotes/main [2ms]
2024-10-05 07:23:02.616 [info] > git status -z -uall [35ms]
2024-10-05 07:23:07.757 [info] > git config --get commit.template [24ms]
2024-10-05 07:23:07.759 [info] > git for-each-ref --format=%(refname)%00%(upstream:short)%00%(objectname)%00%(upstream:track)%00%(upstream:remotename)%00%(upstream:remoteref) refs/heads/main refs/remotes/main [2ms]
2024-10-05 07:23:07.817 [info] > git status -z -uall [35ms]
2024-10-05 07:23:12.956 [info] > git config --get commit.template [26ms]
2024-10-05 07:23:12.956 [info] > git for-each-ref --format=%(refname)%00%(upstream:short)%00%(objectname)%00%(upstream:track)%00%(upstream:remotename)%00%(upstream:remoteref) refs/heads/main refs/remotes/main [2ms]
2024-10-05 07:23:13.016 [info] > git status -z -uall [35ms]
2024-10-05 07:23:18.160 [info] > git config --get commit.template [25ms]
2024-10-05 07:23:18.161 [info] > git for-each-ref --format=%(refname)%00%(upstream:short)%00%(objectname)%00%(upstream:track)%00%(upstream:remotename)%00%(upstream:remoteref) refs/heads/main refs/remotes/main [3ms]
2024-10-05 07:23:18.220 [info] > git status -z -uall [35ms]
2024-10-05 07:23:23.360 [info] > git config --get commit.template [24ms]
2024-10-05 07:23:23.360 [info] > git for-each-ref --format=%(refname)%00%(upstream:short)%00%(objectname)%00%(upstream:track)%00%(upstream:remotename)%00%(upstream:remoteref) refs/heads/main refs/remotes/main [2ms]
2024-10-05 07:23:23.420 [info] > git status -z -uall [35ms]
2024-10-05 07:23:28.561 [info] > git config --get commit.template [24ms]
2024-10-05 07:23:28.561 [info] > git for-each-ref --format=%(refname)%00%(upstream:short)%00%(objectname)%00%(upstream:track)%00%(upstream:remotename)%00%(upstream:remoteref) refs/heads/main refs/remotes/main [2ms]
2024-10-05 07:23:28.619 [info] > git status -z -uall [35ms]
2024-10-05 07:23:33.746 [info] > git config --get commit.template [1ms]
2024-10-05 07:23:33.771 [info] > git for-each-ref --format=%(refname)%00%(upstream:short)%00%(objectname)%00%(upstream:track)%00%(upstream:remotename)%00%(upstream:remoteref) refs/heads/main refs/remotes/main [2ms]
2024-10-05 07:23:33.828 [info] > git status -z -uall [35ms]
2024-10-05 07:23:38.969 [info] > git config --get commit.template [24ms]
2024-10-05 07:23:38.970 [info] > git for-each-ref --format=%(refname)%00%(upstream:short)%00%(objectname)%00%(upstream:track)%00%(upstream:remotename)%00%(upstream:remoteref) refs/heads/main refs/remotes/main [2ms]
2024-10-05 07:23:39.030 [info] > git status -z -uall [36ms]
2024-10-05 07:23:44.170 [info] > git config --get commit.template [25ms]
2024-10-05 07:23:44.171 [info] > git for-each-ref --format=%(refname)%00%(upstream:short)%00%(objectname)%00%(upstream:track)%00%(upstream:remotename)%00%(upstream:remoteref) refs/heads/main refs/remotes/main [2ms]
2024-10-05 07:23:44.229 [info] > git status -z -uall [34ms]
2024-10-05 07:23:49.354 [info] > git config --get commit.template [2ms]
2024-10-05 07:23:49.379 [info] > git for-each-ref --format=%(refname)%00%(upstream:short)%00%(objectname)%00%(upstream:track)%00%(upstream:remotename)%00%(upstream:remoteref) refs/heads/main refs/remotes/main [2ms]
2024-10-05 07:23:49.437 [info] > git status -z -uall [35ms]
2024-10-05 07:23:55.059 [info] > git config --get commit.template [25ms]
2024-10-05 07:23:55.060 [info] > git for-each-ref --format=%(refname)%00%(upstream:short)%00%(objectname)%00%(upstream:track)%00%(upstream:remotename)%00%(upstream:remoteref) refs/heads/main refs/remotes/main [2ms]
2024-10-05 07:23:55.118 [info] > git status -z -uall [35ms]
2024-10-05 07:24:00.268 [info] > git config --get commit.template [24ms]
2024-10-05 07:24:00.268 [info] > git for-each-ref --format=%(refname)%00%(upstream:short)%00%(objectname)%00%(upstream:track)%00%(upstream:remotename)%00%(upstream:remoteref) refs/heads/main refs/remotes/main [2ms]
2024-10-05 07:24:00.327 [info] > git status -z -uall [35ms]
2024-10-05 07:24:05.476 [info] > git config --get commit.template [25ms]
2024-10-05 07:24:05.476 [info] > git for-each-ref --format=%(refname)%00%(upstream:short)%00%(objectname)%00%(upstream:track)%00%(upstream:remotename)%00%(upstream:remoteref) refs/heads/main refs/remotes/main [2ms]
2024-10-05 07:24:05.536 [info] > git status -z -uall [35ms]
2024-10-05 07:24:10.681 [info] > git config --get commit.template [26ms]
2024-10-05 07:24:10.682 [info] > git for-each-ref --format=%(refname)%00%(upstream:short)%00%(objectname)%00%(upstream:track)%00%(upstream:remotename)%00%(upstream:remoteref) refs/heads/main refs/remotes/main [3ms]
2024-10-05 07:24:10.742 [info] > git status -z -uall [36ms]
2024-10-05 07:24:18.408 [info] > git config --get commit.template [25ms]
2024-10-05 07:24:18.409 [info] > git for-each-ref --format=%(refname)%00%(upstream:short)%00%(objectname)%00%(upstream:track)%00%(upstream:remotename)%00%(upstream:remoteref) refs/heads/main refs/remotes/main [3ms]
2024-10-05 07:24:18.466 [info] > git status -z -uall [34ms]
2024-10-05 07:24:23.598 [info] > git config --get commit.template [2ms]
2024-10-05 07:24:23.623 [info] > git for-each-ref --format=%(refname)%00%(upstream:short)%00%(objectname)%00%(upstream:track)%00%(upstream:remotename)%00%(upstream:remoteref) refs/heads/main refs/remotes/main [2ms]
2024-10-05 07:24:23.681 [info] > git status -z -uall [34ms]
2024-10-05 07:24:28.826 [info] > git config --get commit.template [24ms]
2024-10-05 07:24:28.827 [info] > git for-each-ref --format=%(refname)%00%(upstream:short)%00%(objectname)%00%(upstream:track)%00%(upstream:remotename)%00%(upstream:remoteref) refs/heads/main refs/remotes/main [2ms]
2024-10-05 07:24:28.885 [info] > git status -z -uall [34ms]
2024-10-05 07:24:34.025 [info] > git config --get commit.template [25ms]
2024-10-05 07:24:34.026 [info] > git for-each-ref --format=%(refname)%00%(upstream:short)%00%(objectname)%00%(upstream:track)%00%(upstream:remotename)%00%(upstream:remoteref) refs/heads/main refs/remotes/main [2ms]
2024-10-05 07:24:34.085 [info] > git status -z -uall [35ms]
2024-10-05 07:24:39.224 [info] > git config --get commit.template [24ms]
2024-10-05 07:24:39.225 [info] > git for-each-ref --format=%(refname)%00%(upstream:short)%00%(objectname)%00%(upstream:track)%00%(upstream:remotename)%00%(upstream:remoteref) refs/heads/main refs/remotes/main [2ms]
2024-10-05 07:24:39.285 [info] > git status -z -uall [34ms]
2024-10-05 07:24:44.427 [info] > git config --get commit.template [25ms]
2024-10-05 07:24:44.428 [info] > git for-each-ref --format=%(refname)%00%(upstream:short)%00%(objectname)%00%(upstream:track)%00%(upstream:remotename)%00%(upstream:remoteref) refs/heads/main refs/remotes/main [2ms]
2024-10-05 07:24:44.489 [info] > git status -z -uall [36ms]
2024-10-05 07:24:49.638 [info] > git config --get commit.template [25ms]
2024-10-05 07:24:49.639 [info] > git for-each-ref --format=%(refname)%00%(upstream:short)%00%(objectname)%00%(upstream:track)%00%(upstream:remotename)%00%(upstream:remoteref) refs/heads/main refs/remotes/main [3ms]
2024-10-05 07:24:49.698 [info] > git status -z -uall [35ms]
2024-10-05 07:24:54.839 [info] > git config --get commit.template [24ms]
2024-10-05 07:24:54.840 [info] > git for-each-ref --format=%(refname)%00%(upstream:short)%00%(objectname)%00%(upstream:track)%00%(upstream:remotename)%00%(upstream:remoteref) refs/heads/main refs/remotes/main [2ms]
2024-10-05 07:24:54.899 [info] > git status -z -uall [35ms]
2024-10-05 07:25:00.041 [info] > git config --get commit.template [26ms]
2024-10-05 07:25:00.043 [info] > git for-each-ref --format=%(refname)%00%(upstream:short)%00%(objectname)%00%(upstream:track)%00%(upstream:remotename)%00%(upstream:remoteref) refs/heads/main refs/remotes/main [2ms]
2024-10-05 07:25:00.102 [info] > git status -z -uall [35ms]
2024-10-05 07:25:05.261 [info] > git config --get commit.template [25ms]
2024-10-05 07:25:05.262 [info] > git for-each-ref --format=%(refname)%00%(upstream:short)%00%(objectname)%00%(upstream:track)%00%(upstream:remotename)%00%(upstream:remoteref) refs/heads/main refs/remotes/main [3ms]
2024-10-05 07:25:05.320 [info] > git status -z -uall [34ms]
2024-10-05 07:25:10.488 [info] > git config --get commit.template [40ms]
2024-10-05 07:25:10.490 [info] > git for-each-ref --format=%(refname)%00%(upstream:short)%00%(objectname)%00%(upstream:track)%00%(upstream:remotename)%00%(upstream:remoteref) refs/heads/main refs/remotes/main [3ms]
2024-10-05 07:25:10.570 [info] > git status -z -uall [46ms]
2024-10-05 07:25:15.779 [info] > git config --get commit.template [29ms]
2024-10-05 07:25:15.780 [info] > git for-each-ref --format=%(refname)%00%(upstream:short)%00%(objectname)%00%(upstream:track)%00%(upstream:remotename)%00%(upstream:remoteref) refs/heads/main refs/remotes/main [3ms]
2024-10-05 07:25:15.853 [info] > git status -z -uall [44ms]
2024-10-05 07:25:20.978 [info] > git config --get commit.template [3ms]
2024-10-05 07:25:21.004 [info] > git for-each-ref --format=%(refname)%00%(upstream:short)%00%(objectname)%00%(upstream:track)%00%(upstream:remotename)%00%(upstream:remoteref) refs/heads/main refs/remotes/main [1ms]
2024-10-05 07:25:21.063 [info] > git status -z -uall [34ms]
2024-10-05 07:25:26.681 [info] > git config --get commit.template [27ms]
2024-10-05 07:25:26.681 [info] > git for-each-ref --format=%(refname)%00%(upstream:short)%00%(objectname)%00%(upstream:track)%00%(upstream:remotename)%00%(upstream:remoteref) refs/heads/main refs/remotes/main [2ms]
2024-10-05 07:25:26.739 [info] > git status -z -uall [34ms]
2024-10-05 07:25:31.905 [info] > git config --get commit.template [25ms]
2024-10-05 07:25:31.906 [info] > git for-each-ref --format=%(refname)%00%(upstream:short)%00%(objectname)%00%(upstream:track)%00%(upstream:remotename)%00%(upstream:remoteref) refs/heads/main refs/remotes/main [3ms]
2024-10-05 07:25:31.967 [info] > git status -z -uall [37ms]
2024-10-05 07:25:37.119 [info] > git config --get commit.template [24ms]
2024-10-05 07:25:37.120 [info] > git for-each-ref --format=%(refname)%00%(upstream:short)%00%(objectname)%00%(upstream:track)%00%(upstream:remotename)%00%(upstream:remoteref) refs/heads/main refs/remotes/main [2ms]
2024-10-05 07:25:37.181 [info] > git status -z -uall [37ms]
2024-10-05 07:25:42.795 [info] > git config --get commit.template [24ms]
2024-10-05 07:25:42.796 [info] > git for-each-ref --format=%(refname)%00%(upstream:short)%00%(objectname)%00%(upstream:track)%00%(upstream:remotename)%00%(upstream:remoteref) refs/heads/main refs/remotes/main [2ms]
2024-10-05 07:25:42.854 [info] > git status -z -uall [35ms]
2024-10-05 07:25:48.009 [info] > git config --get commit.template [27ms]
2024-10-05 07:25:48.010 [info] > git for-each-ref --format=%(refname)%00%(upstream:short)%00%(objectname)%00%(upstream:track)%00%(upstream:remotename)%00%(upstream:remoteref) refs/heads/main refs/remotes/main [3ms]
2024-10-05 07:25:48.068 [info] > git status -z -uall [34ms]
2024-10-05 07:25:53.213 [info] > git config --get commit.template [24ms]
2024-10-05 07:25:53.213 [info] > git for-each-ref --format=%(refname)%00%(upstream:short)%00%(objectname)%00%(upstream:track)%00%(upstream:remotename)%00%(upstream:remoteref) refs/heads/main refs/remotes/main [2ms]
2024-10-05 07:25:53.271 [info] > git status -z -uall [34ms]
2024-10-05 07:25:58.413 [info] > git config --get commit.template [24ms]
2024-10-05 07:25:58.413 [info] > git for-each-ref --format=%(refname)%00%(upstream:short)%00%(objectname)%00%(upstream:track)%00%(upstream:remotename)%00%(upstream:remoteref) refs/heads/main refs/remotes/main [2ms]
2024-10-05 07:25:58.473 [info] > git status -z -uall [35ms]
2024-10-05 07:26:03.612 [info] > git config --get commit.template [25ms]
2024-10-05 07:26:03.613 [info] > git for-each-ref --format=%(refname)%00%(upstream:short)%00%(objectname)%00%(upstream:track)%00%(upstream:remotename)%00%(upstream:remoteref) refs/heads/main refs/remotes/main [1ms]
2024-10-05 07:26:03.671 [info] > git status -z -uall [34ms]
2024-10-05 07:26:08.820 [info] > git config --get commit.template [25ms]
2024-10-05 07:26:08.821 [info] > git for-each-ref --format=%(refname)%00%(upstream:short)%00%(objectname)%00%(upstream:track)%00%(upstream:remotename)%00%(upstream:remoteref) refs/heads/main refs/remotes/main [2ms]
2024-10-05 07:26:08.880 [info] > git status -z -uall [35ms]
2024-10-05 07:26:14.020 [info] > git config --get commit.template [24ms]
2024-10-05 07:26:14.021 [info] > git for-each-ref --format=%(refname)%00%(upstream:short)%00%(objectname)%00%(upstream:track)%00%(upstream:remotename)%00%(upstream:remoteref) refs/heads/main refs/remotes/main [2ms]
2024-10-05 07:26:14.079 [info] > git status -z -uall [34ms]
2024-10-05 07:26:42.053 [info] > git config --local branch.main.github-pr-owner-number [1ms]
2024-10-05 07:26:42.053 [warning] git config failed: Failed to execute git
2024-10-05 07:27:36.182 [info] > git config --get commit.template [21ms]
2024-10-05 07:27:36.183 [info] > git for-each-ref --format=%(refname)%00%(upstream:short)%00%(objectname)%00%(upstream:track)%00%(upstream:remotename)%00%(upstream:remoteref) refs/heads/main refs/remotes/main [2ms]
2024-10-05 07:27:36.242 [info] > git status -z -uall [37ms]
2024-10-05 07:27:41.418 [info] > git config --get commit.template [22ms]
2024-10-05 07:27:41.419 [info] > git for-each-ref --format=%(refname)%00%(upstream:short)%00%(objectname)%00%(upstream:track)%00%(upstream:remotename)%00%(upstream:remoteref) refs/heads/main refs/remotes/main [2ms]
2024-10-05 07:27:41.478 [info] > git status -z -uall [35ms]
2024-10-05 07:27:46.640 [info] > git config --get commit.template [24ms]
2024-10-05 07:27:46.641 [info] > git for-each-ref --format=%(refname)%00%(upstream:short)%00%(objectname)%00%(upstream:track)%00%(upstream:remotename)%00%(upstream:remoteref) refs/heads/main refs/remotes/main [2ms]
2024-10-05 07:27:46.698 [info] > git status -z -uall [34ms]
2024-10-05 07:29:47.270 [info] > git config --get commit.template [23ms]
2024-10-05 07:29:47.271 [info] > git for-each-ref --format=%(refname)%00%(upstream:short)%00%(objectname)%00%(upstream:track)%00%(upstream:remotename)%00%(upstream:remoteref) refs/heads/main refs/remotes/main [2ms]
2024-10-05 07:29:47.330 [info] > git status -z -uall [35ms]
2024-10-05 07:29:52.511 [info] > git config --get commit.template [23ms]
2024-10-05 07:29:52.512 [info] > git for-each-ref --format=%(refname)%00%(upstream:short)%00%(objectname)%00%(upstream:track)%00%(upstream:remotename)%00%(upstream:remoteref) refs/heads/main refs/remotes/main [2ms]
2024-10-05 07:29:52.567 [info] > git status -z -uall [34ms]
2024-10-05 07:29:57.712 [info] > git config --get commit.template [24ms]
2024-10-05 07:29:57.713 [info] > git for-each-ref --format=%(refname)%00%(upstream:short)%00%(objectname)%00%(upstream:track)%00%(upstream:remotename)%00%(upstream:remoteref) refs/heads/main refs/remotes/main [3ms]
2024-10-05 07:29:57.769 [info] > git status -z -uall [34ms]
2024-10-05 07:30:02.910 [info] > git config --get commit.template [25ms]
2024-10-05 07:30:02.910 [info] > git for-each-ref --format=%(refname)%00%(upstream:short)%00%(objectname)%00%(upstream:track)%00%(upstream:remotename)%00%(upstream:remoteref) refs/heads/main refs/remotes/main [2ms]
2024-10-05 07:30:02.969 [info] > git status -z -uall [35ms]
2024-10-05 07:31:13.985 [info] > git config --get commit.template [11ms]
2024-10-05 07:31:14.008 [info] > git for-each-ref --format=%(refname)%00%(upstream:short)%00%(objectname)%00%(upstream:track)%00%(upstream:remotename)%00%(upstream:remoteref) refs/heads/main refs/remotes/main [2ms]
2024-10-05 07:31:14.068 [info] > git status -z -uall [38ms]
2024-10-05 07:31:16.774 [info] > git show --textconv :gcr-flask-base-1/app.py [1193ms]
2024-10-05 07:31:16.775 [info] > git ls-files --stage -- /home/kaiser8449/gcr-flask-base-1/app.py [1170ms]
2024-10-05 07:31:19.250 [info] > git config --get commit.template [24ms]
2024-10-05 07:31:19.250 [info] > git for-each-ref --format=%(refname)%00%(upstream:short)%00%(objectname)%00%(upstream:track)%00%(upstream:remotename)%00%(upstream:remoteref) refs/heads/main refs/remotes/main [2ms]
2024-10-05 07:31:19.310 [info] > git status -z -uall [34ms]
2024-10-05 07:31:24.455 [info] > git config --get commit.template [26ms]
2024-10-05 07:31:24.456 [info] > git for-each-ref --format=%(refname)%00%(upstream:short)%00%(objectname)%00%(upstream:track)%00%(upstream:remotename)%00%(upstream:remoteref) refs/heads/main refs/remotes/main [1ms]
2024-10-05 07:31:24.516 [info] > git status -z -uall [35ms]
2024-10-05 07:31:42.081 [info] > git config --local branch.main.github-pr-owner-number [1ms]
2024-10-05 07:31:42.081 [warning] git config failed: Failed to execute git
2024-10-05 07:33:21.810 [info] > git config --get commit.template [22ms]
2024-10-05 07:33:21.811 [info] > git for-each-ref --format=%(refname)%00%(upstream:short)%00%(objectname)%00%(upstream:track)%00%(upstream:remotename)%00%(upstream:remoteref) refs/heads/main refs/remotes/main [2ms]
2024-10-05 07:33:21.871 [info] > git status -z -uall [38ms]
2024-10-05 07:34:55.958 [info] > git config --get commit.template [23ms]
2024-10-05 07:34:55.958 [info] > git for-each-ref --format=%(refname)%00%(upstream:short)%00%(objectname)%00%(upstream:track)%00%(upstream:remotename)%00%(upstream:remoteref) refs/heads/main refs/remotes/main [3ms]
2024-10-05 07:34:56.020 [info] > git status -z -uall [38ms]
2024-10-05 07:35:04.060 [info] > git config --get commit.template [25ms]
2024-10-05 07:35:04.061 [info] > git for-each-ref --format=%(refname)%00%(upstream:short)%00%(objectname)%00%(upstream:track)%00%(upstream:remotename)%00%(upstream:remoteref) refs/heads/main refs/remotes/main [2ms]
2024-10-05 07:35:04.122 [info] > git status -z -uall [38ms]
2024-10-05 07:35:09.270 [info] > git config --get commit.template [25ms]
2024-10-05 07:35:09.271 [info] > git for-each-ref --format=%(refname)%00%(upstream:short)%00%(objectname)%00%(upstream:track)%00%(upstream:remotename)%00%(upstream:remoteref) refs/heads/main refs/remotes/main [1ms]
2024-10-05 07:35:09.330 [info] > git status -z -uall [34ms]
2024-10-05 07:36:42.110 [info] > git config --local branch.main.github-pr-owner-number [2ms]
2024-10-05 07:36:42.110 [warning] git config failed: Failed to execute git
2024-10-05 07:38:10.080 [info] > git config --get commit.template [11ms]
2024-10-05 07:38:10.104 [info] > git for-each-ref --format=%(refname)%00%(upstream:short)%00%(objectname)%00%(upstream:track)%00%(upstream:remotename)%00%(upstream:remoteref) refs/heads/main refs/remotes/main [2ms]
2024-10-05 07:38:10.162 [info] > git status -z -uall [35ms]
2024-10-05 07:39:18.997 [info] > git config --get commit.template [25ms]
2024-10-05 07:39:18.998 [info] > git for-each-ref --format=%(refname)%00%(upstream:short)%00%(objectname)%00%(upstream:track)%00%(upstream:remotename)%00%(upstream:remoteref) refs/heads/main refs/remotes/main [3ms]
2024-10-05 07:39:19.057 [info] > git status -z -uall [35ms]
2024-10-05 07:39:24.240 [info] > git config --get commit.template [25ms]
2024-10-05 07:39:24.241 [info] > git for-each-ref --format=%(refname)%00%(upstream:short)%00%(objectname)%00%(upstream:track)%00%(upstream:remotename)%00%(upstream:remoteref) refs/heads/main refs/remotes/main [2ms]
2024-10-05 07:39:24.299 [info] > git status -z -uall [34ms]
2024-10-05 07:39:29.449 [info] > git config --get commit.template [25ms]
2024-10-05 07:39:29.450 [info] > git for-each-ref --format=%(refname)%00%(upstream:short)%00%(objectname)%00%(upstream:track)%00%(upstream:remotename)%00%(upstream:remoteref) refs/heads/main refs/remotes/main [1ms]
2024-10-05 07:39:29.508 [info] > git status -z -uall [34ms]
2024-10-05 07:39:34.650 [info] > git config --get commit.template [26ms]
2024-10-05 07:39:34.651 [info] > git for-each-ref --format=%(refname)%00%(upstream:short)%00%(objectname)%00%(upstream:track)%00%(upstream:remotename)%00%(upstream:remoteref) refs/heads/main refs/remotes/main [1ms]
2024-10-05 07:39:34.710 [info] > git status -z -uall [34ms]
2024-10-05 07:39:39.863 [info] > git config --get commit.template [24ms]
2024-10-05 07:39:39.864 [info] > git for-each-ref --format=%(refname)%00%(upstream:short)%00%(objectname)%00%(upstream:track)%00%(upstream:remotename)%00%(upstream:remoteref) refs/heads/main refs/remotes/main [2ms]
2024-10-05 07:39:39.921 [info] > git status -z -uall [34ms]
2024-10-05 07:39:42.256 [info] > git merge-base refs/heads/main refs/remotes/origin/main [2ms]
2024-10-05 07:39:42.283 [info] > git rev-list --count --left-right refs/heads/main...refs/remotes/origin/main [2ms]
2024-10-05 07:39:43.135 [info] > git check-ignore -v -z --stdin [5ms]
2024-10-05 07:39:45.059 [info] > git config --get commit.template [25ms]
2024-10-05 07:39:45.060 [info] > git for-each-ref --format=%(refname)%00%(upstream:short)%00%(objectname)%00%(upstream:track)%00%(upstream:remotename)%00%(upstream:remoteref) refs/heads/main refs/remotes/main [2ms]
2024-10-05 07:39:45.119 [info] > git status -z -uall [36ms]
2024-10-05 07:39:50.274 [info] > git config --get commit.template [24ms]
2024-10-05 07:39:50.274 [info] > git for-each-ref --format=%(refname)%00%(upstream:short)%00%(objectname)%00%(upstream:track)%00%(upstream:remotename)%00%(upstream:remoteref) refs/heads/main refs/remotes/main [2ms]
2024-10-05 07:39:50.331 [info] > git status -z -uall [34ms]
2024-10-05 07:39:55.485 [info] > git config --get commit.template [26ms]
2024-10-05 07:39:55.486 [info] > git for-each-ref --format=%(refname)%00%(upstream:short)%00%(objectname)%00%(upstream:track)%00%(upstream:remotename)%00%(upstream:remoteref) refs/heads/main refs/remotes/main [2ms]
2024-10-05 07:39:55.543 [info] > git status -z -uall [34ms]
2024-10-05 07:40:00.696 [info] > git config --get commit.template [26ms]
2024-10-05 07:40:00.696 [info] > git for-each-ref --format=%(refname)%00%(upstream:short)%00%(objectname)%00%(upstream:track)%00%(upstream:remotename)%00%(upstream:remoteref) refs/heads/main refs/remotes/main [3ms]
2024-10-05 07:40:00.755 [info] > git status -z -uall [34ms]
2024-10-05 07:40:05.898 [info] > git config --get commit.template [25ms]
2024-10-05 07:40:05.899 [info] > git for-each-ref --format=%(refname)%00%(upstream:short)%00%(objectname)%00%(upstream:track)%00%(upstream:remotename)%00%(upstream:remoteref) refs/heads/main refs/remotes/main [1ms]
2024-10-05 07:40:05.957 [info] > git status -z -uall [34ms]
2024-10-05 07:40:11.100 [info] > git config --get commit.template [25ms]
2024-10-05 07:40:11.100 [info] > git for-each-ref --format=%(refname)%00%(upstream:short)%00%(objectname)%00%(upstream:track)%00%(upstream:remotename)%00%(upstream:remoteref) refs/heads/main refs/remotes/main [2ms]
2024-10-05 07:40:11.159 [info] > git status -z -uall [34ms]
2024-10-05 07:40:16.310 [info] > git config --get commit.template [24ms]
2024-10-05 07:40:16.310 [info] > git for-each-ref --format=%(refname)%00%(upstream:short)%00%(objectname)%00%(upstream:track)%00%(upstream:remotename)%00%(upstream:remoteref) refs/heads/main refs/remotes/main [2ms]
2024-10-05 07:40:16.370 [info] > git status -z -uall [35ms]
2024-10-05 07:40:21.511 [info] > git config --get commit.template [25ms]
2024-10-05 07:40:21.512 [info] > git for-each-ref --format=%(refname)%00%(upstream:short)%00%(objectname)%00%(upstream:track)%00%(upstream:remotename)%00%(upstream:remoteref) refs/heads/main refs/remotes/main [3ms]
2024-10-05 07:40:21.572 [info] > git status -z -uall [35ms]
2024-10-05 07:40:26.713 [info] > git config --get commit.template [25ms]
2024-10-05 07:40:26.714 [info] > git for-each-ref --format=%(refname)%00%(upstream:short)%00%(objectname)%00%(upstream:track)%00%(upstream:remotename)%00%(upstream:remoteref) refs/heads/main refs/remotes/main [2ms]
2024-10-05 07:40:26.773 [info] > git status -z -uall [34ms]
2024-10-05 07:40:31.911 [info] > git config --get commit.template [24ms]
2024-10-05 07:40:31.912 [info] > git for-each-ref --format=%(refname)%00%(upstream:short)%00%(objectname)%00%(upstream:track)%00%(upstream:remotename)%00%(upstream:remoteref) refs/heads/main refs/remotes/main [2ms]
2024-10-05 07:40:31.971 [info] > git status -z -uall [33ms]
2024-10-05 07:40:37.121 [info] > git config --get commit.template [24ms]
2024-10-05 07:40:37.122 [info] > git for-each-ref --format=%(refname)%00%(upstream:short)%00%(objectname)%00%(upstream:track)%00%(upstream:remotename)%00%(upstream:remoteref) refs/heads/main refs/remotes/main [2ms]
2024-10-05 07:40:37.182 [info] > git status -z -uall [35ms]
2024-10-05 07:40:42.325 [info] > git config --get commit.template [24ms]
2024-10-05 07:40:42.326 [info] > git for-each-ref --format=%(refname)%00%(upstream:short)%00%(objectname)%00%(upstream:track)%00%(upstream:remotename)%00%(upstream:remoteref) refs/heads/main refs/remotes/main [2ms]
2024-10-05 07:40:42.385 [info] > git status -z -uall [34ms]
2024-10-05 07:40:47.529 [info] > git config --get commit.template [25ms]
2024-10-05 07:40:47.530 [info] > git for-each-ref --format=%(refname)%00%(upstream:short)%00%(objectname)%00%(upstream:track)%00%(upstream:remotename)%00%(upstream:remoteref) refs/heads/main refs/remotes/main [2ms]
2024-10-05 07:40:47.588 [info] > git status -z -uall [34ms]
