[Cloud Code]: Validating deployment settings...
[Cloud Code]: Checking kubectl, skaffold dependencies...
[Cloud Code]: Checking kubectl current context...
[Cloud Code]: Waiting for user input...
[Cloud Code]: Checking additional dependencies gcloud and docker...
[Cloud Code]: Setting up image registry...
[Cloud Code]: Setting up build environment...
[Cloud Code]: Checking skaffold profile...
[Cloud Code]: Checking logged-in status for the user...
[Cloud Code]: Running: skaffold dev -v info --port-forward --minikube-profile minikube --rpc-http-port 42715 --filename /home/kaiser8449/hello-world-7/skaffold.yaml --wait-for-deletions-max 2m0s --wait-for-connection
starting gRPC server on port 39919
starting gRPC HTTP server on port 42715 (proxying to 39919)
Skaffold &{Version:v2.13.1 ConfigVersion:skaffold/v4beta11 GitVersion: GitCommit:9bf608b553673654891eaa4d79ef84b21749ef0c BuildDate:2024-07-26T07:49:00Z GoVersion:go1.22.4 Compiler:gc Platform:linux/amd64 User:}
Loaded Skaffold defaults from "/home/kaiser8449/.skaffold/config"
map entry found when executing locate for &{python-hello-world src <nil> {0xc0006d6210 <nil> <nil> <nil> <nil> <nil> <nil>} [] {[] []} [] } of type *latest.Artifact and pointer: 824651198528
Using kubectl context: minikube
Using minikube docker daemon at tcp://192.168.49.2:2376
no kpt renderer or deployer found, skipping hydrated-dir creation
build concurrency first set to 1 parsed from *runner.pipelineBuilderWithHooks[0]
final build concurrency value is 1
Generating tags...
 - python-hello-world -> python-hello-world:latest
Tags generated in 164.191Âµs
Checking cache...
 - python-hello-world: Not found. Building
Cache check completed in 2.164 seconds
Starting build...
Found [minikube] context, using local docker daemon.
Building [python-hello-world]...
Target platforms: [linux/amd64]
Creating tar file from 11 file(s)
Added 5/11 files to tar file
Added 10/11 files to tar file
Creating tar file completed in 4.325991ms
Sending build context to Docker daemon  216.1kB
Step 1/6 : FROM python:3.12-alpine
3.12-alpine: Pulling from library/python
43c4264eed91: Pulling fs layer
b9afd1f50702: Pulling fs layer
057327fbabf5: Pulling fs layer
b084f291fbf3: Pulling fs layer
964622a07b8d: Pulling fs layer
b084f291fbf3: Waiting
964622a07b8d: Waiting
b9afd1f50702: Download complete
43c4264eed91: Verifying Checksum
43c4264eed91: Download complete
057327fbabf5: Verifying Checksum
057327fbabf5: Download complete
43c4264eed91: Pull complete
b9afd1f50702: Pull complete
b084f291fbf3: Verifying Checksum
b084f291fbf3: Download complete
964622a07b8d: Verifying Checksum
964622a07b8d: Download complete
057327fbabf5: Pull complete
b084f291fbf3: Pull complete
964622a07b8d: Pull complete
Digest: sha256:bb5d0ac04679d78a1258e7dfacdb4d9bdefe9a10480eaf9b4bb09445d076369f
Status: Downloaded newer image for python:3.12-alpine
 ---> de975f3f5997
Step 2/6 : WORKDIR /app
 ---> Running in 8c52452bbf0b
 ---> c2b68bbe1469
Step 3/6 : COPY requirements.txt .
 ---> b8d2bb1a650f
Step 4/6 : RUN pip install --trusted-host pypi.python.org -r requirements.txt
 ---> Running in 0075feecda92
Collecting Flask==2.3.3 (from -r requirements.txt (line 1))
  Downloading flask-2.3.3-py3-none-any.whl.metadata (3.6 kB)
Collecting debugpy (from -r requirements.txt (line 2))
  Downloading debugpy-1.8.5-py2.py3-none-any.whl.metadata (1.1 kB)
Collecting Werkzeug>=2.3.7 (from Flask==2.3.3->-r requirements.txt (line 1))
  Downloading werkzeug-3.0.4-py3-none-any.whl.metadata (3.7 kB)
Collecting Jinja2>=3.1.2 (from Flask==2.3.3->-r requirements.txt (line 1))
  Downloading jinja2-3.1.4-py3-none-any.whl.metadata (2.6 kB)
Collecting itsdangerous>=2.1.2 (from Flask==2.3.3->-r requirements.txt (line 1))
  Downloading itsdangerous-2.2.0-py3-none-any.whl.metadata (1.9 kB)
Collecting click>=8.1.3 (from Flask==2.3.3->-r requirements.txt (line 1))
  Downloading click-8.1.7-py3-none-any.whl.metadata (3.0 kB)
Collecting blinker>=1.6.2 (from Flask==2.3.3->-r requirements.txt (line 1))
  Downloading blinker-1.8.2-py3-none-any.whl.metadata (1.6 kB)
Collecting MarkupSafe>=2.0 (from Jinja2>=3.1.2->Flask==2.3.3->-r requirements.txt (line 1))
  Downloading MarkupSafe-2.1.5-cp312-cp312-musllinux_1_1_x86_64.whl.metadata (3.0 kB)
Downloading flask-2.3.3-py3-none-any.whl (96 kB)
Downloading debugpy-1.8.5-py2.py3-none-any.whl (4.8 MB)
   â”â”â”â”â”â”â”â”â”â”â”â”â”â”â”â”â”â”â”â”â”â”â”â”â”â”â”â”â”â”â”â”â”â”â”â”â”â”â”â” 4.8/4.8 MB 48.8 MB/s eta 0:00:00
Downloading blinker-1.8.2-py3-none-any.whl (9.5 kB)
Downloading click-8.1.7-py3-none-any.whl (97 kB)
Downloading itsdangerous-2.2.0-py3-none-any.whl (16 kB)
Downloading jinja2-3.1.4-py3-none-any.whl (133 kB)
Downloading werkzeug-3.0.4-py3-none-any.whl (227 kB)
Downloading MarkupSafe-2.1.5-cp312-cp312-musllinux_1_1_x86_64.whl (33 kB)
Installing collected packages: MarkupSafe, itsdangerous, debugpy, click, blinker, Werkzeug, Jinja2, Flask
Successfully installed Flask-2.3.3 Jinja2-3.1.4 MarkupSafe-2.1.5 Werkzeug-3.0.4 blinker-1.8.2 click-8.1.7 debugpy-1.8.5 itsdangerous-2.2.0
[91mWARNING: Running pip as the 'root' user can result in broken permissions and conflicting behaviour with the system package manager, possibly rendering your system unusable.It is recommended to use a virtual environment instead: https://pip.pypa.io/warnings/venv. Use the --root-user-action option if you know what you are doing and want to suppress this warning.
[0m ---> 0d0310a439bd
Step 5/6 : COPY . .
 ---> 37fdf8fc04a8
Step 6/6 : ENTRYPOINT ["python", "app.py"]
 ---> Running in 3e7f382f0b2d
 ---> 886306458167
Successfully built 886306458167
Successfully tagged python-hello-world:latest
Build [python-hello-world] succeeded
Build completed in 13.567 seconds
Starting render...
starting render process
Render completed in 2.486001ms
Tags used in deployment:
 - python-hello-world -> python-hello-world:88630645816761d4a74283e1fa13d0e5649c66ea6348e8de6ace260a452ecfa7
Starting deploy...
 - deployment.apps/python-hello-world created
 - service/python-hello-world-external created
Waiting for deployments to stabilize...
 - pod/python-hello-world-8444865cb7-h2j9n: creating container server
 - deployment/python-hello-world: waiting for rollout to finish: 0 of 1 updated replicas are available...
 - pod/python-hello-world-8444865cb7-h2j9n: running.
 - deployment/python-hello-world is ready.
Deployments stabilized in 11.177 seconds
Deploy completed in 11.862 seconds
Port forwarding service/python-hello-world-external in namespace default, remote port 80 -> http://127.0.0.1:4503
Listing files to watch...
 - python-hello-world
List generated in 321.259Âµs
Press Ctrl+C to exit
Watching for changes...
Streaming logs from pod: python-hello-world-8444865cb7-h2j9n container: server
[server] * Serving Flask app 'app'
[server] * Debug mode: off
[server][31m[1mWARNING: This is a development server. Do not use it in a production deployment. Use a production WSGI server instead.[0m
[server] * Running on all addresses (0.0.0.0)
[server] * Running on http://127.0.0.1:8080
[server] * Running on http://10.244.0.3:8080
[server][33mPress CTRL+C to quit[0m
[server] * Serving Flask app 'app'
[server] * Debug mode: off
[server][31m[1mWARNING: This is a development server. Do not use it in a production deployment. Use a production WSGI server instead.[0m
[server] * Running on all addresses (0.0.0.0)
[server] * Running on http://127.0.0.1:8080
[server] * Running on http://10.244.0.3:8080
[server][33mPress CTRL+C to quit[0m
[server]127.0.0.1 - - [07/Sep/2024 14:53:27] "GET /?redirectedPreviously=true HTTP/1.1" 200 -
[server]127.0.0.1 - - [07/Sep/2024 14:53:27] "GET /?redirectedPreviously=true HTTP/1.1" 200 -
[server]127.0.0.1 - - [07/Sep/2024 14:53:27] "GET /static/KE-hello-world-dark.svg HTTP/1.1" 200 -
[server]127.0.0.1 - - [07/Sep/2024 14:53:27] "GET /static/KE-hello-world-dark.svg HTTP/1.1" 200 -
[server]127.0.0.1 - - [07/Sep/2024 14:53:27] "GET /static/dark_bg.svg HTTP/1.1" 200 -
[server]127.0.0.1 - - [07/Sep/2024 14:53:27] "GET /static/dark_bg.svg HTTP/1.1" 200 -
[server]127.0.0.1 - - [07/Sep/2024 14:55:08] "GET / HTTP/1.1" 200 -
[server]127.0.0.1 - - [07/Sep/2024 14:55:08] "GET / HTTP/1.1" 200 -
[server]127.0.0.1 - - [07/Sep/2024 14:55:08] "[36mGET /static/KE-hello-world-dark.svg HTTP/1.1[0m" 304 -
[server]127.0.0.1 - - [07/Sep/2024 14:55:08] "[36mGET /static/KE-hello-world-dark.svg HTTP/1.1[0m" 304 -
[server]127.0.0.1 - - [07/Sep/2024 14:55:08] "[36mGET /static/dark_bg.svg HTTP/1.1[0m" 304 -
[server]127.0.0.1 - - [07/Sep/2024 14:55:08] "[36mGET /static/dark_bg.svg HTTP/1.1[0m" 304 -
[server]127.0.0.1 - - [07/Sep/2024 15:32:43] "GET / HTTP/1.1" 200 -
[server]127.0.0.1 - - [07/Sep/2024 15:32:43] "GET / HTTP/1.1" 200 -
[server]127.0.0.1 - - [07/Sep/2024 15:32:43] "[36mGET /static/KE-hello-world-dark.svg HTTP/1.1[0m" 304 -
[server]127.0.0.1 - - [07/Sep/2024 15:32:43] "[36mGET /static/KE-hello-world-dark.svg HTTP/1.1[0m" 304 -
[server]127.0.0.1 - - [07/Sep/2024 15:32:44] "[36mGET /static/dark_bg.svg HTTP/1.1[0m" 304 -
[server]127.0.0.1 - - [07/Sep/2024 15:32:44] "[36mGET /static/dark_bg.svg HTTP/1.1[0m" 304 -
files modified: [src/app.py]
Generating tags...
 - python-hello-world -> python-hello-world:latest
Tags generated in 462.418Âµs
Checking cache...
 - python-hello-world: Not found. Building
Cache check completed in 2.00462ms
Starting build...
Found [minikube] context, using local docker daemon.
Building [python-hello-world]...
Target platforms: [linux/amd64]
Creating tar file from 11 file(s)
Added 5/11 files to tar file
Added 10/11 files to tar file
Creating tar file completed in 4.65019ms
Sending build context to Docker daemon  216.1kB
Step 1/6 : FROM python:3.12-alpine
 ---> de975f3f5997
Step 2/6 : WORKDIR /app
 ---> Using cache
 ---> c2b68bbe1469
Step 3/6 : COPY requirements.txt .
 ---> Using cache
 ---> b8d2bb1a650f
Step 4/6 : RUN pip install --trusted-host pypi.python.org -r requirements.txt
 ---> Using cache
 ---> 0d0310a439bd
Step 5/6 : COPY . .
 ---> 3b8cdcf67378
Step 6/6 : ENTRYPOINT ["python", "app.py"]
 ---> Running in ef4d852726c6
 ---> d11e62dc6a3c
Successfully built d11e62dc6a3c
Successfully tagged python-hello-world:latest
Build [python-hello-world] succeeded
Build completed in 322.135782ms
Starting render...
starting render process
Render completed in 3.320083ms
Tags used in deployment:
 - python-hello-world -> python-hello-world:d11e62dc6a3c721d1611b6607732d5de482f669b88902cd6fdcf7dffc1a56304
Starting deploy...
 - deployment.apps/python-hello-world configured
Waiting for deployments to stabilize...
 - pod/python-hello-world-7bbcc8b8dc-qfzj7: creating container server
Streaming logs from pod: python-hello-world-7bbcc8b8dc-qfzj7 container: server
 - deployment/python-hello-world: waiting for rollout to finish: 1 old replicas are pending termination...
 - pod/python-hello-world-7bbcc8b8dc-qfzj7: running.
 - deployment/python-hello-world is ready.
Deployments stabilized in 11.166 seconds
Deploy completed in 11.549 seconds
Port forwarding service/python-hello-world-external in namespace default, remote port 80 -> http://127.0.0.1:4503
Watching for changes...
files modified: [src/app.py]
Generating tags...
 - python-hello-world -> python-hello-world:latest
Tags generated in 115.762Âµs
Checking cache...
 - python-hello-world: Not found. Building
Cache check completed in 1.611711ms
Starting build...
Found [minikube] context, using local docker daemon.
Building [python-hello-world]...
Target platforms: [linux/amd64]
Creating tar file from 11 file(s)
Added 5/11 files to tar file
Added 10/11 files to tar file
Creating tar file completed in 4.120275ms
Sending build context to Docker daemon  216.1kB
Step 1/6 : FROM python:3.12-alpine
 ---> de975f3f5997
Step 2/6 : WORKDIR /app
 ---> Using cache
 ---> c2b68bbe1469
Step 3/6 : COPY requirements.txt .
 ---> Using cache
 ---> b8d2bb1a650f
Step 4/6 : RUN pip install --trusted-host pypi.python.org -r requirements.txt
 ---> Using cache
 ---> 0d0310a439bd
Step 5/6 : COPY . .
 ---> 48f7199e929a
Step 6/6 : ENTRYPOINT ["python", "app.py"]
 ---> Running in bdefd7354a95
 ---> 56ec8ac8242e
Successfully built 56ec8ac8242e
Successfully tagged python-hello-world:latest
Build [python-hello-world] succeeded
Build completed in 305.899262ms
Starting render...
starting render process
Render completed in 2.615246ms
Tags used in deployment:
 - python-hello-world -> python-hello-world:56ec8ac8242e5afeb1fc81b3f86becfa90d620c555ef2fa76073187fb830fb49
Starting deploy...
 - deployment.apps/python-hello-world configured
Waiting for deployments to stabilize...
 - pod/python-hello-world-645c566f8b-s8hnt: creating container server
Streaming logs from pod: python-hello-world-645c566f8b-s8hnt container: server
 - deployment/python-hello-world: waiting for rollout to finish: 1 old replicas are pending termination...
 - pod/python-hello-world-645c566f8b-s8hnt: running.
 - deployment/python-hello-world is ready.
Deployments stabilized in 11.169 seconds
Deploy completed in 11.53 seconds
Port forwarding service/python-hello-world-external in namespace default, remote port 80 -> http://127.0.0.1:4503
Watching for changes...
[server]127.0.0.1 - - [07/Sep/2024 15:36:03] "GET / HTTP/1.1" 200 -
[server]127.0.0.1 - - [07/Sep/2024 15:36:03] "GET / HTTP/1.1" 200 -
[server]127.0.0.1 - - [07/Sep/2024 15:36:03] "[36mGET /static/KE-hello-world-dark.svg HTTP/1.1[0m" 304 -
[server]127.0.0.1 - - [07/Sep/2024 15:36:03] "[36mGET /static/KE-hello-world-dark.svg HTTP/1.1[0m" 304 -
[server]127.0.0.1 - - [07/Sep/2024 15:36:03] "[36mGET /static/dark_bg.svg HTTP/1.1[0m" 304 -
[server]127.0.0.1 - - [07/Sep/2024 15:36:03] "[36mGET /static/dark_bg.svg HTTP/1.1[0m" 304 -
[server]127.0.0.1 - - [07/Sep/2024 15:36:04] "GET /static/kubernetes-engine-icon.png HTTP/1.1" 200 -
[server]127.0.0.1 - - [07/Sep/2024 15:36:04] "GET /static/kubernetes-engine-icon.png HTTP/1.1" 200 -
[server]127.0.0.1 - - [07/Sep/2024 15:36:26] "GET / HTTP/1.1" 200 -
[server]127.0.0.1 - - [07/Sep/2024 15:36:26] "GET / HTTP/1.1" 200 -
[server]127.0.0.1 - - [07/Sep/2024 15:36:26] "[36mGET /static/KE-hello-world-dark.svg HTTP/1.1[0m" 304 -
[server]127.0.0.1 - - [07/Sep/2024 15:36:26] "[36mGET /static/KE-hello-world-dark.svg HTTP/1.1[0m" 304 -
[server]127.0.0.1 - - [07/Sep/2024 15:36:26] "[36mGET /static/dark_bg.svg HTTP/1.1[0m" 304 -
[server]127.0.0.1 - - [07/Sep/2024 15:36:26] "[36mGET /static/dark_bg.svg HTTP/1.1[0m" 304 -
[server]127.0.0.1 - - [07/Sep/2024 15:36:29] "GET / HTTP/1.1" 200 -
[server]127.0.0.1 - - [07/Sep/2024 15:36:29] "GET / HTTP/1.1" 200 -
[server]127.0.0.1 - - [07/Sep/2024 15:36:29] "[36mGET /static/KE-hello-world-dark.svg HTTP/1.1[0m" 304 -
[server]127.0.0.1 - - [07/Sep/2024 15:36:29] "[36mGET /static/KE-hello-world-dark.svg HTTP/1.1[0m" 304 -
[server]127.0.0.1 - - [07/Sep/2024 15:36:29] "[36mGET /static/dark_bg.svg HTTP/1.1[0m" 304 -
[server]127.0.0.1 - - [07/Sep/2024 15:36:29] "[36mGET /static/dark_bg.svg HTTP/1.1[0m" 304 -
[server]127.0.0.1 - - [07/Sep/2024 15:36:30] "[36mGET /static/kubernetes-engine-icon.png HTTP/1.1[0m" 304 -
[server]127.0.0.1 - - [07/Sep/2024 15:36:30] "[36mGET /static/kubernetes-engine-icon.png HTTP/1.1[0m" 304 -
files modified: [src/app.py]
Generating tags...
 - python-hello-world -> python-hello-world:latest
Tags generated in 326.223Âµs
Checking cache...
 - python-hello-world: Not found. Building
Cache check completed in 1.766979ms
Starting build...
Found [minikube] context, using local docker daemon.
Building [python-hello-world]...
Target platforms: [linux/amd64]
Creating tar file from 11 file(s)
Added 5/11 files to tar file
Added 10/11 files to tar file
Creating tar file completed in 5.241075ms
Sending build context to Docker daemon  216.1kB
Step 1/6 : FROM python:3.12-alpine
 ---> de975f3f5997
Step 2/6 : WORKDIR /app
 ---> Using cache
 ---> c2b68bbe1469
Step 3/6 : COPY requirements.txt .
 ---> Using cache
 ---> b8d2bb1a650f
Step 4/6 : RUN pip install --trusted-host pypi.python.org -r requirements.txt
 ---> Using cache
 ---> 0d0310a439bd
Step 5/6 : COPY . .
 ---> e15b11c5fcc8
Step 6/6 : ENTRYPOINT ["python", "app.py"]
 ---> Running in 4bd2ae427d28
 ---> adb89f9a7c61
Successfully built adb89f9a7c61
Successfully tagged python-hello-world:latest
Build [python-hello-world] succeeded
Build completed in 309.966636ms
Starting render...
starting render process
Render completed in 7.60742ms
Tags used in deployment:
 - python-hello-world -> python-hello-world:adb89f9a7c61e89a6f5dba451e77602a94aa516bb1ae9aefa41774c1a34e1065
Starting deploy...
 - deployment.apps/python-hello-world configured
Waiting for deployments to stabilize...
Streaming logs from pod: python-hello-world-776f5dbb6b-v92q4 container: server
 - deployment/python-hello-world: waiting for rollout to finish: 1 old replicas are pending termination...
 - pod/python-hello-world-776f5dbb6b-v92q4: running.
 - deployment/python-hello-world is ready.
Deployments stabilized in 11.18 seconds
Deploy completed in 11.555 seconds
Port forwarding service/python-hello-world-external in namespace default, remote port 80 -> http://127.0.0.1:4503
Watching for changes...
files modified: [src/app.py]
Generating tags...
 - python-hello-world -> python-hello-world:latest
Tags generated in 119.528Âµs
Checking cache...
 - python-hello-world: Not found. Building
Cache check completed in 1.751805ms
Starting build...
Found [minikube] context, using local docker daemon.
Building [python-hello-world]...
Target platforms: [linux/amd64]
Creating tar file from 11 file(s)
Added 5/11 files to tar file
Added 10/11 files to tar file
Creating tar file completed in 4.301562ms
Sending build context to Docker daemon  216.1kB
Step 1/6 : FROM python:3.12-alpine
 ---> de975f3f5997
Step 2/6 : WORKDIR /app
 ---> Using cache
 ---> c2b68bbe1469
Step 3/6 : COPY requirements.txt .
 ---> Using cache
 ---> b8d2bb1a650f
Step 4/6 : RUN pip install --trusted-host pypi.python.org -r requirements.txt
 ---> Using cache
 ---> 0d0310a439bd
Step 5/6 : COPY . .
 ---> 6143a8883e7e
Step 6/6 : ENTRYPOINT ["python", "app.py"]
 ---> Running in 206e0f48229c
 ---> 74fb53bb374c
Successfully built 74fb53bb374c
Successfully tagged python-hello-world:latest
Build [python-hello-world] succeeded
Build completed in 297.123148ms
Starting render...
starting render process
Render completed in 2.300848ms
Tags used in deployment:
 - python-hello-world -> python-hello-world:74fb53bb374c2e7d5ae50f95d7dbfe28f2df7a349764db4d203cee3baddc3092
Starting deploy...
 - deployment.apps/python-hello-world configured
Waiting for deployments to stabilize...
 - pod/python-hello-world-7446b9ddf4-b52bv: creating container server
Streaming logs from pod: python-hello-world-7446b9ddf4-b52bv container: server
 - deployment/python-hello-world: waiting for rollout to finish: 1 old replicas are pending termination...
 - pod/python-hello-world-7446b9ddf4-b52bv: running.
 - deployment/python-hello-world is ready.
Deployments stabilized in 11.171 seconds
Deploy completed in 11.506 seconds
Port forwarding service/python-hello-world-external in namespace default, remote port 80 -> http://127.0.0.1:4503
Watching for changes...
[server]127.0.0.1 - - [07/Sep/2024 16:02:11] "GET / HTTP/1.1" 200 -
[server]127.0.0.1 - - [07/Sep/2024 16:02:11] "GET / HTTP/1.1" 200 -
[server]127.0.0.1 - - [07/Sep/2024 16:02:11] "[36mGET /static/KE-hello-world-dark.svg HTTP/1.1[0m" 304 -
[server]127.0.0.1 - - [07/Sep/2024 16:02:11] "[36mGET /static/KE-hello-world-dark.svg HTTP/1.1[0m" 304 -
[server]127.0.0.1 - - [07/Sep/2024 16:02:11] "[36mGET /static/dark_bg.svg HTTP/1.1[0m" 304 -
[server]127.0.0.1 - - [07/Sep/2024 16:02:11] "[36mGET /static/dark_bg.svg HTTP/1.1[0m" 304 -
files modified: [src/app.py]
Generating tags...
 - python-hello-world -> python-hello-world:latest
Tags generated in 202.517Âµs
Checking cache...
 - python-hello-world: Not found. Building
Cache check completed in 1.405917ms
Starting build...
Found [minikube] context, using local docker daemon.
Building [python-hello-world]...
Target platforms: [linux/amd64]
Creating tar file from 11 file(s)
Added 5/11 files to tar file
Added 10/11 files to tar file
Creating tar file completed in 5.098945ms
Sending build context to Docker daemon  216.1kB
Step 1/6 : FROM python:3.12-alpine
 ---> de975f3f5997
Step 2/6 : WORKDIR /app
 ---> Using cache
 ---> c2b68bbe1469
Step 3/6 : COPY requirements.txt .
 ---> Using cache
 ---> b8d2bb1a650f
Step 4/6 : RUN pip install --trusted-host pypi.python.org -r requirements.txt
 ---> Using cache
 ---> 0d0310a439bd
Step 5/6 : COPY . .
 ---> 7ee5e636800c
Step 6/6 : ENTRYPOINT ["python", "app.py"]
 ---> Running in c14ddb8096a6
 ---> f74bb872d11d
Successfully built f74bb872d11d
Successfully tagged python-hello-world:latest
Build [python-hello-world] succeeded
Build completed in 311.716808ms
Starting render...
starting render process
Render completed in 3.81532ms
Tags used in deployment:
 - python-hello-world -> python-hello-world:f74bb872d11d3b19649d8f0232c85ed6fd809a30ca7da2757598fc05a6271b5e
Starting deploy...
 - deployment.apps/python-hello-world configured
Waiting for deployments to stabilize...
 - pod/python-hello-world-6cdcdf695f-8nwm6: creating container server
Streaming logs from pod: python-hello-world-6cdcdf695f-8nwm6 container: server
 - deployment/python-hello-world: waiting for rollout to finish: 1 old replicas are pending termination...
 - pod/python-hello-world-6cdcdf695f-8nwm6: running.
 - deployment/python-hello-world is ready.
Deployments stabilized in 11.17 seconds
Deploy completed in 11.531 seconds
Port forwarding service/python-hello-world-external in namespace default, remote port 80 -> http://127.0.0.1:4503
Watching for changes...
files modified: [src/app.py]
Generating tags...
 - python-hello-world -> python-hello-world:latest
Tags generated in 136.663Âµs
Checking cache...
 - python-hello-world: Not found. Building
Cache check completed in 1.497492ms
Starting build...
Found [minikube] context, using local docker daemon.
Building [python-hello-world]...
Target platforms: [linux/amd64]
Creating tar file from 11 file(s)
Added 5/11 files to tar file
Added 10/11 files to tar file
Creating tar file completed in 3.661986ms
Sending build context to Docker daemon  216.1kB
Step 1/6 : FROM python:3.12-alpine
 ---> de975f3f5997
Step 2/6 : WORKDIR /app
 ---> Using cache
 ---> c2b68bbe1469
Step 3/6 : COPY requirements.txt .
 ---> Using cache
 ---> b8d2bb1a650f
Step 4/6 : RUN pip install --trusted-host pypi.python.org -r requirements.txt
 ---> Using cache
 ---> 0d0310a439bd
Step 5/6 : COPY . .
 ---> 0a618d8b29e4
Step 6/6 : ENTRYPOINT ["python", "app.py"]
 ---> Running in 3a4ea1b83216
 ---> 684e7416ff54
Successfully built 684e7416ff54
Successfully tagged python-hello-world:latest
Build [python-hello-world] succeeded
Build completed in 302.656492ms
Starting render...
starting render process
Render completed in 2.442665ms
Tags used in deployment:
 - python-hello-world -> python-hello-world:684e7416ff549dbef159455d55b6b9171af5f6f957d8981e8c6efeaa85606e44
Starting deploy...
 - deployment.apps/python-hello-world configured
Waiting for deployments to stabilize...
Streaming logs from pod: python-hello-world-695588886b-hnlfx container: server
 - deployment/python-hello-world: waiting for rollout to finish: 1 old replicas are pending termination...
 - pod/python-hello-world-695588886b-hnlfx: running.
 - deployment/python-hello-world is ready.
Deployments stabilized in 11.183 seconds
Deploy completed in 11.538 seconds
Port forwarding service/python-hello-world-external in namespace default, remote port 80 -> http://127.0.0.1:4503
Watching for changes...
[server]127.0.0.1 - - [07/Sep/2024 16:03:16] "GET / HTTP/1.1" 200 -
[server]127.0.0.1 - - [07/Sep/2024 16:03:16] "GET / HTTP/1.1" 200 -
[server]127.0.0.1 - - [07/Sep/2024 16:03:16] "[36mGET /static/KE-hello-world-dark.svg HTTP/1.1[0m" 304 -
[server]127.0.0.1 - - [07/Sep/2024 16:03:16] "[36mGET /static/KE-hello-world-dark.svg HTTP/1.1[0m" 304 -
[server]127.0.0.1 - - [07/Sep/2024 16:03:16] "[36mGET /static/dark_bg.svg HTTP/1.1[0m" 304 -
[server]127.0.0.1 - - [07/Sep/2024 16:03:16] "[36mGET /static/dark_bg.svg HTTP/1.1[0m" 304 -
[server]127.0.0.1 - - [07/Sep/2024 16:03:16] "[36mGET /static/kubernetes-engine-icon.png HTTP/1.1[0m" 304 -
[server]127.0.0.1 - - [07/Sep/2024 16:03:16] "[36mGET /static/kubernetes-engine-icon.png HTTP/1.1[0m" 304 -
[server]127.0.0.1 - - [07/Sep/2024 16:03:25] "GET / HTTP/1.1" 200 -
[server]127.0.0.1 - - [07/Sep/2024 16:03:25] "GET / HTTP/1.1" 200 -
[server]127.0.0.1 - - [07/Sep/2024 16:03:25] "[36mGET /static/KE-hello-world-dark.svg HTTP/1.1[0m" 304 -
[server]127.0.0.1 - - [07/Sep/2024 16:03:25] "[36mGET /static/KE-hello-world-dark.svg HTTP/1.1[0m" 304 -
[server]127.0.0.1 - - [07/Sep/2024 16:03:25] "[36mGET /static/dark_bg.svg HTTP/1.1[0m" 304 -
[server]127.0.0.1 - - [07/Sep/2024 16:03:25] "[36mGET /static/dark_bg.svg HTTP/1.1[0m" 304 -
[server]127.0.0.1 - - [07/Sep/2024 16:03:26] "[36mGET /static/kubernetes-engine-icon.png HTTP/1.1[0m" 304 -
[server]127.0.0.1 - - [07/Sep/2024 16:03:26] "[36mGET /static/kubernetes-engine-icon.png HTTP/1.1[0m" 304 -
files modified: [src/app.py]
Generating tags...
 - python-hello-world -> python-hello-world:latest
Tags generated in 163.18Âµs
Checking cache...
 - python-hello-world: Not found. Building
Cache check completed in 1.376016ms
Starting build...
Found [minikube] context, using local docker daemon.
Building [python-hello-world]...
Target platforms: [linux/amd64]
Creating tar file from 11 file(s)
Added 5/11 files to tar file
Added 10/11 files to tar file
Creating tar file completed in 3.4038ms
Sending build context to Docker daemon  216.1kB
Step 1/6 : FROM python:3.12-alpine
 ---> de975f3f5997
Step 2/6 : WORKDIR /app
 ---> Using cache
 ---> c2b68bbe1469
Step 3/6 : COPY requirements.txt .
 ---> Using cache
 ---> b8d2bb1a650f
Step 4/6 : RUN pip install --trusted-host pypi.python.org -r requirements.txt
 ---> Using cache
 ---> 0d0310a439bd
Step 5/6 : COPY . .
 ---> b6e1212c1ba4
Step 6/6 : ENTRYPOINT ["python", "app.py"]
 ---> Running in aef3ed4b256b
 ---> 321fdef7f47a
Successfully built 321fdef7f47a
Successfully tagged python-hello-world:latest
Build [python-hello-world] succeeded
Build completed in 306.35103ms
Starting render...
starting render process
Render completed in 2.428756ms
Tags used in deployment:
 - python-hello-world -> python-hello-world:321fdef7f47aafe971bb357f4908e1ee73043f4c887175c57812fbec372d0542
Starting deploy...
 - deployment.apps/python-hello-world configured
Waiting for deployments to stabilize...
Streaming logs from pod: python-hello-world-7bc7c98594-jww4m container: server
 - deployment/python-hello-world: waiting for rollout to finish: 1 old replicas are pending termination...
 - pod/python-hello-world-7bc7c98594-jww4m: running.
 - deployment/python-hello-world is ready.
Deployments stabilized in 11.171 seconds
Deploy completed in 11.525 seconds
Port forwarding service/python-hello-world-external in namespace default, remote port 80 -> http://127.0.0.1:4503
Watching for changes...
files modified: [src/app.py]
Generating tags...
 - python-hello-world -> python-hello-world:latest
Tags generated in 115.34Âµs
Checking cache...
 - python-hello-world: Not found. Building
Cache check completed in 1.450187ms
Starting build...
Found [minikube] context, using local docker daemon.
Building [python-hello-world]...
Target platforms: [linux/amd64]
Creating tar file from 11 file(s)
Added 5/11 files to tar file
Added 10/11 files to tar file
Creating tar file completed in 3.710827ms
Sending build context to Docker daemon  216.1kB
Step 1/6 : FROM python:3.12-alpine
 ---> de975f3f5997
Step 2/6 : WORKDIR /app
 ---> Using cache
 ---> c2b68bbe1469
Step 3/6 : COPY requirements.txt .
 ---> Using cache
 ---> b8d2bb1a650f
Step 4/6 : RUN pip install --trusted-host pypi.python.org -r requirements.txt
 ---> Using cache
 ---> 0d0310a439bd
Step 5/6 : COPY . .
 ---> dab9e872d1ab
Step 6/6 : ENTRYPOINT ["python", "app.py"]
 ---> Running in 283d1e3bc3bc
 ---> cdfb145a6b92
Successfully built cdfb145a6b92
Successfully tagged python-hello-world:latest
Build [python-hello-world] succeeded
Build completed in 304.653495ms
Starting render...
starting render process
Render completed in 6.488822ms
Tags used in deployment:
 - python-hello-world -> python-hello-world:cdfb145a6b9221e1f47e55edab413f06cd502c58023e7e40deab726dd252cedc
Starting deploy...
 - deployment.apps/python-hello-world configured
Waiting for deployments to stabilize...
 - pod/python-hello-world-7566596b5c-tdlch: creating container server
Streaming logs from pod: python-hello-world-7566596b5c-tdlch container: server
 - deployment/python-hello-world: waiting for rollout to finish: 1 old replicas are pending termination...
 - pod/python-hello-world-7566596b5c-tdlch: running.
 - deployment/python-hello-world is ready.
Deployments stabilized in 11.181 seconds
Deploy completed in 11.539 seconds
Port forwarding service/python-hello-world-external in namespace default, remote port 80 -> http://127.0.0.1:4503
Watching for changes...
[server]127.0.0.1 - - [07/Sep/2024 16:04:08] "GET / HTTP/1.1" 200 -
[server]127.0.0.1 - - [07/Sep/2024 16:04:08] "GET / HTTP/1.1" 200 -
[server]127.0.0.1 - - [07/Sep/2024 16:04:08] "[36mGET /static/KE-hello-world-dark.svg HTTP/1.1[0m" 304 -
[server]127.0.0.1 - - [07/Sep/2024 16:04:08] "[36mGET /static/KE-hello-world-dark.svg HTTP/1.1[0m" 304 -
[server]127.0.0.1 - - [07/Sep/2024 16:04:08] "[36mGET /static/dark_bg.svg HTTP/1.1[0m" 304 -
[server]127.0.0.1 - - [07/Sep/2024 16:04:08] "[36mGET /static/dark_bg.svg HTTP/1.1[0m" 304 -
[server]127.0.0.1 - - [07/Sep/2024 16:04:08] "[36mGET /static/kubernetes-engine-icon.png HTTP/1.1[0m" 304 -
[server]127.0.0.1 - - [07/Sep/2024 16:04:08] "[36mGET /static/kubernetes-engine-icon.png HTTP/1.1[0m" 304 -
files modified: [src/app.py]
Generating tags...
 - python-hello-world -> python-hello-world:latest
Tags generated in 136.182Âµs
Checking cache...
 - python-hello-world: Not found. Building
Cache check completed in 1.455609ms
Starting build...
Found [minikube] context, using local docker daemon.
Building [python-hello-world]...
Target platforms: [linux/amd64]
Creating tar file from 11 file(s)
Added 5/11 files to tar file
Added 10/11 files to tar file
Creating tar file completed in 4.235019ms
Sending build context to Docker daemon  216.1kB
Step 1/6 : FROM python:3.12-alpine
 ---> de975f3f5997
Step 2/6 : WORKDIR /app
 ---> Using cache
 ---> c2b68bbe1469
Step 3/6 : COPY requirements.txt .
 ---> Using cache
 ---> b8d2bb1a650f
Step 4/6 : RUN pip install --trusted-host pypi.python.org -r requirements.txt
 ---> Using cache
 ---> 0d0310a439bd
Step 5/6 : COPY . .
 ---> 032d286a16ba
Step 6/6 : ENTRYPOINT ["python", "app.py"]
 ---> Running in 68e8a95e123c
 ---> aea1cd8195db
Successfully built aea1cd8195db
Successfully tagged python-hello-world:latest
Build [python-hello-world] succeeded
Build completed in 305.135158ms
Starting render...
starting render process
Render completed in 2.807393ms
Tags used in deployment:
 - python-hello-world -> python-hello-world:aea1cd8195db02e99300a0def245015bb490012598c51ddcde0ce3d8ed162e70
Starting deploy...
 - deployment.apps/python-hello-world configured
Waiting for deployments to stabilize...
 - pod/python-hello-world-79b5747469-dd5qn: creating container server
Streaming logs from pod: python-hello-world-79b5747469-dd5qn container: server
 - deployment/python-hello-world: waiting for rollout to finish: 1 old replicas are pending termination...
 - pod/python-hello-world-79b5747469-dd5qn: running.
 - deployment/python-hello-world is ready.
Deployments stabilized in 11.17 seconds
Deploy completed in 11.558 seconds
Port forwarding service/python-hello-world-external in namespace default, remote port 80 -> http://127.0.0.1:4503
Watching for changes...
files modified: [src/app.py]
Generating tags...
 - python-hello-world -> python-hello-world:latest
Tags generated in 121.156Âµs
Checking cache...
 - python-hello-world: Not found. Building
Cache check completed in 1.489457ms
Starting build...
Found [minikube] context, using local docker daemon.
Building [python-hello-world]...
Target platforms: [linux/amd64]
Creating tar file from 11 file(s)
Added 5/11 files to tar file
Added 10/11 files to tar file
Creating tar file completed in 3.558373ms
Sending build context to Docker daemon  216.1kB
Step 1/6 : FROM python:3.12-alpine
 ---> de975f3f5997
Step 2/6 : WORKDIR /app
 ---> Using cache
 ---> c2b68bbe1469
Step 3/6 : COPY requirements.txt .
 ---> Using cache
 ---> b8d2bb1a650f
Step 4/6 : RUN pip install --trusted-host pypi.python.org -r requirements.txt
 ---> Using cache
 ---> 0d0310a439bd
Step 5/6 : COPY . .
 ---> df256cea181b
Step 6/6 : ENTRYPOINT ["python", "app.py"]
 ---> Running in 0792723137bb
 ---> afa67d2b0ea1
Successfully built afa67d2b0ea1
Successfully tagged python-hello-world:latest
Build [python-hello-world] succeeded
Build completed in 300.645141ms
Starting render...
starting render process
Render completed in 5.358971ms
Tags used in deployment:
 - python-hello-world -> python-hello-world:afa67d2b0ea161c96b5663b2e086e6d04916fb6aa6ff6746772b878e25a06430
Starting deploy...
 - deployment.apps/python-hello-world configured
Waiting for deployments to stabilize...
 - pod/python-hello-world-6c45b4b675-8k7hb: creating container server
Streaming logs from pod: python-hello-world-6c45b4b675-8k7hb container: server
 - deployment/python-hello-world: waiting for rollout to finish: 1 old replicas are pending termination...
 - pod/python-hello-world-6c45b4b675-8k7hb: running.
 - deployment/python-hello-world is ready.
Deployments stabilized in 11.181 seconds
Deploy completed in 11.534 seconds
Port forwarding service/python-hello-world-external in namespace default, remote port 80 -> http://127.0.0.1:4503
Watching for changes...
[server]127.0.0.1 - - [07/Sep/2024 16:09:16] "GET / HTTP/1.1" 200 -
[server]127.0.0.1 - - [07/Sep/2024 16:09:16] "GET / HTTP/1.1" 200 -
[server]127.0.0.1 - - [07/Sep/2024 16:09:16] "[36mGET /static/KE-hello-world-dark.svg HTTP/1.1[0m" 304 -
[server]127.0.0.1 - - [07/Sep/2024 16:09:16] "[36mGET /static/KE-hello-world-dark.svg HTTP/1.1[0m" 304 -
[server]127.0.0.1 - - [07/Sep/2024 16:09:16] "[36mGET /static/dark_bg.svg HTTP/1.1[0m" 304 -
[server]127.0.0.1 - - [07/Sep/2024 16:09:16] "[36mGET /static/dark_bg.svg HTTP/1.1[0m" 304 -
files modified: [src/app.py]
Generating tags...
 - python-hello-world -> python-hello-world:latest
Tags generated in 152.319Âµs
Checking cache...
 - python-hello-world: Not found. Building
Cache check completed in 1.527274ms
Starting build...
Found [minikube] context, using local docker daemon.
Building [python-hello-world]...
Target platforms: [linux/amd64]
Creating tar file from 11 file(s)
Added 5/11 files to tar file
Added 10/11 files to tar file
Creating tar file completed in 3.741413ms
Sending build context to Docker daemon  216.1kB
Step 1/6 : FROM python:3.12-alpine
 ---> de975f3f5997
Step 2/6 : WORKDIR /app
 ---> Using cache
 ---> c2b68bbe1469
Step 3/6 : COPY requirements.txt .
 ---> Using cache
 ---> b8d2bb1a650f
Step 4/6 : RUN pip install --trusted-host pypi.python.org -r requirements.txt
 ---> Using cache
 ---> 0d0310a439bd
Step 5/6 : COPY . .
 ---> 9d46b6af7213
Step 6/6 : ENTRYPOINT ["python", "app.py"]
 ---> Running in 0e18af09c4b0
 ---> bce8843a5b02
Successfully built bce8843a5b02
Successfully tagged python-hello-world:latest
Build [python-hello-world] succeeded
Build completed in 301.396845ms
Starting render...
starting render process
Render completed in 2.564553ms
Tags used in deployment:
 - python-hello-world -> python-hello-world:bce8843a5b02271a866265b6b085a998098b050c1b67b1e12e1709ae1f5e01e8
Starting deploy...
 - deployment.apps/python-hello-world configured
Waiting for deployments to stabilize...
 - pod/python-hello-world-5dd956576b-jrljt: creating container server
Streaming logs from pod: python-hello-world-5dd956576b-jrljt container: server
 - deployment/python-hello-world: waiting for rollout to finish: 1 old replicas are pending termination...
 - pod/python-hello-world-5dd956576b-jrljt: running.
 - deployment/python-hello-world is ready.
Deployments stabilized in 11.168 seconds
Deploy completed in 11.528 seconds
Port forwarding service/python-hello-world-external in namespace default, remote port 80 -> http://127.0.0.1:4503
Watching for changes...
[server]127.0.0.1 - - [07/Sep/2024 16:09:53] "GET / HTTP/1.1" 200 -
[server]127.0.0.1 - - [07/Sep/2024 16:09:53] "GET / HTTP/1.1" 200 -
[server]127.0.0.1 - - [07/Sep/2024 16:09:54] "[36mGET /static/KE-hello-world-dark.svg HTTP/1.1[0m" 304 -
[server]127.0.0.1 - - [07/Sep/2024 16:09:54] "[36mGET /static/KE-hello-world-dark.svg HTTP/1.1[0m" 304 -
[server]127.0.0.1 - - [07/Sep/2024 16:09:54] "[36mGET /static/dark_bg.svg HTTP/1.1[0m" 304 -
[server]127.0.0.1 - - [07/Sep/2024 16:09:54] "[36mGET /static/dark_bg.svg HTTP/1.1[0m" 304 -
[server]127.0.0.1 - - [07/Sep/2024 16:09:54] "[36mGET /static/kubernetes-engine-icon.png HTTP/1.1[0m" 304 -
[server]127.0.0.1 - - [07/Sep/2024 16:09:54] "[36mGET /static/kubernetes-engine-icon.png HTTP/1.1[0m" 304 -
files modified: [src/app.py]
Generating tags...
 - python-hello-world -> python-hello-world:latest
Tags generated in 126.015Âµs
Checking cache...
 - python-hello-world: Not found. Building
Cache check completed in 1.432206ms
Starting build...
Found [minikube] context, using local docker daemon.
Building [python-hello-world]...
Target platforms: [linux/amd64]
Creating tar file from 11 file(s)
Added 5/11 files to tar file
Added 10/11 files to tar file
Creating tar file completed in 4.021133ms
Sending build context to Docker daemon  216.1kB
Step 1/6 : FROM python:3.12-alpine
 ---> de975f3f5997
Step 2/6 : WORKDIR /app
 ---> Using cache
 ---> c2b68bbe1469
Step 3/6 : COPY requirements.txt .
 ---> Using cache
 ---> b8d2bb1a650f
Step 4/6 : RUN pip install --trusted-host pypi.python.org -r requirements.txt
 ---> Using cache
 ---> 0d0310a439bd
Step 5/6 : COPY . .
 ---> f3a13d985680
Step 6/6 : ENTRYPOINT ["python", "app.py"]
 ---> Running in 701d514e2026
 ---> 1e2745bf3459
Successfully built 1e2745bf3459
Successfully tagged python-hello-world:latest
Build [python-hello-world] succeeded
Build completed in 412.084724ms
Starting render...
starting render process
Render completed in 6.022506ms
Tags used in deployment:
 - python-hello-world -> python-hello-world:1e2745bf34597c6cfbf4314829d0d7249e52ca9ebe1ed7da28f9c2d2097e183b
Starting deploy...
 - deployment.apps/python-hello-world configured
Waiting for deployments to stabilize...
 - pod/python-hello-world-7fc5dfbfc-tm4vd: creating container server
Streaming logs from pod: python-hello-world-7fc5dfbfc-tm4vd container: server
 - deployment/python-hello-world: waiting for rollout to finish: 1 old replicas are pending termination...
 - pod/python-hello-world-7fc5dfbfc-tm4vd: running.
 - deployment/python-hello-world is ready.
Deployments stabilized in 11.18 seconds
Deploy completed in 11.539 seconds
Port forwarding service/python-hello-world-external in namespace default, remote port 80 -> http://127.0.0.1:4503
Watching for changes...
[server]127.0.0.1 - - [07/Sep/2024 16:10:30] "GET / HTTP/1.1" 200 -
[server]127.0.0.1 - - [07/Sep/2024 16:10:30] "GET / HTTP/1.1" 200 -
[server]127.0.0.1 - - [07/Sep/2024 16:10:30] "[36mGET /static/KE-hello-world-dark.svg HTTP/1.1[0m" 304 -
[server]127.0.0.1 - - [07/Sep/2024 16:10:30] "[36mGET /static/KE-hello-world-dark.svg HTTP/1.1[0m" 304 -
[server]127.0.0.1 - - [07/Sep/2024 16:10:30] "[36mGET /static/dark_bg.svg HTTP/1.1[0m" 304 -
[server]127.0.0.1 - - [07/Sep/2024 16:10:30] "[36mGET /static/dark_bg.svg HTTP/1.1[0m" 304 -
[server]127.0.0.1 - - [07/Sep/2024 16:10:30] "[36mGET /static/kubernetes-engine-icon.png HTTP/1.1[0m" 304 -
[server]127.0.0.1 - - [07/Sep/2024 16:10:30] "[36mGET /static/kubernetes-engine-icon.png HTTP/1.1[0m" 304 -
files modified: [src/app.py]
Generating tags...
 - python-hello-world -> python-hello-world:latest
Tags generated in 125.179Âµs
Checking cache...
 - python-hello-world: Not found. Building
Cache check completed in 1.30272ms
Starting build...
Found [minikube] context, using local docker daemon.
Building [python-hello-world]...
Target platforms: [linux/amd64]
Creating tar file from 11 file(s)
Added 5/11 files to tar file
Added 10/11 files to tar file
Creating tar file completed in 4.150639ms
Sending build context to Docker daemon  216.1kB
Step 1/6 : FROM python:3.12-alpine
 ---> de975f3f5997
Step 2/6 : WORKDIR /app
 ---> Using cache
 ---> c2b68bbe1469
Step 3/6 : COPY requirements.txt .
 ---> Using cache
 ---> b8d2bb1a650f
Step 4/6 : RUN pip install --trusted-host pypi.python.org -r requirements.txt
 ---> Using cache
 ---> 0d0310a439bd
Step 5/6 : COPY . .
 ---> 4615d6d6c2dd
Step 6/6 : ENTRYPOINT ["python", "app.py"]
 ---> Running in 3ff138c5e8a9
 ---> 3bdc78ab3ad0
Successfully built 3bdc78ab3ad0
Successfully tagged python-hello-world:latest
Build [python-hello-world] succeeded
Build completed in 306.005269ms
Starting render...
starting render process
Render completed in 2.317565ms
Tags used in deployment:
 - python-hello-world -> python-hello-world:3bdc78ab3ad0f0ee72b21a8d095b2649b031f2bfeaed2a2045517867e06e936f
Starting deploy...
 - deployment.apps/python-hello-world configured
Waiting for deployments to stabilize...
 - pod/python-hello-world-7c6b44c77-745bf: creating container server
Streaming logs from pod: python-hello-world-7c6b44c77-745bf container: server
 - deployment/python-hello-world: waiting for rollout to finish: 1 old replicas are pending termination...
 - pod/python-hello-world-7c6b44c77-745bf: running.
 - deployment/python-hello-world is ready.
Deployments stabilized in 11.178 seconds
Deploy completed in 11.532 seconds
Port forwarding service/python-hello-world-external in namespace default, remote port 80 -> http://127.0.0.1:4503
Watching for changes...
files modified: [src/app.py]
Generating tags...
 - python-hello-world -> python-hello-world:latest
Tags generated in 126.542Âµs
Checking cache...
 - python-hello-world: Found. Tagging
Cache check completed in 15.349269ms
Starting render...
starting render process
Render completed in 2.316894ms
Tags used in deployment:
 - python-hello-world -> python-hello-world:afa67d2b0ea161c96b5663b2e086e6d04916fb6aa6ff6746772b878e25a06430
Starting deploy...
 - deployment.apps/python-hello-world configured
Waiting for deployments to stabilize...
 - pod/python-hello-world-6c45b4b675-ncm6k: creating container server
Streaming logs from pod: python-hello-world-6c45b4b675-ncm6k container: server
 - deployment/python-hello-world: waiting for rollout to finish: 1 old replicas are pending termination...
 - pod/python-hello-world-6c45b4b675-ncm6k: running.
 - deployment/python-hello-world is ready.
Deployments stabilized in 11.172 seconds
Deploy completed in 11.5 seconds
Port forwarding service/python-hello-world-external in namespace default, remote port 80 -> http://127.0.0.1:4503
Watching for changes...
[server]127.0.0.1 - - [07/Sep/2024 16:14:26] "GET / HTTP/1.1" 200 -
[server]127.0.0.1 - - [07/Sep/2024 16:14:26] "GET / HTTP/1.1" 200 -
[server]127.0.0.1 - - [07/Sep/2024 16:14:26] "[36mGET /static/KE-hello-world-dark.svg HTTP/1.1[0m" 304 -
[server]127.0.0.1 - - [07/Sep/2024 16:14:26] "[36mGET /static/KE-hello-world-dark.svg HTTP/1.1[0m" 304 -
[server]127.0.0.1 - - [07/Sep/2024 16:14:26] "[36mGET /static/dark_bg.svg HTTP/1.1[0m" 304 -
[server]127.0.0.1 - - [07/Sep/2024 16:14:26] "[36mGET /static/dark_bg.svg HTTP/1.1[0m" 304 -
files modified: [src/app.py]
Generating tags...
 - python-hello-world -> python-hello-world:latest
Tags generated in 156.098Âµs
Checking cache...
 - python-hello-world: Not found. Building
Cache check completed in 1.404725ms
Starting build...
Found [minikube] context, using local docker daemon.
Building [python-hello-world]...
Target platforms: [linux/amd64]
Creating tar file from 11 file(s)
Added 5/11 files to tar file
Added 10/11 files to tar file
Creating tar file completed in 4.727648ms
Sending build context to Docker daemon  216.1kB
Step 1/6 : FROM python:3.12-alpine
 ---> de975f3f5997
Step 2/6 : WORKDIR /app
 ---> Using cache
 ---> c2b68bbe1469
Step 3/6 : COPY requirements.txt .
 ---> Using cache
 ---> b8d2bb1a650f
Step 4/6 : RUN pip install --trusted-host pypi.python.org -r requirements.txt
 ---> Using cache
 ---> 0d0310a439bd
Step 5/6 : COPY . .
 ---> 6dda1b816251
Step 6/6 : ENTRYPOINT ["python", "app.py"]
 ---> Running in 6d5441fd3c28
 ---> 0a1894887ad5
Successfully built 0a1894887ad5
Successfully tagged python-hello-world:latest
Build [python-hello-world] succeeded
Build completed in 315.341969ms
Starting render...
starting render process
Render completed in 9.47039ms
Tags used in deployment:
 - python-hello-world -> python-hello-world:0a1894887ad542302de1b1fef7088e5154e0c5dbf1180fc301d9be38cc9b460d
Starting deploy...
 - deployment.apps/python-hello-world configured
Waiting for deployments to stabilize...
 - pod/python-hello-world-5956dd9898-jzjwz: creating container server
Streaming logs from pod: python-hello-world-5956dd9898-jzjwz container: server
 - deployment/python-hello-world: waiting for rollout to finish: 1 old replicas are pending termination...
 - pod/python-hello-world-5956dd9898-jzjwz: running.
 - deployment/python-hello-world is ready.
Deployments stabilized in 11.176 seconds
Deploy completed in 11.537 seconds
Port forwarding service/python-hello-world-external in namespace default, remote port 80 -> http://127.0.0.1:4503
Watching for changes...
files modified: [src/app.py]
Generating tags...
 - python-hello-world -> python-hello-world:latest
Tags generated in 113.734Âµs
Checking cache...
 - python-hello-world: Not found. Building
Cache check completed in 1.333359ms
Starting build...
Found [minikube] context, using local docker daemon.
Building [python-hello-world]...
Target platforms: [linux/amd64]
Creating tar file from 11 file(s)
Added 5/11 files to tar file
Added 10/11 files to tar file
Creating tar file completed in 4.374024ms
Sending build context to Docker daemon  216.1kB
Step 1/6 : FROM python:3.12-alpine
 ---> de975f3f5997
Step 2/6 : WORKDIR /app
 ---> Using cache
 ---> c2b68bbe1469
Step 3/6 : COPY requirements.txt .
 ---> Using cache
 ---> b8d2bb1a650f
Step 4/6 : RUN pip install --trusted-host pypi.python.org -r requirements.txt
 ---> Using cache
 ---> 0d0310a439bd
Step 5/6 : COPY . .
 ---> 6d6a3f67fd06
Step 6/6 : ENTRYPOINT ["python", "app.py"]
 ---> Running in 8ec9d7b74be2
 ---> 10840d2a4abc
Successfully built 10840d2a4abc
Successfully tagged python-hello-world:latest
Build [python-hello-world] succeeded
Build completed in 302.954013ms
Starting render...
starting render process
Render completed in 2.300915ms
Tags used in deployment:
 - python-hello-world -> python-hello-world:10840d2a4abc575ce43e87981d8afcfd96bc3f6ff5a5dc5f910ec5305a7a3390
Starting deploy...
 - deployment.apps/python-hello-world configured
Waiting for deployments to stabilize...
Streaming logs from pod: python-hello-world-6b6bbc6cdc-c9xlr container: server
 - deployment/python-hello-world: waiting for rollout to finish: 1 old replicas are pending termination...
 - pod/python-hello-world-6b6bbc6cdc-c9xlr: running.
 - deployment/python-hello-world is ready.
Deployments stabilized in 11.186 seconds
Deploy completed in 11.546 seconds
Port forwarding service/python-hello-world-external in namespace default, remote port 80 -> http://127.0.0.1:4503
Watching for changes...
[server]127.0.0.1 - - [07/Sep/2024 16:15:15] "GET / HTTP/1.1" 200 -
[server]127.0.0.1 - - [07/Sep/2024 16:15:15] "GET / HTTP/1.1" 200 -
[server]127.0.0.1 - - [07/Sep/2024 16:15:15] "[36mGET /static/KE-hello-world-dark.svg HTTP/1.1[0m" 304 -
[server]127.0.0.1 - - [07/Sep/2024 16:15:15] "[36mGET /static/KE-hello-world-dark.svg HTTP/1.1[0m" 304 -
[server]127.0.0.1 - - [07/Sep/2024 16:15:16] "[36mGET /static/dark_bg.svg HTTP/1.1[0m" 304 -
[server]127.0.0.1 - - [07/Sep/2024 16:15:16] "[36mGET /static/dark_bg.svg HTTP/1.1[0m" 304 -
files modified: [src/app.py]
Generating tags...
 - python-hello-world -> python-hello-world:latest
Tags generated in 119.846Âµs
Checking cache...
 - python-hello-world: Not found. Building
Cache check completed in 1.429614ms
Starting build...
Found [minikube] context, using local docker daemon.
Building [python-hello-world]...
Target platforms: [linux/amd64]
Creating tar file from 11 file(s)
Added 5/11 files to tar file
Added 10/11 files to tar file
Creating tar file completed in 3.820217ms
Sending build context to Docker daemon  216.1kB
Step 1/6 : FROM python:3.12-alpine
 ---> de975f3f5997
Step 2/6 : WORKDIR /app
 ---> Using cache
 ---> c2b68bbe1469
Step 3/6 : COPY requirements.txt .
 ---> Using cache
 ---> b8d2bb1a650f
Step 4/6 : RUN pip install --trusted-host pypi.python.org -r requirements.txt
 ---> Using cache
 ---> 0d0310a439bd
Step 5/6 : COPY . .
 ---> d41cffaaa985
Step 6/6 : ENTRYPOINT ["python", "app.py"]
 ---> Running in c0b0b2d270c8
 ---> cb96b0396f72
Successfully built cb96b0396f72
Successfully tagged python-hello-world:latest
Build [python-hello-world] succeeded
Build completed in 301.912809ms
Starting render...
starting render process
Render completed in 2.331385ms
Tags used in deployment:
 - python-hello-world -> python-hello-world:cb96b0396f72901067243b329c32bbfcbb6ab207fa88fe5d905ab0d7ae6b8160
Starting deploy...
 - deployment.apps/python-hello-world configured
Waiting for deployments to stabilize...
Streaming logs from pod: python-hello-world-5c98f7458-dj7ll container: server
 - deployment/python-hello-world: waiting for rollout to finish: 1 old replicas are pending termination...
 - pod/python-hello-world-5c98f7458-dj7ll: running.
 - deployment/python-hello-world is ready.
Deployments stabilized in 11.189 seconds
Deploy completed in 11.545 seconds
Port forwarding service/python-hello-world-external in namespace default, remote port 80 -> http://127.0.0.1:4503
Watching for changes...
files modified: [src/app.py]
Generating tags...
 - python-hello-world -> python-hello-world:latest
Tags generated in 147.923Âµs
Checking cache...
 - python-hello-world: Not found. Building
Cache check completed in 1.551471ms
Starting build...
Found [minikube] context, using local docker daemon.
Building [python-hello-world]...
Target platforms: [linux/amd64]
Creating tar file from 11 file(s)
Added 5/11 files to tar file
Added 10/11 files to tar file
Creating tar file completed in 4.108818ms
Sending build context to Docker daemon  216.1kB
Step 1/6 : FROM python:3.12-alpine
 ---> de975f3f5997
Step 2/6 : WORKDIR /app
 ---> Using cache
 ---> c2b68bbe1469
Step 3/6 : COPY requirements.txt .
 ---> Using cache
 ---> b8d2bb1a650f
Step 4/6 : RUN pip install --trusted-host pypi.python.org -r requirements.txt
 ---> Using cache
 ---> 0d0310a439bd
Step 5/6 : COPY . .
 ---> 78ceed9838c1
Step 6/6 : ENTRYPOINT ["python", "app.py"]
 ---> Running in 3bb1d6a92fd8
 ---> 68d6b3032e75
Successfully built 68d6b3032e75
Successfully tagged python-hello-world:latest
Build [python-hello-world] succeeded
Build completed in 306.448116ms
Starting render...
starting render process
Render completed in 2.581827ms
Tags used in deployment:
 - python-hello-world -> python-hello-world:68d6b3032e75118a00b8c912fb056e5a3dede8f8be8fc57547c693e0f2ca552c
Starting deploy...
 - deployment.apps/python-hello-world configured
Waiting for deployments to stabilize...
 - pod/python-hello-world-7bf5d9cb75-gw57p: creating container server
Streaming logs from pod: python-hello-world-7bf5d9cb75-gw57p container: server
 - deployment/python-hello-world: waiting for rollout to finish: 1 old replicas are pending termination...
 - pod/python-hello-world-7bf5d9cb75-gw57p: running.
 - deployment/python-hello-world is ready.
Deployments stabilized in 11.18 seconds
Deploy completed in 11.528 seconds
Port forwarding service/python-hello-world-external in namespace default, remote port 80 -> http://127.0.0.1:4503
Watching for changes...
[server]127.0.0.1 - - [07/Sep/2024 16:16:05] "GET / HTTP/1.1" 200 -
[server]127.0.0.1 - - [07/Sep/2024 16:16:05] "GET / HTTP/1.1" 200 -
[server]127.0.0.1 - - [07/Sep/2024 16:16:06] "[36mGET /static/KE-hello-world-dark.svg HTTP/1.1[0m" 304 -
[server]127.0.0.1 - - [07/Sep/2024 16:16:06] "[36mGET /static/KE-hello-world-dark.svg HTTP/1.1[0m" 304 -
[server]127.0.0.1 - - [07/Sep/2024 16:16:06] "[36mGET /static/dark_bg.svg HTTP/1.1[0m" 304 -
[server]127.0.0.1 - - [07/Sep/2024 16:16:06] "[36mGET /static/dark_bg.svg HTTP/1.1[0m" 304 -
[server]127.0.0.1 - - [07/Sep/2024 16:16:06] "[36mGET /static/kubernetes-engine-icon.png HTTP/1.1[0m" 304 -
[server]127.0.0.1 - - [07/Sep/2024 16:16:06] "[36mGET /static/kubernetes-engine-icon.png HTTP/1.1[0m" 304 -
files modified: [src/app.py]
Generating tags...
 - python-hello-world -> python-hello-world:latest
Tags generated in 172.847Âµs
Checking cache...
 - python-hello-world: Not found. Building
Cache check completed in 1.454572ms
Starting build...
Found [minikube] context, using local docker daemon.
Building [python-hello-world]...
Target platforms: [linux/amd64]
Creating tar file from 11 file(s)
Added 5/11 files to tar file
Added 10/11 files to tar file
Creating tar file completed in 3.519943ms
Sending build context to Docker daemon  216.1kB
Step 1/6 : FROM python:3.12-alpine
 ---> de975f3f5997
Step 2/6 : WORKDIR /app
 ---> Using cache
 ---> c2b68bbe1469
Step 3/6 : COPY requirements.txt .
 ---> Using cache
 ---> b8d2bb1a650f
Step 4/6 : RUN pip install --trusted-host pypi.python.org -r requirements.txt
 ---> Using cache
 ---> 0d0310a439bd
Step 5/6 : COPY . .
 ---> 8834a675e2fc
Step 6/6 : ENTRYPOINT ["python", "app.py"]
 ---> Running in 34e892921a37
 ---> ad1dee908007
Successfully built ad1dee908007
Successfully tagged python-hello-world:latest
Build [python-hello-world] succeeded
Build completed in 361.856293ms
Starting render...
starting render process
Render completed in 8.676925ms
Tags used in deployment:
 - python-hello-world -> python-hello-world:ad1dee90800746566f761d1a29f0c016997efb5e4cdebb19699e23a33097efe3
Starting deploy...
 - deployment.apps/python-hello-world configured
Waiting for deployments to stabilize...
Streaming logs from pod: python-hello-world-6989ff7588-869lz container: server
 - deployment/python-hello-world: waiting for rollout to finish: 1 old replicas are pending termination...
 - pod/python-hello-world-6989ff7588-869lz: running.
 - deployment/python-hello-world is ready.
Deployments stabilized in 11.261 seconds
Deploy completed in 11.667 seconds
Port forwarding service/python-hello-world-external in namespace default, remote port 80 -> http://127.0.0.1:4503
Watching for changes...
files modified: [src/app.py]
Generating tags...
 - python-hello-world -> python-hello-world:latest
Tags generated in 114.005Âµs
Checking cache...
 - python-hello-world: Found. Tagging
Cache check completed in 16.334289ms
Starting render...
starting render process
Render completed in 2.196785ms
Tags used in deployment:
 - python-hello-world -> python-hello-world:afa67d2b0ea161c96b5663b2e086e6d04916fb6aa6ff6746772b878e25a06430
Starting deploy...
 - deployment.apps/python-hello-world configured
Waiting for deployments to stabilize...
 - pod/python-hello-world-6c45b4b675-swfr7: creating container server
Streaming logs from pod: python-hello-world-6c45b4b675-swfr7 container: server
 - deployment/python-hello-world: waiting for rollout to finish: 1 old replicas are pending termination...
 - pod/python-hello-world-6c45b4b675-swfr7: running.
 - deployment/python-hello-world is ready.
Deployments stabilized in 11.226 seconds
Deploy completed in 11.62 seconds
Port forwarding service/python-hello-world-external in namespace default, remote port 80 -> http://127.0.0.1:4503
Watching for changes...
[server]127.0.0.1 - - [07/Sep/2024 16:20:49] "GET / HTTP/1.1" 200 -
[server]127.0.0.1 - - [07/Sep/2024 16:20:49] "GET / HTTP/1.1" 200 -
[server]127.0.0.1 - - [07/Sep/2024 16:20:49] "[36mGET /static/KE-hello-world-dark.svg HTTP/1.1[0m" 304 -
[server]127.0.0.1 - - [07/Sep/2024 16:20:49] "[36mGET /static/KE-hello-world-dark.svg HTTP/1.1[0m" 304 -
[server]127.0.0.1 - - [07/Sep/2024 16:20:49] "[36mGET /static/dark_bg.svg HTTP/1.1[0m" 304 -
[server]127.0.0.1 - - [07/Sep/2024 16:20:49] "[36mGET /static/dark_bg.svg HTTP/1.1[0m" 304 -
files modified: [src/app.py]
Generating tags...
 - python-hello-world -> python-hello-world:latest
Tags generated in 133.744Âµs
Checking cache...
 - python-hello-world: Not found. Building
Cache check completed in 1.865891ms
Starting build...
Found [minikube] context, using local docker daemon.
Building [python-hello-world]...
Target platforms: [linux/amd64]
Creating tar file from 11 file(s)
Added 5/11 files to tar file
Added 10/11 files to tar file
Creating tar file completed in 4.874578ms
Sending build context to Docker daemon  216.1kB
Step 1/6 : FROM python:3.12-alpine
 ---> de975f3f5997
Step 2/6 : WORKDIR /app
 ---> Using cache
 ---> c2b68bbe1469
Step 3/6 : COPY requirements.txt .
 ---> Using cache
 ---> b8d2bb1a650f
Step 4/6 : RUN pip install --trusted-host pypi.python.org -r requirements.txt
 ---> Using cache
 ---> 0d0310a439bd
Step 5/6 : COPY . .
 ---> f0aefe136f72
Step 6/6 : ENTRYPOINT ["python", "app.py"]
 ---> Running in 8098d003e6f4
 ---> b3cdea1c5cbb
Successfully built b3cdea1c5cbb
Successfully tagged python-hello-world:latest
Build [python-hello-world] succeeded
Build completed in 328.288803ms
Starting render...
starting render process
Render completed in 3.12956ms
Tags used in deployment:
 - python-hello-world -> python-hello-world:b3cdea1c5cbb1291493fcb85c4ea5a0b941c71036e85321697185023fa18274e
Starting deploy...
 - deployment.apps/python-hello-world configured
Waiting for deployments to stabilize...
Streaming logs from pod: python-hello-world-67675d4c99-2z2md container: server
 - deployment/python-hello-world: waiting for rollout to finish: 1 old replicas are pending termination...
 - pod/python-hello-world-67675d4c99-2z2md: running.
 - deployment/python-hello-world is ready.
Deployments stabilized in 11.222 seconds
Deploy completed in 11.659 seconds
Port forwarding service/python-hello-world-external in namespace default, remote port 80 -> http://127.0.0.1:4503
Watching for changes...
files modified: [src/app.py]
Generating tags...
 - python-hello-world -> python-hello-world:latest
Tags generated in 120.995Âµs
Checking cache...
 - python-hello-world: Not found. Building
Cache check completed in 1.206039ms
Starting build...
Found [minikube] context, using local docker daemon.
Building [python-hello-world]...
Target platforms: [linux/amd64]
Creating tar file from 11 file(s)
Added 5/11 files to tar file
Added 10/11 files to tar file
Creating tar file completed in 2.020605ms
Sending build context to Docker daemon  216.1kB
Step 1/6 : FROM python:3.12-alpine
 ---> de975f3f5997
Step 2/6 : WORKDIR /app
 ---> Using cache
 ---> c2b68bbe1469
Step 3/6 : COPY requirements.txt .
 ---> Using cache
 ---> b8d2bb1a650f
Step 4/6 : RUN pip install --trusted-host pypi.python.org -r requirements.txt
 ---> Using cache
 ---> 0d0310a439bd
Step 5/6 : COPY . .
 ---> 80ae7e25f08c
Step 6/6 : ENTRYPOINT ["python", "app.py"]
 ---> Running in 2bf70d1f898d
 ---> f57054deb81e
Successfully built f57054deb81e
Successfully tagged python-hello-world:latest
Build [python-hello-world] succeeded
Build completed in 336.94754ms
Starting render...
starting render process
Render completed in 2.644605ms
Tags used in deployment:
 - python-hello-world -> python-hello-world:f57054deb81ecf0173914d7ae913a0e343f8520e5f8049ca385a4ddf11a3a3e8
Starting deploy...
 - deployment.apps/python-hello-world configured
Waiting for deployments to stabilize...
 - pod/python-hello-world-6b54ddbfc6-d4ftk: creating container server
Streaming logs from pod: python-hello-world-6b54ddbfc6-d4ftk container: server
 - deployment/python-hello-world: waiting for rollout to finish: 1 old replicas are pending termination...
 - pod/python-hello-world-6b54ddbfc6-d4ftk: running.
 - deployment/python-hello-world is ready.
Deployments stabilized in 11.209 seconds
Deploy completed in 11.607 seconds
Port forwarding service/python-hello-world-external in namespace default, remote port 80 -> http://127.0.0.1:4503
Watching for changes...
[server]127.0.0.1 - - [07/Sep/2024 16:21:39] "GET / HTTP/1.1" 200 -
[server]127.0.0.1 - - [07/Sep/2024 16:21:39] "GET / HTTP/1.1" 200 -
[server]127.0.0.1 - - [07/Sep/2024 16:21:39] "[36mGET /static/KE-hello-world-dark.svg HTTP/1.1[0m" 304 -
[server]127.0.0.1 - - [07/Sep/2024 16:21:39] "[36mGET /static/dark_bg.svg HTTP/1.1[0m" 304 -
[server]127.0.0.1 - - [07/Sep/2024 16:21:39] "[36mGET /static/KE-hello-world-dark.svg HTTP/1.1[0m" 304 -
[server]127.0.0.1 - - [07/Sep/2024 16:21:39] "[36mGET /static/dark_bg.svg HTTP/1.1[0m" 304 -
[server]127.0.0.1 - - [07/Sep/2024 16:21:39] "[36mGET /static/kubernetes-engine-icon.png HTTP/1.1[0m" 304 -
[server]127.0.0.1 - - [07/Sep/2024 16:21:39] "[36mGET /static/kubernetes-engine-icon.png HTTP/1.1[0m" 304 -
files modified: [src/app.py]
Generating tags...
 - python-hello-world -> python-hello-world:latest
Tags generated in 142.502Âµs
Checking cache...
 - python-hello-world: Not found. Building
Cache check completed in 1.381826ms
Starting build...
Found [minikube] context, using local docker daemon.
Building [python-hello-world]...
Target platforms: [linux/amd64]
Creating tar file from 11 file(s)
Added 5/11 files to tar file
Added 10/11 files to tar file
Creating tar file completed in 3.470057ms
Sending build context to Docker daemon  216.1kB
Step 1/6 : FROM python:3.12-alpine
 ---> de975f3f5997
Step 2/6 : WORKDIR /app
 ---> Using cache
 ---> c2b68bbe1469
Step 3/6 : COPY requirements.txt .
 ---> Using cache
 ---> b8d2bb1a650f
Step 4/6 : RUN pip install --trusted-host pypi.python.org -r requirements.txt
 ---> Using cache
 ---> 0d0310a439bd
Step 5/6 : COPY . .
 ---> c1df40d04127
Step 6/6 : ENTRYPOINT ["python", "app.py"]
 ---> Running in b2f7c182a2b8
 ---> 7976107f1aad
Successfully built 7976107f1aad
Successfully tagged python-hello-world:latest
Build [python-hello-world] succeeded
Build completed in 326.688928ms
Starting render...
starting render process
Render completed in 2.112376ms
Tags used in deployment:
 - python-hello-world -> python-hello-world:7976107f1aadec7c045607b250df11464610bcf488071ef9a4a364713d69a503
Starting deploy...
 - deployment.apps/python-hello-world configured
Waiting for deployments to stabilize...
Streaming logs from pod: python-hello-world-7769df5f57-vklmf container: server
 - deployment/python-hello-world: waiting for rollout to finish: 1 old replicas are pending termination...
 - pod/python-hello-world-7769df5f57-vklmf: running.
 - deployment/python-hello-world is ready.
Deployments stabilized in 11.205 seconds
Deploy completed in 11.626 seconds
Port forwarding service/python-hello-world-external in namespace default, remote port 80 -> http://127.0.0.1:4503
Watching for changes...
[server]127.0.0.1 - - [07/Sep/2024 16:22:33] "GET / HTTP/1.1" 200 -
[server]127.0.0.1 - - [07/Sep/2024 16:22:33] "GET / HTTP/1.1" 200 -
[server]127.0.0.1 - - [07/Sep/2024 16:22:33] "[36mGET /static/KE-hello-world-dark.svg HTTP/1.1[0m" 304 -
[server]127.0.0.1 - - [07/Sep/2024 16:22:33] "[36mGET /static/dark_bg.svg HTTP/1.1[0m" 304 -
[server]127.0.0.1 - - [07/Sep/2024 16:22:33] "[36mGET /static/KE-hello-world-dark.svg HTTP/1.1[0m" 304 -
[server]127.0.0.1 - - [07/Sep/2024 16:22:33] "[36mGET /static/dark_bg.svg HTTP/1.1[0m" 304 -
[server]127.0.0.1 - - [07/Sep/2024 16:22:33] "[36mGET /static/kubernetes-engine-icon.png HTTP/1.1[0m" 304 -
[server]127.0.0.1 - - [07/Sep/2024 16:22:33] "[36mGET /static/kubernetes-engine-icon.png HTTP/1.1[0m" 304 -
files modified: [src/app.py]
Generating tags...
 - python-hello-world -> python-hello-world:latest
Tags generated in 148.456Âµs
Checking cache...
 - python-hello-world: Not found. Building
Cache check completed in 1.500277ms
Starting build...
Found [minikube] context, using local docker daemon.
Building [python-hello-world]...
Target platforms: [linux/amd64]
Creating tar file from 11 file(s)
Added 5/11 files to tar file
Added 10/11 files to tar file
Creating tar file completed in 3.867262ms
Sending build context to Docker daemon  216.1kB
Step 1/6 : FROM python:3.12-alpine
 ---> de975f3f5997
Step 2/6 : WORKDIR /app
 ---> Using cache
 ---> c2b68bbe1469
Step 3/6 : COPY requirements.txt .
 ---> Using cache
 ---> b8d2bb1a650f
Step 4/6 : RUN pip install --trusted-host pypi.python.org -r requirements.txt
 ---> Using cache
 ---> 0d0310a439bd
Step 5/6 : COPY . .
 ---> 16a52503c70d
Step 6/6 : ENTRYPOINT ["python", "app.py"]
 ---> Running in 771f772d3ba1
 ---> 1ff09cae318a
Successfully built 1ff09cae318a
Successfully tagged python-hello-world:latest
Build [python-hello-world] succeeded
Build completed in 331.834573ms
Starting render...
starting render process
Render completed in 13.083673ms
Tags used in deployment:
 - python-hello-world -> python-hello-world:1ff09cae318a5d3d20b1f1eb200cbedf26086c37296c080bdea59393dae61489
Starting deploy...
 - deployment.apps/python-hello-world configured
Waiting for deployments to stabilize...
Streaming logs from pod: python-hello-world-5bf5f88b75-zn4v6 container: server
 - deployment/python-hello-world: waiting for rollout to finish: 1 old replicas are pending termination...
 - pod/python-hello-world-5bf5f88b75-zn4v6: running.
 - deployment/python-hello-world is ready.
Deployments stabilized in 11.199 seconds
Deploy completed in 11.622 seconds
Port forwarding service/python-hello-world-external in namespace default, remote port 80 -> http://127.0.0.1:4503
Watching for changes...
files modified: [src/app.py]
Generating tags...
 - python-hello-world -> python-hello-world:latest
Tags generated in 127.992Âµs
Checking cache...
 - python-hello-world: Not found. Building
Cache check completed in 1.4172ms
Starting build...
Found [minikube] context, using local docker daemon.
Building [python-hello-world]...
Target platforms: [linux/amd64]
Creating tar file from 11 file(s)
Added 5/11 files to tar file
Added 10/11 files to tar file
Creating tar file completed in 4.602082ms
Sending build context to Docker daemon  216.1kB
Step 1/6 : FROM python:3.12-alpine
 ---> de975f3f5997
Step 2/6 : WORKDIR /app
 ---> Using cache
 ---> c2b68bbe1469
Step 3/6 : COPY requirements.txt .
 ---> Using cache
 ---> b8d2bb1a650f
Step 4/6 : RUN pip install --trusted-host pypi.python.org -r requirements.txt
 ---> Using cache
 ---> 0d0310a439bd
Step 5/6 : COPY . .
 ---> 08af27c74473
Step 6/6 : ENTRYPOINT ["python", "app.py"]
 ---> Running in 479f7cb85d2c
 ---> 5ad70091635b
Successfully built 5ad70091635b
Successfully tagged python-hello-world:latest
Build [python-hello-world] succeeded
Build completed in 327.089023ms
Starting render...
starting render process
Render completed in 3.117836ms
Tags used in deployment:
 - python-hello-world -> python-hello-world:5ad70091635b927fa651ce5fbeb64fa3ba1ea1a5f07cf0e1a5dd09a5bacd16ad
Starting deploy...
 - deployment.apps/python-hello-world configured
Waiting for deployments to stabilize...
 - pod/python-hello-world-669485996d-zsxn7: creating container server
Streaming logs from pod: python-hello-world-669485996d-zsxn7 container: server
 - deployment/python-hello-world: waiting for rollout to finish: 1 old replicas are pending termination...
 - pod/python-hello-world-669485996d-zsxn7: running.
 - deployment/python-hello-world is ready.
Deployments stabilized in 11.206 seconds
Deploy completed in 11.601 seconds
Port forwarding service/python-hello-world-external in namespace default, remote port 80 -> http://127.0.0.1:4503
Watching for changes...
[server]127.0.0.1 - - [07/Sep/2024 16:28:01] "GET / HTTP/1.1" 200 -
[server]127.0.0.1 - - [07/Sep/2024 16:28:01] "GET / HTTP/1.1" 200 -
[server]127.0.0.1 - - [07/Sep/2024 16:28:01] "[36mGET /static/KE-hello-world-dark.svg HTTP/1.1[0m" 304 -
[server]127.0.0.1 - - [07/Sep/2024 16:28:01] "[36mGET /static/KE-hello-world-dark.svg HTTP/1.1[0m" 304 -
[server]127.0.0.1 - - [07/Sep/2024 16:28:01] "[36mGET /static/dark_bg.svg HTTP/1.1[0m" 304 -
[server]127.0.0.1 - - [07/Sep/2024 16:28:01] "[36mGET /static/dark_bg.svg HTTP/1.1[0m" 304 -
files modified: [src/app.py]
Generating tags...
 - python-hello-world -> python-hello-world:latest
Tags generated in 174.318Âµs
Checking cache...
 - python-hello-world: Not found. Building
Cache check completed in 1.575619ms
Starting build...
Found [minikube] context, using local docker daemon.
Building [python-hello-world]...
Target platforms: [linux/amd64]
Creating tar file from 11 file(s)
Added 5/11 files to tar file
Added 10/11 files to tar file
Creating tar file completed in 4.631543ms
Sending build context to Docker daemon  216.1kB
Step 1/6 : FROM python:3.12-alpine
 ---> de975f3f5997
Step 2/6 : WORKDIR /app
 ---> Using cache
 ---> c2b68bbe1469
Step 3/6 : COPY requirements.txt .
 ---> Using cache
 ---> b8d2bb1a650f
Step 4/6 : RUN pip install --trusted-host pypi.python.org -r requirements.txt
 ---> Using cache
 ---> 0d0310a439bd
Step 5/6 : COPY . .
 ---> c397f92493b4
Step 6/6 : ENTRYPOINT ["python", "app.py"]
 ---> Running in 2423713f4ed7
 ---> 58534b6239ae
Successfully built 58534b6239ae
Successfully tagged python-hello-world:latest
Build [python-hello-world] succeeded
Build completed in 322.487417ms
Starting render...
starting render process
Render completed in 2.565331ms
Tags used in deployment:
 - python-hello-world -> python-hello-world:58534b6239ae61c20995ea0fdabf73b0aefae56ffd9b2575cb24a23eeb35a2b0
Starting deploy...
 - deployment.apps/python-hello-world configured
Waiting for deployments to stabilize...
Streaming logs from pod: python-hello-world-79c794f5b6-8hxxq container: server
 - deployment/python-hello-world: waiting for rollout to finish: 1 old replicas are pending termination...
 - pod/python-hello-world-79c794f5b6-8hxxq: running.
 - deployment/python-hello-world is ready.
Deployments stabilized in 11.218 seconds
Deploy completed in 11.635 seconds
Port forwarding service/python-hello-world-external in namespace default, remote port 80 -> http://127.0.0.1:4503
Watching for changes...
files modified: [src/app.py]
Generating tags...
 - python-hello-world -> python-hello-world:latest
Tags generated in 117.438Âµs
Checking cache...
 - python-hello-world: Not found. Building
Cache check completed in 1.451353ms
Starting build...
Found [minikube] context, using local docker daemon.
Building [python-hello-world]...
Target platforms: [linux/amd64]
Creating tar file from 11 file(s)
Added 5/11 files to tar file
Added 10/11 files to tar file
Creating tar file completed in 3.544497ms
Sending build context to Docker daemon  216.1kB
Step 1/6 : FROM python:3.12-alpine
 ---> de975f3f5997
Step 2/6 : WORKDIR /app
 ---> Using cache
 ---> c2b68bbe1469
Step 3/6 : COPY requirements.txt .
 ---> Using cache
 ---> b8d2bb1a650f
Step 4/6 : RUN pip install --trusted-host pypi.python.org -r requirements.txt
 ---> Using cache
 ---> 0d0310a439bd
Step 5/6 : COPY . .
 ---> 05d64fa8ef70
Step 6/6 : ENTRYPOINT ["python", "app.py"]
 ---> Running in c299662c8d1f
 ---> fabf0fe2f0cb
Successfully built fabf0fe2f0cb
Successfully tagged python-hello-world:latest
Build [python-hello-world] succeeded
Build completed in 330.131422ms
Starting render...
starting render process
Render completed in 4.162904ms
Tags used in deployment:
 - python-hello-world -> python-hello-world:fabf0fe2f0cb7c2f7877f41b3b5642918a2d77108e105b3aebbd4fefe5d45249
Starting deploy...
 - deployment.apps/python-hello-world configured
Waiting for deployments to stabilize...
 - pod/python-hello-world-5cf985dffb-28wzl: creating container server
Streaming logs from pod: python-hello-world-5cf985dffb-28wzl container: server
 - deployment/python-hello-world: waiting for rollout to finish: 1 old replicas are pending termination...
 - pod/python-hello-world-5cf985dffb-28wzl: running.
 - deployment/python-hello-world is ready.
Deployments stabilized in 11.211 seconds
Deploy completed in 11.608 seconds
Port forwarding service/python-hello-world-external in namespace default, remote port 80 -> http://127.0.0.1:4503
Watching for changes...
[server]127.0.0.1 - - [07/Sep/2024 16:28:46] "GET / HTTP/1.1" 200 -
[server]127.0.0.1 - - [07/Sep/2024 16:28:46] "GET / HTTP/1.1" 200 -
[server]127.0.0.1 - - [07/Sep/2024 16:28:46] "[36mGET /static/KE-hello-world-dark.svg HTTP/1.1[0m" 304 -
[server]127.0.0.1 - - [07/Sep/2024 16:28:46] "[36mGET /static/dark_bg.svg HTTP/1.1[0m" 304 -
[server]127.0.0.1 - - [07/Sep/2024 16:28:46] "[36mGET /static/KE-hello-world-dark.svg HTTP/1.1[0m" 304 -
[server]127.0.0.1 - - [07/Sep/2024 16:28:46] "[36mGET /static/dark_bg.svg HTTP/1.1[0m" 304 -
[server]127.0.0.1 - - [07/Sep/2024 16:28:46] "[36mGET /static/kubernetes-engine-icon.png HTTP/1.1[0m" 304 -
[server]127.0.0.1 - - [07/Sep/2024 16:28:46] "[36mGET /static/kubernetes-engine-icon.png HTTP/1.1[0m" 304 -
files modified: [src/app.py]
Generating tags...
 - python-hello-world -> python-hello-world:latest
Tags generated in 123.63Âµs
Checking cache...
 - python-hello-world: Not found. Building
Cache check completed in 1.48282ms
Starting build...
Found [minikube] context, using local docker daemon.
Building [python-hello-world]...
Target platforms: [linux/amd64]
Creating tar file from 11 file(s)
Added 5/11 files to tar file
Added 10/11 files to tar file
Creating tar file completed in 3.917874ms
Sending build context to Docker daemon  216.1kB
Step 1/6 : FROM python:3.12-alpine
 ---> de975f3f5997
Step 2/6 : WORKDIR /app
 ---> Using cache
 ---> c2b68bbe1469
Step 3/6 : COPY requirements.txt .
 ---> Using cache
 ---> b8d2bb1a650f
Step 4/6 : RUN pip install --trusted-host pypi.python.org -r requirements.txt
 ---> Using cache
 ---> 0d0310a439bd
Step 5/6 : COPY . .
 ---> a88cbeaa8eec
Step 6/6 : ENTRYPOINT ["python", "app.py"]
 ---> Running in b1ddcf30a488
 ---> 2efac4530583
Successfully built 2efac4530583
Successfully tagged python-hello-world:latest
Build [python-hello-world] succeeded
Build completed in 371.786851ms
Starting render...
starting render process
Render completed in 7.926672ms
Tags used in deployment:
 - python-hello-world -> python-hello-world:2efac45305833eade505e8d2174c0de3254435c41947da0b9e2719cd5efa4c98
Starting deploy...
 - deployment.apps/python-hello-world configured
Waiting for deployments to stabilize...
 - pod/python-hello-world-68bcff66d6-9qp52: creating container server
Streaming logs from pod: python-hello-world-68bcff66d6-9qp52 container: server
 - deployment/python-hello-world: waiting for rollout to finish: 1 old replicas are pending termination...
 - pod/python-hello-world-68bcff66d6-9qp52: running.
 - deployment/python-hello-world is ready.
Deployments stabilized in 11.203 seconds
Deploy completed in 11.658 seconds
Port forwarding service/python-hello-world-external in namespace default, remote port 80 -> http://127.0.0.1:4503
Watching for changes...
[server]127.0.0.1 - - [07/Sep/2024 16:29:24] "GET / HTTP/1.1" 200 -
[server]127.0.0.1 - - [07/Sep/2024 16:29:24] "GET / HTTP/1.1" 200 -
[server]127.0.0.1 - - [07/Sep/2024 16:29:24] "[36mGET /static/KE-hello-world-dark.svg HTTP/1.1[0m" 304 -
[server]127.0.0.1 - - [07/Sep/2024 16:29:24] "[36mGET /static/dark_bg.svg HTTP/1.1[0m" 304 -
[server]127.0.0.1 - - [07/Sep/2024 16:29:24] "[36mGET /static/KE-hello-world-dark.svg HTTP/1.1[0m" 304 -
[server]127.0.0.1 - - [07/Sep/2024 16:29:24] "[36mGET /static/dark_bg.svg HTTP/1.1[0m" 304 -
[server]127.0.0.1 - - [07/Sep/2024 16:29:25] "[36mGET /static/kubernetes-engine-icon.png HTTP/1.1[0m" 304 -
[server]127.0.0.1 - - [07/Sep/2024 16:29:25] "[36mGET /static/kubernetes-engine-icon.png HTTP/1.1[0m" 304 -
files modified: [src/app.py]
Generating tags...
 - python-hello-world -> python-hello-world:latest
Tags generated in 199.516Âµs
Checking cache...
 - python-hello-world: Found. Tagging
Cache check completed in 15.856353ms
Starting render...
starting render process
Render completed in 3.428791ms
Tags used in deployment:
 - python-hello-world -> python-hello-world:5ad70091635b927fa651ce5fbeb64fa3ba1ea1a5f07cf0e1a5dd09a5bacd16ad
Starting deploy...
 - deployment.apps/python-hello-world configured
Waiting for deployments to stabilize...
Streaming logs from pod: python-hello-world-669485996d-vxsm5 container: server
 - deployment/python-hello-world: waiting for rollout to finish: 1 old replicas are pending termination...
 - pod/python-hello-world-669485996d-vxsm5: running.
 - deployment/python-hello-world is ready.
Deployments stabilized in 11.233 seconds
Deploy completed in 11.614 seconds
Port forwarding service/python-hello-world-external in namespace default, remote port 80 -> http://127.0.0.1:4503
Watching for changes...
[server]127.0.0.1 - - [07/Sep/2024 16:36:47] "GET / HTTP/1.1" 200 -
[server]127.0.0.1 - - [07/Sep/2024 16:36:47] "GET / HTTP/1.1" 200 -
[server]127.0.0.1 - - [07/Sep/2024 16:36:47] "[36mGET /static/KE-hello-world-dark.svg HTTP/1.1[0m" 304 -
[server]127.0.0.1 - - [07/Sep/2024 16:36:47] "[36mGET /static/dark_bg.svg HTTP/1.1[0m" 304 -
[server]127.0.0.1 - - [07/Sep/2024 16:36:47] "[36mGET /static/KE-hello-world-dark.svg HTTP/1.1[0m" 304 -
[server]127.0.0.1 - - [07/Sep/2024 16:36:47] "[36mGET /static/dark_bg.svg HTTP/1.1[0m" 304 -
[server]127.0.0.1 - - [07/Sep/2024 16:36:49] "GET / HTTP/1.1" 200 -
[server]127.0.0.1 - - [07/Sep/2024 16:36:49] "GET / HTTP/1.1" 200 -
[server]127.0.0.1 - - [07/Sep/2024 16:36:49] "[36mGET /static/KE-hello-world-dark.svg HTTP/1.1[0m" 304 -
[server]127.0.0.1 - - [07/Sep/2024 16:36:50] "[36mGET /static/dark_bg.svg HTTP/1.1[0m" 304 -
[server]127.0.0.1 - - [07/Sep/2024 16:36:49] "[36mGET /static/KE-hello-world-dark.svg HTTP/1.1[0m" 304 -
[server]127.0.0.1 - - [07/Sep/2024 16:36:50] "[36mGET /static/dark_bg.svg HTTP/1.1[0m" 304 -
[server]127.0.0.1 - - [07/Sep/2024 16:36:50] "[36mGET /static/kubernetes-engine-icon.png HTTP/1.1[0m" 304 -
[server]127.0.0.1 - - [07/Sep/2024 16:36:50] "[36mGET /static/kubernetes-engine-icon.png HTTP/1.1[0m" 304 -
files modified: [src/app.py]
Generating tags...
 - python-hello-world -> python-hello-world:latest
Tags generated in 142.939Âµs
Checking cache...
 - python-hello-world: Not found. Building
Cache check completed in 1.534499ms
Starting build...
Found [minikube] context, using local docker daemon.
Building [python-hello-world]...
Target platforms: [linux/amd64]
Creating tar file from 11 file(s)
Added 5/11 files to tar file
Added 10/11 files to tar file
Creating tar file completed in 6.429058ms
Sending build context to Docker daemon  216.1kB
Step 1/6 : FROM python:3.12-alpine
 ---> de975f3f5997
Step 2/6 : WORKDIR /app
 ---> Using cache
 ---> c2b68bbe1469
Step 3/6 : COPY requirements.txt .
 ---> Using cache
 ---> b8d2bb1a650f
Step 4/6 : RUN pip install --trusted-host pypi.python.org -r requirements.txt
 ---> Using cache
 ---> 0d0310a439bd
Step 5/6 : COPY . .
 ---> 6fbe4ff92f1e
Step 6/6 : ENTRYPOINT ["python", "app.py"]
 ---> Running in e72878a37727
 ---> 460e024457e7
Successfully built 460e024457e7
Successfully tagged python-hello-world:latest
Build [python-hello-world] succeeded
Build completed in 355.675077ms
Starting render...
starting render process
Render completed in 2.419361ms
Tags used in deployment:
 - python-hello-world -> python-hello-world:460e024457e74b46462994e6f9b614dcc16c16e5fed56420e8a2545f313c537a
Starting deploy...
 - deployment.apps/python-hello-world configured
Waiting for deployments to stabilize...
Streaming logs from pod: python-hello-world-79b8c56455-lswl9 container: server
 - deployment/python-hello-world: waiting for rollout to finish: 1 old replicas are pending termination...
 - pod/python-hello-world-79b8c56455-lswl9: running.
 - deployment/python-hello-world is ready.
Deployments stabilized in 11.238 seconds
Deploy completed in 11.65 seconds
Port forwarding service/python-hello-world-external in namespace default, remote port 80 -> http://127.0.0.1:4503
Watching for changes...
files modified: [src/app.py]
Generating tags...
 - python-hello-world -> python-hello-world:latest
Tags generated in 132.834Âµs
Checking cache...
 - python-hello-world: Found. Tagging
Cache check completed in 16.061122ms
Starting render...
starting render process
Render completed in 2.461243ms
Tags used in deployment:
 - python-hello-world -> python-hello-world:fabf0fe2f0cb7c2f7877f41b3b5642918a2d77108e105b3aebbd4fefe5d45249
Starting deploy...
 - deployment.apps/python-hello-world configured
Waiting for deployments to stabilize...
 - pod/python-hello-world-5cf985dffb-jwhng: creating container server
Streaming logs from pod: python-hello-world-5cf985dffb-jwhng container: server
 - deployment/python-hello-world: waiting for rollout to finish: 1 old replicas are pending termination...
 - pod/python-hello-world-5cf985dffb-jwhng: running.
 - deployment/python-hello-world is ready.
Deployments stabilized in 11.222 seconds
Deploy completed in 11.627 seconds
Port forwarding service/python-hello-world-external in namespace default, remote port 80 -> http://127.0.0.1:4503
Watching for changes...
[server]127.0.0.1 - - [07/Sep/2024 16:37:36] "GET / HTTP/1.1" 200 -
[server]127.0.0.1 - - [07/Sep/2024 16:37:36] "GET / HTTP/1.1" 200 -
[server]127.0.0.1 - - [07/Sep/2024 16:37:36] "[36mGET /static/KE-hello-world-dark.svg HTTP/1.1[0m" 304 -
[server]127.0.0.1 - - [07/Sep/2024 16:37:36] "[36mGET /static/dark_bg.svg HTTP/1.1[0m" 304 -
[server]127.0.0.1 - - [07/Sep/2024 16:37:36] "[36mGET /static/KE-hello-world-dark.svg HTTP/1.1[0m" 304 -
[server]127.0.0.1 - - [07/Sep/2024 16:37:36] "[36mGET /static/dark_bg.svg HTTP/1.1[0m" 304 -
[server]127.0.0.1 - - [07/Sep/2024 16:37:36] "[36mGET /static/kubernetes-engine-icon.png HTTP/1.1[0m" 304 -
[server]127.0.0.1 - - [07/Sep/2024 16:37:36] "[36mGET /static/kubernetes-engine-icon.png HTTP/1.1[0m" 304 -
files modified: [src/app.py]
Generating tags...
 - python-hello-world -> python-hello-world:latest
Tags generated in 130.688Âµs
Checking cache...
 - python-hello-world: Not found. Building
Cache check completed in 1.428824ms
Starting build...
Found [minikube] context, using local docker daemon.
Building [python-hello-world]...
Target platforms: [linux/amd64]
Creating tar file from 11 file(s)
Added 5/11 files to tar file
Added 10/11 files to tar file
Creating tar file completed in 5.22942ms
Sending build context to Docker daemon  216.1kB
Step 1/6 : FROM python:3.12-alpine
 ---> de975f3f5997
Step 2/6 : WORKDIR /app
 ---> Using cache
 ---> c2b68bbe1469
Step 3/6 : COPY requirements.txt .
 ---> Using cache
 ---> b8d2bb1a650f
Step 4/6 : RUN pip install --trusted-host pypi.python.org -r requirements.txt
 ---> Using cache
 ---> 0d0310a439bd
Step 5/6 : COPY . .
 ---> 1d961126f48b
Step 6/6 : ENTRYPOINT ["python", "app.py"]
 ---> Running in d5629300c773
 ---> 10eafc40dfa6
Successfully built 10eafc40dfa6
Successfully tagged python-hello-world:latest
Build [python-hello-world] succeeded
Build completed in 334.720345ms
Starting render...
starting render process
Render completed in 16.886909ms
Tags used in deployment:
 - python-hello-world -> python-hello-world:10eafc40dfa661d154d6cafeefb4ac5cd68458ce051c3b66273bbce2be07fb61
Starting deploy...
 - deployment.apps/python-hello-world configured
Waiting for deployments to stabilize...
 - pod/python-hello-world-847ffb6fbd-j5rdn: creating container server
Streaming logs from pod: python-hello-world-847ffb6fbd-j5rdn container: server
 - deployment/python-hello-world: waiting for rollout to finish: 1 old replicas are pending termination...
 - pod/python-hello-world-847ffb6fbd-j5rdn: running.
 - deployment/python-hello-world is ready.
Deployments stabilized in 11.201 seconds
Deploy completed in 11.636 seconds
Port forwarding service/python-hello-world-external in namespace default, remote port 80 -> http://127.0.0.1:4503
Watching for changes...
[server]127.0.0.1 - - [07/Sep/2024 16:38:20] "GET / HTTP/1.1" 200 -
[server]127.0.0.1 - - [07/Sep/2024 16:38:20] "GET / HTTP/1.1" 200 -
[server]127.0.0.1 - - [07/Sep/2024 16:38:20] "[36mGET /static/KE-hello-world-dark.svg HTTP/1.1[0m" 304 -
[server]127.0.0.1 - - [07/Sep/2024 16:38:20] "[36mGET /static/dark_bg.svg HTTP/1.1[0m" 304 -
[server]127.0.0.1 - - [07/Sep/2024 16:38:20] "[36mGET /static/KE-hello-world-dark.svg HTTP/1.1[0m" 304 -
[server]127.0.0.1 - - [07/Sep/2024 16:38:20] "[36mGET /static/dark_bg.svg HTTP/1.1[0m" 304 -
[server]127.0.0.1 - - [07/Sep/2024 16:38:20] "[36mGET /static/kubernetes-engine-icon.png HTTP/1.1[0m" 304 -
[server]127.0.0.1 - - [07/Sep/2024 16:38:20] "[36mGET /static/kubernetes-engine-icon.png HTTP/1.1[0m" 304 -
