Initializing document watcher...
Document watcher initialized
No more open editors.
undefined: {}
undefined: {}
undefined: {}
undefined: {}
undefined: {}
undefined: {}
undefined: {}
undefined: {}
undefined: {}
hello-world-7/README.md: {}
hello-world-7/README.md: {}
hello-world-7/README.md: {}
hello-world-7/README.md: {}
hello-world-7/README.md: {}
hello-world-7/README.md: {}
hello-world-7/README.md: {}
hello-world-7/README.md: {}
hello-world-7/README.md: {}
hello-world-7/README.md: {}
hello-world-7/README.md: {}
hello-world-7/README.md: {}
hello-world-7/README.md: {}
hello-world-7/README.md: {}
hello-world-7/README.md: {}
hello-world-7/src/app.py: {}
hello-world-7/src/app.py: Using EditorConfig core...
hello-world-7/src/app.py: Using EditorConfig core...
hello-world-7/src/app.py: {}
hello-world-7/src/app.py: {}
hello-world-7/src/app.py: {}
hello-world-7/src/app.py: {}
hello-world-7/src/app.py: {}
hello-world-7/src/Dockerfile: {}
hello-world-7/src/requirements.txt: {}
/User/settings.json: Using EditorConfig core...
hello-world-7/src/requirements.txt: {}
hello-world-7/src/requirements.txt: {}
undefined: {}
undefined: {}
hello-world-7/src/Dockerfile: {}
hello-world-7/.vscode/launch.json: {}
hello-world-7/.vscode/extensions.json: {}
hello-world-7/.vscode/tasks.json: {}
No more open editors.
No more open editors.
No more open editors.
No more open editors.
No more open editors.
No more open editors.
hello-world-7/src/app.py: {}
hello-world-7/src/app.py: Using EditorConfig core...
hello-world-7/src/app.py: Using EditorConfig core...
hello-world-7/src/app.py: Using EditorConfig core...
hello-world-7/src/app.py: {}
hello-world-7/src/app.py: {}
hello-world-7/src/app.py: {}
hello-world-7/src/app.py: {}
hello-world-7/src/Dockerfile: {}
hello-world-7/src/Dockerfile: {}
hello-world-7/src/Dockerfile: {}
hello-world-7/src/Dockerfile: {}
undefined: {}
undefined: {}
hello-world-7/src/Dockerfile: {}
undefined: {}
undefined: {}
undefined: {}
undefined: {}
hello-world-7/src/app.py: {}
hello-world-7/src/app.py: {}
hello-world-7/src/app.py: {}
hello-world-7/src/app.py: {}
hello-world-7/src/app.py: {}
hello-world-7/src/app.py: Using EditorConfig core...
hello-world-7/src/app.py: Using EditorConfig core...
hello-world-7/src/app.py: Using EditorConfig core...
hello-world-7/src/app.py: Using EditorConfig core...
undefined: {}
undefined: {}
hello-world-7/src/app.py: {}
hello-world-7/src/app.py: Using EditorConfig core...
hello-world-7/src/app.py: Using EditorConfig core...
hello-world-7/src/app.py: {}
hello-world-7/src/app.py: {}
hello-world-7/src/app.py: Using EditorConfig core...
hello-world-7/src/app.py: Using EditorConfig core...
hello-world-7/src/app.py: Using EditorConfig core...
hello-world-7/src/app.py: {}
hello-world-7/src/app.py: {}
hello-world-7/src/app.py: {}
hello-world-7/src/app.py: {}
hello-world-7/src/app.py: {}
hello-world-7/src/app.py: Using EditorConfig core...
hello-world-7/src/app.py: {}
hello-world-7/src/app.py: Using EditorConfig core...
hello-world-7/src/app.py: {}
hello-world-7/src/app.py: {}
hello-world-7/src/app.py: {}
hello-world-7/src/app.py: Using EditorConfig core...
hello-world-7/src/app.py: Using EditorConfig core...
hello-world-7/src/app.py: {}
hello-world-7/src/app.py: {}
hello-world-7/src/app.py: {}
hello-world-7/src/app.py: {}
hello-world-7/src/app.py: {}
hello-world-7/src/app.py: {}
hello-world-7/src/app.py: Using EditorConfig core...
hello-world-7/src/app.py: Using EditorConfig core...
hello-world-7/src/app.py: {}
hello-world-7/src/app.py: Using EditorConfig core...
hello-world-7/src/app.py: Using EditorConfig core...
hello-world-7/src/app.py: {}
hello-world-7/src/app.py: {}
hello-world-7/src/app.py: Using EditorConfig core...
hello-world-7/src/app.py: Using EditorConfig core...
hello-world-7/src/app.py: Using EditorConfig core...
hello-world-7/src/app.py: {}
hello-world-7/src/app.py: {}
hello-world-7/src/app.py: Using EditorConfig core...
hello-world-7/src/app.py: Using EditorConfig core...
hello-world-7/src/app.py: {}
hello-world-7/src/app.py: Using EditorConfig core...
hello-world-7/src/app.py: {}
hello-world-7/src/app.py: {}
hello-world-7/src/app.py: {}
hello-world-7/src/app.py: Using EditorConfig core...
hello-world-7/src/app.py: Using EditorConfig core...
hello-world-7/src/app.py: {}
hello-world-7/src/app.py: {}
hello-world-7/src/app.py: {}
hello-world-7/src/app.py: {}
hello-world-7/src/app.py: Using EditorConfig core...
hello-world-7/src/app.py: Using EditorConfig core...
hello-world-7/src/app.py: Using EditorConfig core...
hello-world-7/src/app.py: {}
hello-world-7/src/app.py: Using EditorConfig core...
hello-world-7/src/app.py: {}
hello-world-7/src/app.py: {}
hello-world-7/src/app.py: {}
hello-world-7/src/app.py: {}
hello-world-7/src/app.py: Using EditorConfig core...
hello-world-7/src/app.py: {}
hello-world-7/src/app.py: {}
hello-world-7/src/app.py: Using EditorConfig core...
hello-world-7/src/app.py: Using EditorConfig core...
hello-world-7/src/app.py: {}
hello-world-7/src/app.py: Using EditorConfig core...
hello-world-7/src/app.py: {}
hello-world-7/src/app.py: {}
hello-world-7/src/app.py: {}
hello-world-7/src/app.py: {}
hello-world-7/src/app.py: {}
hello-world-7/src/app.py: {}
hello-world-7/src/app.py: {}
hello-world-7/.vscode/launch.json: Using EditorConfig core...
hello-world-7/src/app.py: Using EditorConfig core...
hello-world-7/src/app.py: {}
hello-world-7/src/app.py: {}
hello-world-7/src/app.py: {}
hello-world-7/src/app.py: {}
undefined: {}
hello-world-7/src/app.py: {}
hello-world-7/src/app.py: {}
hello-world-7/src/app.py: {}
hello-world-7/src/app.py: {}
hello-world-7/src/app.py: {}
hello-world-7/src/app.py: {}
hello-world-7/src/app.py: {}
hello-world-7/src/app.py: {}
hello-world-7/src/app.py: {}
hello-world-7/src/app.py: {}
hello-world-7/src/app.py: {}
