2024-09-07 17:58:08.539 [info] Extension host with pid 88989 started
2024-09-07 17:58:08.539 [error] Error: EEXIST: file already exists, open '/home/kaiser8449/.codeoss/data/User/workspaceStorage/-335a15/vscode.lock'
2024-09-07 17:58:08.548 [info] Lock '/home/kaiser8449/.codeoss/data/User/workspaceStorage/-335a15/vscode.lock': Could not acquire lock, checking if the file is stale.
2024-09-07 17:58:08.553 [info] Lock '/home/kaiser8449/.codeoss/data/User/workspaceStorage/-335a15/vscode.lock': The lock does not look stale, elapsed: 777 ms, giving up.
2024-09-07 17:58:08.554 [error] Error: EEXIST: file already exists, open '/home/kaiser8449/.codeoss/data/User/workspaceStorage/-335a15-1/vscode.lock'
2024-09-07 17:58:08.555 [info] Lock '/home/kaiser8449/.codeoss/data/User/workspaceStorage/-335a15-1/vscode.lock': Could not acquire lock, checking if the file is stale.
2024-09-07 17:58:08.555 [info] Lock '/home/kaiser8449/.codeoss/data/User/workspaceStorage/-335a15-1/vscode.lock': The lock does not look stale, elapsed: 811 ms, giving up.
2024-09-07 17:58:08.572 [info] Lock '/home/kaiser8449/.codeoss/data/User/workspaceStorage/-335a15-2/vscode.lock': Lock acquired.
2024-09-07 17:58:08.685 [info] ExtensionService#_doActivateExtension vscode.emmet, startup: false, activationEvent: 'onLanguage'
2024-09-07 17:58:08.946 [info] ExtensionService#_doActivateExtension vscode.git-base, startup: true, activationEvent: '*', root cause: vscode.git
2024-09-07 17:58:09.289 [info] ExtensionService#_doActivateExtension vscode.git, startup: true, activationEvent: '*'
2024-09-07 17:58:09.290 [info] ExtensionService#_doActivateExtension vscode.github, startup: true, activationEvent: '*'
2024-09-07 17:58:15.948 [info] Not activating extension 'hashicorp.terraform': Timed out while searching for 'workspaceContains' pattern **/*.tf,**/*.tfvars
2024-09-07 17:58:15.949 [info] Not activating extension 'redhat.fabric8-analytics': Timed out while searching for 'workspaceContains' pattern **/package.json,**/pom.xml,**/go.mod,**/requirements.txt
2024-09-07 17:58:15.949 [info] Not activating extension 'redhat.java': Timed out while searching for 'workspaceContains' pattern */pom.xml,*/build.gradle,*/settings.gradle,*/build.gradle.kts,*/settings.gradle.kts,*/.classpath
2024-09-07 17:58:15.951 [info] Not activating extension 'vscjava.vscode-java-dependency': Timed out while searching for 'workspaceContains' pattern */pom.xml,*/build.gradle,*/settings.gradle,*/build.gradle.kts,*/settings.gradle.kts,*/.classpath
2024-09-07 17:58:15.951 [info] Not activating extension 'vscjava.vscode-java-test': Timed out while searching for 'workspaceContains' pattern */pom.xml,*/build.gradle,*/settings.gradle,*/build.gradle.kts,*/settings.gradle.kts,*/.classpath
2024-09-07 17:58:15.951 [info] Not activating extension 'vscjava.vscode-maven': Timed out while searching for 'workspaceContains' pattern **/pom.xml
2024-09-07 17:58:18.955 [info] ExtensionService#_doActivateExtension EditorConfig.EditorConfig, startup: false, activationEvent: 'onStartupFinished'
2024-09-07 17:58:18.956 [info] ExtensionService#_doActivateExtension google.cloud-shell, startup: false, activationEvent: 'onStartupFinished'
2024-09-07 17:58:18.956 [info] ExtensionService#_doActivateExtension googlecloudtools.cloudcode, startup: false, activationEvent: 'onStartupFinished'
2024-09-07 17:58:18.957 [info] ExtensionService#_doActivateExtension vscode.debug-auto-launch, startup: false, activationEvent: 'onStartupFinished'
2024-09-07 17:58:18.957 [info] ExtensionService#_doActivateExtension vscode.merge-conflict, startup: false, activationEvent: 'onStartupFinished'
2024-09-07 17:58:18.958 [info] ExtensionService#_doActivateExtension esbenp.prettier-vscode, startup: false, activationEvent: 'onStartupFinished'
2024-09-07 17:58:18.958 [info] ExtensionService#_doActivateExtension vscode.github-authentication, startup: false, activationEvent: 'onStartupFinished', root cause: GitHub.vscode-pull-request-github
