2024-09-07 17:01:43.645 [info] Log level: Info
2024-09-07 17:01:43.645 [info] Validating found git in: "git"
2024-09-07 17:01:43.645 [info] Using git "2.34.1" from "git"
2024-09-07 17:01:43.645 [info] > git rev-parse --show-toplevel [2ms]
2024-09-07 17:01:43.645 [info] fatal: not a git repository (or any parent up to mount point /)
Stopping at filesystem boundary (GIT_DISCOVERY_ACROSS_FILESYSTEM not set).
2024-09-07 17:01:43.645 [info] > git rev-parse --show-toplevel [2ms]
2024-09-07 17:01:43.645 [info] fatal: not a git repository (or any parent up to mount point /)
Stopping at filesystem boundary (GIT_DISCOVERY_ACROSS_FILESYSTEM not set).
2024-09-07 17:01:43.645 [info] > git rev-parse --show-toplevel [1ms]
2024-09-07 17:01:43.645 [info] fatal: not a git repository (or any parent up to mount point /)
Stopping at filesystem boundary (GIT_DISCOVERY_ACROSS_FILESYSTEM not set).
2024-09-07 17:01:43.645 [info] > git rev-parse --show-toplevel [1ms]
2024-09-07 17:01:43.645 [info] fatal: not a git repository (or any parent up to mount point /)
Stopping at filesystem boundary (GIT_DISCOVERY_ACROSS_FILESYSTEM not set).
2024-09-07 17:01:43.645 [info] > git rev-parse --show-toplevel [1ms]
2024-09-07 17:01:43.645 [info] fatal: not a git repository (or any parent up to mount point /)
Stopping at filesystem boundary (GIT_DISCOVERY_ACROSS_FILESYSTEM not set).
2024-09-07 17:01:43.645 [info] > git rev-parse --show-toplevel [1ms]
2024-09-07 17:01:43.645 [info] fatal: not a git repository (or any parent up to mount point /)
Stopping at filesystem boundary (GIT_DISCOVERY_ACROSS_FILESYSTEM not set).
2024-09-07 17:01:43.645 [info] > git rev-parse --show-toplevel [2ms]
2024-09-07 17:01:43.645 [info] fatal: not a git repository (or any parent up to mount point /)
Stopping at filesystem boundary (GIT_DISCOVERY_ACROSS_FILESYSTEM not set).
2024-09-07 17:01:43.645 [info] > git rev-parse --show-toplevel [2ms]
2024-09-07 17:01:43.645 [info] fatal: not a git repository (or any parent up to mount point /)
Stopping at filesystem boundary (GIT_DISCOVERY_ACROSS_FILESYSTEM not set).
2024-09-07 17:01:43.645 [info] > git rev-parse --show-toplevel [1ms]
2024-09-07 17:01:43.645 [info] fatal: not a git repository (or any parent up to mount point /)
Stopping at filesystem boundary (GIT_DISCOVERY_ACROSS_FILESYSTEM not set).
2024-09-07 17:01:43.645 [info] > git rev-parse --show-toplevel [26ms]
2024-09-07 17:01:43.645 [info] fatal: not a git repository (or any parent up to mount point /)
Stopping at filesystem boundary (GIT_DISCOVERY_ACROSS_FILESYSTEM not set).
