2024-09-07 14:38:58.919 [info] Extension host with pid 2082 started
2024-09-07 14:38:58.920 [error] Error: EEXIST: file already exists, open '/home/kaiser8449/.codeoss/data/User/workspaceStorage/6fcf89d3/vscode.lock'
2024-09-07 14:38:58.930 [info] Lock '/home/kaiser8449/.codeoss/data/User/workspaceStorage/6fcf89d3/vscode.lock': Could not acquire lock, checking if the file is stale.
2024-09-07 14:38:58.944 [info] Lock '/home/kaiser8449/.codeoss/data/User/workspaceStorage/6fcf89d3/vscode.lock': The lock does not look stale, elapsed: 221 ms, giving up.
2024-09-07 14:38:58.951 [info] Lock '/home/kaiser8449/.codeoss/data/User/workspaceStorage/6fcf89d3-1/vscode.lock': Lock acquired.
2024-09-07 14:38:59.044 [info] ExtensionService#_doActivateExtension vscode.markdown-language-features, startup: false, activationEvent: 'onWebviewPanel:markdown.preview'
2024-09-07 14:38:59.497 [info] ExtensionService#_doActivateExtension vscode.git-base, startup: true, activationEvent: '*', root cause: vscode.git
2024-09-07 14:38:59.506 [info] ExtensionService#_doActivateExtension ms-python.python, startup: true, activationEvent: 'workspaceContains:requirements.txt'
2024-09-07 14:38:59.809 [info] ExtensionService#_doActivateExtension vscode.git, startup: true, activationEvent: '*'
2024-09-07 14:38:59.809 [info] ExtensionService#_doActivateExtension vscode.github, startup: true, activationEvent: '*'
2024-09-07 14:39:00.205 [info] ExtensionService#_doActivateExtension vscode.extension-editing, startup: false, activationEvent: 'onLanguage:markdown'
2024-09-07 14:39:00.206 [info] ExtensionService#_doActivateExtension vscode.emmet, startup: false, activationEvent: 'onLanguage'
2024-09-07 14:39:00.395 [info] ExtensionService#_doActivateExtension vscode.markdown-math, startup: false, activationEvent: 'api', root cause: vscode.markdown-language-features
2024-09-07 14:39:00.561 [info] ExtensionService#_doActivateExtension redhat.fabric8-analytics, startup: true, activationEvent: 'workspaceContains:**/package.json,**/pom.xml,**/go.mod,**/requirements.txt'
2024-09-07 14:39:00.913 [info] Eager extensions activated
2024-09-07 14:39:00.916 [info] ExtensionService#_doActivateExtension EditorConfig.EditorConfig, startup: false, activationEvent: 'onStartupFinished'
2024-09-07 14:39:00.917 [info] ExtensionService#_doActivateExtension google.cloud-shell, startup: false, activationEvent: 'onStartupFinished'
2024-09-07 14:39:00.919 [info] ExtensionService#_doActivateExtension googlecloudtools.cloudcode, startup: false, activationEvent: 'onStartupFinished'
2024-09-07 14:39:00.919 [info] ExtensionService#_doActivateExtension vscode.debug-auto-launch, startup: false, activationEvent: 'onStartupFinished'
2024-09-07 14:39:00.920 [info] ExtensionService#_doActivateExtension vscode.merge-conflict, startup: false, activationEvent: 'onStartupFinished'
2024-09-07 14:39:00.921 [info] ExtensionService#_doActivateExtension esbenp.prettier-vscode, startup: false, activationEvent: 'onStartupFinished'
2024-09-07 14:39:00.921 [info] ExtensionService#_doActivateExtension vscode.github-authentication, startup: false, activationEvent: 'onStartupFinished', root cause: GitHub.vscode-pull-request-github
2024-09-07 14:39:04.315 [info] ExtensionService#_doActivateExtension GitHub.vscode-pull-request-github, startup: false, activationEvent: 'onStartupFinished'
2024-09-07 14:39:04.630 [info] ExtensionService#_doActivateExtension vscode.json-language-features, startup: false, activationEvent: 'onLanguage:jsonc'
2024-09-07 14:39:04.631 [info] ExtensionService#_doActivateExtension vscode.typescript-language-features, startup: false, activationEvent: 'onLanguage:jsonc'
2024-09-07 14:40:04.132 [info] Extension host terminating: received terminate message from renderer
2024-09-07 14:40:04.133 [info] Lock '/home/kaiser8449/.codeoss/data/User/workspaceStorage/6fcf89d3-1/vscode.lock': Marking the lockfile as scheduled to be released in 6000 ms.
2024-09-07 14:40:04.201 [error] Canceled: Canceled
    at new L (/google/devshell/editor/code-oss-for-cloud-shell/out/vs/workbench/api/node/extensionHostProcess.js:143:47131)
    at c.U (/google/devshell/editor/code-oss-for-cloud-shell/out/vs/workbench/api/node/extensionHostProcess.js:150:5542)
    at Proxy.F.<computed>.z.charCodeAt.F.<computed> (/google/devshell/editor/code-oss-for-cloud-shell/out/vs/workbench/api/node/extensionHostProcess.js:150:2993)
    at r.g (/google/devshell/editor/code-oss-for-cloud-shell/out/vs/workbench/api/node/extensionHostProcess.js:153:188926)
    at r.executeCommand (/google/devshell/editor/code-oss-for-cloud-shell/out/vs/workbench/api/node/extensionHostProcess.js:153:188364)
    at k.registerCommand.description (/google/devshell/editor/code-oss-for-cloud-shell/out/vs/workbench/api/node/extensionHostProcess.js:153:187688)
    at r.h (/google/devshell/editor/code-oss-for-cloud-shell/out/vs/workbench/api/node/extensionHostProcess.js:153:189465)
    at r.g (/google/devshell/editor/code-oss-for-cloud-shell/out/vs/workbench/api/node/extensionHostProcess.js:153:188457)
    at r.executeCommand (/google/devshell/editor/code-oss-for-cloud-shell/out/vs/workbench/api/node/extensionHostProcess.js:153:188364)
    at Object.executeCommand (/google/devshell/editor/code-oss-for-cloud-shell/out/vs/workbench/api/node/extensionHostProcess.js:163:22673)
    at q2.reset (/home/kaiser8449/.codeoss/extensions/github.vscode-pull-request-github-0.88.1-universal/dist/extension.js:2188:8858)
    at q2.dispose (/home/kaiser8449/.codeoss/extensions/github.vscode-pull-request-github-0.88.1-universal/dist/extension.js:2188:9129)
    at a (/google/devshell/editor/code-oss-for-cloud-shell/out/vs/workbench/api/node/extensionHostProcess.js:30:744)
    at f.eb (/google/devshell/editor/code-oss-for-cloud-shell/out/vs/workbench/api/node/extensionHostProcess.js:159:9975)
    at /google/devshell/editor/code-oss-for-cloud-shell/out/vs/workbench/api/node/extensionHostProcess.js:159:7824
    at Array.map (<anonymous>)
    at f.$ (/google/devshell/editor/code-oss-for-cloud-shell/out/vs/workbench/api/node/extensionHostProcess.js:159:7811)
    at f.terminate (/google/devshell/editor/code-oss-for-cloud-shell/out/vs/workbench/api/node/extensionHostProcess.js:159:8085)
    at a.terminate (/google/devshell/editor/code-oss-for-cloud-shell/out/vs/workbench/api/node/extensionHostProcess.js:163:1513)
    at t (/google/devshell/editor/code-oss-for-cloud-shell/out/vs/workbench/api/node/extensionHostProcess.js:176:9922)
    at a.value (/google/devshell/editor/code-oss-for-cloud-shell/out/vs/workbench/api/node/extensionHostProcess.js:176:7969)
    at o.y (/google/devshell/editor/code-oss-for-cloud-shell/out/vs/workbench/api/node/extensionHostProcess.js:82:660)
    at o.fire (/google/devshell/editor/code-oss-for-cloud-shell/out/vs/workbench/api/node/extensionHostProcess.js:82:877)
    at u.fire (/google/devshell/editor/code-oss-for-cloud-shell/out/vs/workbench/api/node/extensionHostProcess.js:107:14175)
    at r.z (/google/devshell/editor/code-oss-for-cloud-shell/out/vs/workbench/api/node/extensionHostProcess.js:107:17240)
    at a.value (/google/devshell/editor/code-oss-for-cloud-shell/out/vs/workbench/api/node/extensionHostProcess.js:107:15692)
    at o.y (/google/devshell/editor/code-oss-for-cloud-shell/out/vs/workbench/api/node/extensionHostProcess.js:82:660)
    at o.fire (/google/devshell/editor/code-oss-for-cloud-shell/out/vs/workbench/api/node/extensionHostProcess.js:82:877)
    at f.acceptChunk (/google/devshell/editor/code-oss-for-cloud-shell/out/vs/workbench/api/node/extensionHostProcess.js:107:11949)
    at a.value (/google/devshell/editor/code-oss-for-cloud-shell/out/vs/workbench/api/node/extensionHostProcess.js:107:11236)
    at o.y (/google/devshell/editor/code-oss-for-cloud-shell/out/vs/workbench/api/node/extensionHostProcess.js:82:660)
    at o.fire (/google/devshell/editor/code-oss-for-cloud-shell/out/vs/workbench/api/node/extensionHostProcess.js:82:877)
    at i.z (/google/devshell/editor/code-oss-for-cloud-shell/out/vs/workbench/api/node/extensionHostProcess.js:173:19732)
    at i.acceptFrame (/google/devshell/editor/code-oss-for-cloud-shell/out/vs/workbench/api/node/extensionHostProcess.js:173:19538)
    at n (/google/devshell/editor/code-oss-for-cloud-shell/out/vs/workbench/api/node/extensionHostProcess.js:173:18037)
    at /google/devshell/editor/code-oss-for-cloud-shell/out/vs/workbench/api/node/extensionHostProcess.js:173:15257
    at Socket.S (/google/devshell/editor/code-oss-for-cloud-shell/out/vs/workbench/api/node/extensionHostProcess.js:173:13162)
    at Socket.emit (node:events:517:28)
    at addChunk (node:internal/streams/readable:335:12)
    at readableAddChunk (node:internal/streams/readable:308:9)
    at Socket.Readable.push (node:internal/streams/readable:245:10)
    at TCP.onStreamRead (node:internal/stream_base_commons:190:23) setContext undefined
2024-09-07 14:40:04.221 [info] Extension host with pid 2082 exiting with code 0
