2024-09-08 05:10:04.967 [info] Log level: Info
2024-09-08 05:10:04.967 [info] Validating found git in: "git"
2024-09-08 05:10:04.967 [info] Using git "2.34.1" from "git"
2024-09-08 05:10:04.967 [info] > git rev-parse --show-toplevel [5ms]
2024-09-08 05:10:04.967 [info] fatal: not a git repository (or any parent up to mount point /)
Stopping at filesystem boundary (GIT_DISCOVERY_ACROSS_FILESYSTEM not set).
2024-09-08 05:10:04.967 [info] > git rev-parse --show-toplevel [2ms]
2024-09-08 05:10:04.967 [info] fatal: not a git repository (or any parent up to mount point /)
Stopping at filesystem boundary (GIT_DISCOVERY_ACROSS_FILESYSTEM not set).
2024-09-08 05:10:04.967 [info] > git rev-parse --show-toplevel [3ms]
2024-09-08 05:10:04.967 [info] fatal: not a git repository (or any parent up to mount point /)
Stopping at filesystem boundary (GIT_DISCOVERY_ACROSS_FILESYSTEM not set).
2024-09-08 05:10:04.967 [info] > git rev-parse --show-toplevel [4ms]
2024-09-08 05:10:04.967 [info] fatal: not a git repository (or any parent up to mount point /)
Stopping at filesystem boundary (GIT_DISCOVERY_ACROSS_FILESYSTEM not set).
2024-09-08 05:10:04.968 [info] > git rev-parse --show-toplevel [2ms]
2024-09-08 05:10:04.968 [info] fatal: not a git repository (or any parent up to mount point /)
Stopping at filesystem boundary (GIT_DISCOVERY_ACROSS_FILESYSTEM not set).
2024-09-08 05:10:04.978 [info] > git rev-parse --show-toplevel [1ms]
2024-09-08 05:10:04.978 [info] fatal: not a git repository (or any parent up to mount point /)
Stopping at filesystem boundary (GIT_DISCOVERY_ACROSS_FILESYSTEM not set).
2024-09-08 05:10:04.987 [info] > git rev-parse --show-toplevel [2ms]
2024-09-08 05:10:04.987 [info] fatal: not a git repository (or any parent up to mount point /)
Stopping at filesystem boundary (GIT_DISCOVERY_ACROSS_FILESYSTEM not set).
2024-09-08 05:10:04.997 [info] > git rev-parse --show-toplevel [1ms]
2024-09-08 05:10:04.997 [info] fatal: not a git repository (or any parent up to mount point /)
Stopping at filesystem boundary (GIT_DISCOVERY_ACROSS_FILESYSTEM not set).
2024-09-08 05:10:05.006 [info] > git rev-parse --show-toplevel [2ms]
2024-09-08 05:10:05.006 [info] fatal: not a git repository (or any parent up to mount point /)
Stopping at filesystem boundary (GIT_DISCOVERY_ACROSS_FILESYSTEM not set).
2024-09-08 05:10:05.015 [info] > git rev-parse --show-toplevel [2ms]
2024-09-08 05:10:05.015 [info] fatal: not a git repository (or any parent up to mount point /)
Stopping at filesystem boundary (GIT_DISCOVERY_ACROSS_FILESYSTEM not set).
2024-09-08 05:10:05.024 [info] > git rev-parse --show-toplevel [2ms]
2024-09-08 05:10:05.024 [info] fatal: not a git repository (or any parent up to mount point /)
Stopping at filesystem boundary (GIT_DISCOVERY_ACROSS_FILESYSTEM not set).
2024-09-08 05:10:05.034 [info] > git rev-parse --show-toplevel [2ms]
2024-09-08 05:10:05.034 [info] fatal: not a git repository (or any parent up to mount point /)
Stopping at filesystem boundary (GIT_DISCOVERY_ACROSS_FILESYSTEM not set).
2024-09-08 05:10:05.043 [info] > git rev-parse --show-toplevel [2ms]
2024-09-08 05:10:05.043 [info] fatal: not a git repository (or any parent up to mount point /)
Stopping at filesystem boundary (GIT_DISCOVERY_ACROSS_FILESYSTEM not set).
2024-09-08 05:10:05.053 [info] > git rev-parse --show-toplevel [1ms]
2024-09-08 05:10:05.053 [info] fatal: not a git repository (or any parent up to mount point /)
Stopping at filesystem boundary (GIT_DISCOVERY_ACROSS_FILESYSTEM not set).
2024-09-08 05:10:05.066 [info] > git rev-parse --show-toplevel [6ms]
2024-09-08 05:10:05.066 [info] fatal: not a git repository (or any parent up to mount point /)
Stopping at filesystem boundary (GIT_DISCOVERY_ACROSS_FILESYSTEM not set).
2024-09-08 05:10:05.075 [info] > git rev-parse --show-toplevel [1ms]
2024-09-08 05:10:05.075 [info] fatal: not a git repository (or any parent up to mount point /)
Stopping at filesystem boundary (GIT_DISCOVERY_ACROSS_FILESYSTEM not set).
2024-09-08 05:10:05.085 [info] > git rev-parse --show-toplevel [2ms]
2024-09-08 05:10:05.085 [info] fatal: not a git repository (or any parent up to mount point /)
Stopping at filesystem boundary (GIT_DISCOVERY_ACROSS_FILESYSTEM not set).
2024-09-08 05:10:05.094 [info] > git rev-parse --show-toplevel [2ms]
2024-09-08 05:10:05.094 [info] fatal: not a git repository (or any parent up to mount point /)
Stopping at filesystem boundary (GIT_DISCOVERY_ACROSS_FILESYSTEM not set).
2024-09-08 05:10:05.103 [info] > git rev-parse --show-toplevel [1ms]
2024-09-08 05:10:05.104 [info] fatal: not a git repository (or any parent up to mount point /)
Stopping at filesystem boundary (GIT_DISCOVERY_ACROSS_FILESYSTEM not set).
2024-09-08 05:10:05.112 [info] > git rev-parse --show-toplevel [2ms]
2024-09-08 05:10:05.112 [info] fatal: not a git repository (or any parent up to mount point /)
Stopping at filesystem boundary (GIT_DISCOVERY_ACROSS_FILESYSTEM not set).
2024-09-08 05:10:05.121 [info] > git rev-parse --show-toplevel [2ms]
2024-09-08 05:10:05.121 [info] fatal: not a git repository (or any parent up to mount point /)
Stopping at filesystem boundary (GIT_DISCOVERY_ACROSS_FILESYSTEM not set).
2024-09-08 05:10:05.130 [info] > git rev-parse --show-toplevel [2ms]
2024-09-08 05:10:05.130 [info] fatal: not a git repository (or any parent up to mount point /)
Stopping at filesystem boundary (GIT_DISCOVERY_ACROSS_FILESYSTEM not set).
2024-09-08 05:10:06.332 [info] > git rev-parse --show-toplevel [6ms]
2024-09-08 05:10:06.332 [info] fatal: not a git repository (or any parent up to mount point /)
Stopping at filesystem boundary (GIT_DISCOVERY_ACROSS_FILESYSTEM not set).
