2024-09-10 15:27:06.074 [info] Default formatter is set to null for workspace /home/kaiser8449/hello-world-1
2024-09-10 15:27:06.074 [info] Test server listening.
2024-09-10 15:27:06.074 [info] > conda info --json
2024-09-10 15:27:06.074 [info] > hatch env show --json
2024-09-10 15:27:06.074 [info] cwd: .
2024-09-10 15:27:06.075 [info] > pyenv which python
2024-09-10 15:27:06.075 [info] cwd: .
2024-09-10 15:27:06.077 [info] Found: /bin/python --> /usr/bin/python3.10
2024-09-10 15:27:06.088 [info] Found: /bin/python2 --> /bin/python2.7
2024-09-10 15:27:06.095 [info] Found: /bin/python2.7 --> /bin/python2.7
2024-09-10 15:27:06.097 [info] Found: /bin/python3 --> /bin/python3.10
2024-09-10 15:27:06.104 [info] Found: /bin/python3.10 --> /bin/python3.10
2024-09-10 15:27:06.118 [info] Found: /usr/bin/python --> /usr/bin/python3.10
2024-09-10 15:27:06.118 [info] Found: /usr/bin/python2 --> /usr/bin/python2.7
2024-09-10 15:27:06.118 [info] Found: /usr/bin/python2.7 --> /usr/bin/python2.7
2024-09-10 15:27:06.118 [info] Found: /usr/bin/python3 --> /usr/bin/python3.10
2024-09-10 15:27:06.119 [info] Found: /usr/bin/python3.10 --> /usr/bin/python3.10
2024-09-10 15:27:06.157 [info] > /bin/python -I /google/devshell/editor/code-oss-for-cloud-shell/extensions/ms-python.python/python_files/get_output_via_markers.py /google/devshell/editor/code-oss-for-cloud-shell/extensions/ms-python.python/python_files/interpreterInfo.py
2024-09-10 15:27:06.173 [info] > /bin/python2 -I /google/devshell/editor/code-oss-for-cloud-shell/extensions/ms-python.python/python_files/get_output_via_markers.py /google/devshell/editor/code-oss-for-cloud-shell/extensions/ms-python.python/python_files/interpreterInfo.py
2024-09-10 15:27:06.198 [info] > /bin/python3 -I /google/devshell/editor/code-oss-for-cloud-shell/extensions/ms-python.python/python_files/get_output_via_markers.py /google/devshell/editor/code-oss-for-cloud-shell/extensions/ms-python.python/python_files/interpreterInfo.py
2024-09-10 15:27:06.200 [warning] [Error: Command failed: /bin/python2 -I /google/devshell/editor/code-oss-for-cloud-shell/extensions/ms-python.python/python_files/get_output_via_markers.py /google/devshell/editor/code-oss-for-cloud-shell/extensions/ms-python.python/python_files/interpreterInfo.py
Unknown option: -I
usage: /bin/python2 [option] ... [-c cmd | -m mod | file | -] [arg] ...
Try `python -h' for more information.

	at ChildProcess.exithandler (node:child_process:422:12)
	at ChildProcess.emit (node:events:529:35)
	at maybeClose (node:internal/child_process:1098:16)
	at Socket.<anonymous> (node:internal/child_process:450:11)
	at Socket.emit (node:events:517:28)
	at Pipe.<anonymous> (node:net:350:12)] {
  code: 2,
  killed: false,
  signal: null,
  cmd: '/bin/python2 -I /google/devshell/editor/code-oss-for-cloud-shell/extensions/ms-python.python/python_files/get_output_via_markers.py /google/devshell/editor/code-oss-for-cloud-shell/extensions/ms-python.python/python_files/interpreterInfo.py'
}
2024-09-10 15:27:06.200 [error] Support for Python 2.7 has been dropped by the Python extension so certain features may not work, upgrade to using Python 3.
2024-09-10 15:27:06.210 [info] > /bin/python2 /google/devshell/editor/code-oss-for-cloud-shell/extensions/ms-python.python/python_files/get_output_via_markers.py /google/devshell/editor/code-oss-for-cloud-shell/extensions/ms-python.python/python_files/interpreterInfo.py
2024-09-10 15:27:06.218 [info] > /usr/bin/python2 -I /google/devshell/editor/code-oss-for-cloud-shell/extensions/ms-python.python/python_files/get_output_via_markers.py /google/devshell/editor/code-oss-for-cloud-shell/extensions/ms-python.python/python_files/interpreterInfo.py
2024-09-10 15:27:06.223 [warning] [Error: Command failed: /usr/bin/python2 -I /google/devshell/editor/code-oss-for-cloud-shell/extensions/ms-python.python/python_files/get_output_via_markers.py /google/devshell/editor/code-oss-for-cloud-shell/extensions/ms-python.python/python_files/interpreterInfo.py
Unknown option: -I
usage: /usr/bin/python2 [option] ... [-c cmd | -m mod | file | -] [arg] ...
Try `python -h' for more information.

	at ChildProcess.exithandler (node:child_process:422:12)
	at ChildProcess.emit (node:events:529:35)
	at maybeClose (node:internal/child_process:1098:16)
	at Socket.<anonymous> (node:internal/child_process:450:11)
	at Socket.emit (node:events:517:28)
	at Pipe.<anonymous> (node:net:350:12)] {
  code: 2,
  killed: false,
  signal: null,
  cmd: '/usr/bin/python2 -I /google/devshell/editor/code-oss-for-cloud-shell/extensions/ms-python.python/python_files/get_output_via_markers.py /google/devshell/editor/code-oss-for-cloud-shell/extensions/ms-python.python/python_files/interpreterInfo.py'
}
2024-09-10 15:27:06.223 [error] Support for Python 2.7 has been dropped by the Python extension so certain features may not work, upgrade to using Python 3.
2024-09-10 15:27:06.230 [info] > /usr/bin/python2 /google/devshell/editor/code-oss-for-cloud-shell/extensions/ms-python.python/python_files/get_output_via_markers.py /google/devshell/editor/code-oss-for-cloud-shell/extensions/ms-python.python/python_files/interpreterInfo.py
2024-09-10 15:27:06.317 [info] Python interpreter path: /bin/python
2024-09-10 15:27:10.240 [info] Starting Jedi language server for hello-world-1.
2024-09-10 15:28:31.401 [info] Discover tests for workspace name: undefined - uri: /User/settings.json
