2024-09-10 17:34:10.401 [info] Log level: Info
2024-09-10 17:34:10.401 [info] Validating found git in: "git"
2024-09-10 17:34:10.401 [info] Using git "2.34.1" from "git"
2024-09-10 17:34:10.401 [info] > git rev-parse --show-toplevel [4ms]
2024-09-10 17:34:10.401 [info] > git rev-parse --show-toplevel [4ms]
2024-09-10 17:34:10.401 [info] > git rev-parse --show-toplevel [3ms]
2024-09-10 17:34:10.419 [info] > git rev-parse --show-toplevel [10ms]
2024-09-10 17:34:10.434 [info] > git rev-parse --show-toplevel [2ms]
2024-09-10 17:34:10.449 [info] > git rev-parse --show-toplevel [4ms]
2024-09-10 17:34:10.462 [info] > git rev-parse --show-toplevel [3ms]
2024-09-10 17:34:11.746 [info] > git rev-parse --show-toplevel [1ms]
2024-09-10 17:34:20.653 [info] > git rev-parse --show-toplevel [73ms]
2024-09-10 17:34:20.727 [info] > git rev-parse --git-dir --git-common-dir [6ms]
2024-09-10 17:34:20.775 [info] Open repository: /home/kaiser8449
2024-09-10 17:34:20.868 [info] > git config --get commit.template [49ms]
2024-09-10 17:34:20.923 [info] > git for-each-ref --format=%(refname)%00%(upstream:short)%00%(objectname)%00%(upstream:track)%00%(upstream:remotename)%00%(upstream:remoteref) refs/heads/main refs/remotes/main [17ms]
2024-09-10 17:34:21.037 [info] > git status -z -uall [78ms]
2024-09-10 17:34:21.229 [info] > git config --get commit.template [88ms]
2024-09-10 17:34:21.321 [info] > git for-each-ref --format=%(refname)%00%(upstream:short)%00%(objectname)%00%(upstream:track)%00%(upstream:remotename)%00%(upstream:remoteref) refs/heads/main refs/remotes/main [6ms]
2024-09-10 17:34:21.572 [info] > git status -z -uall [218ms]
2024-09-10 17:34:21.572 [info] > git check-ignore -v -z --stdin [76ms]
2024-09-10 17:34:21.586 [info] > git config --local branch.main.github-pr-owner-number [15ms]
2024-09-10 17:34:21.586 [warning] git config failed: Failed to execute git
2024-09-10 17:34:21.675 [info] > git config --local branch.main.remote [9ms]
2024-09-10 17:34:21.675 [warning] git config failed: Failed to execute git
2024-09-10 17:34:21.789 [info] > git config --local branch.main.merge [40ms]
2024-09-10 17:34:21.789 [warning] git config failed: Failed to execute git
2024-09-10 17:34:25.072 [info] > git config --get commit.template [2ms]
2024-09-10 17:34:25.112 [info] > git for-each-ref --format=%(refname)%00%(upstream:short)%00%(objectname)%00%(upstream:track)%00%(upstream:remotename)%00%(upstream:remoteref) refs/heads/main refs/remotes/main [2ms]
2024-09-10 17:34:25.189 [info] > git status -z -uall [49ms]
2024-09-10 17:34:26.023 [info] > git check-ignore -v -z --stdin [23ms]
2024-09-10 17:34:27.803 [info] > git for-each-ref --format=%(refname)%00%(upstream:short)%00%(objectname)%00%(upstream:track)%00%(upstream:remotename)%00%(upstream:remoteref) refs/heads/main [3ms]
2024-09-10 17:34:27.844 [info] > git for-each-ref --format=%(refname)%00%(upstream:short)%00%(objectname)%00%(upstream:track)%00%(upstream:remotename)%00%(upstream:remoteref) refs/heads/main [2ms]
2024-09-10 17:34:27.878 [info] > git config --local branch.main.vscode-merge-base [1ms]
2024-09-10 17:34:27.878 [warning] git config failed: Failed to execute git
2024-09-10 17:34:27.927 [info] > git reflog refs/heads/main --grep-reflog=branch: Created from *. [15ms]
2024-09-10 17:34:27.957 [info] > git symbolic-ref --short refs/remotes/origin/HEAD [4ms]
2024-09-10 17:34:27.957 [info] fatal: ref refs/remotes/origin/HEAD is not a symbolic ref
2024-09-10 17:34:27.957 [info] GitHistoryProvider:resolveHistoryItemGroupBase - Failed to resolve history item group base for 'refs/heads/main'
2024-09-10 17:34:27.957 [info] GitHistoryProvider:resolveHistoryItemGroupCommonAncestor - Failed to resolve history item group base for 'refs/heads/main'
2024-09-10 17:34:28.323 [info] > git for-each-ref --format=%(refname)%00%(upstream:short)%00%(objectname)%00%(upstream:track)%00%(upstream:remotename)%00%(upstream:remoteref) refs/heads/main [132ms]
2024-09-10 17:34:28.354 [info] > git for-each-ref --format=%(refname)%00%(upstream:short)%00%(objectname)%00%(upstream:track)%00%(upstream:remotename)%00%(upstream:remoteref) refs/heads/main [5ms]
2024-09-10 17:34:28.379 [info] > git config --local branch.main.vscode-merge-base [3ms]
2024-09-10 17:34:28.379 [warning] git config failed: Failed to execute git
2024-09-10 17:34:28.407 [info] > git reflog refs/heads/main --grep-reflog=branch: Created from *. [5ms]
2024-09-10 17:34:28.438 [info] > git symbolic-ref --short refs/remotes/origin/HEAD [4ms]
2024-09-10 17:34:28.438 [info] fatal: ref refs/remotes/origin/HEAD is not a symbolic ref
2024-09-10 17:34:28.438 [info] GitHistoryProvider:resolveHistoryItemGroupBase - Failed to resolve history item group base for 'refs/heads/main'
2024-09-10 17:34:28.438 [info] GitHistoryProvider:resolveHistoryItemGroupCommonAncestor - Failed to resolve history item group base for 'refs/heads/main'
2024-09-10 17:34:29.075 [info] > git check-ignore -v -z --stdin [85ms]
2024-09-10 17:34:31.020 [info] > git check-ignore -v -z --stdin [32ms]
