2024-09-07 14:37:03.178 [info] Log level: Info
2024-09-07 14:37:03.178 [info] Validating found git in: "git"
2024-09-07 14:37:03.178 [info] Using git "2.34.1" from "git"
2024-09-07 14:37:03.178 [info] > git rev-parse --show-toplevel [157ms]
2024-09-07 14:37:03.178 [info] fatal: not a git repository (or any parent up to mount point /)
Stopping at filesystem boundary (GIT_DISCOVERY_ACROSS_FILESYSTEM not set).
2024-09-07 14:37:03.178 [info] > git rev-parse --show-toplevel [355ms]
2024-09-07 14:37:03.178 [info] fatal: not a git repository (or any parent up to mount point /)
Stopping at filesystem boundary (GIT_DISCOVERY_ACROSS_FILESYSTEM not set).
2024-09-07 14:37:03.536 [info] > git rev-parse --show-toplevel [314ms]
2024-09-07 14:37:03.536 [info] fatal: not a git repository (or any parent up to mount point /)
Stopping at filesystem boundary (GIT_DISCOVERY_ACROSS_FILESYSTEM not set).
2024-09-07 14:37:03.597 [info] > git rev-parse --show-toplevel [25ms]
2024-09-07 14:37:03.597 [info] fatal: not a git repository (or any parent up to mount point /)
Stopping at filesystem boundary (GIT_DISCOVERY_ACROSS_FILESYSTEM not set).
2024-09-07 14:37:03.726 [info] > git rev-parse --show-toplevel [71ms]
2024-09-07 14:37:03.726 [info] fatal: not a git repository (or any parent up to mount point /)
Stopping at filesystem boundary (GIT_DISCOVERY_ACROSS_FILESYSTEM not set).
2024-09-07 14:37:03.779 [info] > git rev-parse --show-toplevel [32ms]
2024-09-07 14:37:03.779 [info] fatal: not a git repository (or any parent up to mount point /)
Stopping at filesystem boundary (GIT_DISCOVERY_ACROSS_FILESYSTEM not set).
2024-09-07 14:37:03.806 [info] > git rev-parse --show-toplevel [4ms]
2024-09-07 14:37:03.806 [info] fatal: not a git repository (or any parent up to mount point /)
Stopping at filesystem boundary (GIT_DISCOVERY_ACROSS_FILESYSTEM not set).
2024-09-07 15:38:19.560 [info] > git rev-parse --show-toplevel [32ms]
2024-09-07 15:38:19.560 [info] fatal: not a git repository (or any parent up to mount point /)
Stopping at filesystem boundary (GIT_DISCOVERY_ACROSS_FILESYSTEM not set).
