2024-09-07 11:55:51.939 [info] Log level: Info
2024-09-07 11:55:51.939 [info] Validating found git in: "git"
2024-09-07 11:55:51.939 [info] Using git "2.34.1" from "git"
2024-09-07 11:55:51.939 [info] > git rev-parse --show-toplevel [277ms]
2024-09-07 11:55:51.939 [info] fatal: not a git repository (or any parent up to mount point /)
Stopping at filesystem boundary (GIT_DISCOVERY_ACROSS_FILESYSTEM not set).
2024-09-07 11:55:51.939 [info] > git rev-parse --show-toplevel [8ms]
2024-09-07 11:55:51.939 [info] fatal: not a git repository (or any parent up to mount point /)
Stopping at filesystem boundary (GIT_DISCOVERY_ACROSS_FILESYSTEM not set).
2024-09-07 11:55:51.941 [info] > git rev-parse --show-toplevel [3ms]
2024-09-07 11:55:51.941 [info] fatal: not a git repository (or any parent up to mount point /)
Stopping at filesystem boundary (GIT_DISCOVERY_ACROSS_FILESYSTEM not set).
2024-09-07 11:55:54.483 [info] > git rev-parse --show-toplevel [2529ms]
2024-09-07 11:55:54.483 [info] fatal: not a git repository (or any parent up to mount point /)
Stopping at filesystem boundary (GIT_DISCOVERY_ACROSS_FILESYSTEM not set).
2024-09-07 11:55:54.556 [info] > git rev-parse --show-toplevel [10ms]
2024-09-07 11:55:54.556 [info] fatal: not a git repository (or any parent up to mount point /)
Stopping at filesystem boundary (GIT_DISCOVERY_ACROSS_FILESYSTEM not set).
2024-09-07 11:55:54.835 [info] > git rev-parse --show-toplevel [254ms]
2024-09-07 11:55:54.835 [info] fatal: not a git repository (or any parent up to mount point /)
Stopping at filesystem boundary (GIT_DISCOVERY_ACROSS_FILESYSTEM not set).
2024-09-07 11:55:54.861 [info] > git rev-parse --show-toplevel [3ms]
2024-09-07 11:55:54.861 [info] fatal: not a git repository (or any parent up to mount point /)
Stopping at filesystem boundary (GIT_DISCOVERY_ACROSS_FILESYSTEM not set).
