Retrieving builders.
Getting Gcloud Login State.
Using current GCP Project "abbadon"
Checking Cloud Run API status.
Getting Cloud Run Services for project "abbadon".
Executing Skaffold build.
Running skaffold command: /usr/bin/skaffold init --artifact {"image":"gcr.io/abbadon/hello-world-9","builder":"Docker","payload":{"path":"Dockerfile"}} --skip-deploy --filename /tmp/cloud-code-cloud-run-TYYG5A/skaffold.yaml --force
Setting build tagPolicy to SHA256.
Setting statusCheckDeadlineSeconds to 5 minutes
Setting build environment to 'local'
Created the file /tmp/cloud-code-cloud-run-TYYG5A/skaffold.yaml.
Running skaffold command: build --filename /tmp/cloud-code-cloud-run-TYYG5A/skaffold.yaml --kube-context='' --platform=linux/amd64
Generating tags...
 - gcr.io/abbadon/hello-world-9 ->
gcr.io/abbadon/hello-world-9:latest
Checking cache...
- gcr.io/abbadon/hello-world-9: Not found. Building
Starting build...
Building [gcr.io/abbadon/hello-world-9]...
Target platforms: [linux/amd64]
Sending build context to Docker daemon  399.9kB
Step 1/6 : FROM python:3.12-alpine
3.12-alpine: Pulling from library/python
43c4264eed91:
Pulling fs layer
eb2afa9577c4: Pulling fs layer
17f751871801: Pulling fs layer
e1e6d7d006af: Pulling fs layer
86727b091f42: Pulling fs layer
e1e6d7d006af: Waiting
86727b091f42: Waiting
eb2afa9577c4: Verifying Checksum
eb2afa9577c4: Download complete
43c4264eed91:
Verifying Checksum
43c4264eed91: Download complete
e1e6d7d006af: Verifying Checksum
17f751871801: Verifying Checksum
17f751871801: Download complete
e1e6d7d006af: Download complete
86727b091f42: Verifying Checksum
86727b091f42: Download complete
43c4264eed91: Pull complete
eb2afa9577c4: Pull complete
17f751871801: Pull complete
e1e6d7d006af: Pull complete
86727b091f42: Pull complete
Digest: sha256:e0e4d3db19333a970e7acfdcb8863efe065be6c3038ef5018694f98162bffec0
Status: Downloaded newer image for python:3.12-alpine
---> 02d6efc944f2
Step 2/6 : WORKDIR /app

---> Running in 06199488b091
---> 4a665d93c1f1
Step 3/6 : COPY requirements.txt .

---> f3ff7f96ef2a
Step 4/6 : RUN pip install --trusted-host pypi.python.org -r requirements.txt

---> Running in 92fd3e339870
Collecting Flask==2.3.3 (from -r requirements.txt (line 1))
Downloading flask-2.3.3-py3-none-any.whl.metadata (3.6 kB)
Collecting requests==2.31.0 (from -r requirements.txt (line 2))
Downloading requests-2.31.0-py3-none-any.whl.metadata (4.6 kB)
Collecting debugpy (from -r requirements.txt (line 3))
Downloading debugpy-1.8.5-py2.py3-none-any.whl.metadata (1.1 kB)
Collecting Werkzeug>=2.3.7 (from Flask==2.3.3->-r requirements.txt (line 1))
Downloading werkzeug-3.0.4-py3-none-any.whl.metadata (3.7 kB)
Collecting Jinja2>=3.1.2 (from Flask==2.3.3->-r requirements.txt (line 1))
Downloading jinja2-3.1.4-py3-none-any.whl.metadata (2.6 kB)
Collecting itsdangerous>=2.1.2 (from Flask==2.3.3->-r requirements.txt (line 1))
Downloading itsdangerous-2.2.0-py3-none-any.whl.metadata (1.9 kB)
Collecting click>=8.1.3 (from Flask==2.3.3->-r requirements.txt (line 1))
Downloading click-8.1.7-py3-none-any.whl.metadata (3.0 kB)
Collecting blinker>=1.6.2 (from Flask==2.3.3->-r requirements.txt (line 1))
Downloading blinker-1.8.2-py3-none-any.whl.metadata (1.6 kB)
Collecting charset-normalizer<4,>=2 (from requests==2.31.0->-r requirements.txt (line 2))
Downloading charset_normalizer-3.3.2-cp312-cp312-musllinux_1_1_x86_64.whl.metadata (33 kB)
Collecting idna<4,>=2.5 (from requests==2.31.0->-r requirements.txt (line 2))
Downloading idna-3.8-py3-none-any.whl.metadata (9.9 kB)
Collecting urllib3<3,>=1.21.1 (from requests==2.31.0->-r requirements.txt (line 2))
Downloading urllib3-2.2.2-py3-none-any.whl.metadata (6.4 kB)
Collecting certifi>=2017.4.17 (from requests==2.31.0->-r requirements.txt (line 2))
Downloading certifi-2024.8.30-py3-none-any.whl.metadata (2.2 kB)
Collecting MarkupSafe>=2.0 (from Jinja2>=3.1.2->Flask==2.3.3->-r requirements.txt (line 1))
Downloading MarkupSafe-2.1.5-cp312-cp312-musllinux_1_1_x86_64.whl.metadata (3.0 kB)
Downloading flask-2.3.3-py3-none-any.whl (96 kB)
Downloading requests-2.31.0-py3-none-any.whl (62 kB)
Downloading debugpy-1.8.5-py2.py3-none-any.whl (4.8 MB)
â”â”â”â”â”â”â”â”â”â”â”â”â”â”â”â”â”â”â”â”â”â”â”â”â”â”â”â”â”â”â”â”â”â”â”â”â”â”â”â” 4.8/4.8 MB 64.9 MB/s eta 0:00:00

Downloading blinker-1.8.2-py3-none-any.whl (9.5 kB)
Downloading certifi-2024.8.30-py3-none-any.whl (167 kB)
Downloading charset_normalizer-3.3.2-cp312-cp312-musllinux_1_1_x86_64.whl (142 kB)
Downloading click-8.1.7-py3-none-any.whl (97 kB)
Downloading idna-3.8-py3-none-any.whl (66 kB)
Downloading itsdangerous-2.2.0-py3-none-any.whl (16 kB)
Downloading jinja2-3.1.4-py3-none-any.whl (133 kB)
Downloading urllib3-2.2.2-py3-none-any.whl (121 kB)
Downloading werkzeug-3.0.4-py3-none-any.whl (227 kB)
Downloading MarkupSafe-2.1.5-cp312-cp312-musllinux_1_1_x86_64.whl (33 kB)
Installing collected packages: urllib3, MarkupSafe, itsdangerous, idna, debugpy, click, charset-normalizer, certifi, blinker, Werkzeug, requests, Jinja2, Flask
Successfully installed Flask-2.3.3 Jinja2-3.1.4 MarkupSafe-2.1.5 Werkzeug-3.0.4 blinker-1.8.2 certifi-2024.8.30 charset-normalizer-3.3.2 click-8.1.7 debugpy-1.8.5 idna-3.8 itsdangerous-2.2.0 requests-2.31.0 urllib3-2.2.2
[91mWARNING: Running pip as the 'root' user can result in broken permissions and conflicting behaviour with the system package manager, possibly rendering your system unusable.It is recommended to use a virtual environment instead: https://pip.pypa.io/warnings/venv. Use the --root-user-action option if you know what you are doing and want to suppress this warning.
[0m
---> 3ee8c686d9a7
Step 5/6 : COPY . .
---> 9d5655ed1881
Step 6/6 : ENTRYPOINT ["python", "app.py"]
---> Running in 9ea81763554a
---> f5309107b23f
Successfully built f5309107b23f
Successfully tagged gcr.io/abbadon/hello-world-9:latest
The push refers to repository [gcr.io/abbadon/hello-world-9]
bc3c232ca6bd: Preparing
5e61f60e1616: Preparing
13e6bd7b0da4: Preparing
dbf04f8e72e9: Preparing
aa139561668e: Preparing
c32d45ac86fe: Preparing
79a1274fd3c0: Preparing
9a410d5ab779: Preparing
63ca1fbb43ae: Preparing
c32d45ac86fe: Waiting
79a1274fd3c0: Waiting
9a410d5ab779: Waiting
63ca1fbb43ae: Waiting
aa139561668e: Layer already exists
c32d45ac86fe: Layer already exists
79a1274fd3c0: Layer already exists
9a410d5ab779: Layer already exists
63ca1fbb43ae: Layer already exists
dbf04f8e72e9: Pushed
13e6bd7b0da4: Pushed
bc3c232ca6bd: Pushed
5e61f60e1616: Pushed
latest: digest: sha256:07751e3debc7cd22d5b6fa4babbf729f03af984491f68bbf47dec2fcbcffe672 size: 2203
Build [gcr.io/abbadon/hello-world-9] succeeded
Executing Gcloud Run Deploy
Running gcloud command: run deploy hello-world-9 --project abbadon --image gcr.io/abbadon/hello-world-9 --client-name Cloud Code for VS Code --client-version 2.14.0 --platform managed --region us-central1 --allow-unauthenticated --port 8080 --cpu 1 --memory 256Mi --concurrency 80 --timeout 300 --clear-env-vars
Deploying container to Cloud Run service [hello-world-9] in project [abbadon] region [us-central1]
Deploying new service...
Setting IAM Policy.................................done
Creating Revision....................................................................................done
Routing traffic.....done
Done.
Service [hello-world-9] revision [hello-world-9-00001-kxp] has been deployed and is serving 100 percent of traffic.
Service URL: https://hello-world-9-489842209166.us-central1.run.app
Retrieving builders.
Getting Gcloud Login State.
Using current GCP Project "abbadon"
Checking Cloud Run API status.
Getting Cloud Run Services for project "abbadon".
Executing Skaffold build.
Running skaffold command: /usr/bin/skaffold init --artifact {"image":"gcr.io/abbadon/hello-world-9","builder":"Docker","payload":{"path":"Dockerfile"}} --skip-deploy --filename /tmp/cloud-code-cloud-run-3bWe8B/skaffold.yaml --force
Setting build tagPolicy to SHA256.
Setting statusCheckDeadlineSeconds to 5 minutes
Setting build environment to 'local'
Created the file /tmp/cloud-code-cloud-run-3bWe8B/skaffold.yaml.
Running skaffold command: build --filename /tmp/cloud-code-cloud-run-3bWe8B/skaffold.yaml --kube-context='' --platform=linux/amd64
Generating tags...
- gcr.io/abbadon/hello-world-9 -> gcr.io/abbadon/hello-world-9:latest
Checking cache...
- gcr.io/abbadon/hello-world-9: Found Remotely
Executing Gcloud Run Deploy
Running gcloud command: run deploy hello-world-9 --project abbadon --image gcr.io/abbadon/hello-world-9 --client-name Cloud Code for VS Code --client-version 2.14.0 --platform managed --region us-central1 --port 8080 --cpu 1 --memory 256Mi --concurrency 80 --timeout 300 --service-account 489842209166-compute@developer.gserviceaccount.com --clear-env-vars
Deploying container to Cloud Run service [hello-world-9] in project [abbadon] region [us-central1]
Deploying...
Creating Revision.......................................................................done
Routing traffic.....done
Done.
Service [hello-world-9] revision [hello-world-9-00002-6pr] has been deployed and is serving 100 percent of traffic.
Service URL: https://hello-world-9-489842209166.us-central1.run.app
