2024-09-07 17:46:35.269 [info] Log level: Info
2024-09-07 17:46:35.269 [info] Validating found git in: "git"
2024-09-07 17:46:35.269 [info] Using git "2.34.1" from "git"
2024-09-07 17:46:35.269 [info] > git rev-parse --show-toplevel [8ms]
2024-09-07 17:46:35.269 [info] fatal: not a git repository (or any parent up to mount point /)
Stopping at filesystem boundary (GIT_DISCOVERY_ACROSS_FILESYSTEM not set).
2024-09-07 17:46:35.269 [info] > git rev-parse --show-toplevel [149ms]
2024-09-07 17:46:35.269 [info] fatal: not a git repository (or any parent up to mount point /)
Stopping at filesystem boundary (GIT_DISCOVERY_ACROSS_FILESYSTEM not set).
2024-09-07 17:46:35.269 [info] > git rev-parse --show-toplevel [79ms]
2024-09-07 17:46:35.269 [info] fatal: not a git repository (or any parent up to mount point /)
Stopping at filesystem boundary (GIT_DISCOVERY_ACROSS_FILESYSTEM not set).
2024-09-07 17:46:35.647 [info] > git rev-parse --show-toplevel [382ms]
2024-09-07 17:46:35.647 [info] fatal: not a git repository (or any parent up to mount point /)
Stopping at filesystem boundary (GIT_DISCOVERY_ACROSS_FILESYSTEM not set).
2024-09-07 17:46:35.708 [info] > git rev-parse --show-toplevel [8ms]
2024-09-07 17:46:35.708 [info] fatal: not a git repository (or any parent up to mount point /)
Stopping at filesystem boundary (GIT_DISCOVERY_ACROSS_FILESYSTEM not set).
2024-09-07 17:46:35.746 [info] > git rev-parse --show-toplevel [6ms]
2024-09-07 17:46:35.746 [info] fatal: not a git repository (or any parent up to mount point /)
Stopping at filesystem boundary (GIT_DISCOVERY_ACROSS_FILESYSTEM not set).
2024-09-07 17:46:35.767 [info] > git rev-parse --show-toplevel [2ms]
2024-09-07 17:46:35.767 [info] fatal: not a git repository (or any parent up to mount point /)
Stopping at filesystem boundary (GIT_DISCOVERY_ACROSS_FILESYSTEM not set).
2024-09-07 17:46:35.807 [info] > git rev-parse --show-toplevel [27ms]
2024-09-07 17:46:35.807 [info] fatal: not a git repository (or any parent up to mount point /)
Stopping at filesystem boundary (GIT_DISCOVERY_ACROSS_FILESYSTEM not set).
2024-09-07 17:46:35.876 [info] > git rev-parse --show-toplevel [46ms]
2024-09-07 17:46:35.876 [info] fatal: not a git repository (or any parent up to mount point /)
Stopping at filesystem boundary (GIT_DISCOVERY_ACROSS_FILESYSTEM not set).
